2021-10-28 08:43: Experiment log path in: /content/AGCRN/model/experiments/PEMSD8/20211028084327
2021-10-28 08:43: Train Epoch 1: 0/167 Loss: 223.980316
2021-10-28 08:43: Train Epoch 1: 20/167 Loss: 246.736771
2021-10-28 08:43: Train Epoch 1: 40/167 Loss: 222.383530
2021-10-28 08:43: Train Epoch 1: 60/167 Loss: 202.751770
2021-10-28 08:43: Train Epoch 1: 80/167 Loss: 205.535004
2021-10-28 08:44: Train Epoch 1: 100/167 Loss: 198.931854
2021-10-28 08:44: Train Epoch 1: 120/167 Loss: 203.505722
2021-10-28 08:44: Train Epoch 1: 140/167 Loss: 211.517441
2021-10-28 08:44: Train Epoch 1: 160/167 Loss: 186.271805
2021-10-28 08:44: **********Train Epoch 1: averaged Loss: 206.568743, tf_ratio: 1.000000
2021-10-28 08:44: **********Val Epoch 1: average Loss: 191.136238
2021-10-28 08:44: *********************************Current best model saved!
2021-10-28 08:44: Train Epoch 2: 0/167 Loss: 188.753937
2021-10-28 08:44: Train Epoch 2: 20/167 Loss: 207.410934
2021-10-28 08:44: Train Epoch 2: 40/167 Loss: 189.117371
2021-10-28 08:44: Train Epoch 2: 60/167 Loss: 174.020050
2021-10-28 08:44: Train Epoch 2: 80/167 Loss: 194.948807
2021-10-28 08:45: Train Epoch 2: 100/167 Loss: 174.361649
2021-10-28 08:45: Train Epoch 2: 120/167 Loss: 178.711899
2021-10-28 08:45: Train Epoch 2: 140/167 Loss: 141.762833
2021-10-28 08:45: Train Epoch 2: 160/167 Loss: 171.993912
2021-10-28 08:45: **********Train Epoch 2: averaged Loss: 175.417290, tf_ratio: 1.000000
2021-10-28 08:45: **********Val Epoch 2: average Loss: 166.966590
2021-10-28 08:45: *********************************Current best model saved!
2021-10-28 08:45: Train Epoch 3: 0/167 Loss: 165.006622
2021-10-28 08:45: Train Epoch 3: 20/167 Loss: 175.908401
2021-10-28 08:45: Train Epoch 3: 40/167 Loss: 164.855392
2021-10-28 08:45: Train Epoch 3: 60/167 Loss: 155.238037
2021-10-28 08:45: Train Epoch 3: 80/167 Loss: 158.689804
2021-10-28 08:46: Train Epoch 3: 100/167 Loss: 150.675354
2021-10-28 08:46: Train Epoch 3: 120/167 Loss: 145.969070
2021-10-28 08:46: Train Epoch 3: 140/167 Loss: 138.463058
2021-10-28 08:46: Train Epoch 3: 160/167 Loss: 157.251801
2021-10-28 08:46: **********Train Epoch 3: averaged Loss: 155.017021, tf_ratio: 1.000000
2021-10-28 08:46: **********Val Epoch 3: average Loss: 149.654258
2021-10-28 08:46: *********************************Current best model saved!
2021-10-28 08:46: Train Epoch 4: 0/167 Loss: 159.542465
2021-10-28 08:46: Train Epoch 4: 20/167 Loss: 145.359772
2021-10-28 08:46: Train Epoch 4: 40/167 Loss: 141.202927
2021-10-28 08:46: Train Epoch 4: 60/167 Loss: 133.932205
2021-10-28 08:47: Train Epoch 4: 80/167 Loss: 161.514328
2021-10-28 08:47: Train Epoch 4: 100/167 Loss: 143.498047
2021-10-28 08:47: Train Epoch 4: 120/167 Loss: 139.516357
2021-10-28 08:47: Train Epoch 4: 140/167 Loss: 135.100342
2021-10-28 08:47: Train Epoch 4: 160/167 Loss: 116.950714
2021-10-28 08:47: **********Train Epoch 4: averaged Loss: 138.082353, tf_ratio: 1.000000
2021-10-28 08:47: **********Val Epoch 4: average Loss: 130.096519
2021-10-28 08:47: *********************************Current best model saved!
2021-10-28 08:47: Train Epoch 5: 0/167 Loss: 123.543365
2021-10-28 08:47: Train Epoch 5: 20/167 Loss: 130.554260
2021-10-28 08:47: Train Epoch 5: 40/167 Loss: 116.307297
2021-10-28 08:47: Train Epoch 5: 60/167 Loss: 123.639755
2021-10-28 08:48: Train Epoch 5: 80/167 Loss: 103.068245
2021-10-28 08:48: Train Epoch 5: 100/167 Loss: 100.987579
2021-10-28 08:48: Train Epoch 5: 120/167 Loss: 104.693825
2021-10-28 08:48: Train Epoch 5: 140/167 Loss: 113.537086
2021-10-28 08:48: Train Epoch 5: 160/167 Loss: 117.998024
2021-10-28 08:48: **********Train Epoch 5: averaged Loss: 113.344179, tf_ratio: 1.000000
2021-10-28 08:48: **********Val Epoch 5: average Loss: 106.372141
2021-10-28 08:48: *********************************Current best model saved!
2021-10-28 08:48: Train Epoch 6: 0/167 Loss: 90.210045
2021-10-28 08:48: Train Epoch 6: 20/167 Loss: 109.025635
2021-10-28 08:48: Train Epoch 6: 40/167 Loss: 101.233070
2021-10-28 08:48: Train Epoch 6: 60/167 Loss: 96.587234
2021-10-28 08:49: Train Epoch 6: 80/167 Loss: 108.445702
2021-10-28 08:49: Train Epoch 6: 100/167 Loss: 82.324715
2021-10-28 08:49: Train Epoch 6: 120/167 Loss: 85.545326
2021-10-28 08:49: Train Epoch 6: 140/167 Loss: 86.314178
2021-10-28 08:49: Train Epoch 6: 160/167 Loss: 76.477470
2021-10-28 08:49: **********Train Epoch 6: averaged Loss: 94.525288, tf_ratio: 1.000000
2021-10-28 08:49: **********Val Epoch 6: average Loss: 89.169135
2021-10-28 08:49: *********************************Current best model saved!
2021-10-28 08:49: Train Epoch 7: 0/167 Loss: 81.839706
2021-10-28 08:49: Train Epoch 7: 20/167 Loss: 91.935654
2021-10-28 08:49: Train Epoch 7: 40/167 Loss: 83.347382
2021-10-28 08:50: Train Epoch 7: 60/167 Loss: 87.514549
2021-10-28 08:50: Train Epoch 7: 80/167 Loss: 80.015518
2021-10-28 08:50: Train Epoch 7: 100/167 Loss: 66.950417
2021-10-28 08:50: Train Epoch 7: 120/167 Loss: 70.749916
2021-10-28 08:50: Train Epoch 7: 140/167 Loss: 73.959274
2021-10-28 08:50: Train Epoch 7: 160/167 Loss: 74.041611
2021-10-28 08:50: **********Train Epoch 7: averaged Loss: 79.699977, tf_ratio: 1.000000
2021-10-28 08:50: **********Val Epoch 7: average Loss: 75.439002
2021-10-28 08:50: *********************************Current best model saved!
2021-10-28 08:50: Train Epoch 8: 0/167 Loss: 72.404587
2021-10-28 08:50: Train Epoch 8: 20/167 Loss: 71.091164
2021-10-28 08:50: Train Epoch 8: 40/167 Loss: 68.426109
2021-10-28 08:51: Train Epoch 8: 60/167 Loss: 69.453140
2021-10-28 08:51: Train Epoch 8: 80/167 Loss: 76.104965
2021-10-28 08:51: Train Epoch 8: 100/167 Loss: 64.294800
2021-10-28 08:51: Train Epoch 8: 120/167 Loss: 63.280216
2021-10-28 08:51: Train Epoch 8: 140/167 Loss: 71.988556
2021-10-28 08:51: Train Epoch 8: 160/167 Loss: 63.265671
2021-10-28 08:51: **********Train Epoch 8: averaged Loss: 67.738129, tf_ratio: 1.000000
2021-10-28 08:51: **********Val Epoch 8: average Loss: 64.485535
2021-10-28 08:51: *********************************Current best model saved!
2021-10-28 08:51: Train Epoch 9: 0/167 Loss: 58.669498
2021-10-28 08:51: Train Epoch 9: 20/167 Loss: 65.034630
2021-10-28 08:51: Train Epoch 9: 40/167 Loss: 65.804451
2021-10-28 08:52: Train Epoch 9: 60/167 Loss: 59.367500
2021-10-28 08:52: Train Epoch 9: 80/167 Loss: 58.262157
2021-10-28 08:52: Train Epoch 9: 100/167 Loss: 59.329472
2021-10-28 08:52: Train Epoch 9: 120/167 Loss: 50.466431
2021-10-28 08:52: Train Epoch 9: 140/167 Loss: 59.340275
2021-10-28 08:52: Train Epoch 9: 160/167 Loss: 55.198059
2021-10-28 08:52: **********Train Epoch 9: averaged Loss: 58.142871, tf_ratio: 1.000000
2021-10-28 08:52: **********Val Epoch 9: average Loss: 55.857528
2021-10-28 08:52: *********************************Current best model saved!
2021-10-28 08:52: Train Epoch 10: 0/167 Loss: 48.628010
2021-10-28 08:52: Train Epoch 10: 20/167 Loss: 47.801826
2021-10-28 08:53: Train Epoch 10: 40/167 Loss: 53.479317
2021-10-28 08:53: Train Epoch 10: 60/167 Loss: 50.212887
2021-10-28 08:53: Train Epoch 10: 80/167 Loss: 47.929470
2021-10-28 08:53: Train Epoch 10: 100/167 Loss: 41.274590
2021-10-28 08:53: Train Epoch 10: 120/167 Loss: 48.262691
2021-10-28 08:53: Train Epoch 10: 140/167 Loss: 43.981056
2021-10-28 08:53: Train Epoch 10: 160/167 Loss: 44.995705
2021-10-28 08:53: **********Train Epoch 10: averaged Loss: 50.500765, tf_ratio: 1.000000
2021-10-28 08:53: **********Val Epoch 10: average Loss: 48.797357
2021-10-28 08:53: *********************************Current best model saved!
2021-10-28 08:53: Train Epoch 11: 0/167 Loss: 46.920364
2021-10-28 08:53: Train Epoch 11: 20/167 Loss: 50.068439
2021-10-28 08:54: Train Epoch 11: 40/167 Loss: 43.619751
2021-10-28 08:54: Train Epoch 11: 60/167 Loss: 45.435219
2021-10-28 08:54: Train Epoch 11: 80/167 Loss: 41.656635
2021-10-28 08:54: Train Epoch 11: 100/167 Loss: 41.795410
2021-10-28 08:54: Train Epoch 11: 120/167 Loss: 39.476166
2021-10-28 08:54: Train Epoch 11: 140/167 Loss: 44.400604
2021-10-28 08:54: Train Epoch 11: 160/167 Loss: 46.154179
2021-10-28 08:54: **********Train Epoch 11: averaged Loss: 44.273932, tf_ratio: 1.000000
2021-10-28 08:54: **********Val Epoch 11: average Loss: 43.025627
2021-10-28 08:54: *********************************Current best model saved!
2021-10-28 08:54: Train Epoch 12: 0/167 Loss: 43.727524
2021-10-28 08:54: Train Epoch 12: 20/167 Loss: 42.264576
2021-10-28 08:55: Train Epoch 12: 40/167 Loss: 38.555668
2021-10-28 08:55: Train Epoch 12: 60/167 Loss: 40.679150
2021-10-28 08:55: Train Epoch 12: 80/167 Loss: 33.818974
2021-10-28 08:55: Train Epoch 12: 100/167 Loss: 35.157837
2021-10-28 08:55: Train Epoch 12: 120/167 Loss: 39.909515
2021-10-28 08:55: Train Epoch 12: 140/167 Loss: 39.203445
2021-10-28 08:55: Train Epoch 12: 160/167 Loss: 31.553936
2021-10-28 08:55: **********Train Epoch 12: averaged Loss: 39.107589, tf_ratio: 1.000000
2021-10-28 08:55: **********Val Epoch 12: average Loss: 38.215710
2021-10-28 08:55: *********************************Current best model saved!
2021-10-28 08:55: Train Epoch 13: 0/167 Loss: 38.120380
2021-10-28 08:55: Train Epoch 13: 20/167 Loss: 33.109890
2021-10-28 08:56: Train Epoch 13: 40/167 Loss: 41.629818
2021-10-28 08:56: Train Epoch 13: 60/167 Loss: 32.477310
2021-10-28 08:56: Train Epoch 13: 80/167 Loss: 36.647209
2021-10-28 08:56: Train Epoch 13: 100/167 Loss: 33.328228
2021-10-28 08:56: Train Epoch 13: 120/167 Loss: 34.124962
2021-10-28 08:56: Train Epoch 13: 140/167 Loss: 34.084663
2021-10-28 08:56: Train Epoch 13: 160/167 Loss: 34.785290
2021-10-28 08:56: **********Train Epoch 13: averaged Loss: 34.841890, tf_ratio: 1.000000
2021-10-28 08:56: **********Val Epoch 13: average Loss: 34.162835
2021-10-28 08:56: *********************************Current best model saved!
2021-10-28 08:56: Train Epoch 14: 0/167 Loss: 30.128632
2021-10-28 08:57: Train Epoch 14: 20/167 Loss: 29.429136
2021-10-28 08:57: Train Epoch 14: 40/167 Loss: 28.208210
2021-10-28 08:57: Train Epoch 14: 60/167 Loss: 31.695816
2021-10-28 08:57: Train Epoch 14: 80/167 Loss: 28.789707
2021-10-28 08:57: Train Epoch 14: 100/167 Loss: 30.000801
2021-10-28 08:57: Train Epoch 14: 120/167 Loss: 31.280842
2021-10-28 08:57: Train Epoch 14: 140/167 Loss: 27.436478
2021-10-28 08:57: Train Epoch 14: 160/167 Loss: 35.910404
2021-10-28 08:57: **********Train Epoch 14: averaged Loss: 31.304708, tf_ratio: 1.000000
2021-10-28 08:57: **********Val Epoch 14: average Loss: 30.897708
2021-10-28 08:57: *********************************Current best model saved!
2021-10-28 08:57: Train Epoch 15: 0/167 Loss: 28.097462
2021-10-28 08:58: Train Epoch 15: 20/167 Loss: 27.773645
2021-10-28 08:58: Train Epoch 15: 40/167 Loss: 26.367210
2021-10-28 08:58: Train Epoch 15: 60/167 Loss: 32.198051
2021-10-28 08:58: Train Epoch 15: 80/167 Loss: 31.305239
2021-10-28 08:58: Train Epoch 15: 100/167 Loss: 26.349636
2021-10-28 08:58: Train Epoch 15: 120/167 Loss: 28.056070
2021-10-28 08:58: Train Epoch 15: 140/167 Loss: 28.169409
2021-10-28 08:58: Train Epoch 15: 160/167 Loss: 31.635180
2021-10-28 08:58: **********Train Epoch 15: averaged Loss: 28.417030, tf_ratio: 1.000000
2021-10-28 08:58: **********Val Epoch 15: average Loss: 28.064775
2021-10-28 08:58: *********************************Current best model saved!
2021-10-28 08:58: Train Epoch 16: 0/167 Loss: 30.148634
2021-10-28 08:59: Train Epoch 16: 20/167 Loss: 29.785492
2021-10-28 08:59: Train Epoch 16: 40/167 Loss: 23.628651
2021-10-28 08:59: Train Epoch 16: 60/167 Loss: 24.423668
2021-10-28 08:59: Train Epoch 16: 80/167 Loss: 25.961105
2021-10-28 08:59: Train Epoch 16: 100/167 Loss: 24.443882
2021-10-28 08:59: Train Epoch 16: 120/167 Loss: 26.816010
2021-10-28 08:59: Train Epoch 16: 140/167 Loss: 23.122557
2021-10-28 08:59: Train Epoch 16: 160/167 Loss: 23.631754
2021-10-28 08:59: **********Train Epoch 16: averaged Loss: 26.057176, tf_ratio: 1.000000
2021-10-28 09:00: **********Val Epoch 16: average Loss: 25.808103
2021-10-28 09:00: *********************************Current best model saved!
2021-10-28 09:00: Train Epoch 17: 0/167 Loss: 24.389660
2021-10-28 09:00: Train Epoch 17: 20/167 Loss: 27.892349
2021-10-28 09:00: Train Epoch 17: 40/167 Loss: 25.395927
2021-10-28 09:00: Train Epoch 17: 60/167 Loss: 24.811739
2021-10-28 09:00: Train Epoch 17: 80/167 Loss: 26.046255
2021-10-28 09:00: Train Epoch 17: 100/167 Loss: 23.827494
2021-10-28 09:00: Train Epoch 17: 120/167 Loss: 22.679970
2021-10-28 09:00: Train Epoch 17: 140/167 Loss: 24.149492
2021-10-28 09:00: Train Epoch 17: 160/167 Loss: 23.753553
2021-10-28 09:00: **********Train Epoch 17: averaged Loss: 24.167813, tf_ratio: 1.000000
2021-10-28 09:01: **********Val Epoch 17: average Loss: 24.015958
2021-10-28 09:01: *********************************Current best model saved!
2021-10-28 09:01: Train Epoch 18: 0/167 Loss: 20.900719
2021-10-28 09:01: Train Epoch 18: 20/167 Loss: 21.069511
2021-10-28 09:01: Train Epoch 18: 40/167 Loss: 21.148592
2021-10-28 09:01: Train Epoch 18: 60/167 Loss: 22.453985
2021-10-28 09:01: Train Epoch 18: 80/167 Loss: 21.108179
2021-10-28 09:01: Train Epoch 18: 100/167 Loss: 23.814896
2021-10-28 09:01: Train Epoch 18: 120/167 Loss: 23.306990
2021-10-28 09:01: Train Epoch 18: 140/167 Loss: 20.172012
2021-10-28 09:01: Train Epoch 18: 160/167 Loss: 21.796986
2021-10-28 09:01: **********Train Epoch 18: averaged Loss: 22.614580, tf_ratio: 1.000000
2021-10-28 09:02: **********Val Epoch 18: average Loss: 22.511611
2021-10-28 09:02: *********************************Current best model saved!
2021-10-28 09:02: Train Epoch 19: 0/167 Loss: 22.189074
2021-10-28 09:02: Train Epoch 19: 20/167 Loss: 22.148991
2021-10-28 09:02: Train Epoch 19: 40/167 Loss: 20.865471
2021-10-28 09:02: Train Epoch 19: 60/167 Loss: 21.037327
2021-10-28 09:02: Train Epoch 19: 80/167 Loss: 21.381880
2021-10-28 09:02: Train Epoch 19: 100/167 Loss: 19.660648
2021-10-28 09:02: Train Epoch 19: 120/167 Loss: 21.330723
2021-10-28 09:02: Train Epoch 19: 140/167 Loss: 21.199934
2021-10-28 09:02: Train Epoch 19: 160/167 Loss: 18.574881
2021-10-28 09:03: **********Train Epoch 19: averaged Loss: 21.339824, tf_ratio: 1.000000
2021-10-28 09:03: **********Val Epoch 19: average Loss: 21.258971
2021-10-28 09:03: *********************************Current best model saved!
2021-10-28 09:03: Train Epoch 20: 0/167 Loss: 19.460752
2021-10-28 09:03: Train Epoch 20: 20/167 Loss: 20.100376
2021-10-28 09:03: Train Epoch 20: 40/167 Loss: 20.807953
2021-10-28 09:03: Train Epoch 20: 60/167 Loss: 20.774338
2021-10-28 09:03: Train Epoch 20: 80/167 Loss: 20.513159
2021-10-28 09:03: Train Epoch 20: 100/167 Loss: 19.731256
2021-10-28 09:03: Train Epoch 20: 120/167 Loss: 19.699127
2021-10-28 09:03: Train Epoch 20: 140/167 Loss: 19.303787
2021-10-28 09:04: Train Epoch 20: 160/167 Loss: 21.517645
2021-10-28 09:04: **********Train Epoch 20: averaged Loss: 20.213923, tf_ratio: 1.000000
2021-10-28 09:04: **********Val Epoch 20: average Loss: 20.006315
2021-10-28 09:04: *********************************Current best model saved!
2021-10-28 09:04: Train Epoch 21: 0/167 Loss: 20.313383
2021-10-28 09:04: Train Epoch 21: 20/167 Loss: 20.313778
2021-10-28 09:04: Train Epoch 21: 40/167 Loss: 18.920557
2021-10-28 09:04: Train Epoch 21: 60/167 Loss: 18.466917
2021-10-28 09:04: Train Epoch 21: 80/167 Loss: 18.525724
2021-10-28 09:04: Train Epoch 21: 100/167 Loss: 22.110884
2021-10-28 09:04: Train Epoch 21: 120/167 Loss: 18.575893
2021-10-28 09:04: Train Epoch 21: 140/167 Loss: 17.939346
2021-10-28 09:05: Train Epoch 21: 160/167 Loss: 19.246708
2021-10-28 09:05: **********Train Epoch 21: averaged Loss: 19.326732, tf_ratio: 1.000000
2021-10-28 09:05: **********Val Epoch 21: average Loss: 19.248988
2021-10-28 09:05: *********************************Current best model saved!
2021-10-28 09:05: Train Epoch 22: 0/167 Loss: 19.423920
2021-10-28 09:05: Train Epoch 22: 20/167 Loss: 17.889290
2021-10-28 09:05: Train Epoch 22: 40/167 Loss: 18.505985
2021-10-28 09:05: Train Epoch 22: 60/167 Loss: 19.012009
2021-10-28 09:05: Train Epoch 22: 80/167 Loss: 18.703699
2021-10-28 09:05: Train Epoch 22: 100/167 Loss: 17.934067
2021-10-28 09:05: Train Epoch 22: 120/167 Loss: 18.752787
2021-10-28 09:05: Train Epoch 22: 140/167 Loss: 18.430281
2021-10-28 09:06: Train Epoch 22: 160/167 Loss: 20.192280
2021-10-28 09:06: **********Train Epoch 22: averaged Loss: 18.535814, tf_ratio: 1.000000
2021-10-28 09:06: **********Val Epoch 22: average Loss: 18.297921
2021-10-28 09:06: *********************************Current best model saved!
2021-10-28 09:06: Train Epoch 23: 0/167 Loss: 17.909693
2021-10-28 09:06: Train Epoch 23: 20/167 Loss: 19.268272
2021-10-28 09:06: Train Epoch 23: 40/167 Loss: 16.438097
2021-10-28 09:06: Train Epoch 23: 60/167 Loss: 17.610691
2021-10-28 09:06: Train Epoch 23: 80/167 Loss: 17.181385
2021-10-28 09:06: Train Epoch 23: 100/167 Loss: 16.869444
2021-10-28 09:06: Train Epoch 23: 120/167 Loss: 18.575039
2021-10-28 09:06: Train Epoch 23: 140/167 Loss: 16.913836
2021-10-28 09:07: Train Epoch 23: 160/167 Loss: 16.973709
2021-10-28 09:07: **********Train Epoch 23: averaged Loss: 17.849987, tf_ratio: 1.000000
2021-10-28 09:07: **********Val Epoch 23: average Loss: 17.622887
2021-10-28 09:07: *********************************Current best model saved!
2021-10-28 09:07: Train Epoch 24: 0/167 Loss: 17.343559
2021-10-28 09:07: Train Epoch 24: 20/167 Loss: 17.009140
2021-10-28 09:07: Train Epoch 24: 40/167 Loss: 17.550848
2021-10-28 09:07: Train Epoch 24: 60/167 Loss: 15.920694
2021-10-28 09:07: Train Epoch 24: 80/167 Loss: 17.370794
2021-10-28 09:07: Train Epoch 24: 100/167 Loss: 17.770075
2021-10-28 09:07: Train Epoch 24: 120/167 Loss: 18.527266
2021-10-28 09:08: Train Epoch 24: 140/167 Loss: 18.468243
2021-10-28 09:08: Train Epoch 24: 160/167 Loss: 17.490732
2021-10-28 09:08: **********Train Epoch 24: averaged Loss: 17.267350, tf_ratio: 1.000000
2021-10-28 09:08: **********Val Epoch 24: average Loss: 16.979579
2021-10-28 09:08: *********************************Current best model saved!
2021-10-28 09:08: Train Epoch 25: 0/167 Loss: 17.170967
2021-10-28 09:08: Train Epoch 25: 20/167 Loss: 18.613661
2021-10-28 09:08: Train Epoch 25: 40/167 Loss: 15.462828
2021-10-28 09:08: Train Epoch 25: 60/167 Loss: 16.282902
2021-10-28 09:08: Train Epoch 25: 80/167 Loss: 16.386702
2021-10-28 09:08: Train Epoch 25: 100/167 Loss: 15.275902
2021-10-28 09:08: Train Epoch 25: 120/167 Loss: 16.372742
2021-10-28 09:09: Train Epoch 25: 140/167 Loss: 17.529987
2021-10-28 09:09: Train Epoch 25: 160/167 Loss: 16.852497
2021-10-28 09:09: **********Train Epoch 25: averaged Loss: 16.768083, tf_ratio: 1.000000
2021-10-28 09:09: **********Val Epoch 25: average Loss: 16.549686
2021-10-28 09:09: *********************************Current best model saved!
2021-10-28 09:09: Train Epoch 26: 0/167 Loss: 15.564470
2021-10-28 09:09: Train Epoch 26: 20/167 Loss: 16.151411
2021-10-28 09:09: Train Epoch 26: 40/167 Loss: 16.997398
2021-10-28 09:09: Train Epoch 26: 60/167 Loss: 16.823338
2021-10-28 09:09: Train Epoch 26: 80/167 Loss: 15.599492
2021-10-28 09:09: Train Epoch 26: 100/167 Loss: 15.896316
2021-10-28 09:09: Train Epoch 26: 120/167 Loss: 16.676559
2021-10-28 09:10: Train Epoch 26: 140/167 Loss: 14.988891
2021-10-28 09:10: Train Epoch 26: 160/167 Loss: 18.164654
2021-10-28 09:10: **********Train Epoch 26: averaged Loss: 16.362250, tf_ratio: 1.000000
2021-10-28 09:10: **********Val Epoch 26: average Loss: 16.255179
2021-10-28 09:10: *********************************Current best model saved!
2021-10-28 09:10: Train Epoch 27: 0/167 Loss: 15.860079
2021-10-28 09:10: Train Epoch 27: 20/167 Loss: 15.275044
2021-10-28 09:10: Train Epoch 27: 40/167 Loss: 15.981408
2021-10-28 09:10: Train Epoch 27: 60/167 Loss: 15.315390
2021-10-28 09:10: Train Epoch 27: 80/167 Loss: 16.453810
2021-10-28 09:10: Train Epoch 27: 100/167 Loss: 15.952378
2021-10-28 09:10: Train Epoch 27: 120/167 Loss: 15.451602
2021-10-28 09:11: Train Epoch 27: 140/167 Loss: 16.288876
2021-10-28 09:11: Train Epoch 27: 160/167 Loss: 15.577451
2021-10-28 09:11: **********Train Epoch 27: averaged Loss: 16.011854, tf_ratio: 1.000000
2021-10-28 09:11: **********Val Epoch 27: average Loss: 15.731938
2021-10-28 09:11: *********************************Current best model saved!
2021-10-28 09:11: Train Epoch 28: 0/167 Loss: 16.052063
2021-10-28 09:11: Train Epoch 28: 20/167 Loss: 16.611298
2021-10-28 09:11: Train Epoch 28: 40/167 Loss: 16.167994
2021-10-28 09:11: Train Epoch 28: 60/167 Loss: 15.329648
2021-10-28 09:11: Train Epoch 28: 80/167 Loss: 15.840002
2021-10-28 09:11: Train Epoch 28: 100/167 Loss: 17.193741
2021-10-28 09:12: Train Epoch 28: 120/167 Loss: 15.374269
2021-10-28 09:12: Train Epoch 28: 140/167 Loss: 14.784154
2021-10-28 09:12: Train Epoch 28: 160/167 Loss: 16.094637
2021-10-28 09:12: **********Train Epoch 28: averaged Loss: 15.720014, tf_ratio: 1.000000
2021-10-28 09:12: **********Val Epoch 28: average Loss: 15.483540
2021-10-28 09:12: *********************************Current best model saved!
2021-10-28 09:12: Train Epoch 29: 0/167 Loss: 16.855997
2021-10-28 09:12: Train Epoch 29: 20/167 Loss: 15.455822
2021-10-28 09:12: Train Epoch 29: 40/167 Loss: 13.976111
2021-10-28 09:12: Train Epoch 29: 60/167 Loss: 15.598351
2021-10-28 09:12: Train Epoch 29: 80/167 Loss: 15.486670
2021-10-28 09:12: Train Epoch 29: 100/167 Loss: 15.901778
2021-10-28 09:13: Train Epoch 29: 120/167 Loss: 15.260065
2021-10-28 09:13: Train Epoch 29: 140/167 Loss: 15.176291
2021-10-28 09:13: Train Epoch 29: 160/167 Loss: 16.711739
2021-10-28 09:13: **********Train Epoch 29: averaged Loss: 15.478195, tf_ratio: 1.000000
2021-10-28 09:13: **********Val Epoch 29: average Loss: 15.188760
2021-10-28 09:13: *********************************Current best model saved!
2021-10-28 09:13: Train Epoch 30: 0/167 Loss: 13.798492
2021-10-28 09:13: Train Epoch 30: 20/167 Loss: 15.830549
2021-10-28 09:13: Train Epoch 30: 40/167 Loss: 15.523737
2021-10-28 09:13: Train Epoch 30: 60/167 Loss: 14.592906
2021-10-28 09:13: Train Epoch 30: 80/167 Loss: 14.972835
2021-10-28 09:13: Train Epoch 30: 100/167 Loss: 14.917290
2021-10-28 09:14: Train Epoch 30: 120/167 Loss: 14.930274
2021-10-28 09:14: Train Epoch 30: 140/167 Loss: 16.490114
2021-10-28 09:14: Train Epoch 30: 160/167 Loss: 15.610643
2021-10-28 09:14: **********Train Epoch 30: averaged Loss: 15.251131, tf_ratio: 1.000000
2021-10-28 09:14: **********Val Epoch 30: average Loss: 14.984049
2021-10-28 09:14: *********************************Current best model saved!
2021-10-28 09:14: Train Epoch 31: 0/167 Loss: 15.339414
2021-10-28 09:14: Train Epoch 31: 20/167 Loss: 14.936750
2021-10-28 09:14: Train Epoch 31: 40/167 Loss: 15.155208
2021-10-28 09:14: Train Epoch 31: 60/167 Loss: 15.005144
2021-10-28 09:14: Train Epoch 31: 80/167 Loss: 14.488473
2021-10-28 09:15: Train Epoch 31: 100/167 Loss: 14.329705
2021-10-28 09:15: Train Epoch 31: 120/167 Loss: 14.570077
2021-10-28 09:15: Train Epoch 31: 140/167 Loss: 13.997532
2021-10-28 09:15: Train Epoch 31: 160/167 Loss: 14.620463
2021-10-28 09:15: **********Train Epoch 31: averaged Loss: 15.070484, tf_ratio: 1.000000
2021-10-28 09:15: **********Val Epoch 31: average Loss: 14.847220
2021-10-28 09:15: *********************************Current best model saved!
2021-10-28 09:15: Train Epoch 32: 0/167 Loss: 14.520075
2021-10-28 09:15: Train Epoch 32: 20/167 Loss: 15.732009
2021-10-28 09:15: Train Epoch 32: 40/167 Loss: 16.302372
2021-10-28 09:15: Train Epoch 32: 60/167 Loss: 14.030444
2021-10-28 09:15: Train Epoch 32: 80/167 Loss: 14.316976
2021-10-28 09:16: Train Epoch 32: 100/167 Loss: 14.975086
2021-10-28 09:16: Train Epoch 32: 120/167 Loss: 14.677447
2021-10-28 09:16: Train Epoch 32: 140/167 Loss: 13.424953
2021-10-28 09:16: Train Epoch 32: 160/167 Loss: 15.530599
2021-10-28 09:16: **********Train Epoch 32: averaged Loss: 14.980278, tf_ratio: 1.000000
2021-10-28 09:16: **********Val Epoch 32: average Loss: 14.897510
2021-10-28 09:16: Train Epoch 33: 0/167 Loss: 16.094069
2021-10-28 09:16: Train Epoch 33: 20/167 Loss: 15.436024
2021-10-28 09:16: Train Epoch 33: 40/167 Loss: 15.213750
2021-10-28 09:16: Train Epoch 33: 60/167 Loss: 14.409127
2021-10-28 09:16: Train Epoch 33: 80/167 Loss: 15.267668
2021-10-28 09:17: Train Epoch 33: 100/167 Loss: 14.286027
2021-10-28 09:17: Train Epoch 33: 120/167 Loss: 15.101385
2021-10-28 09:17: Train Epoch 33: 140/167 Loss: 16.269230
2021-10-28 09:17: Train Epoch 33: 160/167 Loss: 14.245480
2021-10-28 09:17: **********Train Epoch 33: averaged Loss: 14.814220, tf_ratio: 1.000000
2021-10-28 09:17: **********Val Epoch 33: average Loss: 14.579877
2021-10-28 09:17: *********************************Current best model saved!
2021-10-28 09:17: Train Epoch 34: 0/167 Loss: 15.657913
2021-10-28 09:17: Train Epoch 34: 20/167 Loss: 13.738034
2021-10-28 09:17: Train Epoch 34: 40/167 Loss: 15.242414
2021-10-28 09:17: Train Epoch 34: 60/167 Loss: 14.499851
2021-10-28 09:18: Train Epoch 34: 80/167 Loss: 15.064419
2021-10-28 09:18: Train Epoch 34: 100/167 Loss: 15.358313
2021-10-28 09:18: Train Epoch 34: 120/167 Loss: 14.918635
2021-10-28 09:18: Train Epoch 34: 140/167 Loss: 15.657779
2021-10-28 09:18: Train Epoch 34: 160/167 Loss: 14.948165
2021-10-28 09:18: **********Train Epoch 34: averaged Loss: 14.684837, tf_ratio: 1.000000
2021-10-28 09:18: **********Val Epoch 34: average Loss: 14.499029
2021-10-28 09:18: *********************************Current best model saved!
2021-10-28 09:18: Train Epoch 35: 0/167 Loss: 13.764311
2021-10-28 09:18: Train Epoch 35: 20/167 Loss: 15.441976
2021-10-28 09:18: Train Epoch 35: 40/167 Loss: 14.418552
2021-10-28 09:18: Train Epoch 35: 60/167 Loss: 14.044181
2021-10-28 09:19: Train Epoch 35: 80/167 Loss: 14.447902
2021-10-28 09:19: Train Epoch 35: 100/167 Loss: 13.890355
2021-10-28 09:19: Train Epoch 35: 120/167 Loss: 15.995253
2021-10-28 09:19: Train Epoch 35: 140/167 Loss: 14.562500
2021-10-28 09:19: Train Epoch 35: 160/167 Loss: 14.449974
2021-10-28 09:19: **********Train Epoch 35: averaged Loss: 14.584935, tf_ratio: 1.000000
2021-10-28 09:19: **********Val Epoch 35: average Loss: 14.372062
2021-10-28 09:19: *********************************Current best model saved!
2021-10-28 09:19: Train Epoch 36: 0/167 Loss: 14.505816
2021-10-28 09:19: Train Epoch 36: 20/167 Loss: 14.182160
2021-10-28 09:19: Train Epoch 36: 40/167 Loss: 13.150052
2021-10-28 09:19: Train Epoch 36: 60/167 Loss: 14.745803
2021-10-28 09:20: Train Epoch 36: 80/167 Loss: 14.957578
2021-10-28 09:20: Train Epoch 36: 100/167 Loss: 14.422451
2021-10-28 09:20: Train Epoch 36: 120/167 Loss: 14.503226
2021-10-28 09:20: Train Epoch 36: 140/167 Loss: 14.731079
2021-10-28 09:20: Train Epoch 36: 160/167 Loss: 15.228231
2021-10-28 09:20: **********Train Epoch 36: averaged Loss: 14.470951, tf_ratio: 1.000000
2021-10-28 09:20: **********Val Epoch 36: average Loss: 14.303260
2021-10-28 09:20: *********************************Current best model saved!
2021-10-28 09:20: Train Epoch 37: 0/167 Loss: 15.337317
2021-10-28 09:20: Train Epoch 37: 20/167 Loss: 14.708470
2021-10-28 09:20: Train Epoch 37: 40/167 Loss: 13.809027
2021-10-28 09:20: Train Epoch 37: 60/167 Loss: 14.162222
2021-10-28 09:21: Train Epoch 37: 80/167 Loss: 15.109506
2021-10-28 09:21: Train Epoch 37: 100/167 Loss: 13.728407
2021-10-28 09:21: Train Epoch 37: 120/167 Loss: 14.636202
2021-10-28 09:21: Train Epoch 37: 140/167 Loss: 14.588494
2021-10-28 09:21: Train Epoch 37: 160/167 Loss: 14.809578
2021-10-28 09:21: **********Train Epoch 37: averaged Loss: 14.399792, tf_ratio: 1.000000
2021-10-28 09:21: **********Val Epoch 37: average Loss: 14.124698
2021-10-28 09:21: *********************************Current best model saved!
2021-10-28 09:21: Train Epoch 38: 0/167 Loss: 14.266706
2021-10-28 09:21: Train Epoch 38: 20/167 Loss: 14.306200
2021-10-28 09:21: Train Epoch 38: 40/167 Loss: 14.115726
2021-10-28 09:22: Train Epoch 38: 60/167 Loss: 14.542389
2021-10-28 09:22: Train Epoch 38: 80/167 Loss: 13.941926
2021-10-28 09:22: Train Epoch 38: 100/167 Loss: 13.202671
2021-10-28 09:22: Train Epoch 38: 120/167 Loss: 14.109348
2021-10-28 09:22: Train Epoch 38: 140/167 Loss: 14.814384
2021-10-28 09:22: Train Epoch 38: 160/167 Loss: 14.443213
2021-10-28 09:22: **********Train Epoch 38: averaged Loss: 14.332522, tf_ratio: 1.000000
2021-10-28 09:22: **********Val Epoch 38: average Loss: 14.116275
2021-10-28 09:22: *********************************Current best model saved!
2021-10-28 09:22: Train Epoch 39: 0/167 Loss: 14.268542
2021-10-28 09:22: Train Epoch 39: 20/167 Loss: 14.050406
2021-10-28 09:22: Train Epoch 39: 40/167 Loss: 14.539244
2021-10-28 09:23: Train Epoch 39: 60/167 Loss: 14.173337
2021-10-28 09:23: Train Epoch 39: 80/167 Loss: 13.489675
2021-10-28 09:23: Train Epoch 39: 100/167 Loss: 13.802126
2021-10-28 09:23: Train Epoch 39: 120/167 Loss: 14.164119
2021-10-28 09:23: Train Epoch 39: 140/167 Loss: 13.597091
2021-10-28 09:23: Train Epoch 39: 160/167 Loss: 14.261764
2021-10-28 09:23: **********Train Epoch 39: averaged Loss: 14.301530, tf_ratio: 1.000000
2021-10-28 09:23: **********Val Epoch 39: average Loss: 14.108009
2021-10-28 09:23: *********************************Current best model saved!
2021-10-28 09:23: Train Epoch 40: 0/167 Loss: 14.609581
2021-10-28 09:23: Train Epoch 40: 20/167 Loss: 13.907945
2021-10-28 09:23: Train Epoch 40: 40/167 Loss: 13.509195
2021-10-28 09:24: Train Epoch 40: 60/167 Loss: 13.248487
2021-10-28 09:24: Train Epoch 40: 80/167 Loss: 13.754708
2021-10-28 09:24: Train Epoch 40: 100/167 Loss: 14.433232
2021-10-28 09:24: Train Epoch 40: 120/167 Loss: 13.954282
2021-10-28 09:24: Train Epoch 40: 140/167 Loss: 14.294603
2021-10-28 09:24: Train Epoch 40: 160/167 Loss: 13.499085
2021-10-28 09:24: **********Train Epoch 40: averaged Loss: 14.225485, tf_ratio: 1.000000
2021-10-28 09:24: **********Val Epoch 40: average Loss: 13.954451
2021-10-28 09:24: *********************************Current best model saved!
2021-10-28 09:24: Train Epoch 41: 0/167 Loss: 14.020274
2021-10-28 09:24: Train Epoch 41: 20/167 Loss: 13.724205
2021-10-28 09:24: Train Epoch 41: 40/167 Loss: 14.058616
2021-10-28 09:25: Train Epoch 41: 60/167 Loss: 14.179545
2021-10-28 09:25: Train Epoch 41: 80/167 Loss: 13.274879
2021-10-28 09:25: Train Epoch 41: 100/167 Loss: 14.268433
2021-10-28 09:25: Train Epoch 41: 120/167 Loss: 13.684227
2021-10-28 09:25: Train Epoch 41: 140/167 Loss: 14.845155
2021-10-28 09:25: Train Epoch 41: 160/167 Loss: 13.270488
2021-10-28 09:25: **********Train Epoch 41: averaged Loss: 14.163295, tf_ratio: 1.000000
2021-10-28 09:25: **********Val Epoch 41: average Loss: 13.935857
2021-10-28 09:25: *********************************Current best model saved!
2021-10-28 09:25: Train Epoch 42: 0/167 Loss: 13.645287
2021-10-28 09:25: Train Epoch 42: 20/167 Loss: 13.736072
2021-10-28 09:26: Train Epoch 42: 40/167 Loss: 13.687236
2021-10-28 09:26: Train Epoch 42: 60/167 Loss: 15.347286
2021-10-28 09:26: Train Epoch 42: 80/167 Loss: 14.333794
2021-10-28 09:26: Train Epoch 42: 100/167 Loss: 13.499742
2021-10-28 09:26: Train Epoch 42: 120/167 Loss: 13.728167
2021-10-28 09:26: Train Epoch 42: 140/167 Loss: 14.413009
2021-10-28 09:26: Train Epoch 42: 160/167 Loss: 13.896376
2021-10-28 09:26: **********Train Epoch 42: averaged Loss: 14.119030, tf_ratio: 1.000000
2021-10-28 09:26: **********Val Epoch 42: average Loss: 13.886684
2021-10-28 09:26: *********************************Current best model saved!
2021-10-28 09:26: Train Epoch 43: 0/167 Loss: 15.211633
2021-10-28 09:26: Train Epoch 43: 20/167 Loss: 12.856927
2021-10-28 09:27: Train Epoch 43: 40/167 Loss: 13.545524
2021-10-28 09:27: Train Epoch 43: 60/167 Loss: 12.948538
2021-10-28 09:27: Train Epoch 43: 80/167 Loss: 13.784258
2021-10-28 09:27: Train Epoch 43: 100/167 Loss: 14.464154
2021-10-28 09:27: Train Epoch 43: 120/167 Loss: 13.900250
2021-10-28 09:27: Train Epoch 43: 140/167 Loss: 14.747378
2021-10-28 09:27: Train Epoch 43: 160/167 Loss: 14.138164
2021-10-28 09:27: **********Train Epoch 43: averaged Loss: 14.089989, tf_ratio: 1.000000
2021-10-28 09:27: **********Val Epoch 43: average Loss: 13.828172
2021-10-28 09:27: *********************************Current best model saved!
2021-10-28 09:27: Train Epoch 44: 0/167 Loss: 14.332408
2021-10-28 09:27: Train Epoch 44: 20/167 Loss: 14.058752
2021-10-28 09:28: Train Epoch 44: 40/167 Loss: 14.596128
2021-10-28 09:28: Train Epoch 44: 60/167 Loss: 13.260938
2021-10-28 09:28: Train Epoch 44: 80/167 Loss: 14.794052
2021-10-28 09:28: Train Epoch 44: 100/167 Loss: 14.086362
2021-10-28 09:28: Train Epoch 44: 120/167 Loss: 13.984147
2021-10-28 09:28: Train Epoch 44: 140/167 Loss: 15.196565
2021-10-28 09:28: Train Epoch 44: 160/167 Loss: 15.038478
2021-10-28 09:28: **********Train Epoch 44: averaged Loss: 14.059492, tf_ratio: 1.000000
2021-10-28 09:28: **********Val Epoch 44: average Loss: 13.804207
2021-10-28 09:28: *********************************Current best model saved!
2021-10-28 09:28: Train Epoch 45: 0/167 Loss: 14.755182
2021-10-28 09:28: Train Epoch 45: 20/167 Loss: 12.365174
2021-10-28 09:29: Train Epoch 45: 40/167 Loss: 14.350830
2021-10-28 09:29: Train Epoch 45: 60/167 Loss: 13.687063
2021-10-28 09:29: Train Epoch 45: 80/167 Loss: 14.180272
2021-10-28 09:29: Train Epoch 45: 100/167 Loss: 13.557137
2021-10-28 09:29: Train Epoch 45: 120/167 Loss: 13.728628
2021-10-28 09:29: Train Epoch 45: 140/167 Loss: 14.150061
2021-10-28 09:29: Train Epoch 45: 160/167 Loss: 14.626393
2021-10-28 09:29: **********Train Epoch 45: averaged Loss: 14.010971, tf_ratio: 1.000000
2021-10-28 09:29: **********Val Epoch 45: average Loss: 13.781653
2021-10-28 09:29: *********************************Current best model saved!
2021-10-28 09:29: Train Epoch 46: 0/167 Loss: 13.710052
2021-10-28 09:30: Train Epoch 46: 20/167 Loss: 13.977640
2021-10-28 09:30: Train Epoch 46: 40/167 Loss: 14.419974
2021-10-28 09:30: Train Epoch 46: 60/167 Loss: 13.131032
2021-10-28 09:30: Train Epoch 46: 80/167 Loss: 14.321485
2021-10-28 09:30: Train Epoch 46: 100/167 Loss: 13.781559
2021-10-28 09:30: Train Epoch 46: 120/167 Loss: 13.022667
2021-10-28 09:30: Train Epoch 46: 140/167 Loss: 13.710211
2021-10-28 09:30: Train Epoch 46: 160/167 Loss: 13.958413
2021-10-28 09:30: **********Train Epoch 46: averaged Loss: 14.021948, tf_ratio: 1.000000
2021-10-28 09:30: **********Val Epoch 46: average Loss: 13.707855
2021-10-28 09:30: *********************************Current best model saved!
2021-10-28 09:30: Train Epoch 47: 0/167 Loss: 13.925787
2021-10-28 09:31: Train Epoch 47: 20/167 Loss: 13.637500
2021-10-28 09:31: Train Epoch 47: 40/167 Loss: 13.444205
2021-10-28 09:31: Train Epoch 47: 60/167 Loss: 14.020298
2021-10-28 09:31: Train Epoch 47: 80/167 Loss: 13.844947
2021-10-28 09:31: Train Epoch 47: 100/167 Loss: 12.635138
2021-10-28 09:31: Train Epoch 47: 120/167 Loss: 14.026491
2021-10-28 09:31: Train Epoch 47: 140/167 Loss: 13.447393
2021-10-28 09:31: Train Epoch 47: 160/167 Loss: 14.485507
2021-10-28 09:31: **********Train Epoch 47: averaged Loss: 13.970079, tf_ratio: 1.000000
2021-10-28 09:31: **********Val Epoch 47: average Loss: 13.763124
2021-10-28 09:31: Train Epoch 48: 0/167 Loss: 14.821354
2021-10-28 09:32: Train Epoch 48: 20/167 Loss: 13.361733
2021-10-28 09:32: Train Epoch 48: 40/167 Loss: 13.845781
2021-10-28 09:32: Train Epoch 48: 60/167 Loss: 14.313635
2021-10-28 09:32: Train Epoch 48: 80/167 Loss: 14.265534
2021-10-28 09:32: Train Epoch 48: 100/167 Loss: 14.409836
2021-10-28 09:32: Train Epoch 48: 120/167 Loss: 14.146094
2021-10-28 09:32: Train Epoch 48: 140/167 Loss: 13.988658
2021-10-28 09:32: Train Epoch 48: 160/167 Loss: 13.154555
2021-10-28 09:32: **********Train Epoch 48: averaged Loss: 13.960690, tf_ratio: 1.000000
2021-10-28 09:33: **********Val Epoch 48: average Loss: 13.730169
2021-10-28 09:33: Train Epoch 49: 0/167 Loss: 14.137562
2021-10-28 09:33: Train Epoch 49: 20/167 Loss: 15.234869
2021-10-28 09:33: Train Epoch 49: 40/167 Loss: 15.464051
2021-10-28 09:33: Train Epoch 49: 60/167 Loss: 13.943002
2021-10-28 09:33: Train Epoch 49: 80/167 Loss: 14.814801
2021-10-28 09:33: Train Epoch 49: 100/167 Loss: 13.797337
2021-10-28 09:33: Train Epoch 49: 120/167 Loss: 13.479556
2021-10-28 09:33: Train Epoch 49: 140/167 Loss: 13.832294
2021-10-28 09:33: Train Epoch 49: 160/167 Loss: 14.725147
2021-10-28 09:33: **********Train Epoch 49: averaged Loss: 13.934072, tf_ratio: 1.000000
2021-10-28 09:34: **********Val Epoch 49: average Loss: 13.682360
2021-10-28 09:34: *********************************Current best model saved!
2021-10-28 09:34: Train Epoch 50: 0/167 Loss: 13.838169
2021-10-28 09:34: Train Epoch 50: 20/167 Loss: 13.609815
2021-10-28 09:34: Train Epoch 50: 40/167 Loss: 13.372229
2021-10-28 09:34: Train Epoch 50: 60/167 Loss: 14.102292
2021-10-28 09:34: Train Epoch 50: 80/167 Loss: 14.190554
2021-10-28 09:34: Train Epoch 50: 100/167 Loss: 14.331469
2021-10-28 09:34: Train Epoch 50: 120/167 Loss: 14.498659
2021-10-28 09:34: Train Epoch 50: 140/167 Loss: 12.458646
2021-10-28 09:34: Train Epoch 50: 160/167 Loss: 14.409354
2021-10-28 09:34: **********Train Epoch 50: averaged Loss: 13.929963, tf_ratio: 1.000000
2021-10-28 09:35: **********Val Epoch 50: average Loss: 13.673676
2021-10-28 09:35: *********************************Current best model saved!
2021-10-28 09:35: Train Epoch 51: 0/167 Loss: 14.184068
2021-10-28 09:35: Train Epoch 51: 20/167 Loss: 13.610703
2021-10-28 09:35: Train Epoch 51: 40/167 Loss: 13.935512
2021-10-28 09:35: Train Epoch 51: 60/167 Loss: 14.327448
2021-10-28 09:35: Train Epoch 51: 80/167 Loss: 13.728266
2021-10-28 09:35: Train Epoch 51: 100/167 Loss: 13.025830
2021-10-28 09:35: Train Epoch 51: 120/167 Loss: 12.881430
2021-10-28 09:35: Train Epoch 51: 140/167 Loss: 13.026093
2021-10-28 09:35: Train Epoch 51: 160/167 Loss: 13.713441
2021-10-28 09:35: **********Train Epoch 51: averaged Loss: 13.897238, tf_ratio: 1.000000
2021-10-28 09:36: **********Val Epoch 51: average Loss: 13.659075
2021-10-28 09:36: *********************************Current best model saved!
2021-10-28 09:36: Train Epoch 52: 0/167 Loss: 14.103822
2021-10-28 09:36: Train Epoch 52: 20/167 Loss: 13.626557
2021-10-28 09:36: Train Epoch 52: 40/167 Loss: 15.191573
2021-10-28 09:36: Train Epoch 52: 60/167 Loss: 14.379119
2021-10-28 09:36: Train Epoch 52: 80/167 Loss: 13.856468
2021-10-28 09:36: Train Epoch 52: 100/167 Loss: 13.976036
2021-10-28 09:36: Train Epoch 52: 120/167 Loss: 13.635129
2021-10-28 09:36: Train Epoch 52: 140/167 Loss: 14.277471
2021-10-28 09:36: Train Epoch 52: 160/167 Loss: 14.545689
2021-10-28 09:37: **********Train Epoch 52: averaged Loss: 13.897260, tf_ratio: 1.000000
2021-10-28 09:37: **********Val Epoch 52: average Loss: 13.627208
2021-10-28 09:37: *********************************Current best model saved!
2021-10-28 09:37: Train Epoch 53: 0/167 Loss: 14.911098
2021-10-28 09:37: Train Epoch 53: 20/167 Loss: 13.254306
2021-10-28 09:37: Train Epoch 53: 40/167 Loss: 13.793980
2021-10-28 09:37: Train Epoch 53: 60/167 Loss: 14.056940
2021-10-28 09:37: Train Epoch 53: 80/167 Loss: 13.899969
2021-10-28 09:37: Train Epoch 53: 100/167 Loss: 13.225123
2021-10-28 09:37: Train Epoch 53: 120/167 Loss: 13.736739
2021-10-28 09:37: Train Epoch 53: 140/167 Loss: 14.009907
2021-10-28 09:38: Train Epoch 53: 160/167 Loss: 13.904822
2021-10-28 09:38: **********Train Epoch 53: averaged Loss: 13.856815, tf_ratio: 1.000000
2021-10-28 09:38: **********Val Epoch 53: average Loss: 13.643753
2021-10-28 09:38: Train Epoch 54: 0/167 Loss: 12.872628
2021-10-28 09:38: Train Epoch 54: 20/167 Loss: 13.592340
2021-10-28 09:38: Train Epoch 54: 40/167 Loss: 14.145017
2021-10-28 09:38: Train Epoch 54: 60/167 Loss: 14.014435
2021-10-28 09:38: Train Epoch 54: 80/167 Loss: 13.974442
2021-10-28 09:38: Train Epoch 54: 100/167 Loss: 13.841243
2021-10-28 09:38: Train Epoch 54: 120/167 Loss: 13.977206
2021-10-28 09:38: Train Epoch 54: 140/167 Loss: 13.260000
2021-10-28 09:39: Train Epoch 54: 160/167 Loss: 14.807091
2021-10-28 09:39: **********Train Epoch 54: averaged Loss: 13.829035, tf_ratio: 1.000000
2021-10-28 09:39: **********Val Epoch 54: average Loss: 13.656307
2021-10-28 09:39: Train Epoch 55: 0/167 Loss: 14.060881
2021-10-28 09:39: Train Epoch 55: 20/167 Loss: 14.841236
2021-10-28 09:39: Train Epoch 55: 40/167 Loss: 14.400626
2021-10-28 09:39: Train Epoch 55: 60/167 Loss: 13.265453
2021-10-28 09:39: Train Epoch 55: 80/167 Loss: 13.544669
2021-10-28 09:39: Train Epoch 55: 100/167 Loss: 13.835318
2021-10-28 09:39: Train Epoch 55: 120/167 Loss: 13.573179
2021-10-28 09:39: Train Epoch 55: 140/167 Loss: 13.630669
2021-10-28 09:40: Train Epoch 55: 160/167 Loss: 13.818748
2021-10-28 09:40: **********Train Epoch 55: averaged Loss: 13.817174, tf_ratio: 1.000000
2021-10-28 09:40: **********Val Epoch 55: average Loss: 13.551332
2021-10-28 09:40: *********************************Current best model saved!
2021-10-28 09:40: Train Epoch 56: 0/167 Loss: 14.441636
2021-10-28 09:40: Train Epoch 56: 20/167 Loss: 13.630745
2021-10-28 09:40: Train Epoch 56: 40/167 Loss: 14.060342
2021-10-28 09:40: Train Epoch 56: 60/167 Loss: 13.385406
2021-10-28 09:40: Train Epoch 56: 80/167 Loss: 14.655832
2021-10-28 09:40: Train Epoch 56: 100/167 Loss: 14.027267
2021-10-28 09:40: Train Epoch 56: 120/167 Loss: 13.434363
2021-10-28 09:40: Train Epoch 56: 140/167 Loss: 13.105164
2021-10-28 09:41: Train Epoch 56: 160/167 Loss: 13.191737
2021-10-28 09:41: **********Train Epoch 56: averaged Loss: 13.795296, tf_ratio: 1.000000
2021-10-28 09:41: **********Val Epoch 56: average Loss: 13.643280
2021-10-28 09:41: Train Epoch 57: 0/167 Loss: 14.205412
2021-10-28 09:41: Train Epoch 57: 20/167 Loss: 14.267531
2021-10-28 09:41: Train Epoch 57: 40/167 Loss: 13.726672
2021-10-28 09:41: Train Epoch 57: 60/167 Loss: 14.212091
2021-10-28 09:41: Train Epoch 57: 80/167 Loss: 13.387604
2021-10-28 09:41: Train Epoch 57: 100/167 Loss: 14.649749
2021-10-28 09:41: Train Epoch 57: 120/167 Loss: 13.099396
2021-10-28 09:42: Train Epoch 57: 140/167 Loss: 12.844885
2021-10-28 09:42: Train Epoch 57: 160/167 Loss: 14.207843
2021-10-28 09:42: **********Train Epoch 57: averaged Loss: 13.833746, tf_ratio: 1.000000
2021-10-28 09:42: **********Val Epoch 57: average Loss: 13.555560
2021-10-28 09:42: Train Epoch 58: 0/167 Loss: 13.901820
2021-10-28 09:42: Train Epoch 58: 20/167 Loss: 14.221775
2021-10-28 09:42: Train Epoch 58: 40/167 Loss: 13.008399
2021-10-28 09:42: Train Epoch 58: 60/167 Loss: 13.179560
2021-10-28 09:42: Train Epoch 58: 80/167 Loss: 14.305902
2021-10-28 09:42: Train Epoch 58: 100/167 Loss: 13.401841
2021-10-28 09:42: Train Epoch 58: 120/167 Loss: 12.446655
2021-10-28 09:43: Train Epoch 58: 140/167 Loss: 13.877901
2021-10-28 09:43: Train Epoch 58: 160/167 Loss: 13.759018
2021-10-28 09:43: **********Train Epoch 58: averaged Loss: 13.770594, tf_ratio: 1.000000
2021-10-28 09:43: **********Val Epoch 58: average Loss: 13.549019
2021-10-28 09:43: *********************************Current best model saved!
2021-10-28 09:43: Train Epoch 59: 0/167 Loss: 14.604398
2021-10-28 09:43: Train Epoch 59: 20/167 Loss: 13.133556
2021-10-28 09:43: Train Epoch 59: 40/167 Loss: 13.669243
2021-10-28 09:43: Train Epoch 59: 60/167 Loss: 13.138799
2021-10-28 09:43: Train Epoch 59: 80/167 Loss: 13.268167
2021-10-28 09:43: Train Epoch 59: 100/167 Loss: 13.390953
2021-10-28 09:43: Train Epoch 59: 120/167 Loss: 13.668948
2021-10-28 09:44: Train Epoch 59: 140/167 Loss: 13.525353
2021-10-28 09:44: Train Epoch 59: 160/167 Loss: 13.487063
2021-10-28 09:44: **********Train Epoch 59: averaged Loss: 13.765397, tf_ratio: 1.000000
2021-10-28 09:44: **********Val Epoch 59: average Loss: 13.494070
2021-10-28 09:44: *********************************Current best model saved!
2021-10-28 09:44: Train Epoch 60: 0/167 Loss: 14.020136
2021-10-28 09:44: Train Epoch 60: 20/167 Loss: 13.699641
2021-10-28 09:44: Train Epoch 60: 40/167 Loss: 14.048277
2021-10-28 09:44: Train Epoch 60: 60/167 Loss: 13.136272
2021-10-28 09:44: Train Epoch 60: 80/167 Loss: 13.436453
2021-10-28 09:44: Train Epoch 60: 100/167 Loss: 14.385491
2021-10-28 09:44: Train Epoch 60: 120/167 Loss: 13.705711
2021-10-28 09:45: Train Epoch 60: 140/167 Loss: 12.948605
2021-10-28 09:45: Train Epoch 60: 160/167 Loss: 15.231609
2021-10-28 09:45: **********Train Epoch 60: averaged Loss: 13.760445, tf_ratio: 1.000000
2021-10-28 09:45: **********Val Epoch 60: average Loss: 13.580331
2021-10-28 09:45: Train Epoch 61: 0/167 Loss: 13.499058
2021-10-28 09:45: Train Epoch 61: 20/167 Loss: 14.072214
2021-10-28 09:45: Train Epoch 61: 40/167 Loss: 13.614567
2021-10-28 09:45: Train Epoch 61: 60/167 Loss: 13.422403
2021-10-28 09:45: Train Epoch 61: 80/167 Loss: 13.105578
2021-10-28 09:45: Train Epoch 61: 100/167 Loss: 14.339483
2021-10-28 09:46: Train Epoch 61: 120/167 Loss: 13.509433
2021-10-28 09:46: Train Epoch 61: 140/167 Loss: 14.322148
2021-10-28 09:46: Train Epoch 61: 160/167 Loss: 13.749695
2021-10-28 09:46: **********Train Epoch 61: averaged Loss: 13.727311, tf_ratio: 1.000000
2021-10-28 09:46: **********Val Epoch 61: average Loss: 13.500738
2021-10-28 09:46: Train Epoch 62: 0/167 Loss: 13.452001
2021-10-28 09:46: Train Epoch 62: 20/167 Loss: 14.227413
2021-10-28 09:46: Train Epoch 62: 40/167 Loss: 14.189350
2021-10-28 09:46: Train Epoch 62: 60/167 Loss: 13.996215
2021-10-28 09:46: Train Epoch 62: 80/167 Loss: 13.887291
2021-10-28 09:46: Train Epoch 62: 100/167 Loss: 13.457215
2021-10-28 09:47: Train Epoch 62: 120/167 Loss: 12.726664
2021-10-28 09:47: Train Epoch 62: 140/167 Loss: 13.870338
2021-10-28 09:47: Train Epoch 62: 160/167 Loss: 14.027792
2021-10-28 09:47: **********Train Epoch 62: averaged Loss: 13.707211, tf_ratio: 1.000000
2021-10-28 09:47: **********Val Epoch 62: average Loss: 13.471262
2021-10-28 09:47: *********************************Current best model saved!
2021-10-28 09:47: Train Epoch 63: 0/167 Loss: 13.422312
2021-10-28 09:47: Train Epoch 63: 20/167 Loss: 12.814445
2021-10-28 09:47: Train Epoch 63: 40/167 Loss: 13.705611
2021-10-28 09:47: Train Epoch 63: 60/167 Loss: 13.458056
2021-10-28 09:47: Train Epoch 63: 80/167 Loss: 14.722066
2021-10-28 09:47: Train Epoch 63: 100/167 Loss: 13.192083
2021-10-28 09:48: Train Epoch 63: 120/167 Loss: 13.808318
2021-10-28 09:48: Train Epoch 63: 140/167 Loss: 13.619043
2021-10-28 09:48: Train Epoch 63: 160/167 Loss: 14.535777
2021-10-28 09:48: **********Train Epoch 63: averaged Loss: 13.693287, tf_ratio: 1.000000
2021-10-28 09:48: **********Val Epoch 63: average Loss: 13.474114
2021-10-28 09:48: Train Epoch 64: 0/167 Loss: 14.959685
2021-10-28 09:48: Train Epoch 64: 20/167 Loss: 14.039318
2021-10-28 09:48: Train Epoch 64: 40/167 Loss: 13.970683
2021-10-28 09:48: Train Epoch 64: 60/167 Loss: 13.348237
2021-10-28 09:48: Train Epoch 64: 80/167 Loss: 14.468213
2021-10-28 09:49: Train Epoch 64: 100/167 Loss: 14.499831
2021-10-28 09:49: Train Epoch 64: 120/167 Loss: 13.964620
2021-10-28 09:49: Train Epoch 64: 140/167 Loss: 13.166197
2021-10-28 09:49: Train Epoch 64: 160/167 Loss: 13.536669
2021-10-28 09:49: **********Train Epoch 64: averaged Loss: 13.699324, tf_ratio: 1.000000
2021-10-28 09:49: **********Val Epoch 64: average Loss: 13.648099
2021-10-28 09:49: Train Epoch 65: 0/167 Loss: 13.793615
2021-10-28 09:49: Train Epoch 65: 20/167 Loss: 13.846552
2021-10-28 09:49: Train Epoch 65: 40/167 Loss: 13.151869
2021-10-28 09:49: Train Epoch 65: 60/167 Loss: 13.438005
2021-10-28 09:49: Train Epoch 65: 80/167 Loss: 14.128059
2021-10-28 09:50: Train Epoch 65: 100/167 Loss: 13.644036
2021-10-28 09:50: Train Epoch 65: 120/167 Loss: 13.319866
2021-10-28 09:50: Train Epoch 65: 140/167 Loss: 13.769490
2021-10-28 09:50: Train Epoch 65: 160/167 Loss: 13.487532
2021-10-28 09:50: **********Train Epoch 65: averaged Loss: 13.688232, tf_ratio: 1.000000
2021-10-28 09:50: **********Val Epoch 65: average Loss: 13.541873
2021-10-28 09:50: Train Epoch 66: 0/167 Loss: 13.486535
2021-10-28 09:50: Train Epoch 66: 20/167 Loss: 14.342541
2021-10-28 09:50: Train Epoch 66: 40/167 Loss: 13.451540
2021-10-28 09:50: Train Epoch 66: 60/167 Loss: 13.338787
2021-10-28 09:50: Train Epoch 66: 80/167 Loss: 13.566625
2021-10-28 09:51: Train Epoch 66: 100/167 Loss: 13.521379
2021-10-28 09:51: Train Epoch 66: 120/167 Loss: 13.243672
2021-10-28 09:51: Train Epoch 66: 140/167 Loss: 14.191917
2021-10-28 09:51: Train Epoch 66: 160/167 Loss: 13.834704
2021-10-28 09:51: **********Train Epoch 66: averaged Loss: 13.669487, tf_ratio: 1.000000
2021-10-28 09:51: **********Val Epoch 66: average Loss: 13.498132
2021-10-28 09:51: Train Epoch 67: 0/167 Loss: 13.568506
2021-10-28 09:51: Train Epoch 67: 20/167 Loss: 12.829530
2021-10-28 09:51: Train Epoch 67: 40/167 Loss: 14.444589
2021-10-28 09:51: Train Epoch 67: 60/167 Loss: 13.886210
2021-10-28 09:51: Train Epoch 67: 80/167 Loss: 13.246782
2021-10-28 09:52: Train Epoch 67: 100/167 Loss: 13.864545
2021-10-28 09:52: Train Epoch 67: 120/167 Loss: 14.150898
2021-10-28 09:52: Train Epoch 67: 140/167 Loss: 14.173630
2021-10-28 09:52: Train Epoch 67: 160/167 Loss: 13.089582
2021-10-28 09:52: **********Train Epoch 67: averaged Loss: 13.641669, tf_ratio: 1.000000
2021-10-28 09:52: **********Val Epoch 67: average Loss: 13.496564
2021-10-28 09:52: Train Epoch 68: 0/167 Loss: 14.296903
2021-10-28 09:52: Train Epoch 68: 20/167 Loss: 14.029530
2021-10-28 09:52: Train Epoch 68: 40/167 Loss: 14.280024
2021-10-28 09:52: Train Epoch 68: 60/167 Loss: 13.515160
2021-10-28 09:53: Train Epoch 68: 80/167 Loss: 14.149476
2021-10-28 09:53: Train Epoch 68: 100/167 Loss: 14.284954
2021-10-28 09:53: Train Epoch 68: 120/167 Loss: 12.831767
2021-10-28 09:53: Train Epoch 68: 140/167 Loss: 12.777735
2021-10-28 09:53: Train Epoch 68: 160/167 Loss: 12.835026
2021-10-28 09:53: **********Train Epoch 68: averaged Loss: 13.652215, tf_ratio: 1.000000
2021-10-28 09:53: **********Val Epoch 68: average Loss: 13.460394
2021-10-28 09:53: *********************************Current best model saved!
2021-10-28 09:53: Train Epoch 69: 0/167 Loss: 13.720758
2021-10-28 09:53: Train Epoch 69: 20/167 Loss: 13.863057
2021-10-28 09:53: Train Epoch 69: 40/167 Loss: 12.761719
2021-10-28 09:53: Train Epoch 69: 60/167 Loss: 13.495914
2021-10-28 09:54: Train Epoch 69: 80/167 Loss: 14.038431
2021-10-28 09:54: Train Epoch 69: 100/167 Loss: 13.047395
2021-10-28 09:54: Train Epoch 69: 120/167 Loss: 13.179882
2021-10-28 09:54: Train Epoch 69: 140/167 Loss: 13.158575
2021-10-28 09:54: Train Epoch 69: 160/167 Loss: 13.279930
2021-10-28 09:54: **********Train Epoch 69: averaged Loss: 13.635705, tf_ratio: 1.000000
2021-10-28 09:54: **********Val Epoch 69: average Loss: 13.552851
2021-10-28 09:54: Train Epoch 70: 0/167 Loss: 13.397560
2021-10-28 09:54: Train Epoch 70: 20/167 Loss: 13.307750
2021-10-28 09:54: Train Epoch 70: 40/167 Loss: 12.483014
2021-10-28 09:54: Train Epoch 70: 60/167 Loss: 13.150466
2021-10-28 09:55: Train Epoch 70: 80/167 Loss: 13.176744
2021-10-28 09:55: Train Epoch 70: 100/167 Loss: 13.536386
2021-10-28 09:55: Train Epoch 70: 120/167 Loss: 13.878222
2021-10-28 09:55: Train Epoch 70: 140/167 Loss: 13.307197
2021-10-28 09:55: Train Epoch 70: 160/167 Loss: 14.054820
2021-10-28 09:55: **********Train Epoch 70: averaged Loss: 13.627670, tf_ratio: 1.000000
2021-10-28 09:55: **********Val Epoch 70: average Loss: 13.422255
2021-10-28 09:55: *********************************Current best model saved!
2021-10-28 09:55: Train Epoch 71: 0/167 Loss: 13.746448
2021-10-28 09:55: Train Epoch 71: 20/167 Loss: 13.011980
2021-10-28 09:55: Train Epoch 71: 40/167 Loss: 13.245580
2021-10-28 09:55: Train Epoch 71: 60/167 Loss: 12.573610
2021-10-28 09:56: Train Epoch 71: 80/167 Loss: 13.205406
2021-10-28 09:56: Train Epoch 71: 100/167 Loss: 14.206542
2021-10-28 09:56: Train Epoch 71: 120/167 Loss: 13.236308
2021-10-28 09:56: Train Epoch 71: 140/167 Loss: 12.814517
2021-10-28 09:56: Train Epoch 71: 160/167 Loss: 14.767754
2021-10-28 09:56: **********Train Epoch 71: averaged Loss: 13.618910, tf_ratio: 1.000000
2021-10-28 09:56: **********Val Epoch 71: average Loss: 13.438532
2021-10-28 09:56: Train Epoch 72: 0/167 Loss: 14.127194
2021-10-28 09:56: Train Epoch 72: 20/167 Loss: 13.812304
2021-10-28 09:56: Train Epoch 72: 40/167 Loss: 13.290282
2021-10-28 09:57: Train Epoch 72: 60/167 Loss: 13.766794
2021-10-28 09:57: Train Epoch 72: 80/167 Loss: 14.335917
2021-10-28 09:57: Train Epoch 72: 100/167 Loss: 13.202454
2021-10-28 09:57: Train Epoch 72: 120/167 Loss: 14.620911
2021-10-28 09:57: Train Epoch 72: 140/167 Loss: 14.412911
2021-10-28 09:57: Train Epoch 72: 160/167 Loss: 13.108253
2021-10-28 09:57: **********Train Epoch 72: averaged Loss: 13.587092, tf_ratio: 1.000000
2021-10-28 09:57: **********Val Epoch 72: average Loss: 13.415440
2021-10-28 09:57: *********************************Current best model saved!
2021-10-28 09:57: Train Epoch 73: 0/167 Loss: 13.152099
2021-10-28 09:57: Train Epoch 73: 20/167 Loss: 13.268435
2021-10-28 09:57: Train Epoch 73: 40/167 Loss: 13.128699
2021-10-28 09:58: Train Epoch 73: 60/167 Loss: 13.531556
2021-10-28 09:58: Train Epoch 73: 80/167 Loss: 13.600836
2021-10-28 09:58: Train Epoch 73: 100/167 Loss: 13.729027
2021-10-28 09:58: Train Epoch 73: 120/167 Loss: 14.269588
2021-10-28 09:58: Train Epoch 73: 140/167 Loss: 13.536726
2021-10-28 09:58: Train Epoch 73: 160/167 Loss: 13.670813
2021-10-28 09:58: **********Train Epoch 73: averaged Loss: 13.573404, tf_ratio: 1.000000
2021-10-28 09:58: **********Val Epoch 73: average Loss: 13.442902
2021-10-28 09:58: Train Epoch 74: 0/167 Loss: 12.612721
2021-10-28 09:58: Train Epoch 74: 20/167 Loss: 12.829314
2021-10-28 09:58: Train Epoch 74: 40/167 Loss: 14.320585
2021-10-28 09:59: Train Epoch 74: 60/167 Loss: 14.049478
2021-10-28 09:59: Train Epoch 74: 80/167 Loss: 13.288600
2021-10-28 09:59: Train Epoch 74: 100/167 Loss: 14.626408
2021-10-28 09:59: Train Epoch 74: 120/167 Loss: 13.946216
2021-10-28 09:59: Train Epoch 74: 140/167 Loss: 12.993170
2021-10-28 09:59: Train Epoch 74: 160/167 Loss: 13.542840
2021-10-28 09:59: **********Train Epoch 74: averaged Loss: 13.567211, tf_ratio: 1.000000
2021-10-28 09:59: **********Val Epoch 74: average Loss: 13.405904
2021-10-28 09:59: *********************************Current best model saved!
2021-10-28 09:59: Train Epoch 75: 0/167 Loss: 13.841507
2021-10-28 09:59: Train Epoch 75: 20/167 Loss: 13.118093
2021-10-28 10:00: Train Epoch 75: 40/167 Loss: 13.979570
2021-10-28 10:00: Train Epoch 75: 60/167 Loss: 14.205889
2021-10-28 10:00: Train Epoch 75: 80/167 Loss: 13.275625
2021-10-28 10:00: Train Epoch 75: 100/167 Loss: 13.889525
2021-10-28 10:00: Train Epoch 75: 120/167 Loss: 14.642943
2021-10-28 10:00: Train Epoch 75: 140/167 Loss: 13.669681
2021-10-28 10:00: Train Epoch 75: 160/167 Loss: 12.637881
2021-10-28 10:00: **********Train Epoch 75: averaged Loss: 13.542810, tf_ratio: 1.000000
2021-10-28 10:00: **********Val Epoch 75: average Loss: 13.479156
2021-10-28 10:00: Train Epoch 76: 0/167 Loss: 13.371541
2021-10-28 10:00: Train Epoch 76: 20/167 Loss: 12.501925
2021-10-28 10:01: Train Epoch 76: 40/167 Loss: 13.125721
2021-10-28 10:01: Train Epoch 76: 60/167 Loss: 12.714014
2021-10-28 10:01: Train Epoch 76: 80/167 Loss: 13.240407
2021-10-28 10:01: Train Epoch 76: 100/167 Loss: 13.475971
2021-10-28 10:01: Train Epoch 76: 120/167 Loss: 14.698442
2021-10-28 10:01: Train Epoch 76: 140/167 Loss: 13.766496
2021-10-28 10:01: Train Epoch 76: 160/167 Loss: 14.341759
2021-10-28 10:01: **********Train Epoch 76: averaged Loss: 13.565718, tf_ratio: 1.000000
2021-10-28 10:01: **********Val Epoch 76: average Loss: 13.452951
2021-10-28 10:01: Train Epoch 77: 0/167 Loss: 14.096600
2021-10-28 10:01: Train Epoch 77: 20/167 Loss: 13.945804
2021-10-28 10:02: Train Epoch 77: 40/167 Loss: 13.373564
2021-10-28 10:02: Train Epoch 77: 60/167 Loss: 12.867616
2021-10-28 10:02: Train Epoch 77: 80/167 Loss: 12.762170
2021-10-28 10:02: Train Epoch 77: 100/167 Loss: 13.526586
2021-10-28 10:02: Train Epoch 77: 120/167 Loss: 12.398085
2021-10-28 10:02: Train Epoch 77: 140/167 Loss: 13.406927
2021-10-28 10:02: Train Epoch 77: 160/167 Loss: 12.876666
2021-10-28 10:02: **********Train Epoch 77: averaged Loss: 13.539320, tf_ratio: 1.000000
2021-10-28 10:02: **********Val Epoch 77: average Loss: 13.379868
2021-10-28 10:02: *********************************Current best model saved!
2021-10-28 10:02: Train Epoch 78: 0/167 Loss: 13.524594
2021-10-28 10:03: Train Epoch 78: 20/167 Loss: 13.277212
2021-10-28 10:03: Train Epoch 78: 40/167 Loss: 13.760079
2021-10-28 10:03: Train Epoch 78: 60/167 Loss: 13.254584
2021-10-28 10:03: Train Epoch 78: 80/167 Loss: 12.711957
2021-10-28 10:03: Train Epoch 78: 100/167 Loss: 14.964530
2021-10-28 10:03: Train Epoch 78: 120/167 Loss: 13.161078
2021-10-28 10:03: Train Epoch 78: 140/167 Loss: 14.200108
2021-10-28 10:03: Train Epoch 78: 160/167 Loss: 13.579967
2021-10-28 10:03: **********Train Epoch 78: averaged Loss: 13.532293, tf_ratio: 1.000000
2021-10-28 10:03: **********Val Epoch 78: average Loss: 13.367524
2021-10-28 10:03: *********************************Current best model saved!
2021-10-28 10:03: Train Epoch 79: 0/167 Loss: 14.573607
2021-10-28 10:04: Train Epoch 79: 20/167 Loss: 12.856329
2021-10-28 10:04: Train Epoch 79: 40/167 Loss: 13.386253
2021-10-28 10:04: Train Epoch 79: 60/167 Loss: 13.832911
2021-10-28 10:04: Train Epoch 79: 80/167 Loss: 13.594172
2021-10-28 10:04: Train Epoch 79: 100/167 Loss: 13.340414
2021-10-28 10:04: Train Epoch 79: 120/167 Loss: 13.143075
2021-10-28 10:04: Train Epoch 79: 140/167 Loss: 12.797826
2021-10-28 10:04: Train Epoch 79: 160/167 Loss: 13.464000
2021-10-28 10:04: **********Train Epoch 79: averaged Loss: 13.511322, tf_ratio: 1.000000
2021-10-28 10:04: **********Val Epoch 79: average Loss: 13.327718
2021-10-28 10:04: *********************************Current best model saved!
2021-10-28 10:04: Train Epoch 80: 0/167 Loss: 13.799578
2021-10-28 10:05: Train Epoch 80: 20/167 Loss: 13.157290
2021-10-28 10:05: Train Epoch 80: 40/167 Loss: 13.393446
2021-10-28 10:05: Train Epoch 80: 60/167 Loss: 13.772429
2021-10-28 10:05: Train Epoch 80: 80/167 Loss: 12.320312
2021-10-28 10:05: Train Epoch 80: 100/167 Loss: 13.123090
2021-10-28 10:05: Train Epoch 80: 120/167 Loss: 13.643256
2021-10-28 10:05: Train Epoch 80: 140/167 Loss: 13.652298
2021-10-28 10:05: Train Epoch 80: 160/167 Loss: 12.123966
2021-10-28 10:05: **********Train Epoch 80: averaged Loss: 13.497156, tf_ratio: 1.000000
2021-10-28 10:05: **********Val Epoch 80: average Loss: 13.328295
2021-10-28 10:06: Train Epoch 81: 0/167 Loss: 13.189775
2021-10-28 10:06: Train Epoch 81: 20/167 Loss: 13.994086
2021-10-28 10:06: Train Epoch 81: 40/167 Loss: 13.987095
2021-10-28 10:06: Train Epoch 81: 60/167 Loss: 14.055053
2021-10-28 10:06: Train Epoch 81: 80/167 Loss: 13.874719
2021-10-28 10:06: Train Epoch 81: 100/167 Loss: 12.251629
2021-10-28 10:06: Train Epoch 81: 120/167 Loss: 12.916636
2021-10-28 10:06: Train Epoch 81: 140/167 Loss: 13.018115
2021-10-28 10:06: Train Epoch 81: 160/167 Loss: 14.063311
2021-10-28 10:06: **********Train Epoch 81: averaged Loss: 13.505349, tf_ratio: 1.000000
2021-10-28 10:07: **********Val Epoch 81: average Loss: 13.399583
2021-10-28 10:07: Train Epoch 82: 0/167 Loss: 12.607523
2021-10-28 10:07: Train Epoch 82: 20/167 Loss: 13.291501
2021-10-28 10:07: Train Epoch 82: 40/167 Loss: 12.967337
2021-10-28 10:07: Train Epoch 82: 60/167 Loss: 13.524070
2021-10-28 10:07: Train Epoch 82: 80/167 Loss: 13.471123
2021-10-28 10:07: Train Epoch 82: 100/167 Loss: 13.721455
2021-10-28 10:07: Train Epoch 82: 120/167 Loss: 13.414505
2021-10-28 10:07: Train Epoch 82: 140/167 Loss: 12.805400
2021-10-28 10:07: Train Epoch 82: 160/167 Loss: 13.825329
2021-10-28 10:07: **********Train Epoch 82: averaged Loss: 13.480780, tf_ratio: 1.000000
2021-10-28 10:08: **********Val Epoch 82: average Loss: 13.370608
2021-10-28 10:08: Train Epoch 83: 0/167 Loss: 14.230164
2021-10-28 10:08: Train Epoch 83: 20/167 Loss: 13.381433
2021-10-28 10:08: Train Epoch 83: 40/167 Loss: 13.488080
2021-10-28 10:08: Train Epoch 83: 60/167 Loss: 13.644039
2021-10-28 10:08: Train Epoch 83: 80/167 Loss: 12.835405
2021-10-28 10:08: Train Epoch 83: 100/167 Loss: 14.113950
2021-10-28 10:08: Train Epoch 83: 120/167 Loss: 13.395531
2021-10-28 10:08: Train Epoch 83: 140/167 Loss: 14.004246
2021-10-28 10:08: Train Epoch 83: 160/167 Loss: 13.889861
2021-10-28 10:09: **********Train Epoch 83: averaged Loss: 13.485158, tf_ratio: 1.000000
2021-10-28 10:09: **********Val Epoch 83: average Loss: 13.374413
2021-10-28 10:09: Train Epoch 84: 0/167 Loss: 13.196542
2021-10-28 10:09: Train Epoch 84: 20/167 Loss: 13.360293
2021-10-28 10:09: Train Epoch 84: 40/167 Loss: 13.048354
2021-10-28 10:09: Train Epoch 84: 60/167 Loss: 13.079722
2021-10-28 10:09: Train Epoch 84: 80/167 Loss: 13.023093
2021-10-28 10:09: Train Epoch 84: 100/167 Loss: 13.352393
2021-10-28 10:09: Train Epoch 84: 120/167 Loss: 12.965780
2021-10-28 10:09: Train Epoch 84: 140/167 Loss: 13.452985
2021-10-28 10:10: Train Epoch 84: 160/167 Loss: 14.345511
2021-10-28 10:10: **********Train Epoch 84: averaged Loss: 13.447897, tf_ratio: 1.000000
2021-10-28 10:10: **********Val Epoch 84: average Loss: 13.354563
2021-10-28 10:10: Train Epoch 85: 0/167 Loss: 13.389066
2021-10-28 10:10: Train Epoch 85: 20/167 Loss: 14.280298
2021-10-28 10:10: Train Epoch 85: 40/167 Loss: 13.843562
2021-10-28 10:10: Train Epoch 85: 60/167 Loss: 13.841116
2021-10-28 10:10: Train Epoch 85: 80/167 Loss: 14.953836
2021-10-28 10:10: Train Epoch 85: 100/167 Loss: 13.868263
2021-10-28 10:10: Train Epoch 85: 120/167 Loss: 14.021206
2021-10-28 10:10: Train Epoch 85: 140/167 Loss: 13.881826
2021-10-28 10:11: Train Epoch 85: 160/167 Loss: 13.266090
2021-10-28 10:11: **********Train Epoch 85: averaged Loss: 13.451334, tf_ratio: 1.000000
2021-10-28 10:11: **********Val Epoch 85: average Loss: 13.336917
2021-10-28 10:11: Train Epoch 86: 0/167 Loss: 13.134484
2021-10-28 10:11: Train Epoch 86: 20/167 Loss: 12.653740
2021-10-28 10:11: Train Epoch 86: 40/167 Loss: 14.085162
2021-10-28 10:11: Train Epoch 86: 60/167 Loss: 13.970001
2021-10-28 10:11: Train Epoch 86: 80/167 Loss: 13.535682
2021-10-28 10:11: Train Epoch 86: 100/167 Loss: 13.197569
2021-10-28 10:11: Train Epoch 86: 120/167 Loss: 13.510091
2021-10-28 10:11: Train Epoch 86: 140/167 Loss: 12.988013
2021-10-28 10:12: Train Epoch 86: 160/167 Loss: 13.471977
2021-10-28 10:12: **********Train Epoch 86: averaged Loss: 13.438061, tf_ratio: 1.000000
2021-10-28 10:12: **********Val Epoch 86: average Loss: 13.322730
2021-10-28 10:12: *********************************Current best model saved!
2021-10-28 10:12: Train Epoch 87: 0/167 Loss: 12.562871
2021-10-28 10:12: Train Epoch 87: 20/167 Loss: 12.611297
2021-10-28 10:12: Train Epoch 87: 40/167 Loss: 13.685668
2021-10-28 10:12: Train Epoch 87: 60/167 Loss: 12.934605
2021-10-28 10:12: Train Epoch 87: 80/167 Loss: 13.354185
2021-10-28 10:12: Train Epoch 87: 100/167 Loss: 13.911969
2021-10-28 10:12: Train Epoch 87: 120/167 Loss: 13.890723
2021-10-28 10:12: Train Epoch 87: 140/167 Loss: 13.906741
2021-10-28 10:13: Train Epoch 87: 160/167 Loss: 13.638620
2021-10-28 10:13: **********Train Epoch 87: averaged Loss: 13.439557, tf_ratio: 1.000000
2021-10-28 10:13: **********Val Epoch 87: average Loss: 13.331970
2021-10-28 10:13: Train Epoch 88: 0/167 Loss: 13.320729
2021-10-28 10:13: Train Epoch 88: 20/167 Loss: 13.800239
2021-10-28 10:13: Train Epoch 88: 40/167 Loss: 13.148624
2021-10-28 10:13: Train Epoch 88: 60/167 Loss: 13.233523
2021-10-28 10:13: Train Epoch 88: 80/167 Loss: 13.122099
2021-10-28 10:13: Train Epoch 88: 100/167 Loss: 13.753205
2021-10-28 10:13: Train Epoch 88: 120/167 Loss: 12.630002
2021-10-28 10:14: Train Epoch 88: 140/167 Loss: 13.700302
2021-10-28 10:14: Train Epoch 88: 160/167 Loss: 14.108706
2021-10-28 10:14: **********Train Epoch 88: averaged Loss: 13.428745, tf_ratio: 1.000000
2021-10-28 10:14: **********Val Epoch 88: average Loss: 13.393935
2021-10-28 10:14: Train Epoch 89: 0/167 Loss: 13.532910
2021-10-28 10:14: Train Epoch 89: 20/167 Loss: 13.521407
2021-10-28 10:14: Train Epoch 89: 40/167 Loss: 12.190397
2021-10-28 10:14: Train Epoch 89: 60/167 Loss: 13.341981
2021-10-28 10:14: Train Epoch 89: 80/167 Loss: 13.335330
2021-10-28 10:14: Train Epoch 89: 100/167 Loss: 13.554004
2021-10-28 10:14: Train Epoch 89: 120/167 Loss: 12.875587
2021-10-28 10:15: Train Epoch 89: 140/167 Loss: 13.468999
2021-10-28 10:15: Train Epoch 89: 160/167 Loss: 13.360399
2021-10-28 10:15: **********Train Epoch 89: averaged Loss: 13.418920, tf_ratio: 1.000000
2021-10-28 10:15: **********Val Epoch 89: average Loss: 13.313450
2021-10-28 10:15: *********************************Current best model saved!
2021-10-28 10:15: Train Epoch 90: 0/167 Loss: 14.220267
2021-10-28 10:15: Train Epoch 90: 20/167 Loss: 12.972077
2021-10-28 10:15: Train Epoch 90: 40/167 Loss: 14.143825
2021-10-28 10:15: Train Epoch 90: 60/167 Loss: 13.448753
2021-10-28 10:15: Train Epoch 90: 80/167 Loss: 13.726764
2021-10-28 10:15: Train Epoch 90: 100/167 Loss: 13.587839
2021-10-28 10:15: Train Epoch 90: 120/167 Loss: 12.699564
2021-10-28 10:16: Train Epoch 90: 140/167 Loss: 13.169331
2021-10-28 10:16: Train Epoch 90: 160/167 Loss: 13.238519
2021-10-28 10:16: **********Train Epoch 90: averaged Loss: 13.414769, tf_ratio: 1.000000
2021-10-28 10:16: **********Val Epoch 90: average Loss: 13.365685
2021-10-28 10:16: Train Epoch 91: 0/167 Loss: 12.923757
2021-10-28 10:16: Train Epoch 91: 20/167 Loss: 14.111506
2021-10-28 10:16: Train Epoch 91: 40/167 Loss: 13.063799
2021-10-28 10:16: Train Epoch 91: 60/167 Loss: 13.386420
2021-10-28 10:16: Train Epoch 91: 80/167 Loss: 13.658273
2021-10-28 10:16: Train Epoch 91: 100/167 Loss: 12.927109
2021-10-28 10:17: Train Epoch 91: 120/167 Loss: 12.924497
2021-10-28 10:17: Train Epoch 91: 140/167 Loss: 12.935802
2021-10-28 10:17: Train Epoch 91: 160/167 Loss: 14.083425
2021-10-28 10:17: **********Train Epoch 91: averaged Loss: 13.392729, tf_ratio: 1.000000
2021-10-28 10:17: **********Val Epoch 91: average Loss: 13.300657
2021-10-28 10:17: *********************************Current best model saved!
2021-10-28 10:17: Train Epoch 92: 0/167 Loss: 13.547811
2021-10-28 10:17: Train Epoch 92: 20/167 Loss: 12.803356
2021-10-28 10:17: Train Epoch 92: 40/167 Loss: 14.046817
2021-10-28 10:17: Train Epoch 92: 60/167 Loss: 13.681733
2021-10-28 10:17: Train Epoch 92: 80/167 Loss: 13.694322
2021-10-28 10:17: Train Epoch 92: 100/167 Loss: 13.562980
2021-10-28 10:18: Train Epoch 92: 120/167 Loss: 13.922111
2021-10-28 10:18: Train Epoch 92: 140/167 Loss: 14.250647
2021-10-28 10:18: Train Epoch 92: 160/167 Loss: 12.433172
2021-10-28 10:18: **********Train Epoch 92: averaged Loss: 13.374459, tf_ratio: 1.000000
2021-10-28 10:18: **********Val Epoch 92: average Loss: 13.250441
2021-10-28 10:18: *********************************Current best model saved!
2021-10-28 10:18: Train Epoch 93: 0/167 Loss: 13.466765
2021-10-28 10:18: Train Epoch 93: 20/167 Loss: 13.607416
2021-10-28 10:18: Train Epoch 93: 40/167 Loss: 13.302039
2021-10-28 10:18: Train Epoch 93: 60/167 Loss: 13.282257
2021-10-28 10:18: Train Epoch 93: 80/167 Loss: 13.116855
2021-10-28 10:18: Train Epoch 93: 100/167 Loss: 13.250362
2021-10-28 10:19: Train Epoch 93: 120/167 Loss: 13.912569
2021-10-28 10:19: Train Epoch 93: 140/167 Loss: 13.287622
2021-10-28 10:19: Train Epoch 93: 160/167 Loss: 13.570516
2021-10-28 10:19: **********Train Epoch 93: averaged Loss: 13.367957, tf_ratio: 1.000000
2021-10-28 10:19: **********Val Epoch 93: average Loss: 13.348636
2021-10-28 10:19: Train Epoch 94: 0/167 Loss: 12.502430
2021-10-28 10:19: Train Epoch 94: 20/167 Loss: 13.793654
2021-10-28 10:19: Train Epoch 94: 40/167 Loss: 12.984238
2021-10-28 10:19: Train Epoch 94: 60/167 Loss: 13.189853
2021-10-28 10:19: Train Epoch 94: 80/167 Loss: 13.643813
2021-10-28 10:20: Train Epoch 94: 100/167 Loss: 12.663659
2021-10-28 10:20: Train Epoch 94: 120/167 Loss: 13.091622
2021-10-28 10:20: Train Epoch 94: 140/167 Loss: 13.173155
2021-10-28 10:20: Train Epoch 94: 160/167 Loss: 14.204541
2021-10-28 10:20: **********Train Epoch 94: averaged Loss: 13.355770, tf_ratio: 1.000000
2021-10-28 10:20: **********Val Epoch 94: average Loss: 13.264740
2021-10-28 10:20: Train Epoch 95: 0/167 Loss: 12.674406
2021-10-28 10:20: Train Epoch 95: 20/167 Loss: 13.542656
2021-10-28 10:20: Train Epoch 95: 40/167 Loss: 13.131974
2021-10-28 10:20: Train Epoch 95: 60/167 Loss: 14.047090
2021-10-28 10:20: Train Epoch 95: 80/167 Loss: 13.638887
2021-10-28 10:21: Train Epoch 95: 100/167 Loss: 13.243408
2021-10-28 10:21: Train Epoch 95: 120/167 Loss: 13.273774
2021-10-28 10:21: Train Epoch 95: 140/167 Loss: 14.428438
2021-10-28 10:21: Train Epoch 95: 160/167 Loss: 14.669026
2021-10-28 10:21: **********Train Epoch 95: averaged Loss: 13.342504, tf_ratio: 1.000000
2021-10-28 10:21: **********Val Epoch 95: average Loss: 13.295922
2021-10-28 10:21: Train Epoch 96: 0/167 Loss: 13.206256
2021-10-28 10:21: Train Epoch 96: 20/167 Loss: 13.736808
2021-10-28 10:21: Train Epoch 96: 40/167 Loss: 12.924365
2021-10-28 10:21: Train Epoch 96: 60/167 Loss: 13.340991
2021-10-28 10:21: Train Epoch 96: 80/167 Loss: 13.456868
2021-10-28 10:22: Train Epoch 96: 100/167 Loss: 12.234920
2021-10-28 10:22: Train Epoch 96: 120/167 Loss: 12.720399
2021-10-28 10:22: Train Epoch 96: 140/167 Loss: 13.629988
2021-10-28 10:22: Train Epoch 96: 160/167 Loss: 14.010910
2021-10-28 10:22: **********Train Epoch 96: averaged Loss: 13.351955, tf_ratio: 1.000000
2021-10-28 10:22: **********Val Epoch 96: average Loss: 13.358000
2021-10-28 10:22: Train Epoch 97: 0/167 Loss: 13.513844
2021-10-28 10:22: Train Epoch 97: 20/167 Loss: 12.550945
2021-10-28 10:22: Train Epoch 97: 40/167 Loss: 13.541926
2021-10-28 10:22: Train Epoch 97: 60/167 Loss: 13.594295
2021-10-28 10:22: Train Epoch 97: 80/167 Loss: 13.730199
2021-10-28 10:23: Train Epoch 97: 100/167 Loss: 13.108231
2021-10-28 10:23: Train Epoch 97: 120/167 Loss: 12.664558
2021-10-28 10:23: Train Epoch 97: 140/167 Loss: 13.885294
2021-10-28 10:23: Train Epoch 97: 160/167 Loss: 13.279375
2021-10-28 10:23: **********Train Epoch 97: averaged Loss: 13.329159, tf_ratio: 1.000000
2021-10-28 10:23: **********Val Epoch 97: average Loss: 13.281822
2021-10-28 10:23: Train Epoch 98: 0/167 Loss: 13.338274
2021-10-28 10:23: Train Epoch 98: 20/167 Loss: 12.613488
2021-10-28 10:23: Train Epoch 98: 40/167 Loss: 13.879766
2021-10-28 10:23: Train Epoch 98: 60/167 Loss: 13.396152
2021-10-28 10:24: Train Epoch 98: 80/167 Loss: 14.106802
2021-10-28 10:24: Train Epoch 98: 100/167 Loss: 13.142567
2021-10-28 10:24: Train Epoch 98: 120/167 Loss: 13.054673
2021-10-28 10:24: Train Epoch 98: 140/167 Loss: 13.699584
2021-10-28 10:24: Train Epoch 98: 160/167 Loss: 13.232597
2021-10-28 10:24: **********Train Epoch 98: averaged Loss: 13.321144, tf_ratio: 1.000000
2021-10-28 10:24: **********Val Epoch 98: average Loss: 13.283416
2021-10-28 10:24: Train Epoch 99: 0/167 Loss: 12.954093
2021-10-28 10:24: Train Epoch 99: 20/167 Loss: 12.516178
2021-10-28 10:24: Train Epoch 99: 40/167 Loss: 14.283851
2021-10-28 10:24: Train Epoch 99: 60/167 Loss: 12.778371
2021-10-28 10:25: Train Epoch 99: 80/167 Loss: 12.724272
2021-10-28 10:25: Train Epoch 99: 100/167 Loss: 13.655571
2021-10-28 10:25: Train Epoch 99: 120/167 Loss: 13.878928
2021-10-28 10:25: Train Epoch 99: 140/167 Loss: 12.804547
2021-10-28 10:25: Train Epoch 99: 160/167 Loss: 13.261221
2021-10-28 10:25: **********Train Epoch 99: averaged Loss: 13.310606, tf_ratio: 1.000000
2021-10-28 10:25: **********Val Epoch 99: average Loss: 13.284162
2021-10-28 10:25: Train Epoch 100: 0/167 Loss: 13.707511
2021-10-28 10:25: Train Epoch 100: 20/167 Loss: 13.091194
2021-10-28 10:25: Train Epoch 100: 40/167 Loss: 14.065188
2021-10-28 10:25: Train Epoch 100: 60/167 Loss: 13.242182
2021-10-28 10:26: Train Epoch 100: 80/167 Loss: 12.340425
2021-10-28 10:26: Train Epoch 100: 100/167 Loss: 13.104026
2021-10-28 10:26: Train Epoch 100: 120/167 Loss: 12.641453
2021-10-28 10:26: Train Epoch 100: 140/167 Loss: 14.270451
2021-10-28 10:26: Train Epoch 100: 160/167 Loss: 13.507111
2021-10-28 10:26: **********Train Epoch 100: averaged Loss: 13.289622, tf_ratio: 1.000000
2021-10-28 10:26: **********Val Epoch 100: average Loss: 13.253814
2021-10-28 10:26: Total training time: 103.2123min, best loss: 13.250441
2021-10-28 10:26: Saving current best model to /content/AGCRN/model/experiments/PEMSD8/20211028084327/best_model.pth
2021-10-28 10:26: Horizon 01, MAE: 12.99, RMSE: 20.38, MAPE: 8.3587%
2021-10-28 10:26: Average Horizon, MAE: 12.99, RMSE: 20.38, MAPE: 8.3587%
