2021-10-13 11:22: Experiment log path in: C:\Users\Joris\Projects\AGCRN\model\experiments\PEMSD4\20211013112202
2021-10-13 11:22: Train Epoch 1: 0/317 Loss: 209.325714
2021-10-13 11:22: Train Epoch 1: 20/317 Loss: 192.213852
2021-10-13 11:22: Train Epoch 1: 40/317 Loss: 198.378510
2021-10-13 11:23: Train Epoch 1: 60/317 Loss: 194.360199
2021-10-13 11:23: Train Epoch 1: 80/317 Loss: 171.165054
2021-10-13 11:23: Train Epoch 1: 100/317 Loss: 227.495590
2021-10-13 11:24: Train Epoch 1: 120/317 Loss: 218.125244
2021-10-13 11:24: Train Epoch 1: 140/317 Loss: 160.357376
2021-10-13 11:25: Train Epoch 1: 160/317 Loss: 189.866348
2021-10-13 11:25: Train Epoch 1: 180/317 Loss: 185.771286
2021-10-13 11:25: Train Epoch 1: 200/317 Loss: 198.018692
2021-10-13 11:26: Train Epoch 1: 220/317 Loss: 158.774033
2021-10-13 11:26: Train Epoch 1: 240/317 Loss: 159.035187
2021-10-13 11:26: Train Epoch 1: 260/317 Loss: 148.384003
2021-10-13 11:27: Train Epoch 1: 280/317 Loss: 202.754028
2021-10-13 11:27: Train Epoch 1: 300/317 Loss: 172.507172
2021-10-13 11:28: **********Train Epoch 1: averaged Loss: 179.651598, tf_ratio: 1.000000
2021-10-13 11:28: **********Val Epoch 1: average Loss: 171.586584
2021-10-13 11:28: *********************************Current best model saved!
2021-10-13 11:28: Train Epoch 2: 0/317 Loss: 184.227341
2021-10-13 11:29: Train Epoch 2: 20/317 Loss: 165.025146
2021-10-13 11:29: Train Epoch 2: 40/317 Loss: 167.136841
2021-10-13 11:29: Train Epoch 2: 60/317 Loss: 150.099960
2021-10-13 11:30: Train Epoch 2: 80/317 Loss: 139.606918
2021-10-13 11:30: Train Epoch 2: 100/317 Loss: 134.138763
2021-10-13 11:30: Train Epoch 2: 120/317 Loss: 160.480591
2021-10-13 11:31: Train Epoch 2: 140/317 Loss: 149.298553
2021-10-13 11:31: Train Epoch 2: 160/317 Loss: 155.512894
2021-10-13 11:32: Train Epoch 2: 180/317 Loss: 134.868637
2021-10-13 11:32: Train Epoch 2: 200/317 Loss: 157.096100
2021-10-13 11:32: Train Epoch 2: 220/317 Loss: 164.875244
2021-10-13 11:33: Train Epoch 2: 240/317 Loss: 145.033844
2021-10-13 11:33: Train Epoch 2: 260/317 Loss: 130.651352
2021-10-13 11:33: Train Epoch 2: 280/317 Loss: 127.506683
2021-10-13 11:34: Train Epoch 2: 300/317 Loss: 133.534424
2021-10-13 11:34: **********Train Epoch 2: averaged Loss: 147.626420, tf_ratio: 1.000000
2021-10-13 11:35: **********Val Epoch 2: average Loss: 149.320816
2021-10-13 11:35: *********************************Current best model saved!
2021-10-13 11:35: Train Epoch 3: 0/317 Loss: 135.623123
2021-10-13 11:35: Train Epoch 3: 20/317 Loss: 145.398193
2021-10-13 11:35: Train Epoch 3: 40/317 Loss: 137.151779
2021-10-13 11:36: Train Epoch 3: 60/317 Loss: 140.910583
2021-10-13 11:36: Train Epoch 3: 80/317 Loss: 145.519836
2021-10-13 11:37: Train Epoch 3: 100/317 Loss: 147.670410
2021-10-13 11:37: Train Epoch 3: 120/317 Loss: 127.419556
2021-10-13 11:37: Train Epoch 3: 140/317 Loss: 138.718369
2021-10-13 11:38: Train Epoch 3: 160/317 Loss: 112.954704
2021-10-13 11:38: Train Epoch 3: 180/317 Loss: 127.340652
2021-10-13 11:38: Train Epoch 3: 200/317 Loss: 121.744522
2021-10-13 11:39: Train Epoch 3: 220/317 Loss: 125.472702
2021-10-13 11:39: Train Epoch 3: 240/317 Loss: 146.979965
2021-10-13 11:39: Train Epoch 3: 260/317 Loss: 134.036224
2021-10-13 11:40: Train Epoch 3: 280/317 Loss: 127.280571
2021-10-13 11:40: Train Epoch 3: 300/317 Loss: 126.746002
2021-10-13 11:40: **********Train Epoch 3: averaged Loss: 133.838288, tf_ratio: 1.000000
2021-10-13 11:41: **********Val Epoch 3: average Loss: 139.428985
2021-10-13 11:41: *********************************Current best model saved!
2021-10-13 11:41: Train Epoch 4: 0/317 Loss: 121.486549
2021-10-13 11:42: Train Epoch 4: 20/317 Loss: 120.102798
2021-10-13 11:42: Train Epoch 4: 40/317 Loss: 130.708725
2021-10-13 11:42: Train Epoch 4: 60/317 Loss: 134.208801
2021-10-13 11:43: Train Epoch 4: 80/317 Loss: 133.781265
2021-10-13 11:43: Train Epoch 4: 100/317 Loss: 119.332611
2021-10-13 11:43: Train Epoch 4: 120/317 Loss: 127.516937
2021-10-13 11:44: Train Epoch 4: 140/317 Loss: 120.781609
2021-10-13 11:44: Train Epoch 4: 160/317 Loss: 115.654373
2021-10-13 11:45: Train Epoch 4: 180/317 Loss: 125.594818
2021-10-13 11:45: Train Epoch 4: 200/317 Loss: 97.339012
2021-10-13 11:45: Train Epoch 4: 220/317 Loss: 87.394035
2021-10-13 11:46: Train Epoch 4: 240/317 Loss: 104.275192
2021-10-13 11:46: Train Epoch 4: 260/317 Loss: 79.789246
2021-10-13 11:46: Train Epoch 4: 280/317 Loss: 99.794487
2021-10-13 11:47: Train Epoch 4: 300/317 Loss: 92.884361
2021-10-13 11:47: **********Train Epoch 4: averaged Loss: 114.952728, tf_ratio: 1.000000
2021-10-13 12:08: **********Val Epoch 4: average Loss: 96.544488
2021-10-13 12:08: *********************************Current best model saved!
2021-10-13 12:09: Train Epoch 5: 0/317 Loss: 87.227066
2021-10-13 12:09: Train Epoch 5: 20/317 Loss: 70.086525
2021-10-13 12:09: Train Epoch 5: 40/317 Loss: 77.966133
2021-10-13 12:10: Train Epoch 5: 60/317 Loss: 73.592545
2021-10-13 12:10: Train Epoch 5: 80/317 Loss: 68.823166
2021-10-13 12:10: Train Epoch 5: 100/317 Loss: 80.954086
2021-10-13 12:11: Train Epoch 5: 120/317 Loss: 82.447609
2021-10-13 12:11: Train Epoch 5: 140/317 Loss: 78.088425
2021-10-13 12:11: Train Epoch 5: 160/317 Loss: 73.943253
2021-10-13 12:12: Train Epoch 5: 180/317 Loss: 73.775757
2021-10-13 12:12: Train Epoch 5: 200/317 Loss: 79.427032
2021-10-13 12:13: Train Epoch 5: 220/317 Loss: 63.297119
2021-10-13 12:13: Train Epoch 5: 240/317 Loss: 76.727921
2021-10-13 12:13: Train Epoch 5: 260/317 Loss: 61.255608
2021-10-13 12:14: Train Epoch 5: 280/317 Loss: 57.438541
2021-10-13 12:14: Train Epoch 5: 300/317 Loss: 62.958294
2021-10-13 12:14: **********Train Epoch 5: averaged Loss: 75.155141, tf_ratio: 1.000000
2021-10-13 12:15: **********Val Epoch 5: average Loss: 72.859061
2021-10-13 12:15: *********************************Current best model saved!
2021-10-13 12:15: Train Epoch 6: 0/317 Loss: 66.769035
2021-10-13 12:15: Train Epoch 6: 20/317 Loss: 59.750027
2021-10-13 12:16: Train Epoch 6: 40/317 Loss: 63.625927
2021-10-13 12:16: Train Epoch 6: 60/317 Loss: 65.556221
2021-10-13 12:16: Train Epoch 6: 80/317 Loss: 48.132389
2021-10-13 12:17: Train Epoch 6: 100/317 Loss: 71.927628
2021-10-13 12:17: Train Epoch 6: 120/317 Loss: 69.315727
2021-10-13 12:18: Train Epoch 6: 140/317 Loss: 72.031395
2021-10-13 12:18: Train Epoch 6: 160/317 Loss: 49.501499
2021-10-13 12:18: Train Epoch 6: 180/317 Loss: 43.127247
2021-10-13 12:19: Train Epoch 6: 200/317 Loss: 61.955902
2021-10-13 12:19: Train Epoch 6: 220/317 Loss: 59.321987
2021-10-13 12:19: Train Epoch 6: 240/317 Loss: 50.384670
2021-10-13 12:20: Train Epoch 6: 260/317 Loss: 56.577751
2021-10-13 12:20: Train Epoch 6: 280/317 Loss: 47.985752
2021-10-13 12:20: Train Epoch 6: 300/317 Loss: 60.190048
2021-10-13 12:21: **********Train Epoch 6: averaged Loss: 58.301156, tf_ratio: 1.000000
2021-10-13 12:21: **********Val Epoch 6: average Loss: 58.154696
2021-10-13 12:21: *********************************Current best model saved!
2021-10-13 12:21: Train Epoch 7: 0/317 Loss: 51.576294
2021-10-13 12:22: Train Epoch 7: 20/317 Loss: 45.808567
2021-10-13 12:22: Train Epoch 7: 40/317 Loss: 50.763290
2021-10-13 12:23: Train Epoch 7: 60/317 Loss: 47.137001
2021-10-13 12:23: Train Epoch 7: 80/317 Loss: 57.538506
2021-10-13 12:23: Train Epoch 7: 100/317 Loss: 43.091827
2021-10-13 12:24: Train Epoch 7: 120/317 Loss: 43.017494
2021-10-13 12:24: Train Epoch 7: 140/317 Loss: 64.057877
2021-10-13 12:24: Train Epoch 7: 160/317 Loss: 43.048248
2021-10-13 12:25: Train Epoch 7: 180/317 Loss: 50.187096
2021-10-13 12:25: Train Epoch 7: 200/317 Loss: 42.306149
2021-10-13 12:25: Train Epoch 7: 220/317 Loss: 42.111736
2021-10-13 12:26: Train Epoch 7: 240/317 Loss: 41.189983
2021-10-13 12:26: Train Epoch 7: 260/317 Loss: 40.192818
2021-10-13 12:27: Train Epoch 7: 280/317 Loss: 44.397896
2021-10-13 12:27: Train Epoch 7: 300/317 Loss: 42.685890
2021-10-13 12:27: **********Train Epoch 7: averaged Loss: 47.138532, tf_ratio: 1.000000
2021-10-13 12:28: **********Val Epoch 7: average Loss: 47.772962
2021-10-13 12:28: *********************************Current best model saved!
2021-10-13 12:28: Train Epoch 8: 0/317 Loss: 47.969433
2021-10-13 12:28: Train Epoch 8: 20/317 Loss: 44.846470
2021-10-13 12:29: Train Epoch 8: 40/317 Loss: 48.323078
2021-10-13 12:29: Train Epoch 8: 60/317 Loss: 33.911983
2021-10-13 12:29: Train Epoch 8: 80/317 Loss: 50.128883
2021-10-13 12:30: Train Epoch 8: 100/317 Loss: 40.630123
2021-10-13 12:30: Train Epoch 8: 120/317 Loss: 34.896393
2021-10-13 12:30: Train Epoch 8: 140/317 Loss: 42.067574
2021-10-13 12:31: Train Epoch 8: 160/317 Loss: 41.613689
2021-10-13 12:31: Train Epoch 8: 180/317 Loss: 37.146759
2021-10-13 12:32: Train Epoch 8: 200/317 Loss: 38.920002
2021-10-13 12:32: Train Epoch 8: 220/317 Loss: 41.019215
2021-10-13 12:32: Train Epoch 8: 240/317 Loss: 32.944611
2021-10-13 12:33: Train Epoch 8: 260/317 Loss: 38.773540
2021-10-13 12:33: Train Epoch 8: 280/317 Loss: 42.439186
2021-10-13 12:33: Train Epoch 8: 300/317 Loss: 39.900337
2021-10-13 12:34: **********Train Epoch 8: averaged Loss: 39.444381, tf_ratio: 1.000000
2021-10-13 12:34: **********Val Epoch 8: average Loss: 40.300250
2021-10-13 12:34: *********************************Current best model saved!
2021-10-13 12:34: Train Epoch 9: 0/317 Loss: 38.750809
2021-10-13 12:35: Train Epoch 9: 20/317 Loss: 30.791807
2021-10-13 12:35: Train Epoch 9: 40/317 Loss: 37.547939
2021-10-13 12:35: Train Epoch 9: 60/317 Loss: 39.096848
2021-10-13 12:36: Train Epoch 9: 80/317 Loss: 31.841400
2021-10-13 12:36: Train Epoch 9: 100/317 Loss: 34.298481
2021-10-13 12:37: Train Epoch 9: 120/317 Loss: 30.659136
2021-10-13 12:37: Train Epoch 9: 140/317 Loss: 41.855927
2021-10-13 12:37: Train Epoch 9: 160/317 Loss: 28.332939
2021-10-13 12:38: Train Epoch 9: 180/317 Loss: 35.274418
2021-10-13 12:38: Train Epoch 9: 200/317 Loss: 33.506168
2021-10-13 12:38: Train Epoch 9: 220/317 Loss: 33.411854
2021-10-13 12:39: Train Epoch 9: 240/317 Loss: 34.008343
2021-10-13 12:39: Train Epoch 9: 260/317 Loss: 30.736727
2021-10-13 12:39: Train Epoch 9: 280/317 Loss: 38.563450
2021-10-13 12:40: Train Epoch 9: 300/317 Loss: 31.589958
2021-10-13 12:40: **********Train Epoch 9: averaged Loss: 33.902907, tf_ratio: 1.000000
2021-10-13 12:41: **********Val Epoch 9: average Loss: 35.058194
2021-10-13 12:41: *********************************Current best model saved!
2021-10-13 12:41: Train Epoch 10: 0/317 Loss: 31.059017
2021-10-13 12:41: Train Epoch 10: 20/317 Loss: 34.964314
2021-10-13 12:42: Train Epoch 10: 40/317 Loss: 27.960360
2021-10-13 12:42: Train Epoch 10: 60/317 Loss: 34.956066
2021-10-13 12:42: Train Epoch 10: 80/317 Loss: 36.203705
2021-10-13 12:43: Train Epoch 10: 100/317 Loss: 26.569641
2021-10-13 12:43: Train Epoch 10: 120/317 Loss: 28.831778
2021-10-13 12:43: Train Epoch 10: 140/317 Loss: 26.895718
2021-10-13 12:44: Train Epoch 10: 160/317 Loss: 26.509951
2021-10-13 12:44: Train Epoch 10: 180/317 Loss: 32.793503
2021-10-13 12:44: Train Epoch 10: 200/317 Loss: 26.849897
2021-10-13 12:45: Train Epoch 10: 220/317 Loss: 31.170424
2021-10-13 12:45: Train Epoch 10: 240/317 Loss: 27.724548
2021-10-13 12:46: Train Epoch 10: 260/317 Loss: 30.841656
2021-10-13 12:46: Train Epoch 10: 280/317 Loss: 30.353722
2021-10-13 12:46: Train Epoch 10: 300/317 Loss: 26.948483
2021-10-13 12:47: **********Train Epoch 10: averaged Loss: 29.947719, tf_ratio: 1.000000
2021-10-13 12:47: **********Val Epoch 10: average Loss: 31.367947
2021-10-13 12:47: *********************************Current best model saved!
2021-10-13 12:47: Train Epoch 11: 0/317 Loss: 28.590990
2021-10-13 12:48: Train Epoch 11: 20/317 Loss: 30.084221
2021-10-13 12:48: Train Epoch 11: 40/317 Loss: 26.702101
2021-10-13 12:48: Train Epoch 11: 60/317 Loss: 30.204967
2021-10-13 12:49: Train Epoch 11: 80/317 Loss: 27.295568
2021-10-13 12:49: Train Epoch 11: 100/317 Loss: 27.878954
2021-10-13 12:49: Train Epoch 11: 120/317 Loss: 28.515692
2021-10-13 12:50: Train Epoch 11: 140/317 Loss: 23.971817
2021-10-13 12:50: Train Epoch 11: 160/317 Loss: 30.369488
2021-10-13 12:51: Train Epoch 11: 180/317 Loss: 28.385517
2021-10-13 12:51: Train Epoch 11: 200/317 Loss: 23.059826
2021-10-13 12:51: Train Epoch 11: 220/317 Loss: 28.724068
2021-10-13 12:52: Train Epoch 11: 240/317 Loss: 25.348505
2021-10-13 12:52: Train Epoch 11: 260/317 Loss: 28.533394
2021-10-13 12:52: Train Epoch 11: 280/317 Loss: 24.876247
2021-10-13 12:53: Train Epoch 11: 300/317 Loss: 30.191124
2021-10-13 12:53: **********Train Epoch 11: averaged Loss: 27.171406, tf_ratio: 1.000000
2021-10-13 12:54: **********Val Epoch 11: average Loss: 28.539743
2021-10-13 12:54: *********************************Current best model saved!
2021-10-13 12:54: Train Epoch 12: 0/317 Loss: 26.556385
2021-10-13 12:54: Train Epoch 12: 20/317 Loss: 29.369719
2021-10-13 12:54: Train Epoch 12: 40/317 Loss: 30.701717
2021-10-13 12:55: Train Epoch 12: 60/317 Loss: 25.679247
2021-10-13 12:55: Train Epoch 12: 80/317 Loss: 26.266342
2021-10-13 12:56: Train Epoch 12: 100/317 Loss: 23.156654
2021-10-13 12:56: Train Epoch 12: 120/317 Loss: 27.172352
2021-10-13 12:56: Train Epoch 12: 140/317 Loss: 25.328529
2021-10-13 12:57: Train Epoch 12: 160/317 Loss: 24.812361
2021-10-13 12:57: Train Epoch 12: 180/317 Loss: 29.065474
2021-10-13 12:57: Train Epoch 12: 200/317 Loss: 23.874170
2021-10-13 12:58: Train Epoch 12: 220/317 Loss: 21.421413
2021-10-13 12:58: Train Epoch 12: 240/317 Loss: 25.528799
2021-10-13 12:58: Train Epoch 12: 260/317 Loss: 23.575531
2021-10-13 12:59: Train Epoch 12: 280/317 Loss: 21.710577
2021-10-13 12:59: Train Epoch 12: 300/317 Loss: 26.449013
2021-10-13 12:59: **********Train Epoch 12: averaged Loss: 25.127787, tf_ratio: 1.000000
2021-10-13 13:00: **********Val Epoch 12: average Loss: 26.638295
2021-10-13 13:00: *********************************Current best model saved!
2021-10-13 13:00: Train Epoch 13: 0/317 Loss: 22.219612
2021-10-13 13:01: Train Epoch 13: 20/317 Loss: 26.725735
2021-10-13 13:01: Train Epoch 13: 40/317 Loss: 27.343103
2021-10-13 13:01: Train Epoch 13: 60/317 Loss: 23.422300
2021-10-13 13:02: Train Epoch 13: 80/317 Loss: 25.299175
2021-10-13 13:02: Train Epoch 13: 100/317 Loss: 20.572672
2021-10-13 13:02: Train Epoch 13: 120/317 Loss: 24.272432
2021-10-13 13:03: Train Epoch 13: 140/317 Loss: 26.140921
2021-10-13 13:03: Train Epoch 13: 160/317 Loss: 23.834938
2021-10-13 13:03: Train Epoch 13: 180/317 Loss: 23.604435
2021-10-13 13:04: Train Epoch 13: 200/317 Loss: 25.369720
2021-10-13 13:04: Train Epoch 13: 220/317 Loss: 17.797054
2021-10-13 13:05: Train Epoch 13: 240/317 Loss: 25.478846
2021-10-13 13:05: Train Epoch 13: 260/317 Loss: 21.810825
2021-10-13 13:05: Train Epoch 13: 280/317 Loss: 23.814348
2021-10-13 13:06: Train Epoch 13: 300/317 Loss: 25.963600
2021-10-13 13:06: **********Train Epoch 13: averaged Loss: 23.699392, tf_ratio: 1.000000
2021-10-13 13:07: **********Val Epoch 13: average Loss: 25.347639
2021-10-13 13:07: *********************************Current best model saved!
2021-10-13 13:07: Train Epoch 14: 0/317 Loss: 23.217688
2021-10-13 13:07: Train Epoch 14: 20/317 Loss: 19.270815
2021-10-13 13:07: Train Epoch 14: 40/317 Loss: 23.854380
2021-10-13 13:08: Train Epoch 14: 60/317 Loss: 21.751507
2021-10-13 13:08: Train Epoch 14: 80/317 Loss: 23.070293
2021-10-13 13:08: Train Epoch 14: 100/317 Loss: 22.451416
2021-10-13 13:09: Train Epoch 14: 120/317 Loss: 20.585413
2021-10-13 13:09: Train Epoch 14: 140/317 Loss: 22.588657
2021-10-13 13:10: Train Epoch 14: 160/317 Loss: 16.537321
2021-10-13 13:10: Train Epoch 14: 180/317 Loss: 22.895109
2021-10-13 13:10: Train Epoch 14: 200/317 Loss: 23.587244
2021-10-13 13:11: Train Epoch 14: 220/317 Loss: 21.519821
2021-10-13 13:11: Train Epoch 14: 240/317 Loss: 24.022619
2021-10-13 13:11: Train Epoch 14: 260/317 Loss: 19.734768
2021-10-13 13:12: Train Epoch 14: 280/317 Loss: 23.087927
2021-10-13 13:12: Train Epoch 14: 300/317 Loss: 22.682789
2021-10-13 13:12: **********Train Epoch 14: averaged Loss: 22.576397, tf_ratio: 1.000000
2021-10-13 13:13: **********Val Epoch 14: average Loss: 24.252900
2021-10-13 13:13: *********************************Current best model saved!
2021-10-13 13:13: Train Epoch 15: 0/317 Loss: 23.930054
2021-10-13 13:14: Train Epoch 15: 20/317 Loss: 23.339357
2021-10-13 13:14: Train Epoch 15: 40/317 Loss: 21.385828
2021-10-13 13:14: Train Epoch 15: 60/317 Loss: 23.629770
2021-10-13 13:15: Train Epoch 15: 80/317 Loss: 20.916281
2021-10-13 13:15: Train Epoch 15: 100/317 Loss: 25.504927
2021-10-13 13:15: Train Epoch 15: 120/317 Loss: 18.786842
2021-10-13 13:16: Train Epoch 15: 140/317 Loss: 22.271059
2021-10-13 13:16: Train Epoch 15: 160/317 Loss: 23.073486
2021-10-13 13:17: Train Epoch 15: 180/317 Loss: 23.794712
2021-10-13 13:17: Train Epoch 15: 200/317 Loss: 18.999043
2021-10-13 13:17: Train Epoch 15: 220/317 Loss: 21.738468
2021-10-13 13:18: Train Epoch 15: 240/317 Loss: 20.056622
2021-10-13 13:18: Train Epoch 15: 260/317 Loss: 23.290688
2021-10-13 13:18: Train Epoch 15: 280/317 Loss: 22.715742
2021-10-13 13:19: Train Epoch 15: 300/317 Loss: 24.020161
2021-10-13 13:19: **********Train Epoch 15: averaged Loss: 21.647879, tf_ratio: 1.000000
2021-10-13 13:20: **********Val Epoch 15: average Loss: 23.444423
2021-10-13 13:20: *********************************Current best model saved!
2021-10-13 13:20: Train Epoch 16: 0/317 Loss: 20.310148
2021-10-13 13:20: Train Epoch 16: 20/317 Loss: 20.741417
2021-10-13 13:21: Train Epoch 16: 40/317 Loss: 22.162800
2021-10-13 13:21: Train Epoch 16: 60/317 Loss: 19.350172
2021-10-13 13:21: Train Epoch 16: 80/317 Loss: 21.595688
2021-10-13 13:22: Train Epoch 16: 100/317 Loss: 21.431543
2021-10-13 13:22: Train Epoch 16: 120/317 Loss: 21.135611
2021-10-13 13:22: Train Epoch 16: 140/317 Loss: 19.874203
2021-10-13 13:23: Train Epoch 16: 160/317 Loss: 19.725109
2021-10-13 13:23: Train Epoch 16: 180/317 Loss: 18.729015
2021-10-13 13:23: Train Epoch 16: 200/317 Loss: 20.856251
2021-10-13 13:24: Train Epoch 16: 220/317 Loss: 19.104900
2021-10-13 13:24: Train Epoch 16: 240/317 Loss: 20.150669
2021-10-13 13:25: Train Epoch 16: 260/317 Loss: 17.737652
2021-10-13 13:25: Train Epoch 16: 280/317 Loss: 22.171091
2021-10-13 13:25: Train Epoch 16: 300/317 Loss: 21.173532
2021-10-13 13:26: **********Train Epoch 16: averaged Loss: 20.990532, tf_ratio: 1.000000
2021-10-13 13:26: **********Val Epoch 16: average Loss: 22.556974
2021-10-13 13:26: *********************************Current best model saved!
2021-10-13 13:26: Train Epoch 17: 0/317 Loss: 19.122488
2021-10-13 13:27: Train Epoch 17: 20/317 Loss: 18.414139
2021-10-13 13:27: Train Epoch 17: 40/317 Loss: 20.017405
2021-10-13 13:28: Train Epoch 17: 60/317 Loss: 21.969782
2021-10-13 13:28: Train Epoch 17: 80/317 Loss: 20.946667
2021-10-13 13:28: Train Epoch 17: 100/317 Loss: 20.280775
2021-10-13 13:29: Train Epoch 17: 120/317 Loss: 18.469269
2021-10-13 13:29: Train Epoch 17: 140/317 Loss: 18.422953
2021-10-13 13:29: Train Epoch 17: 160/317 Loss: 19.050323
2021-10-13 13:30: Train Epoch 17: 180/317 Loss: 19.977299
2021-10-13 13:30: Train Epoch 17: 200/317 Loss: 21.699263
2021-10-13 13:31: Train Epoch 17: 220/317 Loss: 21.440626
2021-10-13 13:31: Train Epoch 17: 240/317 Loss: 20.182774
2021-10-13 13:31: Train Epoch 17: 260/317 Loss: 20.580914
2021-10-13 13:32: Train Epoch 17: 280/317 Loss: 19.029011
2021-10-13 13:32: Train Epoch 17: 300/317 Loss: 17.788208
2021-10-13 13:32: **********Train Epoch 17: averaged Loss: 20.469040, tf_ratio: 1.000000
2021-10-13 13:33: **********Val Epoch 17: average Loss: 22.019676
2021-10-13 13:33: *********************************Current best model saved!
2021-10-13 13:33: Train Epoch 18: 0/317 Loss: 19.961952
2021-10-13 13:33: Train Epoch 18: 20/317 Loss: 17.989096
2021-10-13 13:34: Train Epoch 18: 40/317 Loss: 20.583145
2021-10-13 13:34: Train Epoch 18: 60/317 Loss: 20.288248
2021-10-13 13:35: Train Epoch 18: 80/317 Loss: 20.936085
2021-10-13 13:35: Train Epoch 18: 100/317 Loss: 21.723515
2021-10-13 13:35: Train Epoch 18: 120/317 Loss: 20.691387
2021-10-13 13:36: Train Epoch 18: 140/317 Loss: 17.625137
2021-10-13 13:36: Train Epoch 18: 160/317 Loss: 23.590134
2021-10-13 13:36: Train Epoch 18: 180/317 Loss: 20.438965
2021-10-13 13:37: Train Epoch 18: 200/317 Loss: 19.945532
2021-10-13 13:37: Train Epoch 18: 220/317 Loss: 16.165112
2021-10-13 13:38: Train Epoch 18: 240/317 Loss: 19.313494
2021-10-13 13:38: Train Epoch 18: 260/317 Loss: 18.694794
2021-10-13 13:38: Train Epoch 18: 280/317 Loss: 21.246103
2021-10-13 13:39: Train Epoch 18: 300/317 Loss: 19.957384
2021-10-13 13:39: **********Train Epoch 18: averaged Loss: 19.967278, tf_ratio: 1.000000
2021-10-13 13:40: **********Val Epoch 18: average Loss: 21.626084
2021-10-13 13:40: *********************************Current best model saved!
2021-10-13 13:40: Train Epoch 19: 0/317 Loss: 21.914598
2021-10-13 13:40: Train Epoch 19: 20/317 Loss: 21.094801
2021-10-13 13:40: Train Epoch 19: 40/317 Loss: 20.329767
2021-10-13 13:41: Train Epoch 19: 60/317 Loss: 18.651161
2021-10-13 13:41: Train Epoch 19: 80/317 Loss: 16.286007
2021-10-13 13:42: Train Epoch 19: 100/317 Loss: 19.899813
2021-10-13 13:42: Train Epoch 19: 120/317 Loss: 22.268772
2021-10-13 13:42: Train Epoch 19: 140/317 Loss: 21.549301
2021-10-13 13:43: Train Epoch 19: 160/317 Loss: 16.710304
2021-10-13 13:43: Train Epoch 19: 180/317 Loss: 19.621605
2021-10-13 13:43: Train Epoch 19: 200/317 Loss: 23.765701
2021-10-13 13:44: Train Epoch 19: 220/317 Loss: 20.220493
2021-10-13 13:44: Train Epoch 19: 240/317 Loss: 20.790178
2021-10-13 13:44: Train Epoch 19: 260/317 Loss: 18.875196
2021-10-13 13:45: Train Epoch 19: 280/317 Loss: 17.673485
2021-10-13 13:45: Train Epoch 19: 300/317 Loss: 17.789358
2021-10-13 13:45: **********Train Epoch 19: averaged Loss: 19.606771, tf_ratio: 1.000000
2021-10-13 13:46: **********Val Epoch 19: average Loss: 21.365350
2021-10-13 13:46: *********************************Current best model saved!
2021-10-13 13:46: Train Epoch 20: 0/317 Loss: 19.460705
2021-10-13 13:47: Train Epoch 20: 20/317 Loss: 19.250603
2021-10-13 13:47: Train Epoch 20: 40/317 Loss: 14.624905
2021-10-13 13:47: Train Epoch 20: 60/317 Loss: 22.876316
2021-10-13 13:48: Train Epoch 20: 80/317 Loss: 20.366980
2021-10-13 13:48: Train Epoch 20: 100/317 Loss: 19.752609
2021-10-13 13:48: Train Epoch 20: 120/317 Loss: 19.792913
2021-10-13 13:49: Train Epoch 20: 140/317 Loss: 19.609184
2021-10-13 13:49: Train Epoch 20: 160/317 Loss: 19.705545
2021-10-13 13:49: Train Epoch 20: 180/317 Loss: 20.681412
2021-10-13 13:50: Train Epoch 20: 200/317 Loss: 19.435724
2021-10-13 13:50: Train Epoch 20: 220/317 Loss: 18.740932
2021-10-13 13:51: Train Epoch 20: 240/317 Loss: 18.042353
2021-10-13 13:51: Train Epoch 20: 260/317 Loss: 18.540688
2021-10-13 13:51: Train Epoch 20: 280/317 Loss: 22.013990
2021-10-13 13:52: Train Epoch 20: 300/317 Loss: 20.165384
2021-10-13 13:52: **********Train Epoch 20: averaged Loss: 19.317878, tf_ratio: 1.000000
2021-10-13 13:53: **********Val Epoch 20: average Loss: 21.001549
2021-10-13 13:53: *********************************Current best model saved!
2021-10-13 13:53: Train Epoch 21: 0/317 Loss: 19.619717
2021-10-13 13:53: Train Epoch 21: 20/317 Loss: 17.973398
2021-10-13 13:53: Train Epoch 21: 40/317 Loss: 18.525381
2021-10-13 13:54: Train Epoch 21: 60/317 Loss: 20.142204
2021-10-13 13:54: Train Epoch 21: 80/317 Loss: 18.888113
2021-10-13 13:55: Train Epoch 21: 100/317 Loss: 22.812468
2021-10-13 13:55: Train Epoch 21: 120/317 Loss: 16.928839
2021-10-13 13:55: Train Epoch 21: 140/317 Loss: 20.132351
2021-10-13 13:56: Train Epoch 21: 160/317 Loss: 19.523766
2021-10-13 13:56: Train Epoch 21: 180/317 Loss: 19.839344
2021-10-13 13:56: Train Epoch 21: 200/317 Loss: 18.031353
2021-10-13 13:57: Train Epoch 21: 220/317 Loss: 16.389597
2021-10-13 13:57: Train Epoch 21: 240/317 Loss: 21.461973
2021-10-13 13:57: Train Epoch 21: 260/317 Loss: 17.261288
2021-10-13 13:58: Train Epoch 21: 280/317 Loss: 22.445206
2021-10-13 13:58: Train Epoch 21: 300/317 Loss: 21.293993
2021-10-13 13:58: **********Train Epoch 21: averaged Loss: 19.023283, tf_ratio: 1.000000
2021-10-13 13:59: **********Val Epoch 21: average Loss: 20.782781
2021-10-13 13:59: *********************************Current best model saved!
2021-10-13 13:59: Train Epoch 22: 0/317 Loss: 19.329462
2021-10-13 14:00: Train Epoch 22: 20/317 Loss: 18.252689
2021-10-13 14:00: Train Epoch 22: 40/317 Loss: 20.924463
2021-10-13 14:00: Train Epoch 22: 60/317 Loss: 18.908758
2021-10-13 14:01: Train Epoch 22: 80/317 Loss: 20.205595
2021-10-13 14:01: Train Epoch 22: 100/317 Loss: 19.667028
2021-10-13 14:01: Train Epoch 22: 120/317 Loss: 18.097088
2021-10-13 14:02: Train Epoch 22: 140/317 Loss: 17.574080
2021-10-13 14:02: Train Epoch 22: 160/317 Loss: 16.143009
2021-10-13 14:02: Train Epoch 22: 180/317 Loss: 19.042772
2021-10-13 14:03: Train Epoch 22: 200/317 Loss: 18.854370
2021-10-13 14:03: Train Epoch 22: 220/317 Loss: 20.565033
2021-10-13 14:03: Train Epoch 22: 240/317 Loss: 19.210340
2021-10-13 14:04: Train Epoch 22: 260/317 Loss: 19.635759
2021-10-13 14:04: Train Epoch 22: 280/317 Loss: 16.801588
2021-10-13 14:05: Train Epoch 22: 300/317 Loss: 18.341419
2021-10-13 14:05: **********Train Epoch 22: averaged Loss: 18.807003, tf_ratio: 1.000000
2021-10-13 14:06: **********Val Epoch 22: average Loss: 20.631493
2021-10-13 14:06: *********************************Current best model saved!
2021-10-13 14:06: Train Epoch 23: 0/317 Loss: 17.967329
2021-10-13 14:06: Train Epoch 23: 20/317 Loss: 19.532583
2021-10-13 14:06: Train Epoch 23: 40/317 Loss: 19.445856
2021-10-13 14:07: Train Epoch 23: 60/317 Loss: 17.736868
2021-10-13 14:07: Train Epoch 23: 80/317 Loss: 17.656132
2021-10-13 14:07: Train Epoch 23: 100/317 Loss: 17.339771
2021-10-13 14:08: Train Epoch 23: 120/317 Loss: 17.214891
2021-10-13 14:08: Train Epoch 23: 140/317 Loss: 20.549824
2021-10-13 14:08: Train Epoch 23: 160/317 Loss: 21.903324
2021-10-13 14:09: Train Epoch 23: 180/317 Loss: 20.504366
2021-10-13 14:09: Train Epoch 23: 200/317 Loss: 18.815836
2021-10-13 14:10: Train Epoch 23: 220/317 Loss: 17.932796
2021-10-13 14:10: Train Epoch 23: 240/317 Loss: 17.494461
2021-10-13 14:10: Train Epoch 23: 260/317 Loss: 18.248737
2021-10-13 14:11: Train Epoch 23: 280/317 Loss: 18.278524
2021-10-13 14:11: Train Epoch 23: 300/317 Loss: 19.205280
2021-10-13 14:11: **********Train Epoch 23: averaged Loss: 18.627730, tf_ratio: 1.000000
2021-10-13 14:12: **********Val Epoch 23: average Loss: 20.369783
2021-10-13 14:12: *********************************Current best model saved!
2021-10-13 14:12: Train Epoch 24: 0/317 Loss: 18.616848
2021-10-13 14:12: Train Epoch 24: 20/317 Loss: 17.218027
2021-10-13 14:13: Train Epoch 24: 40/317 Loss: 16.627363
2021-10-13 14:13: Train Epoch 24: 60/317 Loss: 18.138573
2021-10-13 14:13: Train Epoch 24: 80/317 Loss: 16.495684
2021-10-13 14:14: Train Epoch 24: 100/317 Loss: 18.770031
2021-10-13 14:14: Train Epoch 24: 120/317 Loss: 18.179251
2021-10-13 14:15: Train Epoch 24: 140/317 Loss: 17.997038
2021-10-13 14:15: Train Epoch 24: 160/317 Loss: 19.408209
2021-10-13 14:15: Train Epoch 24: 180/317 Loss: 20.954302
2021-10-13 14:16: Train Epoch 24: 200/317 Loss: 15.147209
2021-10-13 14:16: Train Epoch 24: 220/317 Loss: 20.265617
2021-10-13 14:16: Train Epoch 24: 240/317 Loss: 17.290487
2021-10-13 14:17: Train Epoch 24: 260/317 Loss: 17.691935
2021-10-13 14:17: Train Epoch 24: 280/317 Loss: 17.371008
2021-10-13 14:17: Train Epoch 24: 300/317 Loss: 17.769123
2021-10-13 14:18: **********Train Epoch 24: averaged Loss: 18.504354, tf_ratio: 1.000000
2021-10-13 14:18: **********Val Epoch 24: average Loss: 20.382821
2021-10-13 14:19: Train Epoch 25: 0/317 Loss: 16.467337
2021-10-13 14:19: Train Epoch 25: 20/317 Loss: 18.556135
2021-10-13 14:19: Train Epoch 25: 40/317 Loss: 20.563259
2021-10-13 14:20: Train Epoch 25: 60/317 Loss: 18.405397
2021-10-13 14:20: Train Epoch 25: 80/317 Loss: 19.504065
2021-10-13 14:20: Train Epoch 25: 100/317 Loss: 19.381065
2021-10-13 14:21: Train Epoch 25: 120/317 Loss: 19.233784
2021-10-13 14:21: Train Epoch 25: 140/317 Loss: 18.301054
2021-10-13 14:21: Train Epoch 25: 160/317 Loss: 18.640448
2021-10-13 14:22: Train Epoch 25: 180/317 Loss: 18.455893
2021-10-13 14:22: Train Epoch 25: 200/317 Loss: 17.511963
2021-10-13 14:22: Train Epoch 25: 220/317 Loss: 17.624193
2021-10-13 14:23: Train Epoch 25: 240/317 Loss: 17.780272
2021-10-13 14:23: Train Epoch 25: 260/317 Loss: 17.719204
2021-10-13 14:24: Train Epoch 25: 280/317 Loss: 15.707969
2021-10-13 14:24: Train Epoch 25: 300/317 Loss: 19.174166
2021-10-13 14:24: **********Train Epoch 25: averaged Loss: 18.342090, tf_ratio: 1.000000
2021-10-13 14:25: **********Val Epoch 25: average Loss: 20.124741
2021-10-13 14:25: *********************************Current best model saved!
2021-10-13 14:25: Train Epoch 26: 0/317 Loss: 17.625614
2021-10-13 14:25: Train Epoch 26: 20/317 Loss: 17.291767
2021-10-13 14:26: Train Epoch 26: 40/317 Loss: 18.785894
2021-10-13 14:26: Train Epoch 26: 60/317 Loss: 19.290577
2021-10-13 14:26: Train Epoch 26: 80/317 Loss: 19.133390
2021-10-13 14:27: Train Epoch 26: 100/317 Loss: 15.378275
2021-10-13 14:27: Train Epoch 26: 120/317 Loss: 17.511793
2021-10-13 14:27: Train Epoch 26: 140/317 Loss: 21.941135
2021-10-13 14:28: Train Epoch 26: 160/317 Loss: 18.134726
2021-10-13 14:28: Train Epoch 26: 180/317 Loss: 16.449846
2021-10-13 14:29: Train Epoch 26: 200/317 Loss: 16.452690
2021-10-13 14:29: Train Epoch 26: 220/317 Loss: 17.969700
2021-10-13 14:29: Train Epoch 26: 240/317 Loss: 18.652601
2021-10-13 14:30: Train Epoch 26: 260/317 Loss: 18.990597
2021-10-13 14:30: Train Epoch 26: 280/317 Loss: 18.216257
2021-10-13 14:30: Train Epoch 26: 300/317 Loss: 18.121613
2021-10-13 14:31: **********Train Epoch 26: averaged Loss: 18.259122, tf_ratio: 1.000000
2021-10-13 14:31: **********Val Epoch 26: average Loss: 20.056171
2021-10-13 14:31: *********************************Current best model saved!
2021-10-13 14:31: Train Epoch 27: 0/317 Loss: 19.058477
2021-10-13 14:32: Train Epoch 27: 20/317 Loss: 17.919401
2021-10-13 14:32: Train Epoch 27: 40/317 Loss: 18.351000
2021-10-13 14:32: Train Epoch 27: 60/317 Loss: 18.087032
2021-10-13 14:33: Train Epoch 27: 80/317 Loss: 19.540863
2021-10-13 14:33: Train Epoch 27: 100/317 Loss: 16.492775
2021-10-13 14:34: Train Epoch 27: 120/317 Loss: 19.567911
2021-10-13 14:34: Train Epoch 27: 140/317 Loss: 19.907604
2021-10-13 14:34: Train Epoch 27: 160/317 Loss: 18.188965
2021-10-13 14:35: Train Epoch 27: 180/317 Loss: 17.679419
2021-10-13 14:35: Train Epoch 27: 200/317 Loss: 17.503687
2021-10-13 14:35: Train Epoch 27: 220/317 Loss: 20.231428
2021-10-13 14:36: Train Epoch 27: 240/317 Loss: 17.388275
2021-10-13 14:36: Train Epoch 27: 260/317 Loss: 17.531736
2021-10-13 14:36: Train Epoch 27: 280/317 Loss: 18.664806
2021-10-13 14:37: Train Epoch 27: 300/317 Loss: 16.843885
2021-10-13 14:37: **********Train Epoch 27: averaged Loss: 18.110486, tf_ratio: 1.000000
2021-10-13 14:38: **********Val Epoch 27: average Loss: 20.056495
2021-10-13 14:38: Train Epoch 28: 0/317 Loss: 20.147217
2021-10-13 14:38: Train Epoch 28: 20/317 Loss: 17.381708
2021-10-13 14:39: Train Epoch 28: 40/317 Loss: 21.763462
2021-10-13 14:39: Train Epoch 28: 60/317 Loss: 17.918076
2021-10-13 14:39: Train Epoch 28: 80/317 Loss: 16.017916
2021-10-13 14:40: Train Epoch 28: 100/317 Loss: 17.375523
2021-10-13 14:40: Train Epoch 28: 120/317 Loss: 18.460667
2021-10-13 14:40: Train Epoch 28: 140/317 Loss: 16.856844
2021-10-13 14:41: Train Epoch 28: 160/317 Loss: 18.730133
2021-10-13 14:41: Train Epoch 28: 180/317 Loss: 17.863552
2021-10-13 14:41: Train Epoch 28: 200/317 Loss: 18.969435
2021-10-13 14:42: Train Epoch 28: 220/317 Loss: 18.330154
2021-10-13 14:42: Train Epoch 28: 240/317 Loss: 15.568300
2021-10-13 14:43: Train Epoch 28: 260/317 Loss: 17.177616
2021-10-13 14:43: Train Epoch 28: 280/317 Loss: 19.796965
2021-10-13 14:43: Train Epoch 28: 300/317 Loss: 18.550644
2021-10-13 14:44: **********Train Epoch 28: averaged Loss: 18.009835, tf_ratio: 1.000000
2021-10-13 14:44: **********Val Epoch 28: average Loss: 19.988007
2021-10-13 14:44: *********************************Current best model saved!
2021-10-13 14:44: Train Epoch 29: 0/317 Loss: 18.665377
2021-10-13 14:45: Train Epoch 29: 20/317 Loss: 15.374891
2021-10-13 14:45: Train Epoch 29: 40/317 Loss: 20.380562
2021-10-13 14:45: Train Epoch 29: 60/317 Loss: 17.673979
2021-10-13 14:46: Train Epoch 29: 80/317 Loss: 17.374186
2021-10-13 14:46: Train Epoch 29: 100/317 Loss: 18.021023
2021-10-13 14:46: Train Epoch 29: 120/317 Loss: 16.983194
2021-10-13 14:47: Train Epoch 29: 140/317 Loss: 14.650130
2021-10-13 14:47: Train Epoch 29: 160/317 Loss: 18.241203
2021-10-13 14:48: Train Epoch 29: 180/317 Loss: 19.100235
2021-10-13 14:48: Train Epoch 29: 200/317 Loss: 17.027580
2021-10-13 14:48: Train Epoch 29: 220/317 Loss: 17.879793
2021-10-13 14:49: Train Epoch 29: 240/317 Loss: 18.707994
2021-10-13 14:49: Train Epoch 29: 260/317 Loss: 16.656355
2021-10-13 14:49: Train Epoch 29: 280/317 Loss: 17.051584
2021-10-13 14:50: Train Epoch 29: 300/317 Loss: 18.331781
2021-10-13 14:50: **********Train Epoch 29: averaged Loss: 17.952041, tf_ratio: 1.000000
2021-10-13 14:51: **********Val Epoch 29: average Loss: 19.828822
2021-10-13 14:51: *********************************Current best model saved!
2021-10-13 14:51: Train Epoch 30: 0/317 Loss: 16.374062
2021-10-13 14:51: Train Epoch 30: 20/317 Loss: 17.224951
2021-10-13 14:51: Train Epoch 30: 40/317 Loss: 17.211988
2021-10-13 14:52: Train Epoch 30: 60/317 Loss: 17.375202
2021-10-13 14:52: Train Epoch 30: 80/317 Loss: 16.871109
2021-10-13 14:53: Train Epoch 30: 100/317 Loss: 18.259516
2021-10-13 14:53: Train Epoch 30: 120/317 Loss: 17.345455
2021-10-13 14:53: Train Epoch 30: 140/317 Loss: 15.948952
2021-10-13 14:54: Train Epoch 30: 160/317 Loss: 17.538517
2021-10-13 14:54: Train Epoch 30: 180/317 Loss: 17.472221
2021-10-13 14:54: Train Epoch 30: 200/317 Loss: 19.015867
2021-10-13 14:55: Train Epoch 30: 220/317 Loss: 16.037590
2021-10-13 14:55: Train Epoch 30: 240/317 Loss: 19.629040
2021-10-13 14:55: Train Epoch 30: 260/317 Loss: 16.502329
2021-10-13 14:56: Train Epoch 30: 280/317 Loss: 17.489967
2021-10-13 14:56: Train Epoch 30: 300/317 Loss: 18.095221
2021-10-13 14:56: **********Train Epoch 30: averaged Loss: 17.888063, tf_ratio: 1.000000
2021-10-13 14:57: **********Val Epoch 30: average Loss: 19.845807
2021-10-13 14:57: Train Epoch 31: 0/317 Loss: 17.783958
2021-10-13 14:58: Train Epoch 31: 20/317 Loss: 18.020645
2021-10-13 14:58: Train Epoch 31: 40/317 Loss: 19.375502
2021-10-13 14:58: Train Epoch 31: 60/317 Loss: 18.313688
2021-10-13 14:59: Train Epoch 31: 80/317 Loss: 19.269712
2021-10-13 14:59: Train Epoch 31: 100/317 Loss: 19.084433
2021-10-13 14:59: Train Epoch 31: 120/317 Loss: 17.991650
2021-10-13 15:00: Train Epoch 31: 140/317 Loss: 20.474264
2021-10-13 15:00: Train Epoch 31: 160/317 Loss: 15.418374
2021-10-13 15:00: Train Epoch 31: 180/317 Loss: 15.200294
2021-10-13 15:01: Train Epoch 31: 200/317 Loss: 17.667294
2021-10-13 15:01: Train Epoch 31: 220/317 Loss: 15.732825
2021-10-13 15:02: Train Epoch 31: 240/317 Loss: 20.407143
2021-10-13 15:02: Train Epoch 31: 260/317 Loss: 20.468739
2021-10-13 15:02: Train Epoch 31: 280/317 Loss: 18.193586
2021-10-13 15:03: Train Epoch 31: 300/317 Loss: 18.681032
2021-10-13 15:03: **********Train Epoch 31: averaged Loss: 17.789342, tf_ratio: 1.000000
2021-10-13 15:04: **********Val Epoch 31: average Loss: 19.913522
2021-10-13 15:04: Train Epoch 32: 0/317 Loss: 16.084734
2021-10-13 15:04: Train Epoch 32: 20/317 Loss: 17.358685
2021-10-13 15:04: Train Epoch 32: 40/317 Loss: 18.413237
2021-10-13 15:05: Train Epoch 32: 60/317 Loss: 16.602285
2021-10-13 15:05: Train Epoch 32: 80/317 Loss: 19.753784
2021-10-13 15:05: Train Epoch 32: 100/317 Loss: 16.097733
2021-10-13 15:06: Train Epoch 32: 120/317 Loss: 15.230593
2021-10-13 15:06: Train Epoch 32: 140/317 Loss: 19.321667
2021-10-13 15:07: Train Epoch 32: 160/317 Loss: 15.317215
2021-10-13 15:07: Train Epoch 32: 180/317 Loss: 20.177881
2021-10-13 15:07: Train Epoch 32: 200/317 Loss: 18.450388
2021-10-13 15:08: Train Epoch 32: 220/317 Loss: 16.730234
2021-10-13 15:08: Train Epoch 32: 240/317 Loss: 18.549408
2021-10-13 15:08: Train Epoch 32: 260/317 Loss: 17.676155
2021-10-13 15:09: Train Epoch 32: 280/317 Loss: 17.045425
2021-10-13 15:09: Train Epoch 32: 300/317 Loss: 17.601589
2021-10-13 15:09: **********Train Epoch 32: averaged Loss: 17.717505, tf_ratio: 1.000000
2021-10-13 15:10: **********Val Epoch 32: average Loss: 19.811471
2021-10-13 15:10: *********************************Current best model saved!
2021-10-13 15:10: Train Epoch 33: 0/317 Loss: 17.363857
2021-10-13 15:10: Train Epoch 33: 20/317 Loss: 15.049270
2021-10-13 15:11: Train Epoch 33: 40/317 Loss: 20.071726
2021-10-13 15:11: Train Epoch 33: 60/317 Loss: 17.712908
2021-10-13 15:12: Train Epoch 33: 80/317 Loss: 18.664267
2021-10-13 15:12: Train Epoch 33: 100/317 Loss: 19.213942
2021-10-13 15:12: Train Epoch 33: 120/317 Loss: 16.825634
2021-10-13 15:13: Train Epoch 33: 140/317 Loss: 18.083605
2021-10-13 15:13: Train Epoch 33: 160/317 Loss: 17.840845
2021-10-13 15:13: Train Epoch 33: 180/317 Loss: 18.963230
2021-10-13 15:14: Train Epoch 33: 200/317 Loss: 17.620008
2021-10-13 15:14: Train Epoch 33: 220/317 Loss: 17.584036
2021-10-13 15:14: Train Epoch 33: 240/317 Loss: 19.324774
2021-10-13 15:15: Train Epoch 33: 260/317 Loss: 19.102348
2021-10-13 15:15: Train Epoch 33: 280/317 Loss: 18.988213
2021-10-13 15:16: Train Epoch 33: 300/317 Loss: 17.948120
2021-10-13 15:16: **********Train Epoch 33: averaged Loss: 17.663409, tf_ratio: 1.000000
2021-10-13 15:17: **********Val Epoch 33: average Loss: 19.688059
2021-10-13 15:17: *********************************Current best model saved!
2021-10-13 15:17: Train Epoch 34: 0/317 Loss: 17.453608
2021-10-13 15:17: Train Epoch 34: 20/317 Loss: 17.601994
2021-10-13 15:17: Train Epoch 34: 40/317 Loss: 17.050636
2021-10-13 15:18: Train Epoch 34: 60/317 Loss: 17.910519
2021-10-13 15:18: Train Epoch 34: 80/317 Loss: 19.084343
2021-10-13 15:18: Train Epoch 34: 100/317 Loss: 17.747564
2021-10-13 15:19: Train Epoch 34: 120/317 Loss: 15.554150
2021-10-13 15:19: Train Epoch 34: 140/317 Loss: 18.466867
2021-10-13 15:19: Train Epoch 34: 160/317 Loss: 16.173988
2021-10-13 15:20: Train Epoch 34: 180/317 Loss: 16.867037
2021-10-13 15:20: Train Epoch 34: 200/317 Loss: 18.477005
2021-10-13 15:21: Train Epoch 34: 220/317 Loss: 18.837099
2021-10-13 15:21: Train Epoch 34: 240/317 Loss: 16.689289
2021-10-13 15:21: Train Epoch 34: 260/317 Loss: 19.025745
2021-10-13 15:22: Train Epoch 34: 280/317 Loss: 17.761374
2021-10-13 15:22: Train Epoch 34: 300/317 Loss: 17.650497
2021-10-13 15:22: **********Train Epoch 34: averaged Loss: 17.607577, tf_ratio: 1.000000
2021-10-13 15:23: **********Val Epoch 34: average Loss: 19.639461
2021-10-13 15:23: *********************************Current best model saved!
2021-10-13 15:23: Train Epoch 35: 0/317 Loss: 15.717297
2021-10-13 15:23: Train Epoch 35: 20/317 Loss: 19.448528
2021-10-13 15:24: Train Epoch 35: 40/317 Loss: 17.674185
2021-10-13 15:24: Train Epoch 35: 60/317 Loss: 15.750081
2021-10-13 15:24: Train Epoch 35: 80/317 Loss: 16.804670
2021-10-13 15:25: Train Epoch 35: 100/317 Loss: 18.518456
2021-10-13 15:25: Train Epoch 35: 120/317 Loss: 18.768213
2021-10-13 15:26: Train Epoch 35: 140/317 Loss: 16.705206
2021-10-13 15:26: Train Epoch 35: 160/317 Loss: 17.703947
2021-10-13 15:26: Train Epoch 35: 180/317 Loss: 18.765718
2021-10-13 15:27: Train Epoch 35: 200/317 Loss: 17.627577
2021-10-13 15:27: Train Epoch 35: 220/317 Loss: 17.435591
2021-10-13 15:27: Train Epoch 35: 240/317 Loss: 19.866976
2021-10-13 15:28: Train Epoch 35: 260/317 Loss: 17.585426
2021-10-13 15:28: Train Epoch 35: 280/317 Loss: 18.224777
2021-10-13 15:28: Train Epoch 35: 300/317 Loss: 17.060472
2021-10-13 15:29: **********Train Epoch 35: averaged Loss: 17.559512, tf_ratio: 1.000000
2021-10-13 15:29: **********Val Epoch 35: average Loss: 19.689081
2021-10-13 15:29: Total training time: 247.9309min, best loss: 19.639461
2021-10-13 15:29: Saving current best model to C:\Users\Joris\Projects\AGCRN\model\experiments\PEMSD4\20211013112202\best_model.pth
2021-10-13 15:30: Horizon 01, MAE: 18.71, RMSE: 30.20, MAPE: 12.5247%
2021-10-13 15:30: Horizon 02, MAE: 18.79, RMSE: 30.49, MAPE: 12.5315%
2021-10-13 15:30: Horizon 03, MAE: 18.96, RMSE: 30.85, MAPE: 12.6227%
2021-10-13 15:30: Horizon 04, MAE: 19.16, RMSE: 31.22, MAPE: 12.7488%
2021-10-13 15:30: Horizon 05, MAE: 19.38, RMSE: 31.60, MAPE: 12.8431%
2021-10-13 15:30: Horizon 06, MAE: 19.59, RMSE: 31.96, MAPE: 12.9313%
2021-10-13 15:30: Horizon 07, MAE: 19.80, RMSE: 32.33, MAPE: 13.0294%
2021-10-13 15:30: Horizon 08, MAE: 20.01, RMSE: 32.69, MAPE: 13.1046%
2021-10-13 15:30: Horizon 09, MAE: 20.20, RMSE: 33.05, MAPE: 13.2115%
2021-10-13 15:30: Horizon 10, MAE: 20.43, RMSE: 33.44, MAPE: 13.3025%
2021-10-13 15:30: Horizon 11, MAE: 20.75, RMSE: 33.92, MAPE: 13.5093%
2021-10-13 15:30: Horizon 12, MAE: 21.21, RMSE: 34.56, MAPE: 13.7956%
2021-10-13 15:30: Average Horizon, MAE: 19.75, RMSE: 32.22, MAPE: 13.0129%
