2021-10-24 09:46: Experiment log path in: /content/AGCRN/model/experiments/PEMSD4/20211024094617
2021-10-24 09:46: Train Epoch 1: 0/156 Loss: 211.045380
2021-10-24 09:46: Train Epoch 1: 20/156 Loss: 214.576447
2021-10-24 09:47: Train Epoch 1: 40/156 Loss: 190.072159
2021-10-24 09:47: Train Epoch 1: 60/156 Loss: 190.486008
2021-10-24 09:48: Train Epoch 1: 80/156 Loss: 195.576324
2021-10-24 09:48: Train Epoch 1: 100/156 Loss: 194.971634
2021-10-24 09:48: Train Epoch 1: 120/156 Loss: 188.564926
2021-10-24 09:49: Train Epoch 1: 140/156 Loss: 182.019501
2021-10-24 09:49: **********Train Epoch 1: averaged Loss: 192.980247, tf_ratio: 1.000000
2021-10-24 09:49: **********Val Epoch 1: average Loss: 191.473585
2021-10-24 09:49: *********************************Current best model saved!
2021-10-24 09:49: Train Epoch 2: 0/156 Loss: 176.314102
2021-10-24 09:50: Train Epoch 2: 20/156 Loss: 176.865601
2021-10-24 09:50: Train Epoch 2: 40/156 Loss: 173.009918
2021-10-24 09:51: Train Epoch 2: 60/156 Loss: 176.739334
2021-10-24 09:51: Train Epoch 2: 80/156 Loss: 178.151810
2021-10-24 09:52: Train Epoch 2: 100/156 Loss: 173.183273
2021-10-24 09:52: Train Epoch 2: 120/156 Loss: 167.795517
2021-10-24 09:52: Train Epoch 2: 140/156 Loss: 161.868652
2021-10-24 09:53: **********Train Epoch 2: averaged Loss: 169.474738, tf_ratio: 1.000000
2021-10-24 09:53: **********Val Epoch 2: average Loss: 172.632073
2021-10-24 09:53: *********************************Current best model saved!
2021-10-24 09:53: Train Epoch 3: 0/156 Loss: 166.914749
2021-10-24 09:53: Train Epoch 3: 20/156 Loss: 168.978149
2021-10-24 09:54: Train Epoch 3: 40/156 Loss: 153.047012
2021-10-24 09:54: Train Epoch 3: 60/156 Loss: 148.341141
2021-10-24 09:55: Train Epoch 3: 80/156 Loss: 151.278915
2021-10-24 09:55: Train Epoch 3: 100/156 Loss: 146.608047
2021-10-24 09:56: Train Epoch 3: 120/156 Loss: 146.452591
2021-10-24 09:56: Train Epoch 3: 140/156 Loss: 144.218674
2021-10-24 09:56: **********Train Epoch 3: averaged Loss: 154.060129, tf_ratio: 1.000000
2021-10-24 09:56: **********Val Epoch 3: average Loss: 159.357365
2021-10-24 09:56: *********************************Current best model saved!
2021-10-24 09:56: Train Epoch 4: 0/156 Loss: 147.445572
2021-10-24 09:57: Train Epoch 4: 20/156 Loss: 141.942337
2021-10-24 09:57: Train Epoch 4: 40/156 Loss: 151.185532
2021-10-24 09:58: Train Epoch 4: 60/156 Loss: 149.243195
2021-10-24 09:58: Train Epoch 4: 80/156 Loss: 150.977966
2021-10-24 09:59: Train Epoch 4: 100/156 Loss: 141.211075
2021-10-24 09:59: Train Epoch 4: 120/156 Loss: 145.503586
2021-10-24 10:00: Train Epoch 4: 140/156 Loss: 138.979584
2021-10-24 10:00: **********Train Epoch 4: averaged Loss: 143.579239, tf_ratio: 1.000000
2021-10-24 10:00: **********Val Epoch 4: average Loss: 150.118053
2021-10-24 10:00: *********************************Current best model saved!
2021-10-24 10:00: Train Epoch 5: 0/156 Loss: 134.521698
2021-10-24 10:00: Train Epoch 5: 20/156 Loss: 139.811249
2021-10-24 10:01: Train Epoch 5: 40/156 Loss: 134.509476
2021-10-24 10:01: Train Epoch 5: 60/156 Loss: 136.890381
2021-10-24 10:02: Train Epoch 5: 80/156 Loss: 140.666031
2021-10-24 10:02: Train Epoch 5: 100/156 Loss: 128.049118
2021-10-24 10:03: Train Epoch 5: 120/156 Loss: 130.103195
2021-10-24 10:03: Train Epoch 5: 140/156 Loss: 136.409042
2021-10-24 10:03: **********Train Epoch 5: averaged Loss: 136.702778, tf_ratio: 1.000000
2021-10-24 10:04: **********Val Epoch 5: average Loss: 143.994642
2021-10-24 10:04: *********************************Current best model saved!
2021-10-24 10:04: Train Epoch 6: 0/156 Loss: 131.396896
2021-10-24 10:04: Train Epoch 6: 20/156 Loss: 127.774094
2021-10-24 10:04: Train Epoch 6: 40/156 Loss: 124.405930
2021-10-24 10:05: Train Epoch 6: 60/156 Loss: 132.398346
2021-10-24 10:05: Train Epoch 6: 80/156 Loss: 130.688568
2021-10-24 10:06: Train Epoch 6: 100/156 Loss: 134.407684
2021-10-24 10:06: Train Epoch 6: 120/156 Loss: 132.468613
2021-10-24 10:07: Train Epoch 6: 140/156 Loss: 135.230194
2021-10-24 10:07: **********Train Epoch 6: averaged Loss: 132.369002, tf_ratio: 1.000000
2021-10-24 10:07: **********Val Epoch 6: average Loss: 139.892913
2021-10-24 10:07: *********************************Current best model saved!
2021-10-24 10:07: Train Epoch 7: 0/156 Loss: 133.551849
2021-10-24 10:08: Train Epoch 7: 20/156 Loss: 127.723831
2021-10-24 10:08: Train Epoch 7: 40/156 Loss: 134.669586
2021-10-24 10:08: Train Epoch 7: 60/156 Loss: 131.366089
2021-10-24 10:09: Train Epoch 7: 80/156 Loss: 130.219803
2021-10-24 10:09: Train Epoch 7: 100/156 Loss: 132.918213
2021-10-24 10:10: Train Epoch 7: 120/156 Loss: 129.056915
2021-10-24 10:10: Train Epoch 7: 140/156 Loss: 130.513077
2021-10-24 10:10: **********Train Epoch 7: averaged Loss: 129.664712, tf_ratio: 1.000000
2021-10-24 10:11: **********Val Epoch 7: average Loss: 137.185600
2021-10-24 10:11: *********************************Current best model saved!
2021-10-24 10:11: Train Epoch 8: 0/156 Loss: 132.177917
2021-10-24 10:11: Train Epoch 8: 20/156 Loss: 129.545929
2021-10-24 10:12: Train Epoch 8: 40/156 Loss: 128.846588
2021-10-24 10:12: Train Epoch 8: 60/156 Loss: 129.067093
2021-10-24 10:12: Train Epoch 8: 80/156 Loss: 125.178139
2021-10-24 10:13: Train Epoch 8: 100/156 Loss: 128.855591
2021-10-24 10:13: Train Epoch 8: 120/156 Loss: 129.732269
2021-10-24 10:14: Train Epoch 8: 140/156 Loss: 127.149353
2021-10-24 10:14: **********Train Epoch 8: averaged Loss: 128.059406, tf_ratio: 1.000000
2021-10-24 10:14: **********Val Epoch 8: average Loss: 135.481637
2021-10-24 10:14: *********************************Current best model saved!
2021-10-24 10:14: Train Epoch 9: 0/156 Loss: 128.587280
2021-10-24 10:15: Train Epoch 9: 20/156 Loss: 126.023972
2021-10-24 10:15: Train Epoch 9: 40/156 Loss: 128.341522
2021-10-24 10:16: Train Epoch 9: 60/156 Loss: 131.711349
2021-10-24 10:16: Train Epoch 9: 80/156 Loss: 127.308907
2021-10-24 10:16: Train Epoch 9: 100/156 Loss: 126.879204
2021-10-24 10:17: Train Epoch 9: 120/156 Loss: 129.445587
2021-10-24 10:17: Train Epoch 9: 140/156 Loss: 126.386337
2021-10-24 10:18: **********Train Epoch 9: averaged Loss: 126.876092, tf_ratio: 1.000000
2021-10-24 10:18: **********Val Epoch 9: average Loss: 130.577033
2021-10-24 10:18: *********************************Current best model saved!
2021-10-24 10:18: Train Epoch 10: 0/156 Loss: 121.729965
2021-10-24 10:18: Train Epoch 10: 20/156 Loss: 119.530609
2021-10-24 10:19: Train Epoch 10: 40/156 Loss: 116.440826
2021-10-24 10:19: Train Epoch 10: 60/156 Loss: 119.409843
2021-10-24 10:20: Train Epoch 10: 80/156 Loss: 116.912125
2021-10-24 10:20: Train Epoch 10: 100/156 Loss: 121.030045
2021-10-24 10:20: Train Epoch 10: 120/156 Loss: 117.290947
2021-10-24 10:21: Train Epoch 10: 140/156 Loss: 116.805534
2021-10-24 10:21: **********Train Epoch 10: averaged Loss: 118.696944, tf_ratio: 1.000000
2021-10-24 10:21: **********Val Epoch 10: average Loss: 125.164422
2021-10-24 10:21: *********************************Current best model saved!
2021-10-24 10:21: Train Epoch 11: 0/156 Loss: 113.470215
2021-10-24 10:22: Train Epoch 11: 20/156 Loss: 118.773361
2021-10-24 10:22: Train Epoch 11: 40/156 Loss: 113.330994
2021-10-24 10:23: Train Epoch 11: 60/156 Loss: 115.535454
2021-10-24 10:23: Train Epoch 11: 80/156 Loss: 113.872719
2021-10-24 10:24: Train Epoch 11: 100/156 Loss: 116.497055
2021-10-24 10:24: Train Epoch 11: 120/156 Loss: 116.186790
2021-10-24 10:24: Train Epoch 11: 140/156 Loss: 113.488441
2021-10-24 10:25: **********Train Epoch 11: averaged Loss: 115.076840, tf_ratio: 1.000000
2021-10-24 10:25: **********Val Epoch 11: average Loss: 121.450081
2021-10-24 10:25: *********************************Current best model saved!
2021-10-24 10:25: Train Epoch 12: 0/156 Loss: 112.682350
2021-10-24 10:25: Train Epoch 12: 20/156 Loss: 112.820045
2021-10-24 10:26: Train Epoch 12: 40/156 Loss: 108.057503
2021-10-24 10:26: Train Epoch 12: 60/156 Loss: 108.635231
2021-10-24 10:27: Train Epoch 12: 80/156 Loss: 105.004333
2021-10-24 10:27: Train Epoch 12: 100/156 Loss: 99.450035
2021-10-24 10:28: Train Epoch 12: 120/156 Loss: 101.154953
2021-10-24 10:28: Train Epoch 12: 140/156 Loss: 101.697365
2021-10-24 10:28: **********Train Epoch 12: averaged Loss: 107.410863, tf_ratio: 1.000000
2021-10-24 10:28: **********Val Epoch 12: average Loss: 110.760015
2021-10-24 10:28: *********************************Current best model saved!
2021-10-24 10:28: Train Epoch 13: 0/156 Loss: 104.029526
2021-10-24 10:29: Train Epoch 13: 20/156 Loss: 104.325783
2021-10-24 10:29: Train Epoch 13: 40/156 Loss: 100.954155
2021-10-24 10:30: Train Epoch 13: 60/156 Loss: 102.226547
2021-10-24 10:30: Train Epoch 13: 80/156 Loss: 98.567924
2021-10-24 10:31: Train Epoch 13: 100/156 Loss: 98.636993
2021-10-24 10:31: Train Epoch 13: 120/156 Loss: 99.354927
2021-10-24 10:32: Train Epoch 13: 140/156 Loss: 96.586891
2021-10-24 10:32: **********Train Epoch 13: averaged Loss: 100.393753, tf_ratio: 1.000000
2021-10-24 10:32: **********Val Epoch 13: average Loss: 105.649846
2021-10-24 10:32: *********************************Current best model saved!
2021-10-24 10:32: Train Epoch 14: 0/156 Loss: 99.539803
2021-10-24 10:32: Train Epoch 14: 20/156 Loss: 94.805847
2021-10-24 10:33: Train Epoch 14: 40/156 Loss: 98.302246
2021-10-24 10:33: Train Epoch 14: 60/156 Loss: 97.526115
2021-10-24 10:34: Train Epoch 14: 80/156 Loss: 98.357040
2021-10-24 10:34: Train Epoch 14: 100/156 Loss: 94.102562
2021-10-24 10:35: Train Epoch 14: 120/156 Loss: 91.241570
2021-10-24 10:35: Train Epoch 14: 140/156 Loss: 96.033073
2021-10-24 10:35: **********Train Epoch 14: averaged Loss: 96.287295, tf_ratio: 1.000000
2021-10-24 10:36: **********Val Epoch 14: average Loss: 101.713080
2021-10-24 10:36: *********************************Current best model saved!
2021-10-24 10:36: Train Epoch 15: 0/156 Loss: 94.552597
2021-10-24 10:36: Train Epoch 15: 20/156 Loss: 92.141846
2021-10-24 10:36: Train Epoch 15: 40/156 Loss: 92.819756
2021-10-24 10:37: Train Epoch 15: 60/156 Loss: 89.907326
2021-10-24 10:37: Train Epoch 15: 80/156 Loss: 93.379135
2021-10-24 10:38: Train Epoch 15: 100/156 Loss: 93.554123
2021-10-24 10:38: Train Epoch 15: 120/156 Loss: 92.528236
2021-10-24 10:39: Train Epoch 15: 140/156 Loss: 89.131905
2021-10-24 10:39: **********Train Epoch 15: averaged Loss: 92.939738, tf_ratio: 1.000000
2021-10-24 10:39: **********Val Epoch 15: average Loss: 98.171503
2021-10-24 10:39: *********************************Current best model saved!
2021-10-24 10:39: Train Epoch 16: 0/156 Loss: 89.210373
2021-10-24 10:40: Train Epoch 16: 20/156 Loss: 90.862900
2021-10-24 10:40: Train Epoch 16: 40/156 Loss: 87.601677
2021-10-24 10:40: Train Epoch 16: 60/156 Loss: 90.799400
2021-10-24 10:41: Train Epoch 16: 80/156 Loss: 91.241951
2021-10-24 10:41: Train Epoch 16: 100/156 Loss: 86.222397
2021-10-24 10:42: Train Epoch 16: 120/156 Loss: 88.938156
2021-10-24 10:42: Train Epoch 16: 140/156 Loss: 91.253960
2021-10-24 10:43: **********Train Epoch 16: averaged Loss: 89.940282, tf_ratio: 1.000000
2021-10-24 10:43: **********Val Epoch 16: average Loss: 94.857000
2021-10-24 10:43: *********************************Current best model saved!
2021-10-24 10:43: Train Epoch 17: 0/156 Loss: 88.068474
2021-10-24 10:43: Train Epoch 17: 20/156 Loss: 85.205437
2021-10-24 10:44: Train Epoch 17: 40/156 Loss: 86.922424
2021-10-24 10:44: Train Epoch 17: 60/156 Loss: 87.170609
2021-10-24 10:45: Train Epoch 17: 80/156 Loss: 88.243835
2021-10-24 10:45: Train Epoch 17: 100/156 Loss: 86.683754
2021-10-24 10:45: Train Epoch 17: 120/156 Loss: 86.084610
2021-10-24 10:46: Train Epoch 17: 140/156 Loss: 81.757126
2021-10-24 10:46: **********Train Epoch 17: averaged Loss: 86.389370, tf_ratio: 1.000000
2021-10-24 10:46: **********Val Epoch 17: average Loss: 90.166884
2021-10-24 10:46: *********************************Current best model saved!
2021-10-24 10:46: Train Epoch 18: 0/156 Loss: 84.404747
2021-10-24 10:47: Train Epoch 18: 20/156 Loss: 80.851334
2021-10-24 10:47: Train Epoch 18: 40/156 Loss: 80.856880
2021-10-24 10:48: Train Epoch 18: 60/156 Loss: 81.323746
2021-10-24 10:48: Train Epoch 18: 80/156 Loss: 78.675163
2021-10-24 10:49: Train Epoch 18: 100/156 Loss: 80.395462
2021-10-24 10:49: Train Epoch 18: 120/156 Loss: 76.245239
2021-10-24 10:49: Train Epoch 18: 140/156 Loss: 78.176300
2021-10-24 10:50: **********Train Epoch 18: averaged Loss: 80.891010, tf_ratio: 1.000000
2021-10-24 10:50: **********Val Epoch 18: average Loss: 84.590476
2021-10-24 10:50: *********************************Current best model saved!
2021-10-24 10:50: Train Epoch 19: 0/156 Loss: 79.680717
2021-10-24 10:50: Train Epoch 19: 20/156 Loss: 77.043533
2021-10-24 10:51: Train Epoch 19: 40/156 Loss: 76.158150
2021-10-24 10:51: Train Epoch 19: 60/156 Loss: 78.587883
2021-10-24 10:52: Train Epoch 19: 80/156 Loss: 72.984184
2021-10-24 10:52: Train Epoch 19: 100/156 Loss: 69.601624
2021-10-24 10:53: Train Epoch 19: 120/156 Loss: 74.319717
2021-10-24 10:53: Train Epoch 19: 140/156 Loss: 72.801056
2021-10-24 10:53: **********Train Epoch 19: averaged Loss: 74.286089, tf_ratio: 1.000000
2021-10-24 10:53: **********Val Epoch 19: average Loss: 77.383863
2021-10-24 10:53: *********************************Current best model saved!
2021-10-24 10:53: Train Epoch 20: 0/156 Loss: 68.778481
2021-10-24 10:54: Train Epoch 20: 20/156 Loss: 69.198402
2021-10-24 10:54: Train Epoch 20: 40/156 Loss: 67.093651
2021-10-24 10:55: Train Epoch 20: 60/156 Loss: 68.213722
2021-10-24 10:55: Train Epoch 20: 80/156 Loss: 72.147217
2021-10-24 10:56: Train Epoch 20: 100/156 Loss: 67.743729
2021-10-24 10:56: Train Epoch 20: 120/156 Loss: 65.146111
2021-10-24 10:57: Train Epoch 20: 140/156 Loss: 64.243355
2021-10-24 10:57: **********Train Epoch 20: averaged Loss: 68.481348, tf_ratio: 1.000000
2021-10-24 10:57: **********Val Epoch 20: average Loss: 71.805281
2021-10-24 10:57: *********************************Current best model saved!
2021-10-24 10:57: Train Epoch 21: 0/156 Loss: 64.012810
2021-10-24 10:58: Train Epoch 21: 20/156 Loss: 67.068085
2021-10-24 10:58: Train Epoch 21: 40/156 Loss: 64.858330
2021-10-24 10:58: Train Epoch 21: 60/156 Loss: 63.824848
2021-10-24 10:59: Train Epoch 21: 80/156 Loss: 61.150303
2021-10-24 10:59: Train Epoch 21: 100/156 Loss: 65.539734
2021-10-24 11:00: Train Epoch 21: 120/156 Loss: 63.192524
2021-10-24 11:00: Train Epoch 21: 140/156 Loss: 61.018875
2021-10-24 11:00: **********Train Epoch 21: averaged Loss: 63.222480, tf_ratio: 1.000000
2021-10-24 11:01: **********Val Epoch 21: average Loss: 66.893386
2021-10-24 11:01: *********************************Current best model saved!
2021-10-24 11:01: Train Epoch 22: 0/156 Loss: 60.932423
2021-10-24 11:01: Train Epoch 22: 20/156 Loss: 58.982063
2021-10-24 11:02: Train Epoch 22: 40/156 Loss: 61.205532
2021-10-24 11:02: Train Epoch 22: 60/156 Loss: 56.095882
2021-10-24 11:02: Train Epoch 22: 80/156 Loss: 56.367855
2021-10-24 11:03: Train Epoch 22: 100/156 Loss: 56.314499
2021-10-24 11:03: Train Epoch 22: 120/156 Loss: 57.027954
2021-10-24 11:04: Train Epoch 22: 140/156 Loss: 60.003983
2021-10-24 11:04: **********Train Epoch 22: averaged Loss: 59.182816, tf_ratio: 1.000000
2021-10-24 11:04: **********Val Epoch 22: average Loss: 63.034252
2021-10-24 11:04: *********************************Current best model saved!
2021-10-24 11:04: Train Epoch 23: 0/156 Loss: 55.074039
2021-10-24 11:05: Train Epoch 23: 20/156 Loss: 57.204060
2021-10-24 11:05: Train Epoch 23: 40/156 Loss: 57.257545
2021-10-24 11:06: Train Epoch 23: 60/156 Loss: 54.484642
2021-10-24 11:06: Train Epoch 23: 80/156 Loss: 55.696640
2021-10-24 11:06: Train Epoch 23: 100/156 Loss: 54.921322
2021-10-24 11:07: Train Epoch 23: 120/156 Loss: 57.609871
2021-10-24 11:07: Train Epoch 23: 140/156 Loss: 55.683033
2021-10-24 11:08: **********Train Epoch 23: averaged Loss: 55.762392, tf_ratio: 1.000000
2021-10-24 11:08: **********Val Epoch 23: average Loss: 59.751145
2021-10-24 11:08: *********************************Current best model saved!
2021-10-24 11:08: Train Epoch 24: 0/156 Loss: 54.981197
2021-10-24 11:08: Train Epoch 24: 20/156 Loss: 53.152554
2021-10-24 11:09: Train Epoch 24: 40/156 Loss: 53.923889
2021-10-24 11:09: Train Epoch 24: 60/156 Loss: 54.803352
2021-10-24 11:10: Train Epoch 24: 80/156 Loss: 52.392895
2021-10-24 11:10: Train Epoch 24: 100/156 Loss: 52.019669
2021-10-24 11:10: Train Epoch 24: 120/156 Loss: 53.189445
2021-10-24 11:11: Train Epoch 24: 140/156 Loss: 52.202240
2021-10-24 11:11: **********Train Epoch 24: averaged Loss: 52.737975, tf_ratio: 1.000000
2021-10-24 11:11: **********Val Epoch 24: average Loss: 56.721643
2021-10-24 11:11: *********************************Current best model saved!
2021-10-24 11:11: Train Epoch 25: 0/156 Loss: 48.485378
2021-10-24 11:12: Train Epoch 25: 20/156 Loss: 55.119522
2021-10-24 11:12: Train Epoch 25: 40/156 Loss: 52.034485
2021-10-24 11:13: Train Epoch 25: 60/156 Loss: 50.821629
2021-10-24 11:13: Train Epoch 25: 80/156 Loss: 52.323174
2021-10-24 11:14: Train Epoch 25: 100/156 Loss: 47.366882
2021-10-24 11:14: Train Epoch 25: 120/156 Loss: 50.756405
2021-10-24 11:14: Train Epoch 25: 140/156 Loss: 46.588375
2021-10-24 11:15: **********Train Epoch 25: averaged Loss: 50.183987, tf_ratio: 1.000000
2021-10-24 11:15: **********Val Epoch 25: average Loss: 54.868449
2021-10-24 11:15: *********************************Current best model saved!
2021-10-24 11:15: Train Epoch 26: 0/156 Loss: 49.617901
2021-10-24 11:15: Train Epoch 26: 20/156 Loss: 49.005283
2021-10-24 11:16: Train Epoch 26: 40/156 Loss: 48.836418
2021-10-24 11:16: Train Epoch 26: 60/156 Loss: 45.901485
2021-10-24 11:17: Train Epoch 26: 80/156 Loss: 47.928139
2021-10-24 11:17: Train Epoch 26: 100/156 Loss: 50.109310
2021-10-24 11:18: Train Epoch 26: 120/156 Loss: 47.128124
2021-10-24 11:18: Train Epoch 26: 140/156 Loss: 47.782837
2021-10-24 11:18: **********Train Epoch 26: averaged Loss: 47.933119, tf_ratio: 1.000000
2021-10-24 11:19: **********Val Epoch 26: average Loss: 51.666804
2021-10-24 11:19: *********************************Current best model saved!
2021-10-24 11:19: Train Epoch 27: 0/156 Loss: 47.256405
2021-10-24 11:19: Train Epoch 27: 20/156 Loss: 45.062943
2021-10-24 11:19: Train Epoch 27: 40/156 Loss: 45.219952
2021-10-24 11:20: Train Epoch 27: 60/156 Loss: 44.093731
2021-10-24 11:20: Train Epoch 27: 80/156 Loss: 43.725735
2021-10-24 11:21: Train Epoch 27: 100/156 Loss: 43.267990
2021-10-24 11:21: Train Epoch 27: 120/156 Loss: 46.329388
2021-10-24 11:22: Train Epoch 27: 140/156 Loss: 47.092331
2021-10-24 11:22: **********Train Epoch 27: averaged Loss: 45.974979, tf_ratio: 1.000000
2021-10-24 11:22: **********Val Epoch 27: average Loss: 50.283045
2021-10-24 11:22: *********************************Current best model saved!
2021-10-24 11:22: Train Epoch 28: 0/156 Loss: 44.241703
2021-10-24 11:23: Train Epoch 28: 20/156 Loss: 42.134781
2021-10-24 11:23: Train Epoch 28: 40/156 Loss: 44.170204
2021-10-24 11:23: Train Epoch 28: 60/156 Loss: 41.788296
2021-10-24 11:24: Train Epoch 28: 80/156 Loss: 43.907383
2021-10-24 11:24: Train Epoch 28: 100/156 Loss: 43.312805
2021-10-24 11:25: Train Epoch 28: 120/156 Loss: 45.584614
2021-10-24 11:25: Train Epoch 28: 140/156 Loss: 42.695225
2021-10-24 11:26: **********Train Epoch 28: averaged Loss: 44.188766, tf_ratio: 1.000000
2021-10-24 11:26: **********Val Epoch 28: average Loss: 48.487368
2021-10-24 11:26: *********************************Current best model saved!
2021-10-24 11:26: Train Epoch 29: 0/156 Loss: 41.679131
2021-10-24 11:26: Train Epoch 29: 20/156 Loss: 42.337349
2021-10-24 11:27: Train Epoch 29: 40/156 Loss: 41.370819
2021-10-24 11:27: Train Epoch 29: 60/156 Loss: 43.573624
2021-10-24 11:28: Train Epoch 29: 80/156 Loss: 44.595421
2021-10-24 11:28: Train Epoch 29: 100/156 Loss: 40.174339
2021-10-24 11:28: Train Epoch 29: 120/156 Loss: 41.689991
2021-10-24 11:29: Train Epoch 29: 140/156 Loss: 42.988842
2021-10-24 11:29: **********Train Epoch 29: averaged Loss: 42.662248, tf_ratio: 1.000000
2021-10-24 11:29: **********Val Epoch 29: average Loss: 47.816526
2021-10-24 11:29: *********************************Current best model saved!
2021-10-24 11:29: Train Epoch 30: 0/156 Loss: 44.365967
2021-10-24 11:30: Train Epoch 30: 20/156 Loss: 39.768452
2021-10-24 11:30: Train Epoch 30: 40/156 Loss: 39.342495
2021-10-24 11:31: Train Epoch 30: 60/156 Loss: 41.082272
2021-10-24 11:31: Train Epoch 30: 80/156 Loss: 42.111877
2021-10-24 11:32: Train Epoch 30: 100/156 Loss: 41.537132
2021-10-24 11:32: Train Epoch 30: 120/156 Loss: 41.150349
2021-10-24 11:32: Train Epoch 30: 140/156 Loss: 41.505680
2021-10-24 11:33: **********Train Epoch 30: averaged Loss: 41.391931, tf_ratio: 1.000000
2021-10-24 11:33: **********Val Epoch 30: average Loss: 45.200440
2021-10-24 11:33: *********************************Current best model saved!
2021-10-24 11:33: Train Epoch 31: 0/156 Loss: 40.551220
2021-10-24 11:33: Train Epoch 31: 20/156 Loss: 40.146164
2021-10-24 11:34: Train Epoch 31: 40/156 Loss: 40.792889
2021-10-24 11:34: Train Epoch 31: 60/156 Loss: 44.062286
2021-10-24 11:35: Train Epoch 31: 80/156 Loss: 38.880733
2021-10-24 11:35: Train Epoch 31: 100/156 Loss: 39.508366
2021-10-24 11:36: Train Epoch 31: 120/156 Loss: 38.572510
2021-10-24 11:36: Train Epoch 31: 140/156 Loss: 41.860500
2021-10-24 11:36: **********Train Epoch 31: averaged Loss: 40.003277, tf_ratio: 1.000000
2021-10-24 11:36: **********Val Epoch 31: average Loss: 45.148185
2021-10-24 11:36: *********************************Current best model saved!
2021-10-24 11:37: Train Epoch 32: 0/156 Loss: 39.129917
2021-10-24 11:37: Train Epoch 32: 20/156 Loss: 39.579117
2021-10-24 11:37: Train Epoch 32: 40/156 Loss: 40.456142
2021-10-24 11:38: Train Epoch 32: 60/156 Loss: 39.767670
2021-10-24 11:38: Train Epoch 32: 80/156 Loss: 37.575142
2021-10-24 11:39: Train Epoch 32: 100/156 Loss: 37.435822
2021-10-24 11:39: Train Epoch 32: 120/156 Loss: 37.910042
2021-10-24 11:40: Train Epoch 32: 140/156 Loss: 38.747082
2021-10-24 11:40: **********Train Epoch 32: averaged Loss: 38.898675, tf_ratio: 1.000000
2021-10-24 11:40: **********Val Epoch 32: average Loss: 42.627385
2021-10-24 11:40: *********************************Current best model saved!
2021-10-24 11:40: Train Epoch 33: 0/156 Loss: 37.689034
2021-10-24 11:41: Train Epoch 33: 20/156 Loss: 37.921982
2021-10-24 11:41: Train Epoch 33: 40/156 Loss: 38.635475
2021-10-24 11:41: Train Epoch 33: 60/156 Loss: 35.451595
2021-10-24 11:42: Train Epoch 33: 80/156 Loss: 37.638382
2021-10-24 11:42: Train Epoch 33: 100/156 Loss: 37.393757
2021-10-24 11:43: Train Epoch 33: 120/156 Loss: 36.349960
2021-10-24 11:43: Train Epoch 33: 140/156 Loss: 35.733158
2021-10-24 11:44: **********Train Epoch 33: averaged Loss: 37.752316, tf_ratio: 1.000000
2021-10-24 11:44: **********Val Epoch 33: average Loss: 41.791968
2021-10-24 11:44: *********************************Current best model saved!
2021-10-24 11:44: Train Epoch 34: 0/156 Loss: 38.575253
2021-10-24 11:44: Train Epoch 34: 20/156 Loss: 38.087227
2021-10-24 11:45: Train Epoch 34: 40/156 Loss: 36.829590
2021-10-24 11:45: Train Epoch 34: 60/156 Loss: 36.808418
2021-10-24 11:45: Train Epoch 34: 80/156 Loss: 36.966351
2021-10-24 11:46: Train Epoch 34: 100/156 Loss: 37.910030
2021-10-24 11:46: Train Epoch 34: 120/156 Loss: 36.908310
2021-10-24 11:47: Train Epoch 34: 140/156 Loss: 38.072693
2021-10-24 11:47: **********Train Epoch 34: averaged Loss: 36.811208, tf_ratio: 1.000000
2021-10-24 11:47: **********Val Epoch 34: average Loss: 40.179519
2021-10-24 11:47: *********************************Current best model saved!
2021-10-24 11:47: Train Epoch 35: 0/156 Loss: 38.876976
2021-10-24 11:48: Train Epoch 35: 20/156 Loss: 35.187325
2021-10-24 11:48: Train Epoch 35: 40/156 Loss: 35.476967
2021-10-24 11:49: Train Epoch 35: 60/156 Loss: 36.418716
2021-10-24 11:49: Train Epoch 35: 80/156 Loss: 37.335556
2021-10-24 11:49: Train Epoch 35: 100/156 Loss: 33.965134
2021-10-24 11:50: Train Epoch 35: 120/156 Loss: 35.707508
2021-10-24 11:50: Train Epoch 35: 140/156 Loss: 34.027687
2021-10-24 11:51: **********Train Epoch 35: averaged Loss: 35.857883, tf_ratio: 1.000000
2021-10-24 11:51: **********Val Epoch 35: average Loss: 40.132458
2021-10-24 11:51: *********************************Current best model saved!
2021-10-24 11:51: Train Epoch 36: 0/156 Loss: 35.884659
2021-10-24 11:51: Train Epoch 36: 20/156 Loss: 36.061230
2021-10-24 11:52: Train Epoch 36: 40/156 Loss: 35.144939
2021-10-24 11:52: Train Epoch 36: 60/156 Loss: 33.832855
2021-10-24 11:53: Train Epoch 36: 80/156 Loss: 35.655430
2021-10-24 11:53: Train Epoch 36: 100/156 Loss: 35.067062
2021-10-24 11:54: Train Epoch 36: 120/156 Loss: 35.808773
2021-10-24 11:54: Train Epoch 36: 140/156 Loss: 34.604591
2021-10-24 11:54: **********Train Epoch 36: averaged Loss: 35.151182, tf_ratio: 1.000000
2021-10-24 11:54: **********Val Epoch 36: average Loss: 39.083960
2021-10-24 11:54: *********************************Current best model saved!
2021-10-24 11:54: Train Epoch 37: 0/156 Loss: 36.339928
2021-10-24 11:55: Train Epoch 37: 20/156 Loss: 35.890491
2021-10-24 11:55: Train Epoch 37: 40/156 Loss: 35.152424
2021-10-24 11:56: Train Epoch 37: 60/156 Loss: 34.401909
2021-10-24 11:56: Train Epoch 37: 80/156 Loss: 33.789860
2021-10-24 11:57: Train Epoch 37: 100/156 Loss: 35.393799
2021-10-24 11:57: Train Epoch 37: 120/156 Loss: 34.851215
2021-10-24 11:58: Train Epoch 37: 140/156 Loss: 33.151909
2021-10-24 11:58: **********Train Epoch 37: averaged Loss: 34.414786, tf_ratio: 1.000000
2021-10-24 11:58: **********Val Epoch 37: average Loss: 39.265188
2021-10-24 11:58: Train Epoch 38: 0/156 Loss: 35.233879
2021-10-24 11:58: Train Epoch 38: 20/156 Loss: 33.336029
2021-10-24 11:59: Train Epoch 38: 40/156 Loss: 33.874790
2021-10-24 11:59: Train Epoch 38: 60/156 Loss: 34.081066
2021-10-24 12:00: Train Epoch 38: 80/156 Loss: 33.356644
2021-10-24 12:00: Train Epoch 38: 100/156 Loss: 35.029331
2021-10-24 12:01: Train Epoch 38: 120/156 Loss: 33.390812
2021-10-24 12:01: Train Epoch 38: 140/156 Loss: 33.819565
2021-10-24 12:01: **********Train Epoch 38: averaged Loss: 33.710991, tf_ratio: 1.000000
2021-10-24 12:02: **********Val Epoch 38: average Loss: 38.191581
2021-10-24 12:02: *********************************Current best model saved!
2021-10-24 12:02: Train Epoch 39: 0/156 Loss: 33.943226
2021-10-24 12:02: Train Epoch 39: 20/156 Loss: 34.065666
2021-10-24 12:03: Train Epoch 39: 40/156 Loss: 32.749516
2021-10-24 12:03: Train Epoch 39: 60/156 Loss: 33.144184
2021-10-24 12:03: Train Epoch 39: 80/156 Loss: 33.316273
2021-10-24 12:04: Train Epoch 39: 100/156 Loss: 31.736240
2021-10-24 12:04: Train Epoch 39: 120/156 Loss: 32.123947
2021-10-24 12:05: Train Epoch 39: 140/156 Loss: 31.079422
2021-10-24 12:05: **********Train Epoch 39: averaged Loss: 33.016876, tf_ratio: 1.000000
2021-10-24 12:05: **********Val Epoch 39: average Loss: 36.953845
2021-10-24 12:05: *********************************Current best model saved!
2021-10-24 12:05: Train Epoch 40: 0/156 Loss: 34.029907
2021-10-24 12:06: Train Epoch 40: 20/156 Loss: 33.655724
2021-10-24 12:06: Train Epoch 40: 40/156 Loss: 32.664970
2021-10-24 12:07: Train Epoch 40: 60/156 Loss: 32.496651
2021-10-24 12:07: Train Epoch 40: 80/156 Loss: 31.906376
2021-10-24 12:07: Train Epoch 40: 100/156 Loss: 30.625565
2021-10-24 12:08: Train Epoch 40: 120/156 Loss: 30.963327
2021-10-24 12:08: Train Epoch 40: 140/156 Loss: 32.373081
2021-10-24 12:09: **********Train Epoch 40: averaged Loss: 32.277248, tf_ratio: 1.000000
2021-10-24 12:09: **********Val Epoch 40: average Loss: 36.432631
2021-10-24 12:09: *********************************Current best model saved!
2021-10-24 12:09: Train Epoch 41: 0/156 Loss: 32.083515
2021-10-24 12:09: Train Epoch 41: 20/156 Loss: 32.222771
2021-10-24 12:10: Train Epoch 41: 40/156 Loss: 33.843769
2021-10-24 12:10: Train Epoch 41: 60/156 Loss: 32.073471
2021-10-24 12:11: Train Epoch 41: 80/156 Loss: 29.122740
2021-10-24 12:11: Train Epoch 41: 100/156 Loss: 29.126720
2021-10-24 12:11: Train Epoch 41: 120/156 Loss: 31.830778
2021-10-24 12:12: Train Epoch 41: 140/156 Loss: 30.151840
2021-10-24 12:12: **********Train Epoch 41: averaged Loss: 31.604904, tf_ratio: 1.000000
2021-10-24 12:12: **********Val Epoch 41: average Loss: 35.431011
2021-10-24 12:12: *********************************Current best model saved!
2021-10-24 12:12: Train Epoch 42: 0/156 Loss: 31.776384
2021-10-24 12:13: Train Epoch 42: 20/156 Loss: 31.061676
2021-10-24 12:13: Train Epoch 42: 40/156 Loss: 30.219170
2021-10-24 12:14: Train Epoch 42: 60/156 Loss: 31.309357
2021-10-24 12:14: Train Epoch 42: 80/156 Loss: 31.219921
2021-10-24 12:15: Train Epoch 42: 100/156 Loss: 30.933695
2021-10-24 12:15: Train Epoch 42: 120/156 Loss: 32.690231
2021-10-24 12:15: Train Epoch 42: 140/156 Loss: 31.652222
2021-10-24 12:16: **********Train Epoch 42: averaged Loss: 31.157760, tf_ratio: 1.000000
2021-10-24 12:16: **********Val Epoch 42: average Loss: 35.491421
2021-10-24 12:16: Train Epoch 43: 0/156 Loss: 30.457968
2021-10-24 12:16: Train Epoch 43: 20/156 Loss: 31.145224
2021-10-24 12:17: Train Epoch 43: 40/156 Loss: 31.827074
2021-10-24 12:17: Train Epoch 43: 60/156 Loss: 30.632698
2021-10-24 12:18: Train Epoch 43: 80/156 Loss: 30.629763
2021-10-24 12:18: Train Epoch 43: 100/156 Loss: 31.637053
2021-10-24 12:19: Train Epoch 43: 120/156 Loss: 31.024220
2021-10-24 12:19: Train Epoch 43: 140/156 Loss: 29.349222
2021-10-24 12:19: **********Train Epoch 43: averaged Loss: 30.483650, tf_ratio: 1.000000
2021-10-24 12:20: **********Val Epoch 43: average Loss: 34.524760
2021-10-24 12:20: *********************************Current best model saved!
2021-10-24 12:20: Train Epoch 44: 0/156 Loss: 31.305071
2021-10-24 12:20: Train Epoch 44: 20/156 Loss: 32.182812
2021-10-24 12:20: Train Epoch 44: 40/156 Loss: 30.462284
2021-10-24 12:21: Train Epoch 44: 60/156 Loss: 28.692064
2021-10-24 12:21: Train Epoch 44: 80/156 Loss: 30.869154
2021-10-24 12:22: Train Epoch 44: 100/156 Loss: 30.977646
2021-10-24 12:22: Train Epoch 44: 120/156 Loss: 29.938301
2021-10-24 12:23: Train Epoch 44: 140/156 Loss: 28.363861
2021-10-24 12:23: **********Train Epoch 44: averaged Loss: 30.255311, tf_ratio: 1.000000
2021-10-24 12:23: **********Val Epoch 44: average Loss: 34.143820
2021-10-24 12:23: *********************************Current best model saved!
2021-10-24 12:23: Train Epoch 45: 0/156 Loss: 28.554705
2021-10-24 12:24: Train Epoch 45: 20/156 Loss: 29.117819
2021-10-24 12:24: Train Epoch 45: 40/156 Loss: 28.946815
2021-10-24 12:24: Train Epoch 45: 60/156 Loss: 29.899078
2021-10-24 12:25: Train Epoch 45: 80/156 Loss: 30.736084
2021-10-24 12:25: Train Epoch 45: 100/156 Loss: 29.970213
2021-10-24 12:26: Train Epoch 45: 120/156 Loss: 29.052460
2021-10-24 12:26: Train Epoch 45: 140/156 Loss: 29.787277
2021-10-24 12:27: **********Train Epoch 45: averaged Loss: 29.478354, tf_ratio: 1.000000
2021-10-24 12:27: **********Val Epoch 45: average Loss: 33.997635
2021-10-24 12:27: *********************************Current best model saved!
2021-10-24 12:27: Train Epoch 46: 0/156 Loss: 29.495401
2021-10-24 12:27: Train Epoch 46: 20/156 Loss: 28.889235
2021-10-24 12:28: Train Epoch 46: 40/156 Loss: 28.176128
2021-10-24 12:28: Train Epoch 46: 60/156 Loss: 28.153378
2021-10-24 12:29: Train Epoch 46: 80/156 Loss: 30.157091
2021-10-24 12:29: Train Epoch 46: 100/156 Loss: 29.195221
2021-10-24 12:29: Train Epoch 46: 120/156 Loss: 28.569473
2021-10-24 12:30: Train Epoch 46: 140/156 Loss: 27.077295
2021-10-24 12:30: **********Train Epoch 46: averaged Loss: 29.127189, tf_ratio: 1.000000
2021-10-24 12:30: **********Val Epoch 46: average Loss: 34.429208
2021-10-24 12:30: Train Epoch 47: 0/156 Loss: 28.326780
2021-10-24 12:31: Train Epoch 47: 20/156 Loss: 28.953833
2021-10-24 12:31: Train Epoch 47: 40/156 Loss: 29.430616
2021-10-24 12:32: Train Epoch 47: 60/156 Loss: 28.647610
2021-10-24 12:32: Train Epoch 47: 80/156 Loss: 29.685804
2021-10-24 12:33: Train Epoch 47: 100/156 Loss: 28.761492
2021-10-24 12:33: Train Epoch 47: 120/156 Loss: 29.848434
2021-10-24 12:33: Train Epoch 47: 140/156 Loss: 27.417206
2021-10-24 12:34: **********Train Epoch 47: averaged Loss: 28.870871, tf_ratio: 1.000000
2021-10-24 12:34: **********Val Epoch 47: average Loss: 33.855687
2021-10-24 12:34: *********************************Current best model saved!
2021-10-24 12:34: Train Epoch 48: 0/156 Loss: 29.692097
2021-10-24 12:34: Train Epoch 48: 20/156 Loss: 28.833767
2021-10-24 12:35: Train Epoch 48: 40/156 Loss: 28.290407
2021-10-24 12:35: Train Epoch 48: 60/156 Loss: 28.083860
2021-10-24 12:36: Train Epoch 48: 80/156 Loss: 29.382093
2021-10-24 12:36: Train Epoch 48: 100/156 Loss: 30.081575
2021-10-24 12:37: Train Epoch 48: 120/156 Loss: 29.377249
2021-10-24 12:37: Train Epoch 48: 140/156 Loss: 27.750937
2021-10-24 12:37: **********Train Epoch 48: averaged Loss: 28.503673, tf_ratio: 1.000000
2021-10-24 12:38: **********Val Epoch 48: average Loss: 33.004166
2021-10-24 12:38: *********************************Current best model saved!
2021-10-24 12:38: Train Epoch 49: 0/156 Loss: 27.922014
2021-10-24 12:38: Train Epoch 49: 20/156 Loss: 27.636656
2021-10-24 12:38: Train Epoch 49: 40/156 Loss: 28.497501
2021-10-24 12:39: Train Epoch 49: 60/156 Loss: 28.911699
2021-10-24 12:39: Train Epoch 49: 80/156 Loss: 27.940464
2021-10-24 12:40: Train Epoch 49: 100/156 Loss: 28.578737
2021-10-24 12:40: Train Epoch 49: 120/156 Loss: 27.351091
2021-10-24 12:41: Train Epoch 49: 140/156 Loss: 29.241510
2021-10-24 12:41: **********Train Epoch 49: averaged Loss: 28.168903, tf_ratio: 1.000000
2021-10-24 12:41: **********Val Epoch 49: average Loss: 32.764506
2021-10-24 12:41: *********************************Current best model saved!
2021-10-24 12:41: Train Epoch 50: 0/156 Loss: 26.971914
2021-10-24 12:42: Train Epoch 50: 20/156 Loss: 26.963053
2021-10-24 12:42: Train Epoch 50: 40/156 Loss: 27.829891
2021-10-24 12:42: Train Epoch 50: 60/156 Loss: 27.458385
2021-10-24 12:43: Train Epoch 50: 80/156 Loss: 27.115393
2021-10-24 12:43: Train Epoch 50: 100/156 Loss: 27.253626
2021-10-24 12:44: Train Epoch 50: 120/156 Loss: 26.610113
2021-10-24 12:44: Train Epoch 50: 140/156 Loss: 26.155230
2021-10-24 12:45: **********Train Epoch 50: averaged Loss: 27.513777, tf_ratio: 1.000000
2021-10-24 12:45: **********Val Epoch 50: average Loss: 31.651761
2021-10-24 12:45: *********************************Current best model saved!
2021-10-24 12:45: Train Epoch 51: 0/156 Loss: 26.760792
2021-10-24 12:45: Train Epoch 51: 20/156 Loss: 29.392170
2021-10-24 12:46: Train Epoch 51: 40/156 Loss: 28.342745
2021-10-24 12:46: Train Epoch 51: 60/156 Loss: 27.202068
2021-10-24 12:46: Train Epoch 51: 80/156 Loss: 25.953245
2021-10-24 12:47: Train Epoch 51: 100/156 Loss: 26.522814
2021-10-24 12:47: Train Epoch 51: 120/156 Loss: 27.251585
2021-10-24 12:48: Train Epoch 51: 140/156 Loss: 28.272411
2021-10-24 12:48: **********Train Epoch 51: averaged Loss: 27.356980, tf_ratio: 1.000000
2021-10-24 12:48: **********Val Epoch 51: average Loss: 32.128786
2021-10-24 12:48: Train Epoch 52: 0/156 Loss: 26.278208
2021-10-24 12:49: Train Epoch 52: 20/156 Loss: 26.529192
2021-10-24 12:49: Train Epoch 52: 40/156 Loss: 27.161985
2021-10-24 12:50: Train Epoch 52: 60/156 Loss: 27.919331
2021-10-24 12:50: Train Epoch 52: 80/156 Loss: 26.646835
2021-10-24 12:51: Train Epoch 52: 100/156 Loss: 26.943781
2021-10-24 12:51: Train Epoch 52: 120/156 Loss: 26.476685
2021-10-24 12:51: Train Epoch 52: 140/156 Loss: 28.434114
2021-10-24 12:52: **********Train Epoch 52: averaged Loss: 27.077324, tf_ratio: 1.000000
2021-10-24 12:52: **********Val Epoch 52: average Loss: 31.062923
2021-10-24 12:52: *********************************Current best model saved!
2021-10-24 12:52: Train Epoch 53: 0/156 Loss: 27.501919
2021-10-24 12:52: Train Epoch 53: 20/156 Loss: 25.955362
2021-10-24 12:53: Train Epoch 53: 40/156 Loss: 25.663914
2021-10-24 12:53: Train Epoch 53: 60/156 Loss: 26.366549
2021-10-24 12:54: Train Epoch 53: 80/156 Loss: 26.240091
2021-10-24 12:54: Train Epoch 53: 100/156 Loss: 27.453112
2021-10-24 12:55: Train Epoch 53: 120/156 Loss: 26.410038
2021-10-24 12:55: Train Epoch 53: 140/156 Loss: 25.779051
2021-10-24 12:55: **********Train Epoch 53: averaged Loss: 26.760273, tf_ratio: 1.000000
2021-10-24 12:55: **********Val Epoch 53: average Loss: 31.219267
2021-10-24 12:55: Train Epoch 54: 0/156 Loss: 26.490913
2021-10-24 12:56: Train Epoch 54: 20/156 Loss: 26.626825
2021-10-24 12:56: Train Epoch 54: 40/156 Loss: 24.856834
2021-10-24 12:57: Train Epoch 54: 60/156 Loss: 27.453634
2021-10-24 12:57: Train Epoch 54: 80/156 Loss: 27.326981
2021-10-24 12:58: Train Epoch 54: 100/156 Loss: 27.614227
2021-10-24 12:58: Train Epoch 54: 120/156 Loss: 25.622280
2021-10-24 12:59: Train Epoch 54: 140/156 Loss: 25.508812
2021-10-24 12:59: **********Train Epoch 54: averaged Loss: 26.532671, tf_ratio: 1.000000
2021-10-24 12:59: **********Val Epoch 54: average Loss: 31.417867
2021-10-24 12:59: Train Epoch 55: 0/156 Loss: 26.385136
2021-10-24 13:00: Train Epoch 55: 20/156 Loss: 26.069572
2021-10-24 13:00: Train Epoch 55: 40/156 Loss: 25.980558
2021-10-24 13:00: Train Epoch 55: 60/156 Loss: 26.563555
2021-10-24 13:01: Train Epoch 55: 80/156 Loss: 24.646725
2021-10-24 13:01: Train Epoch 55: 100/156 Loss: 25.853218
2021-10-24 13:02: Train Epoch 55: 120/156 Loss: 27.667629
2021-10-24 13:02: Train Epoch 55: 140/156 Loss: 25.081163
2021-10-24 13:03: **********Train Epoch 55: averaged Loss: 26.072921, tf_ratio: 1.000000
2021-10-24 13:03: **********Val Epoch 55: average Loss: 30.779267
2021-10-24 13:03: *********************************Current best model saved!
2021-10-24 13:03: Train Epoch 56: 0/156 Loss: 26.922419
2021-10-24 13:03: Train Epoch 56: 20/156 Loss: 26.107903
2021-10-24 13:04: Train Epoch 56: 40/156 Loss: 25.395706
2021-10-24 13:04: Train Epoch 56: 60/156 Loss: 26.941599
2021-10-24 13:04: Train Epoch 56: 80/156 Loss: 26.073322
2021-10-24 13:05: Train Epoch 56: 100/156 Loss: 26.085611
2021-10-24 13:05: Train Epoch 56: 120/156 Loss: 25.552647
2021-10-24 13:06: Train Epoch 56: 140/156 Loss: 26.762709
2021-10-24 13:06: **********Train Epoch 56: averaged Loss: 25.942518, tf_ratio: 1.000000
2021-10-24 13:06: **********Val Epoch 56: average Loss: 29.845241
2021-10-24 13:06: *********************************Current best model saved!
2021-10-24 13:06: Train Epoch 57: 0/156 Loss: 25.360914
2021-10-24 13:07: Train Epoch 57: 20/156 Loss: 26.247847
2021-10-24 13:07: Train Epoch 57: 40/156 Loss: 26.085131
2021-10-24 13:08: Train Epoch 57: 60/156 Loss: 25.141531
2021-10-24 13:08: Train Epoch 57: 80/156 Loss: 26.026524
2021-10-24 13:08: Train Epoch 57: 100/156 Loss: 26.664839
2021-10-24 13:09: Train Epoch 57: 120/156 Loss: 26.242096
2021-10-24 13:09: Train Epoch 57: 140/156 Loss: 25.217588
2021-10-24 13:10: **********Train Epoch 57: averaged Loss: 25.755096, tf_ratio: 1.000000
2021-10-24 13:10: **********Val Epoch 57: average Loss: 29.717225
2021-10-24 13:10: *********************************Current best model saved!
2021-10-24 13:10: Train Epoch 58: 0/156 Loss: 25.247173
2021-10-24 13:10: Train Epoch 58: 20/156 Loss: 24.907862
2021-10-24 13:11: Train Epoch 58: 40/156 Loss: 25.219696
2021-10-24 13:11: Train Epoch 58: 60/156 Loss: 25.279842
2021-10-24 13:12: Train Epoch 58: 80/156 Loss: 26.818445
2021-10-24 13:12: Train Epoch 58: 100/156 Loss: 25.019924
2021-10-24 13:13: Train Epoch 58: 120/156 Loss: 25.624260
2021-10-24 13:13: Train Epoch 58: 140/156 Loss: 25.502089
2021-10-24 13:13: **********Train Epoch 58: averaged Loss: 25.442789, tf_ratio: 1.000000
2021-10-24 13:13: **********Val Epoch 58: average Loss: 30.182192
2021-10-24 13:13: Train Epoch 59: 0/156 Loss: 25.211382
2021-10-24 13:14: Train Epoch 59: 20/156 Loss: 25.450920
2021-10-24 13:14: Train Epoch 59: 40/156 Loss: 25.825796
2021-10-24 13:15: Train Epoch 59: 60/156 Loss: 26.075045
2021-10-24 13:15: Train Epoch 59: 80/156 Loss: 25.066788
2021-10-24 13:16: Train Epoch 59: 100/156 Loss: 25.754972
2021-10-24 13:16: Train Epoch 59: 120/156 Loss: 25.083441
2021-10-24 13:17: Train Epoch 59: 140/156 Loss: 25.714346
2021-10-24 13:17: **********Train Epoch 59: averaged Loss: 25.180387, tf_ratio: 1.000000
2021-10-24 13:17: **********Val Epoch 59: average Loss: 29.055737
2021-10-24 13:17: *********************************Current best model saved!
2021-10-24 13:17: Train Epoch 60: 0/156 Loss: 24.937546
2021-10-24 13:17: Train Epoch 60: 20/156 Loss: 24.989367
2021-10-24 13:18: Train Epoch 60: 40/156 Loss: 26.822075
2021-10-24 13:18: Train Epoch 60: 60/156 Loss: 23.942484
2021-10-24 13:19: Train Epoch 60: 80/156 Loss: 24.802681
2021-10-24 13:19: Train Epoch 60: 100/156 Loss: 27.072233
2021-10-24 13:20: Train Epoch 60: 120/156 Loss: 25.566021
2021-10-24 13:20: Train Epoch 60: 140/156 Loss: 25.751978
2021-10-24 13:20: **********Train Epoch 60: averaged Loss: 25.481747, tf_ratio: 1.000000
2021-10-24 13:21: **********Val Epoch 60: average Loss: 29.793483
2021-10-24 13:21: Train Epoch 61: 0/156 Loss: 24.538336
2021-10-24 13:21: Train Epoch 61: 20/156 Loss: 25.865509
2021-10-24 13:22: Train Epoch 61: 40/156 Loss: 26.004393
2021-10-24 13:22: Train Epoch 61: 60/156 Loss: 25.204103
2021-10-24 13:22: Train Epoch 61: 80/156 Loss: 24.568676
2021-10-24 13:23: Train Epoch 61: 100/156 Loss: 24.290079
2021-10-24 13:23: Train Epoch 61: 120/156 Loss: 25.171633
2021-10-24 13:24: Train Epoch 61: 140/156 Loss: 25.272734
2021-10-24 13:24: **********Train Epoch 61: averaged Loss: 25.156855, tf_ratio: 1.000000
2021-10-24 13:24: **********Val Epoch 61: average Loss: 28.879570
2021-10-24 13:24: *********************************Current best model saved!
2021-10-24 13:24: Train Epoch 62: 0/156 Loss: 24.446453
2021-10-24 13:25: Train Epoch 62: 20/156 Loss: 22.850130
2021-10-24 13:25: Train Epoch 62: 40/156 Loss: 24.676262
2021-10-24 13:26: Train Epoch 62: 60/156 Loss: 25.168827
2021-10-24 13:26: Train Epoch 62: 80/156 Loss: 25.034248
2021-10-24 13:26: Train Epoch 62: 100/156 Loss: 23.641817
2021-10-24 13:27: Train Epoch 62: 120/156 Loss: 24.216393
2021-10-24 13:27: Train Epoch 62: 140/156 Loss: 24.622389
2021-10-24 13:28: **********Train Epoch 62: averaged Loss: 24.794574, tf_ratio: 1.000000
2021-10-24 13:28: **********Val Epoch 62: average Loss: 28.607573
2021-10-24 13:28: *********************************Current best model saved!
2021-10-24 13:28: Train Epoch 63: 0/156 Loss: 24.032608
2021-10-24 13:28: Train Epoch 63: 20/156 Loss: 23.990076
2021-10-24 13:29: Train Epoch 63: 40/156 Loss: 24.682734
2021-10-24 13:29: Train Epoch 63: 60/156 Loss: 24.854004
2021-10-24 13:30: Train Epoch 63: 80/156 Loss: 25.291142
2021-10-24 13:30: Train Epoch 63: 100/156 Loss: 23.747696
2021-10-24 13:30: Train Epoch 63: 120/156 Loss: 23.341335
2021-10-24 13:31: Train Epoch 63: 140/156 Loss: 24.081141
2021-10-24 13:31: **********Train Epoch 63: averaged Loss: 24.495228, tf_ratio: 1.000000
2021-10-24 13:31: **********Val Epoch 63: average Loss: 29.254403
2021-10-24 13:31: Train Epoch 64: 0/156 Loss: 23.820927
2021-10-24 13:32: Train Epoch 64: 20/156 Loss: 25.048960
2021-10-24 13:32: Train Epoch 64: 40/156 Loss: 24.132147
2021-10-24 13:33: Train Epoch 64: 60/156 Loss: 24.170729
2021-10-24 13:33: Train Epoch 64: 80/156 Loss: 24.992861
2021-10-24 13:34: Train Epoch 64: 100/156 Loss: 24.430563
2021-10-24 13:34: Train Epoch 64: 120/156 Loss: 24.941719
2021-10-24 13:35: Train Epoch 64: 140/156 Loss: 24.629089
2021-10-24 13:35: **********Train Epoch 64: averaged Loss: 24.389721, tf_ratio: 1.000000
2021-10-24 13:35: **********Val Epoch 64: average Loss: 28.788720
2021-10-24 13:35: Train Epoch 65: 0/156 Loss: 25.187540
2021-10-24 13:35: Train Epoch 65: 20/156 Loss: 24.072964
2021-10-24 13:36: Train Epoch 65: 40/156 Loss: 24.883430
2021-10-24 13:36: Train Epoch 65: 60/156 Loss: 24.463135
2021-10-24 13:37: Train Epoch 65: 80/156 Loss: 23.541773
2021-10-24 13:37: Train Epoch 65: 100/156 Loss: 24.987860
2021-10-24 13:38: Train Epoch 65: 120/156 Loss: 25.583569
2021-10-24 13:38: Train Epoch 65: 140/156 Loss: 22.670885
2021-10-24 13:38: **********Train Epoch 65: averaged Loss: 24.307115, tf_ratio: 1.000000
2021-10-24 13:39: **********Val Epoch 65: average Loss: 28.963762
2021-10-24 13:39: Train Epoch 66: 0/156 Loss: 23.976351
2021-10-24 13:39: Train Epoch 66: 20/156 Loss: 23.956259
2021-10-24 13:39: Train Epoch 66: 40/156 Loss: 23.970758
2021-10-24 13:40: Train Epoch 66: 60/156 Loss: 23.074377
2021-10-24 13:40: Train Epoch 66: 80/156 Loss: 24.532759
2021-10-24 13:41: Train Epoch 66: 100/156 Loss: 23.932251
2021-10-24 13:41: Train Epoch 66: 120/156 Loss: 24.699883
2021-10-24 13:42: Train Epoch 66: 140/156 Loss: 23.466539
2021-10-24 13:42: **********Train Epoch 66: averaged Loss: 24.417265, tf_ratio: 1.000000
2021-10-24 13:42: **********Val Epoch 66: average Loss: 28.468442
2021-10-24 13:42: *********************************Current best model saved!
2021-10-24 13:42: Train Epoch 67: 0/156 Loss: 24.353865
2021-10-24 13:43: Train Epoch 67: 20/156 Loss: 25.442913
2021-10-24 13:43: Train Epoch 67: 40/156 Loss: 24.020407
2021-10-24 13:44: Train Epoch 67: 60/156 Loss: 24.560844
2021-10-24 13:44: Train Epoch 67: 80/156 Loss: 23.684216
2021-10-24 13:44: Train Epoch 67: 100/156 Loss: 24.587959
2021-10-24 13:45: Train Epoch 67: 120/156 Loss: 24.058228
2021-10-24 13:45: Train Epoch 67: 140/156 Loss: 23.235722
2021-10-24 13:46: **********Train Epoch 67: averaged Loss: 23.976182, tf_ratio: 1.000000
2021-10-24 13:46: **********Val Epoch 67: average Loss: 28.237281
2021-10-24 13:46: *********************************Current best model saved!
2021-10-24 13:46: Train Epoch 68: 0/156 Loss: 24.213511
2021-10-24 13:46: Train Epoch 68: 20/156 Loss: 24.004940
2021-10-24 13:47: Train Epoch 68: 40/156 Loss: 23.780573
2021-10-24 13:47: Train Epoch 68: 60/156 Loss: 24.079992
2021-10-24 13:48: Train Epoch 68: 80/156 Loss: 24.288931
2021-10-24 13:48: Train Epoch 68: 100/156 Loss: 24.264654
2021-10-24 13:48: Train Epoch 68: 120/156 Loss: 23.577936
2021-10-24 13:49: Train Epoch 68: 140/156 Loss: 24.477121
2021-10-24 13:49: **********Train Epoch 68: averaged Loss: 23.915644, tf_ratio: 1.000000
2021-10-24 13:49: **********Val Epoch 68: average Loss: 27.880430
2021-10-24 13:49: *********************************Current best model saved!
2021-10-24 13:49: Train Epoch 69: 0/156 Loss: 23.493204
2021-10-24 13:50: Train Epoch 69: 20/156 Loss: 23.349775
2021-10-24 13:50: Train Epoch 69: 40/156 Loss: 24.357933
2021-10-24 13:51: Train Epoch 69: 60/156 Loss: 23.616621
2021-10-24 13:51: Train Epoch 69: 80/156 Loss: 24.123537
2021-10-24 13:52: Train Epoch 69: 100/156 Loss: 24.179377
2021-10-24 13:52: Train Epoch 69: 120/156 Loss: 24.035780
2021-10-24 13:52: Train Epoch 69: 140/156 Loss: 22.969036
2021-10-24 13:53: **********Train Epoch 69: averaged Loss: 23.787007, tf_ratio: 1.000000
2021-10-24 13:53: **********Val Epoch 69: average Loss: 28.319637
2021-10-24 13:53: Train Epoch 70: 0/156 Loss: 22.840122
2021-10-24 13:53: Train Epoch 70: 20/156 Loss: 22.808825
2021-10-24 13:54: Train Epoch 70: 40/156 Loss: 22.134729
2021-10-24 13:54: Train Epoch 70: 60/156 Loss: 24.678368
2021-10-24 13:55: Train Epoch 70: 80/156 Loss: 23.237698
2021-10-24 13:55: Train Epoch 70: 100/156 Loss: 23.307196
2021-10-24 13:56: Train Epoch 70: 120/156 Loss: 24.793121
2021-10-24 13:56: Train Epoch 70: 140/156 Loss: 23.854691
2021-10-24 13:56: **********Train Epoch 70: averaged Loss: 23.624474, tf_ratio: 1.000000
2021-10-24 13:57: **********Val Epoch 70: average Loss: 28.059958
2021-10-24 13:57: Train Epoch 71: 0/156 Loss: 22.554819
2021-10-24 13:57: Train Epoch 71: 20/156 Loss: 22.996264
2021-10-24 13:57: Train Epoch 71: 40/156 Loss: 23.119226
2021-10-24 13:58: Train Epoch 71: 60/156 Loss: 23.473614
2021-10-24 13:58: Train Epoch 71: 80/156 Loss: 23.741261
2021-10-24 13:59: Train Epoch 71: 100/156 Loss: 22.686892
2021-10-24 13:59: Train Epoch 71: 120/156 Loss: 22.883463
2021-10-24 14:00: Train Epoch 71: 140/156 Loss: 22.261457
2021-10-24 14:00: **********Train Epoch 71: averaged Loss: 23.478002, tf_ratio: 1.000000
2021-10-24 14:00: **********Val Epoch 71: average Loss: 27.877739
2021-10-24 14:00: *********************************Current best model saved!
2021-10-24 14:00: Train Epoch 72: 0/156 Loss: 24.235931
2021-10-24 14:01: Train Epoch 72: 20/156 Loss: 23.562895
2021-10-24 14:01: Train Epoch 72: 40/156 Loss: 23.000006
2021-10-24 14:01: Train Epoch 72: 60/156 Loss: 23.724274
2021-10-24 14:02: Train Epoch 72: 80/156 Loss: 24.158501
2021-10-24 14:02: Train Epoch 72: 100/156 Loss: 23.711206
2021-10-24 14:03: Train Epoch 72: 120/156 Loss: 24.589249
2021-10-24 14:03: Train Epoch 72: 140/156 Loss: 24.938183
2021-10-24 14:04: **********Train Epoch 72: averaged Loss: 23.745826, tf_ratio: 1.000000
2021-10-24 14:04: **********Val Epoch 72: average Loss: 29.142886
2021-10-24 14:04: Train Epoch 73: 0/156 Loss: 24.425673
2021-10-24 14:04: Train Epoch 73: 20/156 Loss: 22.803568
2021-10-24 14:05: Train Epoch 73: 40/156 Loss: 23.303070
2021-10-24 14:05: Train Epoch 73: 60/156 Loss: 24.748182
2021-10-24 14:06: Train Epoch 73: 80/156 Loss: 23.825903
2021-10-24 14:06: Train Epoch 73: 100/156 Loss: 24.014591
2021-10-24 14:06: Train Epoch 73: 120/156 Loss: 22.975166
2021-10-24 14:07: Train Epoch 73: 140/156 Loss: 24.201307
2021-10-24 14:07: **********Train Epoch 73: averaged Loss: 23.608033, tf_ratio: 1.000000
2021-10-24 14:07: **********Val Epoch 73: average Loss: 27.961547
2021-10-24 14:07: Train Epoch 74: 0/156 Loss: 22.525463
2021-10-24 14:08: Train Epoch 74: 20/156 Loss: 22.561815
2021-10-24 14:08: Train Epoch 74: 40/156 Loss: 22.793274
2021-10-24 14:09: Train Epoch 74: 60/156 Loss: 22.539740
2021-10-24 14:09: Train Epoch 74: 80/156 Loss: 21.494259
2021-10-24 14:10: Train Epoch 74: 100/156 Loss: 23.679125
2021-10-24 14:10: Train Epoch 74: 120/156 Loss: 22.354082
2021-10-24 14:10: Train Epoch 74: 140/156 Loss: 22.620468
2021-10-24 14:11: **********Train Epoch 74: averaged Loss: 23.180368, tf_ratio: 1.000000
2021-10-24 14:11: **********Val Epoch 74: average Loss: 27.832137
2021-10-24 14:11: *********************************Current best model saved!
2021-10-24 14:11: Train Epoch 75: 0/156 Loss: 22.260717
2021-10-24 14:11: Train Epoch 75: 20/156 Loss: 22.209835
2021-10-24 14:12: Train Epoch 75: 40/156 Loss: 22.771593
2021-10-24 14:12: Train Epoch 75: 60/156 Loss: 23.483042
2021-10-24 14:13: Train Epoch 75: 80/156 Loss: 23.164564
2021-10-24 14:13: Train Epoch 75: 100/156 Loss: 22.695936
2021-10-24 14:14: Train Epoch 75: 120/156 Loss: 23.239325
2021-10-24 14:14: Train Epoch 75: 140/156 Loss: 22.781660
2021-10-24 14:14: **********Train Epoch 75: averaged Loss: 23.104699, tf_ratio: 1.000000
2021-10-24 14:15: **********Val Epoch 75: average Loss: 27.680070
2021-10-24 14:15: *********************************Current best model saved!
2021-10-24 14:15: Train Epoch 76: 0/156 Loss: 22.656076
2021-10-24 14:15: Train Epoch 76: 20/156 Loss: 21.092442
2021-10-24 14:15: Train Epoch 76: 40/156 Loss: 21.661179
2021-10-24 14:16: Train Epoch 76: 60/156 Loss: 22.729492
2021-10-24 14:16: Train Epoch 76: 80/156 Loss: 22.890730
2021-10-24 14:17: Train Epoch 76: 100/156 Loss: 23.819658
2021-10-24 14:17: Train Epoch 76: 120/156 Loss: 23.591402
2021-10-24 14:18: Train Epoch 76: 140/156 Loss: 23.041117
2021-10-24 14:18: **********Train Epoch 76: averaged Loss: 23.102424, tf_ratio: 1.000000
2021-10-24 14:18: **********Val Epoch 76: average Loss: 28.224064
2021-10-24 14:18: Train Epoch 77: 0/156 Loss: 23.525972
2021-10-24 14:19: Train Epoch 77: 20/156 Loss: 25.738556
2021-10-24 14:19: Train Epoch 77: 40/156 Loss: 24.670397
2021-10-24 14:19: Train Epoch 77: 60/156 Loss: 23.644833
2021-10-24 14:20: Train Epoch 77: 80/156 Loss: 24.011877
2021-10-24 14:20: Train Epoch 77: 100/156 Loss: 23.216089
2021-10-24 14:21: Train Epoch 77: 120/156 Loss: 24.153341
2021-10-24 14:21: Train Epoch 77: 140/156 Loss: 24.445385
2021-10-24 14:22: **********Train Epoch 77: averaged Loss: 23.980551, tf_ratio: 1.000000
2021-10-24 14:22: **********Val Epoch 77: average Loss: 27.814606
2021-10-24 14:22: Train Epoch 78: 0/156 Loss: 23.757559
2021-10-24 14:22: Train Epoch 78: 20/156 Loss: 23.057383
2021-10-24 14:23: Train Epoch 78: 40/156 Loss: 21.971731
2021-10-24 14:23: Train Epoch 78: 60/156 Loss: 23.186403
2021-10-24 14:24: Train Epoch 78: 80/156 Loss: 22.218653
2021-10-24 14:24: Train Epoch 78: 100/156 Loss: 23.806473
2021-10-24 14:24: Train Epoch 78: 120/156 Loss: 22.435085
2021-10-24 14:25: Train Epoch 78: 140/156 Loss: 22.839781
2021-10-24 14:25: **********Train Epoch 78: averaged Loss: 22.927082, tf_ratio: 1.000000
2021-10-24 14:25: **********Val Epoch 78: average Loss: 27.485191
2021-10-24 14:25: *********************************Current best model saved!
2021-10-24 14:25: Train Epoch 79: 0/156 Loss: 22.895847
2021-10-24 14:26: Train Epoch 79: 20/156 Loss: 23.144905
2021-10-24 14:26: Train Epoch 79: 40/156 Loss: 21.877388
2021-10-24 14:27: Train Epoch 79: 60/156 Loss: 23.039865
2021-10-24 14:27: Train Epoch 79: 80/156 Loss: 22.910458
2021-10-24 14:28: Train Epoch 79: 100/156 Loss: 23.069149
2021-10-24 14:28: Train Epoch 79: 120/156 Loss: 22.265167
2021-10-24 14:28: Train Epoch 79: 140/156 Loss: 22.955004
2021-10-24 14:29: **********Train Epoch 79: averaged Loss: 22.734032, tf_ratio: 1.000000
2021-10-24 14:29: **********Val Epoch 79: average Loss: 27.785364
2021-10-24 14:29: Train Epoch 80: 0/156 Loss: 24.170191
2021-10-24 14:29: Train Epoch 80: 20/156 Loss: 23.404781
2021-10-24 14:30: Train Epoch 80: 40/156 Loss: 22.527227
2021-10-24 14:30: Train Epoch 80: 60/156 Loss: 22.583956
2021-10-24 14:31: Train Epoch 80: 80/156 Loss: 22.495094
2021-10-24 14:31: Train Epoch 80: 100/156 Loss: 22.207380
2021-10-24 14:32: Train Epoch 80: 120/156 Loss: 22.673639
2021-10-24 14:32: Train Epoch 80: 140/156 Loss: 22.701769
2021-10-24 14:32: **********Train Epoch 80: averaged Loss: 22.627056, tf_ratio: 1.000000
2021-10-24 14:33: **********Val Epoch 80: average Loss: 27.178922
2021-10-24 14:33: *********************************Current best model saved!
2021-10-24 14:33: Train Epoch 81: 0/156 Loss: 21.629177
2021-10-24 14:33: Train Epoch 81: 20/156 Loss: 22.550251
2021-10-24 14:33: Train Epoch 81: 40/156 Loss: 22.308153
2021-10-24 14:34: Train Epoch 81: 60/156 Loss: 22.629858
2021-10-24 14:34: Train Epoch 81: 80/156 Loss: 23.678776
2021-10-24 14:35: Train Epoch 81: 100/156 Loss: 22.010468
2021-10-24 14:35: Train Epoch 81: 120/156 Loss: 21.930536
2021-10-24 14:36: Train Epoch 81: 140/156 Loss: 22.945330
2021-10-24 14:36: **********Train Epoch 81: averaged Loss: 22.505678, tf_ratio: 1.000000
2021-10-24 14:36: **********Val Epoch 81: average Loss: 27.077057
2021-10-24 14:36: *********************************Current best model saved!
2021-10-24 14:36: Train Epoch 82: 0/156 Loss: 21.941833
2021-10-24 14:37: Train Epoch 82: 20/156 Loss: 22.224293
2021-10-24 14:37: Train Epoch 82: 40/156 Loss: 22.453459
2021-10-24 14:37: Train Epoch 82: 60/156 Loss: 21.993870
2021-10-24 14:38: Train Epoch 82: 80/156 Loss: 23.507671
2021-10-24 14:38: Train Epoch 82: 100/156 Loss: 23.401508
2021-10-24 14:39: Train Epoch 82: 120/156 Loss: 21.104738
2021-10-24 14:39: Train Epoch 82: 140/156 Loss: 21.354862
2021-10-24 14:40: **********Train Epoch 82: averaged Loss: 22.452460, tf_ratio: 1.000000
2021-10-24 14:40: **********Val Epoch 82: average Loss: 26.933530
2021-10-24 14:40: *********************************Current best model saved!
2021-10-24 14:40: Train Epoch 83: 0/156 Loss: 22.381107
2021-10-24 14:40: Train Epoch 83: 20/156 Loss: 22.351322
2021-10-24 14:41: Train Epoch 83: 40/156 Loss: 22.787380
2021-10-24 14:41: Train Epoch 83: 60/156 Loss: 22.704748
2021-10-24 14:41: Train Epoch 83: 80/156 Loss: 22.277964
2021-10-24 14:42: Train Epoch 83: 100/156 Loss: 22.362751
2021-10-24 14:42: Train Epoch 83: 120/156 Loss: 23.442474
2021-10-24 14:43: Train Epoch 83: 140/156 Loss: 23.411222
2021-10-24 14:43: **********Train Epoch 83: averaged Loss: 22.432830, tf_ratio: 1.000000
2021-10-24 14:43: **********Val Epoch 83: average Loss: 27.603007
2021-10-24 14:43: Train Epoch 84: 0/156 Loss: 21.355656
2021-10-24 14:44: Train Epoch 84: 20/156 Loss: 22.627359
2021-10-24 14:44: Train Epoch 84: 40/156 Loss: 21.933619
2021-10-24 14:45: Train Epoch 84: 60/156 Loss: 22.985746
2021-10-24 14:45: Train Epoch 84: 80/156 Loss: 22.089682
2021-10-24 14:46: Train Epoch 84: 100/156 Loss: 23.305889
2021-10-24 14:46: Train Epoch 84: 120/156 Loss: 22.591089
2021-10-24 14:46: Train Epoch 84: 140/156 Loss: 23.293550
2021-10-24 14:47: **********Train Epoch 84: averaged Loss: 22.324511, tf_ratio: 1.000000
2021-10-24 14:47: **********Val Epoch 84: average Loss: 26.901297
2021-10-24 14:47: *********************************Current best model saved!
2021-10-24 14:47: Train Epoch 85: 0/156 Loss: 22.303343
2021-10-24 14:47: Train Epoch 85: 20/156 Loss: 22.040596
2021-10-24 14:48: Train Epoch 85: 40/156 Loss: 22.628880
2021-10-24 14:48: Train Epoch 85: 60/156 Loss: 22.155535
2021-10-24 14:49: Train Epoch 85: 80/156 Loss: 22.061098
2021-10-24 14:49: Train Epoch 85: 100/156 Loss: 21.953514
2021-10-24 14:50: Train Epoch 85: 120/156 Loss: 22.461727
2021-10-24 14:50: Train Epoch 85: 140/156 Loss: 22.406523
2021-10-24 14:50: **********Train Epoch 85: averaged Loss: 22.558381, tf_ratio: 1.000000
2021-10-24 14:50: **********Val Epoch 85: average Loss: 27.213615
2021-10-24 14:51: Train Epoch 86: 0/156 Loss: 23.009773
2021-10-24 14:51: Train Epoch 86: 20/156 Loss: 22.545637
2021-10-24 14:51: Train Epoch 86: 40/156 Loss: 22.451817
2021-10-24 14:52: Train Epoch 86: 60/156 Loss: 21.800722
2021-10-24 14:52: Train Epoch 86: 80/156 Loss: 22.046509
2021-10-24 14:53: Train Epoch 86: 100/156 Loss: 22.608208
2021-10-24 14:53: Train Epoch 86: 120/156 Loss: 22.278961
2021-10-24 14:54: Train Epoch 86: 140/156 Loss: 21.629368
2021-10-24 14:54: **********Train Epoch 86: averaged Loss: 22.261129, tf_ratio: 1.000000
2021-10-24 14:54: **********Val Epoch 86: average Loss: 26.669622
2021-10-24 14:54: *********************************Current best model saved!
2021-10-24 14:54: Train Epoch 87: 0/156 Loss: 22.038519
2021-10-24 14:55: Train Epoch 87: 20/156 Loss: 22.818899
2021-10-24 14:55: Train Epoch 87: 40/156 Loss: 23.318661
2021-10-24 14:55: Train Epoch 87: 60/156 Loss: 22.020008
2021-10-24 14:56: Train Epoch 87: 80/156 Loss: 22.130602
2021-10-24 14:56: Train Epoch 87: 100/156 Loss: 22.727535
2021-10-24 14:57: Train Epoch 87: 120/156 Loss: 22.484364
2021-10-24 14:57: Train Epoch 87: 140/156 Loss: 22.860371
2021-10-24 14:58: **********Train Epoch 87: averaged Loss: 22.346208, tf_ratio: 1.000000
2021-10-24 14:58: **********Val Epoch 87: average Loss: 27.067894
2021-10-24 14:58: Train Epoch 88: 0/156 Loss: 22.095779
2021-10-24 14:58: Train Epoch 88: 20/156 Loss: 21.629658
2021-10-24 14:59: Train Epoch 88: 40/156 Loss: 22.874641
2021-10-24 14:59: Train Epoch 88: 60/156 Loss: 22.424921
2021-10-24 14:59: Train Epoch 88: 80/156 Loss: 22.061277
2021-10-24 15:00: Train Epoch 88: 100/156 Loss: 20.556810
2021-10-24 15:00: Train Epoch 88: 120/156 Loss: 21.437456
2021-10-24 15:01: Train Epoch 88: 140/156 Loss: 22.060072
2021-10-24 15:01: **********Train Epoch 88: averaged Loss: 22.183459, tf_ratio: 1.000000
2021-10-24 15:01: **********Val Epoch 88: average Loss: 26.649539
2021-10-24 15:01: *********************************Current best model saved!
2021-10-24 15:01: Train Epoch 89: 0/156 Loss: 21.861410
2021-10-24 15:02: Train Epoch 89: 20/156 Loss: 22.783617
2021-10-24 15:02: Train Epoch 89: 40/156 Loss: 22.136953
2021-10-24 15:03: Train Epoch 89: 60/156 Loss: 21.543901
2021-10-24 15:03: Train Epoch 89: 80/156 Loss: 22.097193
2021-10-24 15:04: Train Epoch 89: 100/156 Loss: 21.280703
2021-10-24 15:04: Train Epoch 89: 120/156 Loss: 21.304533
2021-10-24 15:04: Train Epoch 89: 140/156 Loss: 21.850338
2021-10-24 15:05: **********Train Epoch 89: averaged Loss: 22.033594, tf_ratio: 1.000000
2021-10-24 15:05: **********Val Epoch 89: average Loss: 27.053479
2021-10-24 15:05: Train Epoch 90: 0/156 Loss: 21.616226
2021-10-24 15:05: Train Epoch 90: 20/156 Loss: 23.134905
2021-10-24 15:06: Train Epoch 90: 40/156 Loss: 22.328693
2021-10-24 15:06: Train Epoch 90: 60/156 Loss: 22.602966
2021-10-24 15:07: Train Epoch 90: 80/156 Loss: 20.959787
2021-10-24 15:07: Train Epoch 90: 100/156 Loss: 22.456913
2021-10-24 15:08: Train Epoch 90: 120/156 Loss: 21.971586
2021-10-24 15:08: Train Epoch 90: 140/156 Loss: 21.264427
2021-10-24 15:08: **********Train Epoch 90: averaged Loss: 22.042458, tf_ratio: 1.000000
2021-10-24 15:08: **********Val Epoch 90: average Loss: 27.797804
2021-10-24 15:09: Train Epoch 91: 0/156 Loss: 22.542095
2021-10-24 15:09: Train Epoch 91: 20/156 Loss: 21.648563
2021-10-24 15:09: Train Epoch 91: 40/156 Loss: 22.118544
2021-10-24 15:10: Train Epoch 91: 60/156 Loss: 22.191195
2021-10-24 15:10: Train Epoch 91: 80/156 Loss: 22.025694
2021-10-24 15:11: Train Epoch 91: 100/156 Loss: 21.561546
2021-10-24 15:11: Train Epoch 91: 120/156 Loss: 22.229706
2021-10-24 15:12: Train Epoch 91: 140/156 Loss: 22.059744
2021-10-24 15:12: **********Train Epoch 91: averaged Loss: 22.089872, tf_ratio: 1.000000
2021-10-24 15:12: **********Val Epoch 91: average Loss: 28.944047
2021-10-24 15:12: Train Epoch 92: 0/156 Loss: 23.056097
2021-10-24 15:13: Train Epoch 92: 20/156 Loss: 22.560934
2021-10-24 15:13: Train Epoch 92: 40/156 Loss: 21.649584
2021-10-24 15:13: Train Epoch 92: 60/156 Loss: 23.074286
2021-10-24 15:14: Train Epoch 92: 80/156 Loss: 22.573645
2021-10-24 15:14: Train Epoch 92: 100/156 Loss: 22.329441
2021-10-24 15:15: Train Epoch 92: 120/156 Loss: 20.990728
2021-10-24 15:15: Train Epoch 92: 140/156 Loss: 21.822456
2021-10-24 15:16: **********Train Epoch 92: averaged Loss: 21.959923, tf_ratio: 1.000000
2021-10-24 15:16: **********Val Epoch 92: average Loss: 27.041855
2021-10-24 15:16: Train Epoch 93: 0/156 Loss: 21.497847
2021-10-24 15:16: Train Epoch 93: 20/156 Loss: 22.162964
2021-10-24 15:17: Train Epoch 93: 40/156 Loss: 21.896076
2021-10-24 15:17: Train Epoch 93: 60/156 Loss: 22.015614
2021-10-24 15:17: Train Epoch 93: 80/156 Loss: 22.097605
2021-10-24 15:18: Train Epoch 93: 100/156 Loss: 21.878824
2021-10-24 15:18: Train Epoch 93: 120/156 Loss: 22.533405
2021-10-24 15:19: Train Epoch 93: 140/156 Loss: 21.537363
2021-10-24 15:19: **********Train Epoch 93: averaged Loss: 21.856107, tf_ratio: 1.000000
2021-10-24 15:19: **********Val Epoch 93: average Loss: 26.724263
2021-10-24 15:19: Train Epoch 94: 0/156 Loss: 21.583895
2021-10-24 15:20: Train Epoch 94: 20/156 Loss: 21.339352
2021-10-24 15:20: Train Epoch 94: 40/156 Loss: 23.160833
2021-10-24 15:21: Train Epoch 94: 60/156 Loss: 21.534655
2021-10-24 15:21: Train Epoch 94: 80/156 Loss: 22.482347
2021-10-24 15:21: Train Epoch 94: 100/156 Loss: 21.627295
2021-10-24 15:22: Train Epoch 94: 120/156 Loss: 22.552755
2021-10-24 15:22: Train Epoch 94: 140/156 Loss: 21.986374
2021-10-24 15:23: **********Train Epoch 94: averaged Loss: 22.050742, tf_ratio: 1.000000
2021-10-24 15:23: **********Val Epoch 94: average Loss: 26.605438
2021-10-24 15:23: *********************************Current best model saved!
2021-10-24 15:23: Train Epoch 95: 0/156 Loss: 20.920691
2021-10-24 15:23: Train Epoch 95: 20/156 Loss: 20.236729
2021-10-24 15:24: Train Epoch 95: 40/156 Loss: 22.051334
2021-10-24 15:24: Train Epoch 95: 60/156 Loss: 22.266129
2021-10-24 15:25: Train Epoch 95: 80/156 Loss: 22.873785
2021-10-24 15:25: Train Epoch 95: 100/156 Loss: 23.121698
2021-10-24 15:26: Train Epoch 95: 120/156 Loss: 21.527765
2021-10-24 15:26: Train Epoch 95: 140/156 Loss: 20.759855
2021-10-24 15:26: **********Train Epoch 95: averaged Loss: 21.805182, tf_ratio: 1.000000
2021-10-24 15:26: **********Val Epoch 95: average Loss: 28.359267
2021-10-24 15:26: Train Epoch 96: 0/156 Loss: 21.729412
2021-10-24 15:27: Train Epoch 96: 20/156 Loss: 21.181648
2021-10-24 15:27: Train Epoch 96: 40/156 Loss: 22.079027
2021-10-24 15:28: Train Epoch 96: 60/156 Loss: 22.216702
2021-10-24 15:28: Train Epoch 96: 80/156 Loss: 21.717880
2021-10-24 15:29: Train Epoch 96: 100/156 Loss: 21.774532
2021-10-24 15:29: Train Epoch 96: 120/156 Loss: 22.044903
2021-10-24 15:30: Train Epoch 96: 140/156 Loss: 22.011385
2021-10-24 15:30: **********Train Epoch 96: averaged Loss: 21.818025, tf_ratio: 1.000000
2021-10-24 15:30: **********Val Epoch 96: average Loss: 26.361522
2021-10-24 15:30: *********************************Current best model saved!
2021-10-24 15:30: Train Epoch 97: 0/156 Loss: 21.205711
2021-10-24 15:31: Train Epoch 97: 20/156 Loss: 22.171312
2021-10-24 15:31: Train Epoch 97: 40/156 Loss: 22.285189
2021-10-24 15:31: Train Epoch 97: 60/156 Loss: 21.345844
2021-10-24 15:32: Train Epoch 97: 80/156 Loss: 22.594955
2021-10-24 15:32: Train Epoch 97: 100/156 Loss: 22.516649
2021-10-24 15:33: Train Epoch 97: 120/156 Loss: 20.434982
2021-10-24 15:33: Train Epoch 97: 140/156 Loss: 22.599564
2021-10-24 15:34: **********Train Epoch 97: averaged Loss: 22.020784, tf_ratio: 1.000000
2021-10-24 15:34: **********Val Epoch 97: average Loss: 26.520380
2021-10-24 15:34: Train Epoch 98: 0/156 Loss: 22.095772
2021-10-24 15:34: Train Epoch 98: 20/156 Loss: 21.575319
2021-10-24 15:35: Train Epoch 98: 40/156 Loss: 20.847528
2021-10-24 15:35: Train Epoch 98: 60/156 Loss: 21.893473
2021-10-24 15:35: Train Epoch 98: 80/156 Loss: 21.857327
2021-10-24 15:36: Train Epoch 98: 100/156 Loss: 22.593346
2021-10-24 15:36: Train Epoch 98: 120/156 Loss: 21.936178
2021-10-24 15:37: Train Epoch 98: 140/156 Loss: 21.363888
2021-10-24 15:37: **********Train Epoch 98: averaged Loss: 21.673702, tf_ratio: 1.000000
2021-10-24 15:37: **********Val Epoch 98: average Loss: 26.945921
2021-10-24 15:37: Train Epoch 99: 0/156 Loss: 22.541792
2021-10-24 15:38: Train Epoch 99: 20/156 Loss: 21.520834
2021-10-24 15:38: Train Epoch 99: 40/156 Loss: 21.245838
2021-10-24 15:39: Train Epoch 99: 60/156 Loss: 20.644112
2021-10-24 15:39: Train Epoch 99: 80/156 Loss: 21.785063
2021-10-24 15:39: Train Epoch 99: 100/156 Loss: 21.144411
2021-10-24 15:40: Train Epoch 99: 120/156 Loss: 21.957993
2021-10-24 15:40: Train Epoch 99: 140/156 Loss: 22.151062
2021-10-24 15:41: **********Train Epoch 99: averaged Loss: 21.566847, tf_ratio: 1.000000
2021-10-24 15:41: **********Val Epoch 99: average Loss: 26.874803
2021-10-24 15:41: Train Epoch 100: 0/156 Loss: 20.705492
2021-10-24 15:41: Train Epoch 100: 20/156 Loss: 20.588680
2021-10-24 15:42: Train Epoch 100: 40/156 Loss: 21.302980
2021-10-24 15:42: Train Epoch 100: 60/156 Loss: 21.631855
2021-10-24 15:43: Train Epoch 100: 80/156 Loss: 20.390652
2021-10-24 15:43: Train Epoch 100: 100/156 Loss: 21.433016
2021-10-24 15:44: Train Epoch 100: 120/156 Loss: 20.748487
2021-10-24 15:44: Train Epoch 100: 140/156 Loss: 21.362141
2021-10-24 15:44: **********Train Epoch 100: averaged Loss: 21.528032, tf_ratio: 1.000000
2021-10-24 15:44: **********Val Epoch 100: average Loss: 26.594890
2021-10-24 15:44: Total training time: 358.6803min, best loss: 26.361522
2021-10-24 15:44: Saving current best model to /content/AGCRN/model/experiments/PEMSD4/20211024094617/best_model.pth
2021-10-24 15:45: Horizon 01, MAE: 23.17, RMSE: 36.54, MAPE: 17.9451%
2021-10-24 15:45: Horizon 02, MAE: 22.85, RMSE: 36.18, MAPE: 17.4954%
2021-10-24 15:45: Horizon 03, MAE: 22.61, RMSE: 35.91, MAPE: 17.1375%
2021-10-24 15:45: Horizon 04, MAE: 22.39, RMSE: 35.69, MAPE: 16.8075%
2021-10-24 15:45: Horizon 05, MAE: 22.26, RMSE: 35.57, MAPE: 16.5753%
2021-10-24 15:45: Horizon 06, MAE: 22.20, RMSE: 35.54, MAPE: 16.4087%
2021-10-24 15:45: Horizon 07, MAE: 22.22, RMSE: 35.61, MAPE: 16.2758%
2021-10-24 15:45: Horizon 08, MAE: 22.28, RMSE: 35.73, MAPE: 16.1997%
2021-10-24 15:45: Horizon 09, MAE: 22.37, RMSE: 35.90, MAPE: 16.1323%
2021-10-24 15:45: Horizon 10, MAE: 22.49, RMSE: 36.10, MAPE: 16.0903%
2021-10-24 15:45: Horizon 11, MAE: 22.64, RMSE: 36.34, MAPE: 16.0870%
2021-10-24 15:45: Horizon 12, MAE: 22.83, RMSE: 36.65, MAPE: 16.1580%
2021-10-24 15:45: Horizon 13, MAE: 23.07, RMSE: 37.01, MAPE: 16.2216%
2021-10-24 15:45: Horizon 14, MAE: 23.31, RMSE: 37.38, MAPE: 16.3081%
2021-10-24 15:45: Horizon 15, MAE: 23.53, RMSE: 37.73, MAPE: 16.3975%
2021-10-24 15:45: Horizon 16, MAE: 23.72, RMSE: 38.03, MAPE: 16.4639%
2021-10-24 15:45: Horizon 17, MAE: 23.90, RMSE: 38.33, MAPE: 16.5117%
2021-10-24 15:45: Horizon 18, MAE: 24.09, RMSE: 38.64, MAPE: 16.5682%
2021-10-24 15:45: Horizon 19, MAE: 24.26, RMSE: 38.93, MAPE: 16.6349%
2021-10-24 15:45: Horizon 20, MAE: 24.42, RMSE: 39.19, MAPE: 16.6986%
2021-10-24 15:45: Horizon 21, MAE: 24.55, RMSE: 39.42, MAPE: 16.7393%
2021-10-24 15:45: Horizon 22, MAE: 24.68, RMSE: 39.64, MAPE: 16.7814%
2021-10-24 15:45: Horizon 23, MAE: 24.80, RMSE: 39.87, MAPE: 16.8365%
2021-10-24 15:45: Horizon 24, MAE: 24.96, RMSE: 40.13, MAPE: 16.8814%
2021-10-24 15:45: Horizon 25, MAE: 25.11, RMSE: 40.38, MAPE: 16.9445%
2021-10-24 15:45: Horizon 26, MAE: 25.27, RMSE: 40.64, MAPE: 16.9905%
2021-10-24 15:45: Horizon 27, MAE: 25.43, RMSE: 40.89, MAPE: 17.0593%
2021-10-24 15:45: Horizon 28, MAE: 25.56, RMSE: 41.11, MAPE: 17.1108%
2021-10-24 15:45: Horizon 29, MAE: 25.70, RMSE: 41.35, MAPE: 17.1628%
2021-10-24 15:45: Horizon 30, MAE: 25.85, RMSE: 41.60, MAPE: 17.2138%
2021-10-24 15:45: Horizon 31, MAE: 26.00, RMSE: 41.84, MAPE: 17.2605%
2021-10-24 15:45: Horizon 32, MAE: 26.16, RMSE: 42.08, MAPE: 17.3242%
2021-10-24 15:45: Horizon 33, MAE: 26.28, RMSE: 42.29, MAPE: 17.3803%
2021-10-24 15:45: Horizon 34, MAE: 26.40, RMSE: 42.49, MAPE: 17.4231%
2021-10-24 15:45: Horizon 35, MAE: 26.50, RMSE: 42.67, MAPE: 17.4842%
2021-10-24 15:45: Horizon 36, MAE: 26.62, RMSE: 42.89, MAPE: 17.5537%
2021-10-24 15:45: Horizon 37, MAE: 26.76, RMSE: 43.10, MAPE: 17.6273%
2021-10-24 15:45: Horizon 38, MAE: 26.90, RMSE: 43.31, MAPE: 17.7054%
2021-10-24 15:45: Horizon 39, MAE: 27.01, RMSE: 43.49, MAPE: 17.7695%
2021-10-24 15:45: Horizon 40, MAE: 27.12, RMSE: 43.66, MAPE: 17.8191%
2021-10-24 15:45: Horizon 41, MAE: 27.22, RMSE: 43.82, MAPE: 17.8459%
2021-10-24 15:45: Horizon 42, MAE: 27.33, RMSE: 43.99, MAPE: 17.8990%
2021-10-24 15:45: Horizon 43, MAE: 27.41, RMSE: 44.14, MAPE: 17.9341%
2021-10-24 15:45: Horizon 44, MAE: 27.49, RMSE: 44.24, MAPE: 17.9807%
2021-10-24 15:45: Horizon 45, MAE: 27.55, RMSE: 44.33, MAPE: 18.0094%
2021-10-24 15:45: Horizon 46, MAE: 27.61, RMSE: 44.42, MAPE: 18.0485%
2021-10-24 15:45: Horizon 47, MAE: 27.68, RMSE: 44.52, MAPE: 18.0876%
2021-10-24 15:45: Horizon 48, MAE: 27.76, RMSE: 44.63, MAPE: 18.1441%
2021-10-24 15:45: Horizon 49, MAE: 27.84, RMSE: 44.75, MAPE: 18.2033%
2021-10-24 15:45: Horizon 50, MAE: 27.93, RMSE: 44.85, MAPE: 18.2747%
2021-10-24 15:45: Horizon 51, MAE: 28.01, RMSE: 44.95, MAPE: 18.3391%
2021-10-24 15:45: Horizon 52, MAE: 28.08, RMSE: 45.02, MAPE: 18.4006%
2021-10-24 15:45: Horizon 53, MAE: 28.15, RMSE: 45.11, MAPE: 18.4439%
2021-10-24 15:45: Horizon 54, MAE: 28.22, RMSE: 45.18, MAPE: 18.5145%
2021-10-24 15:45: Horizon 55, MAE: 28.29, RMSE: 45.25, MAPE: 18.5761%
2021-10-24 15:45: Horizon 56, MAE: 28.33, RMSE: 45.28, MAPE: 18.6435%
2021-10-24 15:45: Horizon 57, MAE: 28.36, RMSE: 45.28, MAPE: 18.6845%
2021-10-24 15:45: Horizon 58, MAE: 28.38, RMSE: 45.28, MAPE: 18.7355%
2021-10-24 15:45: Horizon 59, MAE: 28.41, RMSE: 45.30, MAPE: 18.7827%
2021-10-24 15:45: Horizon 60, MAE: 28.45, RMSE: 45.33, MAPE: 18.8355%
2021-10-24 15:45: Horizon 61, MAE: 28.49, RMSE: 45.36, MAPE: 18.8917%
2021-10-24 15:45: Horizon 62, MAE: 28.54, RMSE: 45.40, MAPE: 18.9469%
2021-10-24 15:45: Horizon 63, MAE: 28.56, RMSE: 45.42, MAPE: 18.9971%
2021-10-24 15:45: Horizon 64, MAE: 28.59, RMSE: 45.45, MAPE: 19.0190%
2021-10-24 15:45: Horizon 65, MAE: 28.61, RMSE: 45.48, MAPE: 19.0695%
2021-10-24 15:45: Horizon 66, MAE: 28.62, RMSE: 45.50, MAPE: 19.1123%
2021-10-24 15:45: Horizon 67, MAE: 28.64, RMSE: 45.54, MAPE: 19.1563%
2021-10-24 15:45: Horizon 68, MAE: 28.63, RMSE: 45.55, MAPE: 19.1900%
2021-10-24 15:45: Horizon 69, MAE: 28.61, RMSE: 45.56, MAPE: 19.2117%
2021-10-24 15:45: Horizon 70, MAE: 28.61, RMSE: 45.56, MAPE: 19.2641%
2021-10-24 15:45: Horizon 71, MAE: 28.61, RMSE: 45.59, MAPE: 19.3254%
2021-10-24 15:45: Horizon 72, MAE: 28.60, RMSE: 45.62, MAPE: 19.3692%
2021-10-24 15:45: Horizon 73, MAE: 28.60, RMSE: 45.64, MAPE: 19.4137%
2021-10-24 15:45: Horizon 74, MAE: 28.59, RMSE: 45.64, MAPE: 19.4570%
2021-10-24 15:45: Horizon 75, MAE: 28.58, RMSE: 45.65, MAPE: 19.5180%
2021-10-24 15:45: Horizon 76, MAE: 28.57, RMSE: 45.67, MAPE: 19.5372%
2021-10-24 15:45: Horizon 77, MAE: 28.57, RMSE: 45.69, MAPE: 19.5823%
2021-10-24 15:45: Horizon 78, MAE: 28.55, RMSE: 45.70, MAPE: 19.6273%
2021-10-24 15:45: Horizon 79, MAE: 28.52, RMSE: 45.69, MAPE: 19.6633%
2021-10-24 15:45: Horizon 80, MAE: 28.48, RMSE: 45.66, MAPE: 19.6956%
2021-10-24 15:45: Horizon 81, MAE: 28.43, RMSE: 45.62, MAPE: 19.7220%
2021-10-24 15:45: Horizon 82, MAE: 28.39, RMSE: 45.59, MAPE: 19.7355%
2021-10-24 15:45: Horizon 83, MAE: 28.35, RMSE: 45.57, MAPE: 19.7672%
2021-10-24 15:45: Horizon 84, MAE: 28.31, RMSE: 45.51, MAPE: 19.8242%
2021-10-24 15:45: Horizon 85, MAE: 28.26, RMSE: 45.46, MAPE: 19.8218%
2021-10-24 15:45: Horizon 86, MAE: 28.21, RMSE: 45.41, MAPE: 19.8555%
2021-10-24 15:45: Horizon 87, MAE: 28.17, RMSE: 45.37, MAPE: 19.8991%
2021-10-24 15:45: Horizon 88, MAE: 28.15, RMSE: 45.35, MAPE: 19.9100%
2021-10-24 15:45: Horizon 89, MAE: 28.13, RMSE: 45.34, MAPE: 19.9205%
2021-10-24 15:45: Horizon 90, MAE: 28.11, RMSE: 45.34, MAPE: 19.9237%
2021-10-24 15:45: Horizon 91, MAE: 28.10, RMSE: 45.34, MAPE: 19.9077%
2021-10-24 15:45: Horizon 92, MAE: 28.08, RMSE: 45.33, MAPE: 19.9056%
2021-10-24 15:45: Horizon 93, MAE: 28.06, RMSE: 45.33, MAPE: 19.9058%
2021-10-24 15:45: Horizon 94, MAE: 28.06, RMSE: 45.34, MAPE: 19.9132%
2021-10-24 15:45: Horizon 95, MAE: 28.07, RMSE: 45.36, MAPE: 19.9420%
2021-10-24 15:45: Horizon 96, MAE: 28.08, RMSE: 45.37, MAPE: 19.9832%
2021-10-24 15:45: Horizon 97, MAE: 28.10, RMSE: 45.37, MAPE: 20.0099%
2021-10-24 15:45: Horizon 98, MAE: 28.12, RMSE: 45.36, MAPE: 20.0567%
2021-10-24 15:45: Horizon 99, MAE: 28.14, RMSE: 45.36, MAPE: 20.1025%
2021-10-24 15:45: Horizon 100, MAE: 28.18, RMSE: 45.38, MAPE: 20.1593%
2021-10-24 15:45: Horizon 101, MAE: 28.22, RMSE: 45.40, MAPE: 20.1958%
2021-10-24 15:45: Horizon 102, MAE: 28.27, RMSE: 45.43, MAPE: 20.2744%
2021-10-24 15:45: Horizon 103, MAE: 28.30, RMSE: 45.44, MAPE: 20.3171%
2021-10-24 15:45: Horizon 104, MAE: 28.33, RMSE: 45.45, MAPE: 20.3760%
2021-10-24 15:45: Horizon 105, MAE: 28.35, RMSE: 45.45, MAPE: 20.4536%
2021-10-24 15:45: Horizon 106, MAE: 28.37, RMSE: 45.46, MAPE: 20.5045%
2021-10-24 15:45: Horizon 107, MAE: 28.40, RMSE: 45.49, MAPE: 20.5525%
2021-10-24 15:45: Horizon 108, MAE: 28.44, RMSE: 45.52, MAPE: 20.6483%
2021-10-24 15:45: Horizon 109, MAE: 28.49, RMSE: 45.56, MAPE: 20.7421%
2021-10-24 15:45: Horizon 110, MAE: 28.52, RMSE: 45.59, MAPE: 20.7841%
2021-10-24 15:45: Horizon 111, MAE: 28.56, RMSE: 45.62, MAPE: 20.8350%
2021-10-24 15:45: Horizon 112, MAE: 28.61, RMSE: 45.67, MAPE: 20.8854%
2021-10-24 15:45: Horizon 113, MAE: 28.66, RMSE: 45.73, MAPE: 20.9141%
2021-10-24 15:45: Horizon 114, MAE: 28.72, RMSE: 45.80, MAPE: 20.9568%
2021-10-24 15:45: Horizon 115, MAE: 28.79, RMSE: 45.87, MAPE: 21.0120%
2021-10-24 15:45: Horizon 116, MAE: 28.84, RMSE: 45.93, MAPE: 21.0758%
2021-10-24 15:45: Horizon 117, MAE: 28.89, RMSE: 46.01, MAPE: 21.1349%
2021-10-24 15:45: Horizon 118, MAE: 28.95, RMSE: 46.10, MAPE: 21.2047%
2021-10-24 15:45: Horizon 119, MAE: 29.03, RMSE: 46.21, MAPE: 21.3073%
2021-10-24 15:45: Horizon 120, MAE: 29.12, RMSE: 46.33, MAPE: 21.3934%
2021-10-24 15:45: Horizon 121, MAE: 29.22, RMSE: 46.44, MAPE: 21.5225%
2021-10-24 15:45: Horizon 122, MAE: 29.30, RMSE: 46.54, MAPE: 21.6226%
2021-10-24 15:45: Horizon 123, MAE: 29.38, RMSE: 46.64, MAPE: 21.7349%
2021-10-24 15:45: Horizon 124, MAE: 29.47, RMSE: 46.74, MAPE: 21.8614%
2021-10-24 15:45: Horizon 125, MAE: 29.56, RMSE: 46.86, MAPE: 21.9807%
2021-10-24 15:45: Horizon 126, MAE: 29.65, RMSE: 46.97, MAPE: 22.1162%
2021-10-24 15:45: Horizon 127, MAE: 29.74, RMSE: 47.08, MAPE: 22.2345%
2021-10-24 15:45: Horizon 128, MAE: 29.81, RMSE: 47.18, MAPE: 22.3826%
2021-10-24 15:45: Horizon 129, MAE: 29.87, RMSE: 47.28, MAPE: 22.4885%
2021-10-24 15:45: Horizon 130, MAE: 29.93, RMSE: 47.40, MAPE: 22.6089%
2021-10-24 15:45: Horizon 131, MAE: 30.02, RMSE: 47.56, MAPE: 22.7427%
2021-10-24 15:45: Horizon 132, MAE: 30.13, RMSE: 47.74, MAPE: 22.8643%
2021-10-24 15:45: Horizon 133, MAE: 30.25, RMSE: 47.92, MAPE: 23.0011%
2021-10-24 15:45: Horizon 134, MAE: 30.37, RMSE: 48.12, MAPE: 23.1525%
2021-10-24 15:45: Horizon 135, MAE: 30.51, RMSE: 48.34, MAPE: 23.3169%
2021-10-24 15:45: Horizon 136, MAE: 30.69, RMSE: 48.61, MAPE: 23.4865%
2021-10-24 15:45: Horizon 137, MAE: 30.92, RMSE: 48.94, MAPE: 23.6979%
2021-10-24 15:45: Horizon 138, MAE: 31.22, RMSE: 49.33, MAPE: 23.9225%
2021-10-24 15:45: Horizon 139, MAE: 31.55, RMSE: 49.75, MAPE: 24.2137%
2021-10-24 15:45: Horizon 140, MAE: 31.91, RMSE: 50.21, MAPE: 24.5409%
2021-10-24 15:45: Horizon 141, MAE: 32.33, RMSE: 50.73, MAPE: 24.8972%
2021-10-24 15:45: Horizon 142, MAE: 32.81, RMSE: 51.34, MAPE: 25.3083%
2021-10-24 15:45: Horizon 143, MAE: 33.37, RMSE: 52.01, MAPE: 25.8392%
2021-10-24 15:45: Horizon 144, MAE: 33.98, RMSE: 52.76, MAPE: 26.3693%
2021-10-24 15:45: Average Horizon, MAE: 27.64, RMSE: 44.33, MAPE: 19.4468%
