2021-10-28 10:27: Experiment log path in: /content/AGCRN/model/experiments/PEMSD8/20211028102753
2021-10-28 10:27: Train Epoch 1: 0/167 Loss: 230.122253
2021-10-28 10:28: Train Epoch 1: 20/167 Loss: 244.975143
2021-10-28 10:28: Train Epoch 1: 40/167 Loss: 230.546249
2021-10-28 10:28: Train Epoch 1: 60/167 Loss: 208.971893
2021-10-28 10:28: Train Epoch 1: 80/167 Loss: 221.761719
2021-10-28 10:28: Train Epoch 1: 100/167 Loss: 184.957748
2021-10-28 10:28: Train Epoch 1: 120/167 Loss: 215.138229
2021-10-28 10:28: Train Epoch 1: 140/167 Loss: 196.850494
2021-10-28 10:28: Train Epoch 1: 160/167 Loss: 215.792969
2021-10-28 10:28: **********Train Epoch 1: averaged Loss: 211.087850, tf_ratio: 1.000000
2021-10-28 10:28: **********Val Epoch 1: average Loss: 196.366550
2021-10-28 10:28: *********************************Current best model saved!
2021-10-28 10:28: Train Epoch 2: 0/167 Loss: 194.251755
2021-10-28 10:29: Train Epoch 2: 20/167 Loss: 195.962845
2021-10-28 10:29: Train Epoch 2: 40/167 Loss: 215.439865
2021-10-28 10:29: Train Epoch 2: 60/167 Loss: 185.765823
2021-10-28 10:29: Train Epoch 2: 80/167 Loss: 175.291519
2021-10-28 10:29: Train Epoch 2: 100/167 Loss: 161.781830
2021-10-28 10:29: Train Epoch 2: 120/167 Loss: 141.153473
2021-10-28 10:29: Train Epoch 2: 140/167 Loss: 178.430862
2021-10-28 10:29: Train Epoch 2: 160/167 Loss: 159.355560
2021-10-28 10:29: **********Train Epoch 2: averaged Loss: 180.278239, tf_ratio: 1.000000
2021-10-28 10:30: **********Val Epoch 2: average Loss: 171.609595
2021-10-28 10:30: *********************************Current best model saved!
2021-10-28 10:30: Train Epoch 3: 0/167 Loss: 181.677307
2021-10-28 10:30: Train Epoch 3: 20/167 Loss: 170.392319
2021-10-28 10:30: Train Epoch 3: 40/167 Loss: 140.348389
2021-10-28 10:30: Train Epoch 3: 60/167 Loss: 165.389679
2021-10-28 10:30: Train Epoch 3: 80/167 Loss: 154.522156
2021-10-28 10:30: Train Epoch 3: 100/167 Loss: 164.167374
2021-10-28 10:30: Train Epoch 3: 120/167 Loss: 151.950836
2021-10-28 10:30: Train Epoch 3: 140/167 Loss: 145.523544
2021-10-28 10:30: Train Epoch 3: 160/167 Loss: 156.960236
2021-10-28 10:31: **********Train Epoch 3: averaged Loss: 159.437192, tf_ratio: 1.000000
2021-10-28 10:31: **********Val Epoch 3: average Loss: 154.256628
2021-10-28 10:31: *********************************Current best model saved!
2021-10-28 10:31: Train Epoch 4: 0/167 Loss: 149.688309
2021-10-28 10:31: Train Epoch 4: 20/167 Loss: 147.884995
2021-10-28 10:31: Train Epoch 4: 40/167 Loss: 144.388306
2021-10-28 10:31: Train Epoch 4: 60/167 Loss: 144.916367
2021-10-28 10:31: Train Epoch 4: 80/167 Loss: 154.611740
2021-10-28 10:31: Train Epoch 4: 100/167 Loss: 133.272247
2021-10-28 10:31: Train Epoch 4: 120/167 Loss: 129.803146
2021-10-28 10:31: Train Epoch 4: 140/167 Loss: 128.557083
2021-10-28 10:32: Train Epoch 4: 160/167 Loss: 138.030960
2021-10-28 10:32: **********Train Epoch 4: averaged Loss: 145.065258, tf_ratio: 1.000000
2021-10-28 10:32: **********Val Epoch 4: average Loss: 142.481865
2021-10-28 10:32: *********************************Current best model saved!
2021-10-28 10:32: Train Epoch 5: 0/167 Loss: 142.744980
2021-10-28 10:32: Train Epoch 5: 20/167 Loss: 140.881668
2021-10-28 10:32: Train Epoch 5: 40/167 Loss: 146.427963
2021-10-28 10:32: Train Epoch 5: 60/167 Loss: 137.121628
2021-10-28 10:32: Train Epoch 5: 80/167 Loss: 121.315109
2021-10-28 10:32: Train Epoch 5: 100/167 Loss: 144.412537
2021-10-28 10:32: Train Epoch 5: 120/167 Loss: 123.452911
2021-10-28 10:33: Train Epoch 5: 140/167 Loss: 126.044304
2021-10-28 10:33: Train Epoch 5: 160/167 Loss: 132.211166
2021-10-28 10:33: **********Train Epoch 5: averaged Loss: 135.492839, tf_ratio: 1.000000
2021-10-28 10:33: **********Val Epoch 5: average Loss: 133.870148
2021-10-28 10:33: *********************************Current best model saved!
2021-10-28 10:33: Train Epoch 6: 0/167 Loss: 125.651627
2021-10-28 10:33: Train Epoch 6: 20/167 Loss: 128.496506
2021-10-28 10:33: Train Epoch 6: 40/167 Loss: 128.008728
2021-10-28 10:33: Train Epoch 6: 60/167 Loss: 128.077774
2021-10-28 10:33: Train Epoch 6: 80/167 Loss: 116.872559
2021-10-28 10:33: Train Epoch 6: 100/167 Loss: 107.674988
2021-10-28 10:33: Train Epoch 6: 120/167 Loss: 107.977119
2021-10-28 10:34: Train Epoch 6: 140/167 Loss: 104.363518
2021-10-28 10:34: Train Epoch 6: 160/167 Loss: 99.040108
2021-10-28 10:34: **********Train Epoch 6: averaged Loss: 116.541538, tf_ratio: 1.000000
2021-10-28 10:34: **********Val Epoch 6: average Loss: 104.207510
2021-10-28 10:34: *********************************Current best model saved!
2021-10-28 10:34: Train Epoch 7: 0/167 Loss: 107.676872
2021-10-28 10:34: Train Epoch 7: 20/167 Loss: 91.761246
2021-10-28 10:34: Train Epoch 7: 40/167 Loss: 87.318542
2021-10-28 10:34: Train Epoch 7: 60/167 Loss: 100.601891
2021-10-28 10:34: Train Epoch 7: 80/167 Loss: 89.194382
2021-10-28 10:34: Train Epoch 7: 100/167 Loss: 96.621521
2021-10-28 10:35: Train Epoch 7: 120/167 Loss: 103.920914
2021-10-28 10:35: Train Epoch 7: 140/167 Loss: 91.508087
2021-10-28 10:35: Train Epoch 7: 160/167 Loss: 72.758980
2021-10-28 10:35: **********Train Epoch 7: averaged Loss: 91.592181, tf_ratio: 1.000000
2021-10-28 10:35: **********Val Epoch 7: average Loss: 85.956945
2021-10-28 10:35: *********************************Current best model saved!
2021-10-28 10:35: Train Epoch 8: 0/167 Loss: 80.851616
2021-10-28 10:35: Train Epoch 8: 20/167 Loss: 68.810730
2021-10-28 10:35: Train Epoch 8: 40/167 Loss: 68.772003
2021-10-28 10:35: Train Epoch 8: 60/167 Loss: 68.429626
2021-10-28 10:35: Train Epoch 8: 80/167 Loss: 80.219078
2021-10-28 10:36: Train Epoch 8: 100/167 Loss: 77.190155
2021-10-28 10:36: Train Epoch 8: 120/167 Loss: 75.610458
2021-10-28 10:36: Train Epoch 8: 140/167 Loss: 70.511017
2021-10-28 10:36: Train Epoch 8: 160/167 Loss: 83.840836
2021-10-28 10:36: **********Train Epoch 8: averaged Loss: 76.574860, tf_ratio: 1.000000
2021-10-28 10:36: **********Val Epoch 8: average Loss: 72.498683
2021-10-28 10:36: *********************************Current best model saved!
2021-10-28 10:36: Train Epoch 9: 0/167 Loss: 85.365723
2021-10-28 10:36: Train Epoch 9: 20/167 Loss: 75.970840
2021-10-28 10:36: Train Epoch 9: 40/167 Loss: 68.529808
2021-10-28 10:36: Train Epoch 9: 60/167 Loss: 71.233780
2021-10-28 10:36: Train Epoch 9: 80/167 Loss: 67.647812
2021-10-28 10:37: Train Epoch 9: 100/167 Loss: 70.866020
2021-10-28 10:37: Train Epoch 9: 120/167 Loss: 59.370449
2021-10-28 10:37: Train Epoch 9: 140/167 Loss: 60.490479
2021-10-28 10:37: Train Epoch 9: 160/167 Loss: 65.017143
2021-10-28 10:37: **********Train Epoch 9: averaged Loss: 64.978543, tf_ratio: 1.000000
2021-10-28 10:37: **********Val Epoch 9: average Loss: 62.177884
2021-10-28 10:37: *********************************Current best model saved!
2021-10-28 10:37: Train Epoch 10: 0/167 Loss: 63.475296
2021-10-28 10:37: Train Epoch 10: 20/167 Loss: 62.377163
2021-10-28 10:37: Train Epoch 10: 40/167 Loss: 54.614250
2021-10-28 10:37: Train Epoch 10: 60/167 Loss: 48.813023
2021-10-28 10:38: Train Epoch 10: 80/167 Loss: 57.437489
2021-10-28 10:38: Train Epoch 10: 100/167 Loss: 62.364090
2021-10-28 10:38: Train Epoch 10: 120/167 Loss: 54.871918
2021-10-28 10:38: Train Epoch 10: 140/167 Loss: 55.483452
2021-10-28 10:38: Train Epoch 10: 160/167 Loss: 54.773159
2021-10-28 10:38: **********Train Epoch 10: averaged Loss: 56.023377, tf_ratio: 1.000000
2021-10-28 10:38: **********Val Epoch 10: average Loss: 54.211289
2021-10-28 10:38: *********************************Current best model saved!
2021-10-28 10:38: Train Epoch 11: 0/167 Loss: 56.819313
2021-10-28 10:38: Train Epoch 11: 20/167 Loss: 52.069729
2021-10-28 10:38: Train Epoch 11: 40/167 Loss: 44.857101
2021-10-28 10:38: Train Epoch 11: 60/167 Loss: 53.843159
2021-10-28 10:39: Train Epoch 11: 80/167 Loss: 47.561520
2021-10-28 10:39: Train Epoch 11: 100/167 Loss: 44.864273
2021-10-28 10:39: Train Epoch 11: 120/167 Loss: 45.911842
2021-10-28 10:39: Train Epoch 11: 140/167 Loss: 52.139191
2021-10-28 10:39: Train Epoch 11: 160/167 Loss: 43.119820
2021-10-28 10:39: **********Train Epoch 11: averaged Loss: 49.002142, tf_ratio: 1.000000
2021-10-28 10:39: **********Val Epoch 11: average Loss: 47.702124
2021-10-28 10:39: *********************************Current best model saved!
2021-10-28 10:39: Train Epoch 12: 0/167 Loss: 51.670753
2021-10-28 10:39: Train Epoch 12: 20/167 Loss: 45.267380
2021-10-28 10:39: Train Epoch 12: 40/167 Loss: 50.851151
2021-10-28 10:40: Train Epoch 12: 60/167 Loss: 41.973648
2021-10-28 10:40: Train Epoch 12: 80/167 Loss: 42.808823
2021-10-28 10:40: Train Epoch 12: 100/167 Loss: 37.621857
2021-10-28 10:40: Train Epoch 12: 120/167 Loss: 45.611923
2021-10-28 10:40: Train Epoch 12: 140/167 Loss: 39.583565
2021-10-28 10:40: Train Epoch 12: 160/167 Loss: 35.847218
2021-10-28 10:40: **********Train Epoch 12: averaged Loss: 43.270617, tf_ratio: 1.000000
2021-10-28 10:40: **********Val Epoch 12: average Loss: 42.440648
2021-10-28 10:40: *********************************Current best model saved!
2021-10-28 10:40: Train Epoch 13: 0/167 Loss: 38.955677
2021-10-28 10:40: Train Epoch 13: 20/167 Loss: 37.189686
2021-10-28 10:41: Train Epoch 13: 40/167 Loss: 35.985794
2021-10-28 10:41: Train Epoch 13: 60/167 Loss: 34.956856
2021-10-28 10:41: Train Epoch 13: 80/167 Loss: 36.914948
2021-10-28 10:41: Train Epoch 13: 100/167 Loss: 37.200577
2021-10-28 10:41: Train Epoch 13: 120/167 Loss: 42.862427
2021-10-28 10:41: Train Epoch 13: 140/167 Loss: 33.880722
2021-10-28 10:41: Train Epoch 13: 160/167 Loss: 34.951427
2021-10-28 10:41: **********Train Epoch 13: averaged Loss: 38.597546, tf_ratio: 1.000000
2021-10-28 10:41: **********Val Epoch 13: average Loss: 38.059711
2021-10-28 10:41: *********************************Current best model saved!
2021-10-28 10:41: Train Epoch 14: 0/167 Loss: 38.347851
2021-10-28 10:41: Train Epoch 14: 20/167 Loss: 33.464645
2021-10-28 10:42: Train Epoch 14: 40/167 Loss: 35.362228
2021-10-28 10:42: Train Epoch 14: 60/167 Loss: 35.212273
2021-10-28 10:42: Train Epoch 14: 80/167 Loss: 33.211548
2021-10-28 10:42: Train Epoch 14: 100/167 Loss: 31.292400
2021-10-28 10:42: Train Epoch 14: 120/167 Loss: 32.110695
2021-10-28 10:42: Train Epoch 14: 140/167 Loss: 34.962963
2021-10-28 10:42: Train Epoch 14: 160/167 Loss: 34.129208
2021-10-28 10:42: **********Train Epoch 14: averaged Loss: 34.751037, tf_ratio: 1.000000
2021-10-28 10:42: **********Val Epoch 14: average Loss: 34.527797
2021-10-28 10:42: *********************************Current best model saved!
2021-10-28 10:42: Train Epoch 15: 0/167 Loss: 31.589808
2021-10-28 10:43: Train Epoch 15: 20/167 Loss: 36.390358
2021-10-28 10:43: Train Epoch 15: 40/167 Loss: 31.771172
2021-10-28 10:43: Train Epoch 15: 60/167 Loss: 30.652571
2021-10-28 10:43: Train Epoch 15: 80/167 Loss: 28.613674
2021-10-28 10:43: Train Epoch 15: 100/167 Loss: 33.634163
2021-10-28 10:43: Train Epoch 15: 120/167 Loss: 30.400190
2021-10-28 10:43: Train Epoch 15: 140/167 Loss: 27.401175
2021-10-28 10:43: Train Epoch 15: 160/167 Loss: 29.411345
2021-10-28 10:43: **********Train Epoch 15: averaged Loss: 31.637086, tf_ratio: 1.000000
2021-10-28 10:44: **********Val Epoch 15: average Loss: 31.570031
2021-10-28 10:44: *********************************Current best model saved!
2021-10-28 10:44: Train Epoch 16: 0/167 Loss: 29.264734
2021-10-28 10:44: Train Epoch 16: 20/167 Loss: 30.087448
2021-10-28 10:44: Train Epoch 16: 40/167 Loss: 30.523474
2021-10-28 10:44: Train Epoch 16: 60/167 Loss: 33.950386
2021-10-28 10:44: Train Epoch 16: 80/167 Loss: 29.129282
2021-10-28 10:44: Train Epoch 16: 100/167 Loss: 31.751400
2021-10-28 10:44: Train Epoch 16: 120/167 Loss: 27.113113
2021-10-28 10:44: Train Epoch 16: 140/167 Loss: 30.561506
2021-10-28 10:44: Train Epoch 16: 160/167 Loss: 27.944195
2021-10-28 10:45: **********Train Epoch 16: averaged Loss: 29.160747, tf_ratio: 1.000000
2021-10-28 10:45: **********Val Epoch 16: average Loss: 29.266953
2021-10-28 10:45: *********************************Current best model saved!
2021-10-28 10:45: Train Epoch 17: 0/167 Loss: 27.267832
2021-10-28 10:45: Train Epoch 17: 20/167 Loss: 29.920452
2021-10-28 10:45: Train Epoch 17: 40/167 Loss: 25.947035
2021-10-28 10:45: Train Epoch 17: 60/167 Loss: 30.645472
2021-10-28 10:45: Train Epoch 17: 80/167 Loss: 24.693829
2021-10-28 10:45: Train Epoch 17: 100/167 Loss: 27.187031
2021-10-28 10:45: Train Epoch 17: 120/167 Loss: 27.544018
2021-10-28 10:45: Train Epoch 17: 140/167 Loss: 27.416599
2021-10-28 10:46: Train Epoch 17: 160/167 Loss: 24.585739
2021-10-28 10:46: **********Train Epoch 17: averaged Loss: 27.117205, tf_ratio: 1.000000
2021-10-28 10:46: **********Val Epoch 17: average Loss: 27.278385
2021-10-28 10:46: *********************************Current best model saved!
2021-10-28 10:46: Train Epoch 18: 0/167 Loss: 29.129396
2021-10-28 10:46: Train Epoch 18: 20/167 Loss: 27.617641
2021-10-28 10:46: Train Epoch 18: 40/167 Loss: 25.679722
2021-10-28 10:46: Train Epoch 18: 60/167 Loss: 25.195690
2021-10-28 10:46: Train Epoch 18: 80/167 Loss: 26.110369
2021-10-28 10:46: Train Epoch 18: 100/167 Loss: 25.553492
2021-10-28 10:46: Train Epoch 18: 120/167 Loss: 27.574673
2021-10-28 10:47: Train Epoch 18: 140/167 Loss: 26.807217
2021-10-28 10:47: Train Epoch 18: 160/167 Loss: 25.265810
2021-10-28 10:47: **********Train Epoch 18: averaged Loss: 25.472986, tf_ratio: 1.000000
2021-10-28 10:47: **********Val Epoch 18: average Loss: 25.701517
2021-10-28 10:47: *********************************Current best model saved!
2021-10-28 10:47: Train Epoch 19: 0/167 Loss: 24.412985
2021-10-28 10:47: Train Epoch 19: 20/167 Loss: 27.537603
2021-10-28 10:47: Train Epoch 19: 40/167 Loss: 24.612707
2021-10-28 10:47: Train Epoch 19: 60/167 Loss: 24.074039
2021-10-28 10:47: Train Epoch 19: 80/167 Loss: 23.094776
2021-10-28 10:47: Train Epoch 19: 100/167 Loss: 23.177090
2021-10-28 10:47: Train Epoch 19: 120/167 Loss: 23.173239
2021-10-28 10:48: Train Epoch 19: 140/167 Loss: 24.296532
2021-10-28 10:48: Train Epoch 19: 160/167 Loss: 27.153185
2021-10-28 10:48: **********Train Epoch 19: averaged Loss: 24.142470, tf_ratio: 1.000000
2021-10-28 10:48: **********Val Epoch 19: average Loss: 24.328501
2021-10-28 10:48: *********************************Current best model saved!
2021-10-28 10:48: Train Epoch 20: 0/167 Loss: 21.875181
2021-10-28 10:48: Train Epoch 20: 20/167 Loss: 25.481857
2021-10-28 10:48: Train Epoch 20: 40/167 Loss: 23.330194
2021-10-28 10:48: Train Epoch 20: 60/167 Loss: 23.611794
2021-10-28 10:48: Train Epoch 20: 80/167 Loss: 22.958366
2021-10-28 10:48: Train Epoch 20: 100/167 Loss: 24.512926
2021-10-28 10:49: Train Epoch 20: 120/167 Loss: 20.838341
2021-10-28 10:49: Train Epoch 20: 140/167 Loss: 21.523998
2021-10-28 10:49: Train Epoch 20: 160/167 Loss: 22.563087
2021-10-28 10:49: **********Train Epoch 20: averaged Loss: 23.039870, tf_ratio: 1.000000
2021-10-28 10:49: **********Val Epoch 20: average Loss: 23.246891
2021-10-28 10:49: *********************************Current best model saved!
2021-10-28 10:49: Train Epoch 21: 0/167 Loss: 22.483599
2021-10-28 10:49: Train Epoch 21: 20/167 Loss: 24.809752
2021-10-28 10:49: Train Epoch 21: 40/167 Loss: 22.617195
2021-10-28 10:49: Train Epoch 21: 60/167 Loss: 21.357868
2021-10-28 10:49: Train Epoch 21: 80/167 Loss: 23.138794
2021-10-28 10:50: Train Epoch 21: 100/167 Loss: 22.786804
2021-10-28 10:50: Train Epoch 21: 120/167 Loss: 21.682350
2021-10-28 10:50: Train Epoch 21: 140/167 Loss: 22.729038
2021-10-28 10:50: Train Epoch 21: 160/167 Loss: 22.554272
2021-10-28 10:50: **********Train Epoch 21: averaged Loss: 22.079618, tf_ratio: 1.000000
2021-10-28 10:50: **********Val Epoch 21: average Loss: 22.336960
2021-10-28 10:50: *********************************Current best model saved!
2021-10-28 10:50: Train Epoch 22: 0/167 Loss: 24.251694
2021-10-28 10:50: Train Epoch 22: 20/167 Loss: 20.166521
2021-10-28 10:50: Train Epoch 22: 40/167 Loss: 21.321016
2021-10-28 10:50: Train Epoch 22: 60/167 Loss: 22.199104
2021-10-28 10:50: Train Epoch 22: 80/167 Loss: 18.926794
2021-10-28 10:51: Train Epoch 22: 100/167 Loss: 21.239782
2021-10-28 10:51: Train Epoch 22: 120/167 Loss: 23.532938
2021-10-28 10:51: Train Epoch 22: 140/167 Loss: 20.888596
2021-10-28 10:51: Train Epoch 22: 160/167 Loss: 19.888971
2021-10-28 10:51: **********Train Epoch 22: averaged Loss: 21.223692, tf_ratio: 1.000000
2021-10-28 10:51: **********Val Epoch 22: average Loss: 21.418809
2021-10-28 10:51: *********************************Current best model saved!
2021-10-28 10:51: Train Epoch 23: 0/167 Loss: 20.931017
2021-10-28 10:51: Train Epoch 23: 20/167 Loss: 20.631617
2021-10-28 10:51: Train Epoch 23: 40/167 Loss: 19.949579
2021-10-28 10:51: Train Epoch 23: 60/167 Loss: 22.716619
2021-10-28 10:52: Train Epoch 23: 80/167 Loss: 19.750324
2021-10-28 10:52: Train Epoch 23: 100/167 Loss: 20.141674
2021-10-28 10:52: Train Epoch 23: 120/167 Loss: 20.209211
2021-10-28 10:52: Train Epoch 23: 140/167 Loss: 20.843794
2021-10-28 10:52: Train Epoch 23: 160/167 Loss: 19.104141
2021-10-28 10:52: **********Train Epoch 23: averaged Loss: 20.555017, tf_ratio: 1.000000
2021-10-28 10:52: **********Val Epoch 23: average Loss: 20.746908
2021-10-28 10:52: *********************************Current best model saved!
2021-10-28 10:52: Train Epoch 24: 0/167 Loss: 18.968517
2021-10-28 10:52: Train Epoch 24: 20/167 Loss: 20.388639
2021-10-28 10:52: Train Epoch 24: 40/167 Loss: 20.635574
2021-10-28 10:53: Train Epoch 24: 60/167 Loss: 18.005527
2021-10-28 10:53: Train Epoch 24: 80/167 Loss: 19.991684
2021-10-28 10:53: Train Epoch 24: 100/167 Loss: 19.618345
2021-10-28 10:53: Train Epoch 24: 120/167 Loss: 19.314835
2021-10-28 10:53: Train Epoch 24: 140/167 Loss: 19.510305
2021-10-28 10:53: Train Epoch 24: 160/167 Loss: 19.501392
2021-10-28 10:53: **********Train Epoch 24: averaged Loss: 19.943756, tf_ratio: 1.000000
2021-10-28 10:53: **********Val Epoch 24: average Loss: 20.078596
2021-10-28 10:53: *********************************Current best model saved!
2021-10-28 10:53: Train Epoch 25: 0/167 Loss: 18.946531
2021-10-28 10:53: Train Epoch 25: 20/167 Loss: 18.951660
2021-10-28 10:53: Train Epoch 25: 40/167 Loss: 18.896700
2021-10-28 10:54: Train Epoch 25: 60/167 Loss: 18.115414
2021-10-28 10:54: Train Epoch 25: 80/167 Loss: 20.089273
2021-10-28 10:54: Train Epoch 25: 100/167 Loss: 19.342503
2021-10-28 10:54: Train Epoch 25: 120/167 Loss: 19.879084
2021-10-28 10:54: Train Epoch 25: 140/167 Loss: 20.549711
2021-10-28 10:54: Train Epoch 25: 160/167 Loss: 18.950308
2021-10-28 10:54: **********Train Epoch 25: averaged Loss: 19.387704, tf_ratio: 1.000000
2021-10-28 10:54: **********Val Epoch 25: average Loss: 19.548861
2021-10-28 10:54: *********************************Current best model saved!
2021-10-28 10:54: Train Epoch 26: 0/167 Loss: 18.587128
2021-10-28 10:54: Train Epoch 26: 20/167 Loss: 18.839569
2021-10-28 10:55: Train Epoch 26: 40/167 Loss: 19.559774
2021-10-28 10:55: Train Epoch 26: 60/167 Loss: 17.890446
2021-10-28 10:55: Train Epoch 26: 80/167 Loss: 18.630194
2021-10-28 10:55: Train Epoch 26: 100/167 Loss: 18.030542
2021-10-28 10:55: Train Epoch 26: 120/167 Loss: 18.482729
2021-10-28 10:55: Train Epoch 26: 140/167 Loss: 17.177374
2021-10-28 10:55: Train Epoch 26: 160/167 Loss: 18.790136
2021-10-28 10:55: **********Train Epoch 26: averaged Loss: 18.903596, tf_ratio: 1.000000
2021-10-28 10:55: **********Val Epoch 26: average Loss: 19.314765
2021-10-28 10:55: *********************************Current best model saved!
2021-10-28 10:55: Train Epoch 27: 0/167 Loss: 18.516285
2021-10-28 10:55: Train Epoch 27: 20/167 Loss: 19.388885
2021-10-28 10:56: Train Epoch 27: 40/167 Loss: 18.915577
2021-10-28 10:56: Train Epoch 27: 60/167 Loss: 18.983091
2021-10-28 10:56: Train Epoch 27: 80/167 Loss: 18.898182
2021-10-28 10:56: Train Epoch 27: 100/167 Loss: 20.678539
2021-10-28 10:56: Train Epoch 27: 120/167 Loss: 15.552144
2021-10-28 10:56: Train Epoch 27: 140/167 Loss: 20.914984
2021-10-28 10:56: Train Epoch 27: 160/167 Loss: 17.174953
2021-10-28 10:56: **********Train Epoch 27: averaged Loss: 18.585158, tf_ratio: 1.000000
2021-10-28 10:56: **********Val Epoch 27: average Loss: 18.674812
2021-10-28 10:56: *********************************Current best model saved!
2021-10-28 10:56: Train Epoch 28: 0/167 Loss: 18.208668
2021-10-28 10:57: Train Epoch 28: 20/167 Loss: 18.588078
2021-10-28 10:57: Train Epoch 28: 40/167 Loss: 18.446280
2021-10-28 10:57: Train Epoch 28: 60/167 Loss: 17.931885
2021-10-28 10:57: Train Epoch 28: 80/167 Loss: 18.555601
2021-10-28 10:57: Train Epoch 28: 100/167 Loss: 17.015867
2021-10-28 10:57: Train Epoch 28: 120/167 Loss: 18.388527
2021-10-28 10:57: Train Epoch 28: 140/167 Loss: 18.566404
2021-10-28 10:57: Train Epoch 28: 160/167 Loss: 17.622503
2021-10-28 10:57: **********Train Epoch 28: averaged Loss: 18.149017, tf_ratio: 1.000000
2021-10-28 10:58: **********Val Epoch 28: average Loss: 18.324859
2021-10-28 10:58: *********************************Current best model saved!
2021-10-28 10:58: Train Epoch 29: 0/167 Loss: 17.766434
2021-10-28 10:58: Train Epoch 29: 20/167 Loss: 17.507372
2021-10-28 10:58: Train Epoch 29: 40/167 Loss: 18.127333
2021-10-28 10:58: Train Epoch 29: 60/167 Loss: 17.724136
2021-10-28 10:58: Train Epoch 29: 80/167 Loss: 17.833805
2021-10-28 10:58: Train Epoch 29: 100/167 Loss: 17.731392
2021-10-28 10:58: Train Epoch 29: 120/167 Loss: 17.851206
2021-10-28 10:58: Train Epoch 29: 140/167 Loss: 18.689117
2021-10-28 10:58: Train Epoch 29: 160/167 Loss: 18.135345
2021-10-28 10:58: **********Train Epoch 29: averaged Loss: 17.886966, tf_ratio: 1.000000
2021-10-28 10:59: **********Val Epoch 29: average Loss: 18.045290
2021-10-28 10:59: *********************************Current best model saved!
2021-10-28 10:59: Train Epoch 30: 0/167 Loss: 18.189909
2021-10-28 10:59: Train Epoch 30: 20/167 Loss: 18.401173
2021-10-28 10:59: Train Epoch 30: 40/167 Loss: 17.570074
2021-10-28 10:59: Train Epoch 30: 60/167 Loss: 16.825356
2021-10-28 10:59: Train Epoch 30: 80/167 Loss: 17.898108
2021-10-28 10:59: Train Epoch 30: 100/167 Loss: 17.878500
2021-10-28 10:59: Train Epoch 30: 120/167 Loss: 17.212669
2021-10-28 10:59: Train Epoch 30: 140/167 Loss: 17.225016
2021-10-28 11:00: Train Epoch 30: 160/167 Loss: 17.352444
2021-10-28 11:00: **********Train Epoch 30: averaged Loss: 17.611486, tf_ratio: 1.000000
2021-10-28 11:00: **********Val Epoch 30: average Loss: 17.886146
2021-10-28 11:00: *********************************Current best model saved!
2021-10-28 11:00: Train Epoch 31: 0/167 Loss: 17.904823
2021-10-28 11:00: Train Epoch 31: 20/167 Loss: 16.580545
2021-10-28 11:00: Train Epoch 31: 40/167 Loss: 16.382629
2021-10-28 11:00: Train Epoch 31: 60/167 Loss: 19.036045
2021-10-28 11:00: Train Epoch 31: 80/167 Loss: 18.424541
2021-10-28 11:00: Train Epoch 31: 100/167 Loss: 17.531145
2021-10-28 11:00: Train Epoch 31: 120/167 Loss: 16.673914
2021-10-28 11:00: Train Epoch 31: 140/167 Loss: 17.099396
2021-10-28 11:01: Train Epoch 31: 160/167 Loss: 17.380072
2021-10-28 11:01: **********Train Epoch 31: averaged Loss: 17.375084, tf_ratio: 1.000000
2021-10-28 11:01: **********Val Epoch 31: average Loss: 17.772995
2021-10-28 11:01: *********************************Current best model saved!
2021-10-28 11:01: Train Epoch 32: 0/167 Loss: 17.083500
2021-10-28 11:01: Train Epoch 32: 20/167 Loss: 18.655273
2021-10-28 11:01: Train Epoch 32: 40/167 Loss: 16.687830
2021-10-28 11:01: Train Epoch 32: 60/167 Loss: 16.759836
2021-10-28 11:01: Train Epoch 32: 80/167 Loss: 15.856667
2021-10-28 11:01: Train Epoch 32: 100/167 Loss: 16.755087
2021-10-28 11:01: Train Epoch 32: 120/167 Loss: 17.934841
2021-10-28 11:02: Train Epoch 32: 140/167 Loss: 17.298983
2021-10-28 11:02: Train Epoch 32: 160/167 Loss: 15.804450
2021-10-28 11:02: **********Train Epoch 32: averaged Loss: 17.178968, tf_ratio: 1.000000
2021-10-28 11:02: **********Val Epoch 32: average Loss: 17.693714
2021-10-28 11:02: *********************************Current best model saved!
2021-10-28 11:02: Train Epoch 33: 0/167 Loss: 15.896005
2021-10-28 11:02: Train Epoch 33: 20/167 Loss: 17.565264
2021-10-28 11:02: Train Epoch 33: 40/167 Loss: 16.001190
2021-10-28 11:02: Train Epoch 33: 60/167 Loss: 16.526815
2021-10-28 11:02: Train Epoch 33: 80/167 Loss: 18.034061
2021-10-28 11:02: Train Epoch 33: 100/167 Loss: 17.062826
2021-10-28 11:03: Train Epoch 33: 120/167 Loss: 17.051764
2021-10-28 11:03: Train Epoch 33: 140/167 Loss: 16.707111
2021-10-28 11:03: Train Epoch 33: 160/167 Loss: 17.245970
2021-10-28 11:03: **********Train Epoch 33: averaged Loss: 17.018555, tf_ratio: 1.000000
2021-10-28 11:03: **********Val Epoch 33: average Loss: 17.581813
2021-10-28 11:03: *********************************Current best model saved!
2021-10-28 11:03: Train Epoch 34: 0/167 Loss: 17.084385
2021-10-28 11:03: Train Epoch 34: 20/167 Loss: 17.586414
2021-10-28 11:03: Train Epoch 34: 40/167 Loss: 17.013796
2021-10-28 11:03: Train Epoch 34: 60/167 Loss: 16.723986
2021-10-28 11:03: Train Epoch 34: 80/167 Loss: 15.493792
2021-10-28 11:03: Train Epoch 34: 100/167 Loss: 17.685707
2021-10-28 11:04: Train Epoch 34: 120/167 Loss: 16.192322
2021-10-28 11:04: Train Epoch 34: 140/167 Loss: 16.873281
2021-10-28 11:04: Train Epoch 34: 160/167 Loss: 16.156553
2021-10-28 11:04: **********Train Epoch 34: averaged Loss: 16.898446, tf_ratio: 1.000000
2021-10-28 11:04: **********Val Epoch 34: average Loss: 17.050049
2021-10-28 11:04: *********************************Current best model saved!
2021-10-28 11:04: Train Epoch 35: 0/167 Loss: 17.012966
2021-10-28 11:04: Train Epoch 35: 20/167 Loss: 17.592735
2021-10-28 11:04: Train Epoch 35: 40/167 Loss: 16.500938
2021-10-28 11:04: Train Epoch 35: 60/167 Loss: 17.275795
2021-10-28 11:04: Train Epoch 35: 80/167 Loss: 15.655996
2021-10-28 11:05: Train Epoch 35: 100/167 Loss: 16.066990
2021-10-28 11:05: Train Epoch 35: 120/167 Loss: 17.058756
2021-10-28 11:05: Train Epoch 35: 140/167 Loss: 15.550408
2021-10-28 11:05: Train Epoch 35: 160/167 Loss: 16.550362
2021-10-28 11:05: **********Train Epoch 35: averaged Loss: 16.708554, tf_ratio: 1.000000
2021-10-28 11:05: **********Val Epoch 35: average Loss: 16.967053
2021-10-28 11:05: *********************************Current best model saved!
2021-10-28 11:05: Train Epoch 36: 0/167 Loss: 17.208818
2021-10-28 11:05: Train Epoch 36: 20/167 Loss: 16.385651
2021-10-28 11:05: Train Epoch 36: 40/167 Loss: 14.975007
2021-10-28 11:05: Train Epoch 36: 60/167 Loss: 16.356220
2021-10-28 11:05: Train Epoch 36: 80/167 Loss: 15.480206
2021-10-28 11:06: Train Epoch 36: 100/167 Loss: 16.655268
2021-10-28 11:06: Train Epoch 36: 120/167 Loss: 16.099237
2021-10-28 11:06: Train Epoch 36: 140/167 Loss: 16.665878
2021-10-28 11:06: Train Epoch 36: 160/167 Loss: 16.659163
2021-10-28 11:06: **********Train Epoch 36: averaged Loss: 16.597431, tf_ratio: 1.000000
2021-10-28 11:06: **********Val Epoch 36: average Loss: 16.943434
2021-10-28 11:06: *********************************Current best model saved!
2021-10-28 11:06: Train Epoch 37: 0/167 Loss: 17.113148
2021-10-28 11:06: Train Epoch 37: 20/167 Loss: 17.220722
2021-10-28 11:06: Train Epoch 37: 40/167 Loss: 16.380400
2021-10-28 11:06: Train Epoch 37: 60/167 Loss: 16.091637
2021-10-28 11:07: Train Epoch 37: 80/167 Loss: 15.640208
2021-10-28 11:07: Train Epoch 37: 100/167 Loss: 16.344770
2021-10-28 11:07: Train Epoch 37: 120/167 Loss: 16.768005
2021-10-28 11:07: Train Epoch 37: 140/167 Loss: 16.294746
2021-10-28 11:07: Train Epoch 37: 160/167 Loss: 16.338091
2021-10-28 11:07: **********Train Epoch 37: averaged Loss: 16.495738, tf_ratio: 1.000000
2021-10-28 11:07: **********Val Epoch 37: average Loss: 16.942886
2021-10-28 11:07: *********************************Current best model saved!
2021-10-28 11:07: Train Epoch 38: 0/167 Loss: 16.787594
2021-10-28 11:07: Train Epoch 38: 20/167 Loss: 16.349251
2021-10-28 11:07: Train Epoch 38: 40/167 Loss: 14.846253
2021-10-28 11:08: Train Epoch 38: 60/167 Loss: 16.350321
2021-10-28 11:08: Train Epoch 38: 80/167 Loss: 17.483320
2021-10-28 11:08: Train Epoch 38: 100/167 Loss: 16.740200
2021-10-28 11:08: Train Epoch 38: 120/167 Loss: 16.135927
2021-10-28 11:08: Train Epoch 38: 140/167 Loss: 16.212820
2021-10-28 11:08: Train Epoch 38: 160/167 Loss: 14.774880
2021-10-28 11:08: **********Train Epoch 38: averaged Loss: 16.373488, tf_ratio: 1.000000
2021-10-28 11:08: **********Val Epoch 38: average Loss: 16.622846
2021-10-28 11:08: *********************************Current best model saved!
2021-10-28 11:08: Train Epoch 39: 0/167 Loss: 15.617842
2021-10-28 11:08: Train Epoch 39: 20/167 Loss: 16.532036
2021-10-28 11:08: Train Epoch 39: 40/167 Loss: 16.982365
2021-10-28 11:09: Train Epoch 39: 60/167 Loss: 16.970778
2021-10-28 11:09: Train Epoch 39: 80/167 Loss: 16.281359
2021-10-28 11:09: Train Epoch 39: 100/167 Loss: 16.049425
2021-10-28 11:09: Train Epoch 39: 120/167 Loss: 16.029928
2021-10-28 11:09: Train Epoch 39: 140/167 Loss: 15.620587
2021-10-28 11:09: Train Epoch 39: 160/167 Loss: 16.242695
2021-10-28 11:09: **********Train Epoch 39: averaged Loss: 16.281598, tf_ratio: 1.000000
2021-10-28 11:09: **********Val Epoch 39: average Loss: 16.667838
2021-10-28 11:09: Train Epoch 40: 0/167 Loss: 15.992738
2021-10-28 11:09: Train Epoch 40: 20/167 Loss: 16.315382
2021-10-28 11:10: Train Epoch 40: 40/167 Loss: 17.826258
2021-10-28 11:10: Train Epoch 40: 60/167 Loss: 17.398043
2021-10-28 11:10: Train Epoch 40: 80/167 Loss: 17.855965
2021-10-28 11:10: Train Epoch 40: 100/167 Loss: 16.381519
2021-10-28 11:10: Train Epoch 40: 120/167 Loss: 16.174400
2021-10-28 11:10: Train Epoch 40: 140/167 Loss: 15.668159
2021-10-28 11:10: Train Epoch 40: 160/167 Loss: 15.698713
2021-10-28 11:10: **********Train Epoch 40: averaged Loss: 16.247774, tf_ratio: 1.000000
2021-10-28 11:10: **********Val Epoch 40: average Loss: 16.485130
2021-10-28 11:10: *********************************Current best model saved!
2021-10-28 11:10: Train Epoch 41: 0/167 Loss: 16.325176
2021-10-28 11:10: Train Epoch 41: 20/167 Loss: 16.348284
2021-10-28 11:11: Train Epoch 41: 40/167 Loss: 15.338748
2021-10-28 11:11: Train Epoch 41: 60/167 Loss: 16.951221
2021-10-28 11:11: Train Epoch 41: 80/167 Loss: 16.715595
2021-10-28 11:11: Train Epoch 41: 100/167 Loss: 16.452782
2021-10-28 11:11: Train Epoch 41: 120/167 Loss: 17.310232
2021-10-28 11:11: Train Epoch 41: 140/167 Loss: 16.219168
2021-10-28 11:11: Train Epoch 41: 160/167 Loss: 15.754751
2021-10-28 11:11: **********Train Epoch 41: averaged Loss: 16.111938, tf_ratio: 1.000000
2021-10-28 11:11: **********Val Epoch 41: average Loss: 16.419918
2021-10-28 11:11: *********************************Current best model saved!
2021-10-28 11:11: Train Epoch 42: 0/167 Loss: 16.286482
2021-10-28 11:12: Train Epoch 42: 20/167 Loss: 15.745340
2021-10-28 11:12: Train Epoch 42: 40/167 Loss: 15.472055
2021-10-28 11:12: Train Epoch 42: 60/167 Loss: 15.391005
2021-10-28 11:12: Train Epoch 42: 80/167 Loss: 16.838085
2021-10-28 11:12: Train Epoch 42: 100/167 Loss: 17.565132
2021-10-28 11:12: Train Epoch 42: 120/167 Loss: 15.791180
2021-10-28 11:12: Train Epoch 42: 140/167 Loss: 16.656094
2021-10-28 11:12: Train Epoch 42: 160/167 Loss: 16.550526
2021-10-28 11:12: **********Train Epoch 42: averaged Loss: 16.085227, tf_ratio: 1.000000
2021-10-28 11:13: **********Val Epoch 42: average Loss: 16.441211
2021-10-28 11:13: Train Epoch 43: 0/167 Loss: 16.632473
2021-10-28 11:13: Train Epoch 43: 20/167 Loss: 15.943856
2021-10-28 11:13: Train Epoch 43: 40/167 Loss: 15.897608
2021-10-28 11:13: Train Epoch 43: 60/167 Loss: 17.441065
2021-10-28 11:13: Train Epoch 43: 80/167 Loss: 15.627486
2021-10-28 11:13: Train Epoch 43: 100/167 Loss: 16.225044
2021-10-28 11:13: Train Epoch 43: 120/167 Loss: 15.143324
2021-10-28 11:13: Train Epoch 43: 140/167 Loss: 16.048361
2021-10-28 11:13: Train Epoch 43: 160/167 Loss: 16.451563
2021-10-28 11:13: **********Train Epoch 43: averaged Loss: 16.008571, tf_ratio: 1.000000
2021-10-28 11:14: **********Val Epoch 43: average Loss: 16.321526
2021-10-28 11:14: *********************************Current best model saved!
2021-10-28 11:14: Train Epoch 44: 0/167 Loss: 17.563868
2021-10-28 11:14: Train Epoch 44: 20/167 Loss: 16.492329
2021-10-28 11:14: Train Epoch 44: 40/167 Loss: 15.907733
2021-10-28 11:14: Train Epoch 44: 60/167 Loss: 16.565928
2021-10-28 11:14: Train Epoch 44: 80/167 Loss: 15.295676
2021-10-28 11:14: Train Epoch 44: 100/167 Loss: 15.890314
2021-10-28 11:14: Train Epoch 44: 120/167 Loss: 15.129920
2021-10-28 11:14: Train Epoch 44: 140/167 Loss: 15.828279
2021-10-28 11:15: Train Epoch 44: 160/167 Loss: 14.808969
2021-10-28 11:15: **********Train Epoch 44: averaged Loss: 15.921730, tf_ratio: 1.000000
2021-10-28 11:15: **********Val Epoch 44: average Loss: 16.420893
2021-10-28 11:15: Train Epoch 45: 0/167 Loss: 16.972847
2021-10-28 11:15: Train Epoch 45: 20/167 Loss: 16.499794
2021-10-28 11:15: Train Epoch 45: 40/167 Loss: 15.848659
2021-10-28 11:15: Train Epoch 45: 60/167 Loss: 16.301088
2021-10-28 11:15: Train Epoch 45: 80/167 Loss: 15.067193
2021-10-28 11:15: Train Epoch 45: 100/167 Loss: 16.330290
2021-10-28 11:15: Train Epoch 45: 120/167 Loss: 15.478570
2021-10-28 11:15: Train Epoch 45: 140/167 Loss: 15.390618
2021-10-28 11:16: Train Epoch 45: 160/167 Loss: 16.263124
2021-10-28 11:16: **********Train Epoch 45: averaged Loss: 15.874877, tf_ratio: 1.000000
2021-10-28 11:16: **********Val Epoch 45: average Loss: 16.147487
2021-10-28 11:16: *********************************Current best model saved!
2021-10-28 11:16: Train Epoch 46: 0/167 Loss: 16.062799
2021-10-28 11:16: Train Epoch 46: 20/167 Loss: 16.509199
2021-10-28 11:16: Train Epoch 46: 40/167 Loss: 15.655964
2021-10-28 11:16: Train Epoch 46: 60/167 Loss: 16.291077
2021-10-28 11:16: Train Epoch 46: 80/167 Loss: 16.283331
2021-10-28 11:16: Train Epoch 46: 100/167 Loss: 16.985912
2021-10-28 11:16: Train Epoch 46: 120/167 Loss: 16.478085
2021-10-28 11:17: Train Epoch 46: 140/167 Loss: 15.457739
2021-10-28 11:17: Train Epoch 46: 160/167 Loss: 15.106672
2021-10-28 11:17: **********Train Epoch 46: averaged Loss: 15.833585, tf_ratio: 1.000000
2021-10-28 11:17: **********Val Epoch 46: average Loss: 16.106914
2021-10-28 11:17: *********************************Current best model saved!
2021-10-28 11:17: Train Epoch 47: 0/167 Loss: 16.072393
2021-10-28 11:17: Train Epoch 47: 20/167 Loss: 16.076054
2021-10-28 11:17: Train Epoch 47: 40/167 Loss: 15.600492
2021-10-28 11:17: Train Epoch 47: 60/167 Loss: 16.236366
2021-10-28 11:17: Train Epoch 47: 80/167 Loss: 15.557386
2021-10-28 11:17: Train Epoch 47: 100/167 Loss: 16.016899
2021-10-28 11:18: Train Epoch 47: 120/167 Loss: 14.792616
2021-10-28 11:18: Train Epoch 47: 140/167 Loss: 15.154879
2021-10-28 11:18: Train Epoch 47: 160/167 Loss: 15.781728
2021-10-28 11:18: **********Train Epoch 47: averaged Loss: 15.777721, tf_ratio: 1.000000
2021-10-28 11:18: **********Val Epoch 47: average Loss: 16.032328
2021-10-28 11:18: *********************************Current best model saved!
2021-10-28 11:18: Train Epoch 48: 0/167 Loss: 16.015676
2021-10-28 11:18: Train Epoch 48: 20/167 Loss: 16.270397
2021-10-28 11:18: Train Epoch 48: 40/167 Loss: 15.438374
2021-10-28 11:18: Train Epoch 48: 60/167 Loss: 16.053328
2021-10-28 11:18: Train Epoch 48: 80/167 Loss: 16.207350
2021-10-28 11:18: Train Epoch 48: 100/167 Loss: 14.389126
2021-10-28 11:19: Train Epoch 48: 120/167 Loss: 16.548975
2021-10-28 11:19: Train Epoch 48: 140/167 Loss: 15.546661
2021-10-28 11:19: Train Epoch 48: 160/167 Loss: 16.036095
2021-10-28 11:19: **********Train Epoch 48: averaged Loss: 15.764471, tf_ratio: 1.000000
2021-10-28 11:19: **********Val Epoch 48: average Loss: 16.162750
2021-10-28 11:19: Train Epoch 49: 0/167 Loss: 15.092837
2021-10-28 11:19: Train Epoch 49: 20/167 Loss: 15.437660
2021-10-28 11:19: Train Epoch 49: 40/167 Loss: 15.323509
2021-10-28 11:19: Train Epoch 49: 60/167 Loss: 15.195905
2021-10-28 11:19: Train Epoch 49: 80/167 Loss: 14.588470
2021-10-28 11:20: Train Epoch 49: 100/167 Loss: 16.924818
2021-10-28 11:20: Train Epoch 49: 120/167 Loss: 15.085722
2021-10-28 11:20: Train Epoch 49: 140/167 Loss: 15.408273
2021-10-28 11:20: Train Epoch 49: 160/167 Loss: 15.161863
2021-10-28 11:20: **********Train Epoch 49: averaged Loss: 15.717101, tf_ratio: 1.000000
2021-10-28 11:20: **********Val Epoch 49: average Loss: 16.155151
2021-10-28 11:20: Train Epoch 50: 0/167 Loss: 15.727297
2021-10-28 11:20: Train Epoch 50: 20/167 Loss: 16.054651
2021-10-28 11:20: Train Epoch 50: 40/167 Loss: 15.844958
2021-10-28 11:20: Train Epoch 50: 60/167 Loss: 15.303205
2021-10-28 11:20: Train Epoch 50: 80/167 Loss: 15.163031
2021-10-28 11:21: Train Epoch 50: 100/167 Loss: 16.068312
2021-10-28 11:21: Train Epoch 50: 120/167 Loss: 15.132935
2021-10-28 11:21: Train Epoch 50: 140/167 Loss: 15.355933
2021-10-28 11:21: Train Epoch 50: 160/167 Loss: 14.486023
2021-10-28 11:21: **********Train Epoch 50: averaged Loss: 15.638113, tf_ratio: 1.000000
2021-10-28 11:21: **********Val Epoch 50: average Loss: 16.036884
2021-10-28 11:21: Train Epoch 51: 0/167 Loss: 14.932109
2021-10-28 11:21: Train Epoch 51: 20/167 Loss: 15.297729
2021-10-28 11:21: Train Epoch 51: 40/167 Loss: 16.239395
2021-10-28 11:21: Train Epoch 51: 60/167 Loss: 16.022942
2021-10-28 11:22: Train Epoch 51: 80/167 Loss: 15.885931
2021-10-28 11:22: Train Epoch 51: 100/167 Loss: 15.312961
2021-10-28 11:22: Train Epoch 51: 120/167 Loss: 15.879767
2021-10-28 11:22: Train Epoch 51: 140/167 Loss: 15.629244
2021-10-28 11:22: Train Epoch 51: 160/167 Loss: 15.710345
2021-10-28 11:22: **********Train Epoch 51: averaged Loss: 15.629483, tf_ratio: 1.000000
2021-10-28 11:22: **********Val Epoch 51: average Loss: 15.868171
2021-10-28 11:22: *********************************Current best model saved!
2021-10-28 11:22: Train Epoch 52: 0/167 Loss: 15.766813
2021-10-28 11:22: Train Epoch 52: 20/167 Loss: 16.736485
2021-10-28 11:22: Train Epoch 52: 40/167 Loss: 15.317958
2021-10-28 11:23: Train Epoch 52: 60/167 Loss: 15.120851
2021-10-28 11:23: Train Epoch 52: 80/167 Loss: 16.175766
2021-10-28 11:23: Train Epoch 52: 100/167 Loss: 15.977767
2021-10-28 11:23: Train Epoch 52: 120/167 Loss: 15.872532
2021-10-28 11:23: Train Epoch 52: 140/167 Loss: 15.210516
2021-10-28 11:23: Train Epoch 52: 160/167 Loss: 15.757703
2021-10-28 11:23: **********Train Epoch 52: averaged Loss: 15.598183, tf_ratio: 1.000000
2021-10-28 11:23: **********Val Epoch 52: average Loss: 16.095096
2021-10-28 11:23: Train Epoch 53: 0/167 Loss: 15.112222
2021-10-28 11:23: Train Epoch 53: 20/167 Loss: 15.498660
2021-10-28 11:23: Train Epoch 53: 40/167 Loss: 15.546996
2021-10-28 11:24: Train Epoch 53: 60/167 Loss: 15.700012
2021-10-28 11:24: Train Epoch 53: 80/167 Loss: 15.863642
2021-10-28 11:24: Train Epoch 53: 100/167 Loss: 15.082263
2021-10-28 11:24: Train Epoch 53: 120/167 Loss: 15.528253
2021-10-28 11:24: Train Epoch 53: 140/167 Loss: 15.191419
2021-10-28 11:24: Train Epoch 53: 160/167 Loss: 15.880374
2021-10-28 11:24: **********Train Epoch 53: averaged Loss: 15.570735, tf_ratio: 1.000000
2021-10-28 11:24: **********Val Epoch 53: average Loss: 15.907108
2021-10-28 11:24: Train Epoch 54: 0/167 Loss: 15.799475
2021-10-28 11:24: Train Epoch 54: 20/167 Loss: 14.687252
2021-10-28 11:25: Train Epoch 54: 40/167 Loss: 16.698614
2021-10-28 11:25: Train Epoch 54: 60/167 Loss: 15.790251
2021-10-28 11:25: Train Epoch 54: 80/167 Loss: 15.459822
2021-10-28 11:25: Train Epoch 54: 100/167 Loss: 15.261578
2021-10-28 11:25: Train Epoch 54: 120/167 Loss: 15.673042
2021-10-28 11:25: Train Epoch 54: 140/167 Loss: 14.538682
2021-10-28 11:25: Train Epoch 54: 160/167 Loss: 16.169210
2021-10-28 11:25: **********Train Epoch 54: averaged Loss: 15.520385, tf_ratio: 1.000000
2021-10-28 11:25: **********Val Epoch 54: average Loss: 15.838992
2021-10-28 11:25: *********************************Current best model saved!
2021-10-28 11:25: Train Epoch 55: 0/167 Loss: 15.852795
2021-10-28 11:25: Train Epoch 55: 20/167 Loss: 15.089741
2021-10-28 11:26: Train Epoch 55: 40/167 Loss: 15.019612
2021-10-28 11:26: Train Epoch 55: 60/167 Loss: 15.884322
2021-10-28 11:26: Train Epoch 55: 80/167 Loss: 15.951626
2021-10-28 11:26: Train Epoch 55: 100/167 Loss: 15.127988
2021-10-28 11:26: Train Epoch 55: 120/167 Loss: 16.231262
2021-10-28 11:26: Train Epoch 55: 140/167 Loss: 16.463242
2021-10-28 11:26: Train Epoch 55: 160/167 Loss: 15.660758
2021-10-28 11:26: **********Train Epoch 55: averaged Loss: 15.485256, tf_ratio: 1.000000
2021-10-28 11:26: **********Val Epoch 55: average Loss: 15.997419
2021-10-28 11:26: Train Epoch 56: 0/167 Loss: 16.172529
2021-10-28 11:27: Train Epoch 56: 20/167 Loss: 16.528601
2021-10-28 11:27: Train Epoch 56: 40/167 Loss: 15.517049
2021-10-28 11:27: Train Epoch 56: 60/167 Loss: 15.519869
2021-10-28 11:27: Train Epoch 56: 80/167 Loss: 14.554958
2021-10-28 11:27: Train Epoch 56: 100/167 Loss: 15.097205
2021-10-28 11:27: Train Epoch 56: 120/167 Loss: 14.584710
2021-10-28 11:27: Train Epoch 56: 140/167 Loss: 15.447642
2021-10-28 11:27: Train Epoch 56: 160/167 Loss: 16.551739
2021-10-28 11:27: **********Train Epoch 56: averaged Loss: 15.452666, tf_ratio: 1.000000
2021-10-28 11:28: **********Val Epoch 56: average Loss: 15.795636
2021-10-28 11:28: *********************************Current best model saved!
2021-10-28 11:28: Train Epoch 57: 0/167 Loss: 15.557945
2021-10-28 11:28: Train Epoch 57: 20/167 Loss: 16.285585
2021-10-28 11:28: Train Epoch 57: 40/167 Loss: 15.430312
2021-10-28 11:28: Train Epoch 57: 60/167 Loss: 16.041159
2021-10-28 11:28: Train Epoch 57: 80/167 Loss: 15.340971
2021-10-28 11:28: Train Epoch 57: 100/167 Loss: 15.322677
2021-10-28 11:28: Train Epoch 57: 120/167 Loss: 16.145750
2021-10-28 11:28: Train Epoch 57: 140/167 Loss: 14.972781
2021-10-28 11:28: Train Epoch 57: 160/167 Loss: 16.712633
2021-10-28 11:28: **********Train Epoch 57: averaged Loss: 15.429258, tf_ratio: 1.000000
2021-10-28 11:29: **********Val Epoch 57: average Loss: 15.736184
2021-10-28 11:29: *********************************Current best model saved!
2021-10-28 11:29: Train Epoch 58: 0/167 Loss: 16.017990
2021-10-28 11:29: Train Epoch 58: 20/167 Loss: 15.365535
2021-10-28 11:29: Train Epoch 58: 40/167 Loss: 15.194203
2021-10-28 11:29: Train Epoch 58: 60/167 Loss: 14.796042
2021-10-28 11:29: Train Epoch 58: 80/167 Loss: 15.729835
2021-10-28 11:29: Train Epoch 58: 100/167 Loss: 16.917673
2021-10-28 11:29: Train Epoch 58: 120/167 Loss: 14.699312
2021-10-28 11:29: Train Epoch 58: 140/167 Loss: 15.117537
2021-10-28 11:30: Train Epoch 58: 160/167 Loss: 15.501412
2021-10-28 11:30: **********Train Epoch 58: averaged Loss: 15.382925, tf_ratio: 1.000000
2021-10-28 11:30: **********Val Epoch 58: average Loss: 15.741049
2021-10-28 11:30: Train Epoch 59: 0/167 Loss: 14.748984
2021-10-28 11:30: Train Epoch 59: 20/167 Loss: 14.612484
2021-10-28 11:30: Train Epoch 59: 40/167 Loss: 15.585255
2021-10-28 11:30: Train Epoch 59: 60/167 Loss: 14.680504
2021-10-28 11:30: Train Epoch 59: 80/167 Loss: 14.883961
2021-10-28 11:30: Train Epoch 59: 100/167 Loss: 15.738848
2021-10-28 11:30: Train Epoch 59: 120/167 Loss: 15.504325
2021-10-28 11:30: Train Epoch 59: 140/167 Loss: 16.278730
2021-10-28 11:31: Train Epoch 59: 160/167 Loss: 14.996167
2021-10-28 11:31: **********Train Epoch 59: averaged Loss: 15.361263, tf_ratio: 1.000000
2021-10-28 11:31: **********Val Epoch 59: average Loss: 16.016092
2021-10-28 11:31: Train Epoch 60: 0/167 Loss: 16.625721
2021-10-28 11:31: Train Epoch 60: 20/167 Loss: 15.009727
2021-10-28 11:31: Train Epoch 60: 40/167 Loss: 14.647671
2021-10-28 11:31: Train Epoch 60: 60/167 Loss: 15.652887
2021-10-28 11:31: Train Epoch 60: 80/167 Loss: 14.918883
2021-10-28 11:31: Train Epoch 60: 100/167 Loss: 15.545196
2021-10-28 11:31: Train Epoch 60: 120/167 Loss: 15.639788
2021-10-28 11:32: Train Epoch 60: 140/167 Loss: 15.050294
2021-10-28 11:32: Train Epoch 60: 160/167 Loss: 15.245738
2021-10-28 11:32: **********Train Epoch 60: averaged Loss: 15.338514, tf_ratio: 1.000000
2021-10-28 11:32: **********Val Epoch 60: average Loss: 15.757403
2021-10-28 11:32: Train Epoch 61: 0/167 Loss: 15.121262
2021-10-28 11:32: Train Epoch 61: 20/167 Loss: 16.204597
2021-10-28 11:32: Train Epoch 61: 40/167 Loss: 15.904676
2021-10-28 11:32: Train Epoch 61: 60/167 Loss: 16.363691
2021-10-28 11:32: Train Epoch 61: 80/167 Loss: 15.638842
2021-10-28 11:32: Train Epoch 61: 100/167 Loss: 15.674262
2021-10-28 11:33: Train Epoch 61: 120/167 Loss: 16.272734
2021-10-28 11:33: Train Epoch 61: 140/167 Loss: 15.411560
2021-10-28 11:33: Train Epoch 61: 160/167 Loss: 15.301847
2021-10-28 11:33: **********Train Epoch 61: averaged Loss: 15.312897, tf_ratio: 1.000000
2021-10-28 11:33: **********Val Epoch 61: average Loss: 15.823005
2021-10-28 11:33: Train Epoch 62: 0/167 Loss: 15.965990
2021-10-28 11:33: Train Epoch 62: 20/167 Loss: 15.704704
2021-10-28 11:33: Train Epoch 62: 40/167 Loss: 16.310808
2021-10-28 11:33: Train Epoch 62: 60/167 Loss: 14.922932
2021-10-28 11:33: Train Epoch 62: 80/167 Loss: 15.623262
2021-10-28 11:33: Train Epoch 62: 100/167 Loss: 16.032238
2021-10-28 11:34: Train Epoch 62: 120/167 Loss: 15.865416
2021-10-28 11:34: Train Epoch 62: 140/167 Loss: 15.613338
2021-10-28 11:34: Train Epoch 62: 160/167 Loss: 15.261972
2021-10-28 11:34: **********Train Epoch 62: averaged Loss: 15.250384, tf_ratio: 1.000000
2021-10-28 11:34: **********Val Epoch 62: average Loss: 15.693553
2021-10-28 11:34: *********************************Current best model saved!
2021-10-28 11:34: Train Epoch 63: 0/167 Loss: 16.323685
2021-10-28 11:34: Train Epoch 63: 20/167 Loss: 14.721856
2021-10-28 11:34: Train Epoch 63: 40/167 Loss: 14.561027
2021-10-28 11:34: Train Epoch 63: 60/167 Loss: 14.917002
2021-10-28 11:34: Train Epoch 63: 80/167 Loss: 16.205063
2021-10-28 11:35: Train Epoch 63: 100/167 Loss: 15.200575
2021-10-28 11:35: Train Epoch 63: 120/167 Loss: 15.794180
2021-10-28 11:35: Train Epoch 63: 140/167 Loss: 15.129895
2021-10-28 11:35: Train Epoch 63: 160/167 Loss: 15.577944
2021-10-28 11:35: **********Train Epoch 63: averaged Loss: 15.236874, tf_ratio: 1.000000
2021-10-28 11:35: **********Val Epoch 63: average Loss: 15.645546
2021-10-28 11:35: *********************************Current best model saved!
2021-10-28 11:35: Train Epoch 64: 0/167 Loss: 14.674495
2021-10-28 11:35: Train Epoch 64: 20/167 Loss: 15.064847
2021-10-28 11:35: Train Epoch 64: 40/167 Loss: 15.241698
2021-10-28 11:35: Train Epoch 64: 60/167 Loss: 14.614868
2021-10-28 11:36: Train Epoch 64: 80/167 Loss: 15.307225
2021-10-28 11:36: Train Epoch 64: 100/167 Loss: 15.754608
2021-10-28 11:36: Train Epoch 64: 120/167 Loss: 14.656800
2021-10-28 11:36: Train Epoch 64: 140/167 Loss: 14.649966
2021-10-28 11:36: Train Epoch 64: 160/167 Loss: 14.950345
2021-10-28 11:36: **********Train Epoch 64: averaged Loss: 15.218079, tf_ratio: 1.000000
2021-10-28 11:36: **********Val Epoch 64: average Loss: 15.801923
2021-10-28 11:36: Train Epoch 65: 0/167 Loss: 14.704262
2021-10-28 11:36: Train Epoch 65: 20/167 Loss: 14.965789
2021-10-28 11:36: Train Epoch 65: 40/167 Loss: 14.437046
2021-10-28 11:36: Train Epoch 65: 60/167 Loss: 14.897563
2021-10-28 11:37: Train Epoch 65: 80/167 Loss: 15.415752
2021-10-28 11:37: Train Epoch 65: 100/167 Loss: 14.714303
2021-10-28 11:37: Train Epoch 65: 120/167 Loss: 14.978942
2021-10-28 11:37: Train Epoch 65: 140/167 Loss: 15.630630
2021-10-28 11:37: Train Epoch 65: 160/167 Loss: 15.771865
2021-10-28 11:37: **********Train Epoch 65: averaged Loss: 15.178436, tf_ratio: 1.000000
2021-10-28 11:37: **********Val Epoch 65: average Loss: 15.695332
2021-10-28 11:37: Train Epoch 66: 0/167 Loss: 14.939959
2021-10-28 11:37: Train Epoch 66: 20/167 Loss: 14.738845
2021-10-28 11:37: Train Epoch 66: 40/167 Loss: 14.755912
2021-10-28 11:38: Train Epoch 66: 60/167 Loss: 14.304074
2021-10-28 11:38: Train Epoch 66: 80/167 Loss: 15.425430
2021-10-28 11:38: Train Epoch 66: 100/167 Loss: 15.044107
2021-10-28 11:38: Train Epoch 66: 120/167 Loss: 15.594731
2021-10-28 11:38: Train Epoch 66: 140/167 Loss: 15.196281
2021-10-28 11:38: Train Epoch 66: 160/167 Loss: 15.747738
2021-10-28 11:38: **********Train Epoch 66: averaged Loss: 15.140921, tf_ratio: 1.000000
2021-10-28 11:38: **********Val Epoch 66: average Loss: 15.593860
2021-10-28 11:38: *********************************Current best model saved!
2021-10-28 11:38: Train Epoch 67: 0/167 Loss: 15.550292
2021-10-28 11:38: Train Epoch 67: 20/167 Loss: 15.959772
2021-10-28 11:39: Train Epoch 67: 40/167 Loss: 14.577938
2021-10-28 11:39: Train Epoch 67: 60/167 Loss: 15.444685
2021-10-28 11:39: Train Epoch 67: 80/167 Loss: 16.070562
2021-10-28 11:39: Train Epoch 67: 100/167 Loss: 15.188280
2021-10-28 11:39: Train Epoch 67: 120/167 Loss: 14.428951
2021-10-28 11:39: Train Epoch 67: 140/167 Loss: 14.974568
2021-10-28 11:39: Train Epoch 67: 160/167 Loss: 14.174615
2021-10-28 11:39: **********Train Epoch 67: averaged Loss: 15.180408, tf_ratio: 1.000000
2021-10-28 11:39: **********Val Epoch 67: average Loss: 15.658550
2021-10-28 11:39: Train Epoch 68: 0/167 Loss: 15.345333
2021-10-28 11:39: Train Epoch 68: 20/167 Loss: 15.495234
2021-10-28 11:40: Train Epoch 68: 40/167 Loss: 14.118278
2021-10-28 11:40: Train Epoch 68: 60/167 Loss: 15.480557
2021-10-28 11:40: Train Epoch 68: 80/167 Loss: 14.318902
2021-10-28 11:40: Train Epoch 68: 100/167 Loss: 16.137754
2021-10-28 11:40: Train Epoch 68: 120/167 Loss: 14.746117
2021-10-28 11:40: Train Epoch 68: 140/167 Loss: 14.612800
2021-10-28 11:40: Train Epoch 68: 160/167 Loss: 14.031384
2021-10-28 11:40: **********Train Epoch 68: averaged Loss: 15.106455, tf_ratio: 1.000000
2021-10-28 11:40: **********Val Epoch 68: average Loss: 15.504794
2021-10-28 11:40: *********************************Current best model saved!
2021-10-28 11:40: Train Epoch 69: 0/167 Loss: 14.646379
2021-10-28 11:41: Train Epoch 69: 20/167 Loss: 15.140101
2021-10-28 11:41: Train Epoch 69: 40/167 Loss: 14.440388
2021-10-28 11:41: Train Epoch 69: 60/167 Loss: 14.538192
2021-10-28 11:41: Train Epoch 69: 80/167 Loss: 14.627268
2021-10-28 11:41: Train Epoch 69: 100/167 Loss: 15.524430
2021-10-28 11:41: Train Epoch 69: 120/167 Loss: 15.300776
2021-10-28 11:41: Train Epoch 69: 140/167 Loss: 14.730333
2021-10-28 11:41: Train Epoch 69: 160/167 Loss: 15.713575
2021-10-28 11:41: **********Train Epoch 69: averaged Loss: 15.063595, tf_ratio: 1.000000
2021-10-28 11:42: **********Val Epoch 69: average Loss: 15.504205
2021-10-28 11:42: *********************************Current best model saved!
2021-10-28 11:42: Train Epoch 70: 0/167 Loss: 14.680431
2021-10-28 11:42: Train Epoch 70: 20/167 Loss: 15.157310
2021-10-28 11:42: Train Epoch 70: 40/167 Loss: 15.325438
2021-10-28 11:42: Train Epoch 70: 60/167 Loss: 15.031302
2021-10-28 11:42: Train Epoch 70: 80/167 Loss: 14.657576
2021-10-28 11:42: Train Epoch 70: 100/167 Loss: 15.249417
2021-10-28 11:42: Train Epoch 70: 120/167 Loss: 15.778764
2021-10-28 11:42: Train Epoch 70: 140/167 Loss: 15.108994
2021-10-28 11:42: Train Epoch 70: 160/167 Loss: 15.157342
2021-10-28 11:43: **********Train Epoch 70: averaged Loss: 15.078440, tf_ratio: 1.000000
2021-10-28 11:43: **********Val Epoch 70: average Loss: 15.640552
2021-10-28 11:43: Train Epoch 71: 0/167 Loss: 16.034039
2021-10-28 11:43: Train Epoch 71: 20/167 Loss: 14.544774
2021-10-28 11:43: Train Epoch 71: 40/167 Loss: 14.451441
2021-10-28 11:43: Train Epoch 71: 60/167 Loss: 14.782845
2021-10-28 11:43: Train Epoch 71: 80/167 Loss: 15.539747
2021-10-28 11:43: Train Epoch 71: 100/167 Loss: 14.581721
2021-10-28 11:43: Train Epoch 71: 120/167 Loss: 15.373622
2021-10-28 11:43: Train Epoch 71: 140/167 Loss: 15.424114
2021-10-28 11:44: Train Epoch 71: 160/167 Loss: 15.702375
2021-10-28 11:44: **********Train Epoch 71: averaged Loss: 15.014906, tf_ratio: 1.000000
2021-10-28 11:44: **********Val Epoch 71: average Loss: 15.548231
2021-10-28 11:44: Train Epoch 72: 0/167 Loss: 13.953485
2021-10-28 11:44: Train Epoch 72: 20/167 Loss: 15.176837
2021-10-28 11:44: Train Epoch 72: 40/167 Loss: 15.583752
2021-10-28 11:44: Train Epoch 72: 60/167 Loss: 14.362612
2021-10-28 11:44: Train Epoch 72: 80/167 Loss: 13.978925
2021-10-28 11:44: Train Epoch 72: 100/167 Loss: 14.570539
2021-10-28 11:44: Train Epoch 72: 120/167 Loss: 14.704068
2021-10-28 11:45: Train Epoch 72: 140/167 Loss: 15.753782
2021-10-28 11:45: Train Epoch 72: 160/167 Loss: 14.218788
2021-10-28 11:45: **********Train Epoch 72: averaged Loss: 14.981177, tf_ratio: 1.000000
2021-10-28 11:45: **********Val Epoch 72: average Loss: 15.571312
2021-10-28 11:45: Train Epoch 73: 0/167 Loss: 15.506700
2021-10-28 11:45: Train Epoch 73: 20/167 Loss: 15.250011
2021-10-28 11:45: Train Epoch 73: 40/167 Loss: 14.639312
2021-10-28 11:45: Train Epoch 73: 60/167 Loss: 14.756010
2021-10-28 11:45: Train Epoch 73: 80/167 Loss: 15.251369
2021-10-28 11:45: Train Epoch 73: 100/167 Loss: 14.737260
2021-10-28 11:45: Train Epoch 73: 120/167 Loss: 15.206826
2021-10-28 11:46: Train Epoch 73: 140/167 Loss: 14.523166
2021-10-28 11:46: Train Epoch 73: 160/167 Loss: 15.420705
2021-10-28 11:46: **********Train Epoch 73: averaged Loss: 14.967523, tf_ratio: 1.000000
2021-10-28 11:46: **********Val Epoch 73: average Loss: 15.477316
2021-10-28 11:46: *********************************Current best model saved!
2021-10-28 11:46: Train Epoch 74: 0/167 Loss: 14.349031
2021-10-28 11:46: Train Epoch 74: 20/167 Loss: 15.793676
2021-10-28 11:46: Train Epoch 74: 40/167 Loss: 14.258726
2021-10-28 11:46: Train Epoch 74: 60/167 Loss: 14.584293
2021-10-28 11:46: Train Epoch 74: 80/167 Loss: 14.122244
2021-10-28 11:46: Train Epoch 74: 100/167 Loss: 14.947687
2021-10-28 11:47: Train Epoch 74: 120/167 Loss: 14.613035
2021-10-28 11:47: Train Epoch 74: 140/167 Loss: 16.065163
2021-10-28 11:47: Train Epoch 74: 160/167 Loss: 14.385508
2021-10-28 11:47: **********Train Epoch 74: averaged Loss: 14.937792, tf_ratio: 1.000000
2021-10-28 11:47: **********Val Epoch 74: average Loss: 15.448187
2021-10-28 11:47: *********************************Current best model saved!
2021-10-28 11:47: Train Epoch 75: 0/167 Loss: 15.377349
2021-10-28 11:47: Train Epoch 75: 20/167 Loss: 15.138964
2021-10-28 11:47: Train Epoch 75: 40/167 Loss: 14.757479
2021-10-28 11:47: Train Epoch 75: 60/167 Loss: 14.769950
2021-10-28 11:47: Train Epoch 75: 80/167 Loss: 14.887618
2021-10-28 11:48: Train Epoch 75: 100/167 Loss: 13.895897
2021-10-28 11:48: Train Epoch 75: 120/167 Loss: 14.649550
2021-10-28 11:48: Train Epoch 75: 140/167 Loss: 15.069320
2021-10-28 11:48: Train Epoch 75: 160/167 Loss: 15.200541
2021-10-28 11:48: **********Train Epoch 75: averaged Loss: 14.923916, tf_ratio: 1.000000
2021-10-28 11:48: **********Val Epoch 75: average Loss: 15.530036
2021-10-28 11:48: Train Epoch 76: 0/167 Loss: 14.806952
2021-10-28 11:48: Train Epoch 76: 20/167 Loss: 14.333022
2021-10-28 11:48: Train Epoch 76: 40/167 Loss: 14.977448
2021-10-28 11:48: Train Epoch 76: 60/167 Loss: 14.045221
2021-10-28 11:48: Train Epoch 76: 80/167 Loss: 14.965246
2021-10-28 11:49: Train Epoch 76: 100/167 Loss: 14.499511
2021-10-28 11:49: Train Epoch 76: 120/167 Loss: 15.056824
2021-10-28 11:49: Train Epoch 76: 140/167 Loss: 14.271273
2021-10-28 11:49: Train Epoch 76: 160/167 Loss: 14.796115
2021-10-28 11:49: **********Train Epoch 76: averaged Loss: 14.901677, tf_ratio: 1.000000
2021-10-28 11:49: **********Val Epoch 76: average Loss: 15.444409
2021-10-28 11:49: *********************************Current best model saved!
2021-10-28 11:49: Train Epoch 77: 0/167 Loss: 15.640141
2021-10-28 11:49: Train Epoch 77: 20/167 Loss: 14.822778
2021-10-28 11:49: Train Epoch 77: 40/167 Loss: 14.964607
2021-10-28 11:49: Train Epoch 77: 60/167 Loss: 15.705638
2021-10-28 11:50: Train Epoch 77: 80/167 Loss: 14.781442
2021-10-28 11:50: Train Epoch 77: 100/167 Loss: 14.324666
2021-10-28 11:50: Train Epoch 77: 120/167 Loss: 14.011171
2021-10-28 11:50: Train Epoch 77: 140/167 Loss: 14.023033
2021-10-28 11:50: Train Epoch 77: 160/167 Loss: 14.939889
2021-10-28 11:50: **********Train Epoch 77: averaged Loss: 14.879678, tf_ratio: 1.000000
2021-10-28 11:50: **********Val Epoch 77: average Loss: 15.684357
2021-10-28 11:50: Train Epoch 78: 0/167 Loss: 14.970989
2021-10-28 11:50: Train Epoch 78: 20/167 Loss: 15.776247
2021-10-28 11:50: Train Epoch 78: 40/167 Loss: 14.807853
2021-10-28 11:51: Train Epoch 78: 60/167 Loss: 15.051079
2021-10-28 11:51: Train Epoch 78: 80/167 Loss: 16.480776
2021-10-28 11:51: Train Epoch 78: 100/167 Loss: 14.491244
2021-10-28 11:51: Train Epoch 78: 120/167 Loss: 14.806520
2021-10-28 11:51: Train Epoch 78: 140/167 Loss: 15.059705
2021-10-28 11:51: Train Epoch 78: 160/167 Loss: 15.050883
2021-10-28 11:51: **********Train Epoch 78: averaged Loss: 14.858269, tf_ratio: 1.000000
2021-10-28 11:51: **********Val Epoch 78: average Loss: 15.318574
2021-10-28 11:51: *********************************Current best model saved!
2021-10-28 11:51: Train Epoch 79: 0/167 Loss: 15.369744
2021-10-28 11:51: Train Epoch 79: 20/167 Loss: 13.374000
2021-10-28 11:51: Train Epoch 79: 40/167 Loss: 14.492039
2021-10-28 11:52: Train Epoch 79: 60/167 Loss: 16.093811
2021-10-28 11:52: Train Epoch 79: 80/167 Loss: 15.333872
2021-10-28 11:52: Train Epoch 79: 100/167 Loss: 15.351297
2021-10-28 11:52: Train Epoch 79: 120/167 Loss: 15.043415
2021-10-28 11:52: Train Epoch 79: 140/167 Loss: 14.781633
2021-10-28 11:52: Train Epoch 79: 160/167 Loss: 14.360291
2021-10-28 11:52: **********Train Epoch 79: averaged Loss: 14.838998, tf_ratio: 1.000000
2021-10-28 11:52: **********Val Epoch 79: average Loss: 15.359166
2021-10-28 11:52: Train Epoch 80: 0/167 Loss: 13.957825
2021-10-28 11:52: Train Epoch 80: 20/167 Loss: 15.178879
2021-10-28 11:53: Train Epoch 80: 40/167 Loss: 15.098917
2021-10-28 11:53: Train Epoch 80: 60/167 Loss: 14.820346
2021-10-28 11:53: Train Epoch 80: 80/167 Loss: 15.245382
2021-10-28 11:53: Train Epoch 80: 100/167 Loss: 15.656799
2021-10-28 11:53: Train Epoch 80: 120/167 Loss: 15.164181
2021-10-28 11:53: Train Epoch 80: 140/167 Loss: 14.844687
2021-10-28 11:53: Train Epoch 80: 160/167 Loss: 15.942272
2021-10-28 11:53: **********Train Epoch 80: averaged Loss: 14.787183, tf_ratio: 1.000000
2021-10-28 11:53: **********Val Epoch 80: average Loss: 15.602065
2021-10-28 11:53: Train Epoch 81: 0/167 Loss: 15.103542
2021-10-28 11:54: Train Epoch 81: 20/167 Loss: 14.785283
2021-10-28 11:54: Train Epoch 81: 40/167 Loss: 14.638211
2021-10-28 11:54: Train Epoch 81: 60/167 Loss: 14.248514
2021-10-28 11:54: Train Epoch 81: 80/167 Loss: 14.661520
2021-10-28 11:54: Train Epoch 81: 100/167 Loss: 15.077675
2021-10-28 11:54: Train Epoch 81: 120/167 Loss: 14.448609
2021-10-28 11:54: Train Epoch 81: 140/167 Loss: 15.218964
2021-10-28 11:54: Train Epoch 81: 160/167 Loss: 13.527455
2021-10-28 11:54: **********Train Epoch 81: averaged Loss: 14.792882, tf_ratio: 1.000000
2021-10-28 11:54: **********Val Epoch 81: average Loss: 15.356162
2021-10-28 11:54: Train Epoch 82: 0/167 Loss: 14.881675
2021-10-28 11:55: Train Epoch 82: 20/167 Loss: 15.085793
2021-10-28 11:55: Train Epoch 82: 40/167 Loss: 14.073697
2021-10-28 11:55: Train Epoch 82: 60/167 Loss: 14.120219
2021-10-28 11:55: Train Epoch 82: 80/167 Loss: 15.726439
2021-10-28 11:55: Train Epoch 82: 100/167 Loss: 15.073606
2021-10-28 11:55: Train Epoch 82: 120/167 Loss: 14.389289
2021-10-28 11:55: Train Epoch 82: 140/167 Loss: 14.714823
2021-10-28 11:55: Train Epoch 82: 160/167 Loss: 15.438272
2021-10-28 11:55: **********Train Epoch 82: averaged Loss: 14.761343, tf_ratio: 1.000000
2021-10-28 11:56: **********Val Epoch 82: average Loss: 15.465824
2021-10-28 11:56: Train Epoch 83: 0/167 Loss: 14.669437
2021-10-28 11:56: Train Epoch 83: 20/167 Loss: 15.061997
2021-10-28 11:56: Train Epoch 83: 40/167 Loss: 14.319225
2021-10-28 11:56: Train Epoch 83: 60/167 Loss: 15.548869
2021-10-28 11:56: Train Epoch 83: 80/167 Loss: 14.394439
2021-10-28 11:56: Train Epoch 83: 100/167 Loss: 14.693341
2021-10-28 11:56: Train Epoch 83: 120/167 Loss: 14.098975
2021-10-28 11:56: Train Epoch 83: 140/167 Loss: 14.832522
2021-10-28 11:57: Train Epoch 83: 160/167 Loss: 13.584318
2021-10-28 11:57: **********Train Epoch 83: averaged Loss: 14.761084, tf_ratio: 1.000000
2021-10-28 11:57: **********Val Epoch 83: average Loss: 15.364526
2021-10-28 11:57: Train Epoch 84: 0/167 Loss: 15.238276
2021-10-28 11:57: Train Epoch 84: 20/167 Loss: 13.035785
2021-10-28 11:57: Train Epoch 84: 40/167 Loss: 15.274027
2021-10-28 11:57: Train Epoch 84: 60/167 Loss: 14.986743
2021-10-28 11:57: Train Epoch 84: 80/167 Loss: 15.490298
2021-10-28 11:57: Train Epoch 84: 100/167 Loss: 14.654321
2021-10-28 11:57: Train Epoch 84: 120/167 Loss: 14.621372
2021-10-28 11:57: Train Epoch 84: 140/167 Loss: 14.892562
2021-10-28 11:58: Train Epoch 84: 160/167 Loss: 15.103327
2021-10-28 11:58: **********Train Epoch 84: averaged Loss: 14.729218, tf_ratio: 1.000000
2021-10-28 11:58: **********Val Epoch 84: average Loss: 15.318164
2021-10-28 11:58: *********************************Current best model saved!
2021-10-28 11:58: Train Epoch 85: 0/167 Loss: 13.913594
2021-10-28 11:58: Train Epoch 85: 20/167 Loss: 14.902603
2021-10-28 11:58: Train Epoch 85: 40/167 Loss: 14.365587
2021-10-28 11:58: Train Epoch 85: 60/167 Loss: 15.505583
2021-10-28 11:58: Train Epoch 85: 80/167 Loss: 15.042968
2021-10-28 11:58: Train Epoch 85: 100/167 Loss: 14.196378
2021-10-28 11:58: Train Epoch 85: 120/167 Loss: 14.691259
2021-10-28 11:59: Train Epoch 85: 140/167 Loss: 15.089221
2021-10-28 11:59: Train Epoch 85: 160/167 Loss: 14.406540
2021-10-28 11:59: **********Train Epoch 85: averaged Loss: 14.711823, tf_ratio: 1.000000
2021-10-28 11:59: **********Val Epoch 85: average Loss: 15.322817
2021-10-28 11:59: Train Epoch 86: 0/167 Loss: 13.622833
2021-10-28 11:59: Train Epoch 86: 20/167 Loss: 15.023997
2021-10-28 11:59: Train Epoch 86: 40/167 Loss: 15.267230
2021-10-28 11:59: Train Epoch 86: 60/167 Loss: 14.972485
2021-10-28 11:59: Train Epoch 86: 80/167 Loss: 14.746680
2021-10-28 11:59: Train Epoch 86: 100/167 Loss: 15.352445
2021-10-28 12:00: Train Epoch 86: 120/167 Loss: 14.083731
2021-10-28 12:00: Train Epoch 86: 140/167 Loss: 14.875212
2021-10-28 12:00: Train Epoch 86: 160/167 Loss: 14.059068
2021-10-28 12:00: **********Train Epoch 86: averaged Loss: 14.684682, tf_ratio: 1.000000
2021-10-28 12:00: **********Val Epoch 86: average Loss: 15.260329
2021-10-28 12:00: *********************************Current best model saved!
2021-10-28 12:00: Train Epoch 87: 0/167 Loss: 14.568050
2021-10-28 12:00: Train Epoch 87: 20/167 Loss: 15.003650
2021-10-28 12:00: Train Epoch 87: 40/167 Loss: 14.811882
2021-10-28 12:00: Train Epoch 87: 60/167 Loss: 14.790515
2021-10-28 12:00: Train Epoch 87: 80/167 Loss: 15.223240
2021-10-28 12:00: Train Epoch 87: 100/167 Loss: 14.592871
2021-10-28 12:01: Train Epoch 87: 120/167 Loss: 14.773109
2021-10-28 12:01: Train Epoch 87: 140/167 Loss: 14.497602
2021-10-28 12:01: Train Epoch 87: 160/167 Loss: 15.033886
2021-10-28 12:01: **********Train Epoch 87: averaged Loss: 14.656085, tf_ratio: 1.000000
2021-10-28 12:01: **********Val Epoch 87: average Loss: 15.369182
2021-10-28 12:01: Train Epoch 88: 0/167 Loss: 15.133590
2021-10-28 12:01: Train Epoch 88: 20/167 Loss: 14.961823
2021-10-28 12:01: Train Epoch 88: 40/167 Loss: 14.755837
2021-10-28 12:01: Train Epoch 88: 60/167 Loss: 15.662164
2021-10-28 12:01: Train Epoch 88: 80/167 Loss: 14.779824
2021-10-28 12:02: Train Epoch 88: 100/167 Loss: 16.203621
2021-10-28 12:02: Train Epoch 88: 120/167 Loss: 13.647015
2021-10-28 12:02: Train Epoch 88: 140/167 Loss: 15.104862
2021-10-28 12:02: Train Epoch 88: 160/167 Loss: 15.092199
2021-10-28 12:02: **********Train Epoch 88: averaged Loss: 14.639309, tf_ratio: 1.000000
2021-10-28 12:02: **********Val Epoch 88: average Loss: 15.201426
2021-10-28 12:02: *********************************Current best model saved!
2021-10-28 12:02: Train Epoch 89: 0/167 Loss: 13.525118
2021-10-28 12:02: Train Epoch 89: 20/167 Loss: 14.609608
2021-10-28 12:02: Train Epoch 89: 40/167 Loss: 14.036643
2021-10-28 12:02: Train Epoch 89: 60/167 Loss: 14.733895
2021-10-28 12:03: Train Epoch 89: 80/167 Loss: 15.268653
2021-10-28 12:03: Train Epoch 89: 100/167 Loss: 14.817519
2021-10-28 12:03: Train Epoch 89: 120/167 Loss: 14.305841
2021-10-28 12:03: Train Epoch 89: 140/167 Loss: 13.972971
2021-10-28 12:03: Train Epoch 89: 160/167 Loss: 14.410246
2021-10-28 12:03: **********Train Epoch 89: averaged Loss: 14.630751, tf_ratio: 1.000000
2021-10-28 12:03: **********Val Epoch 89: average Loss: 15.271535
2021-10-28 12:03: Train Epoch 90: 0/167 Loss: 13.860752
2021-10-28 12:03: Train Epoch 90: 20/167 Loss: 14.654860
2021-10-28 12:03: Train Epoch 90: 40/167 Loss: 14.592659
2021-10-28 12:03: Train Epoch 90: 60/167 Loss: 14.689578
2021-10-28 12:04: Train Epoch 90: 80/167 Loss: 13.274708
2021-10-28 12:04: Train Epoch 90: 100/167 Loss: 15.212373
2021-10-28 12:04: Train Epoch 90: 120/167 Loss: 15.147895
2021-10-28 12:04: Train Epoch 90: 140/167 Loss: 14.555330
2021-10-28 12:04: Train Epoch 90: 160/167 Loss: 14.845122
2021-10-28 12:04: **********Train Epoch 90: averaged Loss: 14.603395, tf_ratio: 1.000000
2021-10-28 12:04: **********Val Epoch 90: average Loss: 15.245396
2021-10-28 12:04: Train Epoch 91: 0/167 Loss: 15.438087
2021-10-28 12:04: Train Epoch 91: 20/167 Loss: 14.855065
2021-10-28 12:04: Train Epoch 91: 40/167 Loss: 13.058661
2021-10-28 12:05: Train Epoch 91: 60/167 Loss: 14.667068
2021-10-28 12:05: Train Epoch 91: 80/167 Loss: 14.192973
2021-10-28 12:05: Train Epoch 91: 100/167 Loss: 14.883982
2021-10-28 12:05: Train Epoch 91: 120/167 Loss: 14.302422
2021-10-28 12:05: Train Epoch 91: 140/167 Loss: 13.982054
2021-10-28 12:05: Train Epoch 91: 160/167 Loss: 14.814425
2021-10-28 12:05: **********Train Epoch 91: averaged Loss: 14.612408, tf_ratio: 1.000000
2021-10-28 12:05: **********Val Epoch 91: average Loss: 15.250505
2021-10-28 12:05: Train Epoch 92: 0/167 Loss: 16.152510
2021-10-28 12:05: Train Epoch 92: 20/167 Loss: 14.427046
2021-10-28 12:06: Train Epoch 92: 40/167 Loss: 13.440862
2021-10-28 12:06: Train Epoch 92: 60/167 Loss: 14.841716
2021-10-28 12:06: Train Epoch 92: 80/167 Loss: 14.519197
2021-10-28 12:06: Train Epoch 92: 100/167 Loss: 14.320407
2021-10-28 12:06: Train Epoch 92: 120/167 Loss: 14.969823
2021-10-28 12:06: Train Epoch 92: 140/167 Loss: 13.316356
2021-10-28 12:06: Train Epoch 92: 160/167 Loss: 13.730186
2021-10-28 12:06: **********Train Epoch 92: averaged Loss: 14.592226, tf_ratio: 1.000000
2021-10-28 12:06: **********Val Epoch 92: average Loss: 15.202734
2021-10-28 12:06: Train Epoch 93: 0/167 Loss: 14.415215
2021-10-28 12:06: Train Epoch 93: 20/167 Loss: 14.554645
2021-10-28 12:07: Train Epoch 93: 40/167 Loss: 14.264058
2021-10-28 12:07: Train Epoch 93: 60/167 Loss: 13.801314
2021-10-28 12:07: Train Epoch 93: 80/167 Loss: 14.900595
2021-10-28 12:07: Train Epoch 93: 100/167 Loss: 14.495580
2021-10-28 12:07: Train Epoch 93: 120/167 Loss: 14.950508
2021-10-28 12:07: Train Epoch 93: 140/167 Loss: 14.600089
2021-10-28 12:07: Train Epoch 93: 160/167 Loss: 14.573498
2021-10-28 12:07: **********Train Epoch 93: averaged Loss: 14.571715, tf_ratio: 1.000000
2021-10-28 12:07: **********Val Epoch 93: average Loss: 15.280106
2021-10-28 12:07: Train Epoch 94: 0/167 Loss: 15.101459
2021-10-28 12:08: Train Epoch 94: 20/167 Loss: 14.100758
2021-10-28 12:08: Train Epoch 94: 40/167 Loss: 14.059843
2021-10-28 12:08: Train Epoch 94: 60/167 Loss: 14.943414
2021-10-28 12:08: Train Epoch 94: 80/167 Loss: 14.993724
2021-10-28 12:08: Train Epoch 94: 100/167 Loss: 13.914860
2021-10-28 12:08: Train Epoch 94: 120/167 Loss: 13.877571
2021-10-28 12:08: Train Epoch 94: 140/167 Loss: 14.224519
2021-10-28 12:08: Train Epoch 94: 160/167 Loss: 14.404500
2021-10-28 12:08: **********Train Epoch 94: averaged Loss: 14.560961, tf_ratio: 1.000000
2021-10-28 12:09: **********Val Epoch 94: average Loss: 15.217092
2021-10-28 12:09: Train Epoch 95: 0/167 Loss: 14.492660
2021-10-28 12:09: Train Epoch 95: 20/167 Loss: 14.357429
2021-10-28 12:09: Train Epoch 95: 40/167 Loss: 14.108102
2021-10-28 12:09: Train Epoch 95: 60/167 Loss: 13.800112
2021-10-28 12:09: Train Epoch 95: 80/167 Loss: 14.653328
2021-10-28 12:09: Train Epoch 95: 100/167 Loss: 14.956793
2021-10-28 12:09: Train Epoch 95: 120/167 Loss: 15.295122
2021-10-28 12:09: Train Epoch 95: 140/167 Loss: 14.730278
2021-10-28 12:09: Train Epoch 95: 160/167 Loss: 13.364124
2021-10-28 12:10: **********Train Epoch 95: averaged Loss: 14.565658, tf_ratio: 1.000000
2021-10-28 12:10: **********Val Epoch 95: average Loss: 15.177965
2021-10-28 12:10: *********************************Current best model saved!
2021-10-28 12:10: Train Epoch 96: 0/167 Loss: 14.059587
2021-10-28 12:10: Train Epoch 96: 20/167 Loss: 14.636538
2021-10-28 12:10: Train Epoch 96: 40/167 Loss: 14.109940
2021-10-28 12:10: Train Epoch 96: 60/167 Loss: 14.534845
2021-10-28 12:10: Train Epoch 96: 80/167 Loss: 13.791904
2021-10-28 12:10: Train Epoch 96: 100/167 Loss: 15.296146
2021-10-28 12:10: Train Epoch 96: 120/167 Loss: 14.780471
2021-10-28 12:10: Train Epoch 96: 140/167 Loss: 14.243136
2021-10-28 12:11: Train Epoch 96: 160/167 Loss: 15.194726
2021-10-28 12:11: **********Train Epoch 96: averaged Loss: 14.536221, tf_ratio: 1.000000
2021-10-28 12:11: **********Val Epoch 96: average Loss: 15.215642
2021-10-28 12:11: Train Epoch 97: 0/167 Loss: 14.749479
2021-10-28 12:11: Train Epoch 97: 20/167 Loss: 14.415076
2021-10-28 12:11: Train Epoch 97: 40/167 Loss: 14.880317
2021-10-28 12:11: Train Epoch 97: 60/167 Loss: 14.206563
2021-10-28 12:11: Train Epoch 97: 80/167 Loss: 14.224287
2021-10-28 12:11: Train Epoch 97: 100/167 Loss: 15.572632
2021-10-28 12:11: Train Epoch 97: 120/167 Loss: 13.932535
2021-10-28 12:12: Train Epoch 97: 140/167 Loss: 14.568474
2021-10-28 12:12: Train Epoch 97: 160/167 Loss: 15.740519
2021-10-28 12:12: **********Train Epoch 97: averaged Loss: 14.523771, tf_ratio: 1.000000
2021-10-28 12:12: **********Val Epoch 97: average Loss: 15.180522
2021-10-28 12:12: Train Epoch 98: 0/167 Loss: 14.712086
2021-10-28 12:12: Train Epoch 98: 20/167 Loss: 14.576278
2021-10-28 12:12: Train Epoch 98: 40/167 Loss: 15.596917
2021-10-28 12:12: Train Epoch 98: 60/167 Loss: 15.254915
2021-10-28 12:12: Train Epoch 98: 80/167 Loss: 13.685145
2021-10-28 12:12: Train Epoch 98: 100/167 Loss: 13.776462
2021-10-28 12:12: Train Epoch 98: 120/167 Loss: 13.687446
2021-10-28 12:13: Train Epoch 98: 140/167 Loss: 13.768756
2021-10-28 12:13: Train Epoch 98: 160/167 Loss: 13.697377
2021-10-28 12:13: **********Train Epoch 98: averaged Loss: 14.506739, tf_ratio: 1.000000
2021-10-28 12:13: **********Val Epoch 98: average Loss: 15.210196
2021-10-28 12:13: Train Epoch 99: 0/167 Loss: 14.972208
2021-10-28 12:13: Train Epoch 99: 20/167 Loss: 14.854355
2021-10-28 12:13: Train Epoch 99: 40/167 Loss: 14.035957
2021-10-28 12:13: Train Epoch 99: 60/167 Loss: 14.708385
2021-10-28 12:13: Train Epoch 99: 80/167 Loss: 15.286515
2021-10-28 12:13: Train Epoch 99: 100/167 Loss: 14.618783
2021-10-28 12:14: Train Epoch 99: 120/167 Loss: 13.803418
2021-10-28 12:14: Train Epoch 99: 140/167 Loss: 13.938928
2021-10-28 12:14: Train Epoch 99: 160/167 Loss: 14.931520
2021-10-28 12:14: **********Train Epoch 99: averaged Loss: 14.489309, tf_ratio: 1.000000
2021-10-28 12:14: **********Val Epoch 99: average Loss: 15.209733
2021-10-28 12:14: Train Epoch 100: 0/167 Loss: 15.235292
2021-10-28 12:14: Train Epoch 100: 20/167 Loss: 14.858039
2021-10-28 12:14: Train Epoch 100: 40/167 Loss: 14.543046
2021-10-28 12:14: Train Epoch 100: 60/167 Loss: 14.556647
2021-10-28 12:14: Train Epoch 100: 80/167 Loss: 14.140980
2021-10-28 12:15: Train Epoch 100: 100/167 Loss: 14.089313
2021-10-28 12:15: Train Epoch 100: 120/167 Loss: 14.655634
2021-10-28 12:15: Train Epoch 100: 140/167 Loss: 14.174928
2021-10-28 12:15: Train Epoch 100: 160/167 Loss: 14.084102
2021-10-28 12:15: **********Train Epoch 100: averaged Loss: 14.468939, tf_ratio: 1.000000
2021-10-28 12:15: **********Val Epoch 100: average Loss: 15.205818
2021-10-28 12:15: Total training time: 107.5995min, best loss: 15.177965
2021-10-28 12:15: Saving current best model to /content/AGCRN/model/experiments/PEMSD8/20211028102753/best_model.pth
2021-10-28 12:15: Horizon 01, MAE: 13.64, RMSE: 21.24, MAPE: 8.8053%
2021-10-28 12:15: Horizon 02, MAE: 14.05, RMSE: 22.12, MAPE: 9.0111%
2021-10-28 12:15: Horizon 03, MAE: 14.55, RMSE: 22.97, MAPE: 9.2527%
2021-10-28 12:15: Horizon 04, MAE: 14.93, RMSE: 23.69, MAPE: 9.4656%
2021-10-28 12:15: Horizon 05, MAE: 15.31, RMSE: 24.37, MAPE: 9.6942%
2021-10-28 12:15: Horizon 06, MAE: 15.87, RMSE: 25.26, MAPE: 10.0057%
2021-10-28 12:15: Average Horizon, MAE: 14.73, RMSE: 23.31, MAPE: 9.3724%
