2021-10-25 18:10: Experiment log path in: /content/AGCRN/model/experiments/PEMSD4/20211025181052
2021-10-25 18:10: Train Epoch 1: 0/159 Loss: 180.451752
2021-10-25 18:11: Train Epoch 1: 20/159 Loss: 216.549667
2021-10-25 18:11: Train Epoch 1: 40/159 Loss: 186.018555
2021-10-25 18:11: Train Epoch 1: 60/159 Loss: 190.062958
2021-10-25 18:11: Train Epoch 1: 80/159 Loss: 190.663223
2021-10-25 18:11: Train Epoch 1: 100/159 Loss: 187.316589
2021-10-25 18:12: Train Epoch 1: 120/159 Loss: 157.183975
2021-10-25 18:12: Train Epoch 1: 140/159 Loss: 158.625168
2021-10-25 18:12: **********Train Epoch 1: averaged Loss: 186.942683, tf_ratio: 1.000000
2021-10-25 18:12: **********Val Epoch 1: average Loss: 187.792330
2021-10-25 18:12: *********************************Current best model saved!
2021-10-25 18:12: Train Epoch 2: 0/159 Loss: 164.694672
2021-10-25 18:12: Train Epoch 2: 20/159 Loss: 160.437424
2021-10-25 18:13: Train Epoch 2: 40/159 Loss: 150.153992
2021-10-25 18:13: Train Epoch 2: 60/159 Loss: 157.876389
2021-10-25 18:13: Train Epoch 2: 80/159 Loss: 192.172195
2021-10-25 18:13: Train Epoch 2: 100/159 Loss: 146.863876
2021-10-25 18:13: Train Epoch 2: 120/159 Loss: 167.212051
2021-10-25 18:14: Train Epoch 2: 140/159 Loss: 167.544815
2021-10-25 18:14: **********Train Epoch 2: averaged Loss: 163.976347, tf_ratio: 1.000000
2021-10-25 18:14: **********Val Epoch 2: average Loss: 169.601714
2021-10-25 18:14: *********************************Current best model saved!
2021-10-25 18:14: Train Epoch 3: 0/159 Loss: 152.849396
2021-10-25 18:14: Train Epoch 3: 20/159 Loss: 162.300674
2021-10-25 18:14: Train Epoch 3: 40/159 Loss: 160.147842
2021-10-25 18:14: Train Epoch 3: 60/159 Loss: 169.317764
2021-10-25 18:15: Train Epoch 3: 80/159 Loss: 144.089325
2021-10-25 18:15: Train Epoch 3: 100/159 Loss: 147.044724
2021-10-25 18:15: Train Epoch 3: 120/159 Loss: 155.363144
2021-10-25 18:15: Train Epoch 3: 140/159 Loss: 146.329590
2021-10-25 18:15: **********Train Epoch 3: averaged Loss: 149.682372, tf_ratio: 1.000000
2021-10-25 18:16: **********Val Epoch 3: average Loss: 156.879369
2021-10-25 18:16: *********************************Current best model saved!
2021-10-25 18:16: Train Epoch 4: 0/159 Loss: 152.851715
2021-10-25 18:16: Train Epoch 4: 20/159 Loss: 150.362045
2021-10-25 18:16: Train Epoch 4: 40/159 Loss: 154.011719
2021-10-25 18:16: Train Epoch 4: 60/159 Loss: 151.236267
2021-10-25 18:16: Train Epoch 4: 80/159 Loss: 138.949310
2021-10-25 18:17: Train Epoch 4: 100/159 Loss: 139.535065
2021-10-25 18:17: Train Epoch 4: 120/159 Loss: 138.259018
2021-10-25 18:17: Train Epoch 4: 140/159 Loss: 120.223862
2021-10-25 18:17: **********Train Epoch 4: averaged Loss: 140.307723, tf_ratio: 1.000000
2021-10-25 18:17: **********Val Epoch 4: average Loss: 148.264210
2021-10-25 18:17: *********************************Current best model saved!
2021-10-25 18:17: Train Epoch 5: 0/159 Loss: 142.996368
2021-10-25 18:18: Train Epoch 5: 20/159 Loss: 124.415016
2021-10-25 18:18: Train Epoch 5: 40/159 Loss: 149.329239
2021-10-25 18:18: Train Epoch 5: 60/159 Loss: 130.828018
2021-10-25 18:18: Train Epoch 5: 80/159 Loss: 135.042542
2021-10-25 18:18: Train Epoch 5: 100/159 Loss: 133.647522
2021-10-25 18:19: Train Epoch 5: 120/159 Loss: 123.908463
2021-10-25 18:19: Train Epoch 5: 140/159 Loss: 138.711411
2021-10-25 18:19: **********Train Epoch 5: averaged Loss: 134.350800, tf_ratio: 1.000000
2021-10-25 18:19: **********Val Epoch 5: average Loss: 142.596235
2021-10-25 18:19: *********************************Current best model saved!
2021-10-25 18:19: Train Epoch 6: 0/159 Loss: 126.655815
2021-10-25 18:19: Train Epoch 6: 20/159 Loss: 130.071762
2021-10-25 18:19: Train Epoch 6: 40/159 Loss: 139.608246
2021-10-25 18:20: Train Epoch 6: 60/159 Loss: 135.202316
2021-10-25 18:20: Train Epoch 6: 80/159 Loss: 132.228943
2021-10-25 18:20: Train Epoch 6: 100/159 Loss: 112.955414
2021-10-25 18:20: Train Epoch 6: 120/159 Loss: 123.605499
2021-10-25 18:20: Train Epoch 6: 140/159 Loss: 139.512726
2021-10-25 18:21: **********Train Epoch 6: averaged Loss: 130.671186, tf_ratio: 1.000000
2021-10-25 18:21: **********Val Epoch 6: average Loss: 138.373937
2021-10-25 18:21: *********************************Current best model saved!
2021-10-25 18:21: Train Epoch 7: 0/159 Loss: 139.816345
2021-10-25 18:21: Train Epoch 7: 20/159 Loss: 123.611359
2021-10-25 18:21: Train Epoch 7: 40/159 Loss: 128.785324
2021-10-25 18:21: Train Epoch 7: 60/159 Loss: 116.231010
2021-10-25 18:22: Train Epoch 7: 80/159 Loss: 117.123177
2021-10-25 18:22: Train Epoch 7: 100/159 Loss: 99.004570
2021-10-25 18:22: Train Epoch 7: 120/159 Loss: 90.232765
2021-10-25 18:22: Train Epoch 7: 140/159 Loss: 103.350716
2021-10-25 18:22: **********Train Epoch 7: averaged Loss: 110.908478, tf_ratio: 1.000000
2021-10-25 18:23: **********Val Epoch 7: average Loss: 105.721249
2021-10-25 18:23: *********************************Current best model saved!
2021-10-25 18:23: Train Epoch 8: 0/159 Loss: 92.782806
2021-10-25 18:23: Train Epoch 8: 20/159 Loss: 88.939049
2021-10-25 18:23: Train Epoch 8: 40/159 Loss: 84.212318
2021-10-25 18:23: Train Epoch 8: 60/159 Loss: 82.964394
2021-10-25 18:23: Train Epoch 8: 80/159 Loss: 83.760086
2021-10-25 18:24: Train Epoch 8: 100/159 Loss: 75.220261
2021-10-25 18:24: Train Epoch 8: 120/159 Loss: 76.209190
2021-10-25 18:24: Train Epoch 8: 140/159 Loss: 84.739639
2021-10-25 18:24: **********Train Epoch 8: averaged Loss: 84.253656, tf_ratio: 1.000000
2021-10-25 18:24: **********Val Epoch 8: average Loss: 86.087240
2021-10-25 18:24: *********************************Current best model saved!
2021-10-25 18:24: Train Epoch 9: 0/159 Loss: 77.312813
2021-10-25 18:25: Train Epoch 9: 20/159 Loss: 75.071236
2021-10-25 18:25: Train Epoch 9: 40/159 Loss: 70.622543
2021-10-25 18:25: Train Epoch 9: 60/159 Loss: 64.590431
2021-10-25 18:25: Train Epoch 9: 80/159 Loss: 74.099266
2021-10-25 18:25: Train Epoch 9: 100/159 Loss: 80.730377
2021-10-25 18:26: Train Epoch 9: 120/159 Loss: 67.601112
2021-10-25 18:26: Train Epoch 9: 140/159 Loss: 72.804840
2021-10-25 18:26: **********Train Epoch 9: averaged Loss: 70.695992, tf_ratio: 1.000000
2021-10-25 18:26: **********Val Epoch 9: average Loss: 73.926631
2021-10-25 18:26: *********************************Current best model saved!
2021-10-25 18:26: Train Epoch 10: 0/159 Loss: 67.786766
2021-10-25 18:26: Train Epoch 10: 20/159 Loss: 63.632416
2021-10-25 18:27: Train Epoch 10: 40/159 Loss: 54.664902
2021-10-25 18:27: Train Epoch 10: 60/159 Loss: 68.462616
2021-10-25 18:27: Train Epoch 10: 80/159 Loss: 57.869350
2021-10-25 18:27: Train Epoch 10: 100/159 Loss: 54.923107
2021-10-25 18:27: Train Epoch 10: 120/159 Loss: 57.241154
2021-10-25 18:28: Train Epoch 10: 140/159 Loss: 62.667484
2021-10-25 18:28: **********Train Epoch 10: averaged Loss: 61.150506, tf_ratio: 1.000000
2021-10-25 18:28: **********Val Epoch 10: average Loss: 64.785981
2021-10-25 18:28: *********************************Current best model saved!
2021-10-25 18:28: Train Epoch 11: 0/159 Loss: 52.603409
2021-10-25 18:28: Train Epoch 11: 20/159 Loss: 52.113884
2021-10-25 18:28: Train Epoch 11: 40/159 Loss: 59.881756
2021-10-25 18:29: Train Epoch 11: 60/159 Loss: 59.685246
2021-10-25 18:29: Train Epoch 11: 80/159 Loss: 58.431862
2021-10-25 18:29: Train Epoch 11: 100/159 Loss: 54.858837
2021-10-25 18:29: Train Epoch 11: 120/159 Loss: 51.310585
2021-10-25 18:29: Train Epoch 11: 140/159 Loss: 53.284889
2021-10-25 18:29: **********Train Epoch 11: averaged Loss: 53.695722, tf_ratio: 1.000000
2021-10-25 18:30: **********Val Epoch 11: average Loss: 57.109618
2021-10-25 18:30: *********************************Current best model saved!
2021-10-25 18:30: Train Epoch 12: 0/159 Loss: 52.531921
2021-10-25 18:30: Train Epoch 12: 20/159 Loss: 54.144772
2021-10-25 18:30: Train Epoch 12: 40/159 Loss: 48.154243
2021-10-25 18:30: Train Epoch 12: 60/159 Loss: 52.759014
2021-10-25 18:30: Train Epoch 12: 80/159 Loss: 49.747681
2021-10-25 18:31: Train Epoch 12: 100/159 Loss: 42.115349
2021-10-25 18:31: Train Epoch 12: 120/159 Loss: 42.012741
2021-10-25 18:31: Train Epoch 12: 140/159 Loss: 46.936939
2021-10-25 18:31: **********Train Epoch 12: averaged Loss: 47.548378, tf_ratio: 1.000000
2021-10-25 18:31: **********Val Epoch 12: average Loss: 50.766098
2021-10-25 18:31: *********************************Current best model saved!
2021-10-25 18:31: Train Epoch 13: 0/159 Loss: 48.431854
2021-10-25 18:32: Train Epoch 13: 20/159 Loss: 38.086597
2021-10-25 18:32: Train Epoch 13: 40/159 Loss: 38.680878
2021-10-25 18:32: Train Epoch 13: 60/159 Loss: 40.526680
2021-10-25 18:32: Train Epoch 13: 80/159 Loss: 43.614571
2021-10-25 18:32: Train Epoch 13: 100/159 Loss: 39.664780
2021-10-25 18:33: Train Epoch 13: 120/159 Loss: 38.632034
2021-10-25 18:33: Train Epoch 13: 140/159 Loss: 44.058670
2021-10-25 18:33: **********Train Epoch 13: averaged Loss: 42.500976, tf_ratio: 1.000000
2021-10-25 18:33: **********Val Epoch 13: average Loss: 45.537240
2021-10-25 18:33: *********************************Current best model saved!
2021-10-25 18:33: Train Epoch 14: 0/159 Loss: 46.260216
2021-10-25 18:33: Train Epoch 14: 20/159 Loss: 45.821060
2021-10-25 18:34: Train Epoch 14: 40/159 Loss: 35.890945
2021-10-25 18:34: Train Epoch 14: 60/159 Loss: 40.696156
2021-10-25 18:34: Train Epoch 14: 80/159 Loss: 37.811249
2021-10-25 18:34: Train Epoch 14: 100/159 Loss: 43.101330
2021-10-25 18:34: Train Epoch 14: 120/159 Loss: 34.791222
2021-10-25 18:35: Train Epoch 14: 140/159 Loss: 33.339336
2021-10-25 18:35: **********Train Epoch 14: averaged Loss: 38.350112, tf_ratio: 1.000000
2021-10-25 18:35: **********Val Epoch 14: average Loss: 41.163942
2021-10-25 18:35: *********************************Current best model saved!
2021-10-25 18:35: Train Epoch 15: 0/159 Loss: 33.074070
2021-10-25 18:35: Train Epoch 15: 20/159 Loss: 33.266941
2021-10-25 18:35: Train Epoch 15: 40/159 Loss: 35.979671
2021-10-25 18:36: Train Epoch 15: 60/159 Loss: 36.806824
2021-10-25 18:36: Train Epoch 15: 80/159 Loss: 31.409653
2021-10-25 18:36: Train Epoch 15: 100/159 Loss: 33.520512
2021-10-25 18:36: Train Epoch 15: 120/159 Loss: 30.266441
2021-10-25 18:36: Train Epoch 15: 140/159 Loss: 38.332687
2021-10-25 18:37: **********Train Epoch 15: averaged Loss: 34.916216, tf_ratio: 1.000000
2021-10-25 18:37: **********Val Epoch 15: average Loss: 37.543220
2021-10-25 18:37: *********************************Current best model saved!
2021-10-25 18:37: Train Epoch 16: 0/159 Loss: 31.168579
2021-10-25 18:37: Train Epoch 16: 20/159 Loss: 30.349831
2021-10-25 18:37: Train Epoch 16: 40/159 Loss: 38.120373
2021-10-25 18:37: Train Epoch 16: 60/159 Loss: 37.020809
2021-10-25 18:38: Train Epoch 16: 80/159 Loss: 34.047798
2021-10-25 18:38: Train Epoch 16: 100/159 Loss: 29.300053
2021-10-25 18:38: Train Epoch 16: 120/159 Loss: 31.396790
2021-10-25 18:38: Train Epoch 16: 140/159 Loss: 33.480907
2021-10-25 18:38: **********Train Epoch 16: averaged Loss: 32.098090, tf_ratio: 1.000000
2021-10-25 18:39: **********Val Epoch 16: average Loss: 34.484391
2021-10-25 18:39: *********************************Current best model saved!
2021-10-25 18:39: Train Epoch 17: 0/159 Loss: 32.734749
2021-10-25 18:39: Train Epoch 17: 20/159 Loss: 31.815813
2021-10-25 18:39: Train Epoch 17: 40/159 Loss: 30.519632
2021-10-25 18:39: Train Epoch 17: 60/159 Loss: 30.935757
2021-10-25 18:39: Train Epoch 17: 80/159 Loss: 31.800806
2021-10-25 18:40: Train Epoch 17: 100/159 Loss: 29.382862
2021-10-25 18:40: Train Epoch 17: 120/159 Loss: 28.856171
2021-10-25 18:40: Train Epoch 17: 140/159 Loss: 27.794909
2021-10-25 18:40: **********Train Epoch 17: averaged Loss: 29.698483, tf_ratio: 1.000000
2021-10-25 18:40: **********Val Epoch 17: average Loss: 32.006705
2021-10-25 18:40: *********************************Current best model saved!
2021-10-25 18:40: Train Epoch 18: 0/159 Loss: 25.740856
2021-10-25 18:41: Train Epoch 18: 20/159 Loss: 29.478231
2021-10-25 18:41: Train Epoch 18: 40/159 Loss: 28.298786
2021-10-25 18:41: Train Epoch 18: 60/159 Loss: 28.681410
2021-10-25 18:41: Train Epoch 18: 80/159 Loss: 26.684385
2021-10-25 18:41: Train Epoch 18: 100/159 Loss: 24.630791
2021-10-25 18:42: Train Epoch 18: 120/159 Loss: 27.332195
2021-10-25 18:42: Train Epoch 18: 140/159 Loss: 24.466393
2021-10-25 18:42: **********Train Epoch 18: averaged Loss: 27.752614, tf_ratio: 1.000000
2021-10-25 18:42: **********Val Epoch 18: average Loss: 29.913151
2021-10-25 18:42: *********************************Current best model saved!
2021-10-25 18:42: Train Epoch 19: 0/159 Loss: 27.068262
2021-10-25 18:42: Train Epoch 19: 20/159 Loss: 24.848467
2021-10-25 18:43: Train Epoch 19: 40/159 Loss: 24.605339
2021-10-25 18:43: Train Epoch 19: 60/159 Loss: 23.223734
2021-10-25 18:43: Train Epoch 19: 80/159 Loss: 21.940187
2021-10-25 18:43: Train Epoch 19: 100/159 Loss: 27.870115
2021-10-25 18:43: Train Epoch 19: 120/159 Loss: 26.194862
2021-10-25 18:44: Train Epoch 19: 140/159 Loss: 26.628845
2021-10-25 18:44: **********Train Epoch 19: averaged Loss: 26.140583, tf_ratio: 1.000000
2021-10-25 18:44: **********Val Epoch 19: average Loss: 28.108434
2021-10-25 18:44: *********************************Current best model saved!
2021-10-25 18:44: Train Epoch 20: 0/159 Loss: 28.028416
2021-10-25 18:44: Train Epoch 20: 20/159 Loss: 23.056995
2021-10-25 18:44: Train Epoch 20: 40/159 Loss: 25.582264
2021-10-25 18:44: Train Epoch 20: 60/159 Loss: 22.801069
2021-10-25 18:45: Train Epoch 20: 80/159 Loss: 24.016056
2021-10-25 18:45: Train Epoch 20: 100/159 Loss: 24.454044
2021-10-25 18:45: Train Epoch 20: 120/159 Loss: 25.344486
2021-10-25 18:45: Train Epoch 20: 140/159 Loss: 24.130610
2021-10-25 18:45: **********Train Epoch 20: averaged Loss: 24.804589, tf_ratio: 1.000000
2021-10-25 18:46: **********Val Epoch 20: average Loss: 26.777213
2021-10-25 18:46: *********************************Current best model saved!
2021-10-25 18:46: Train Epoch 21: 0/159 Loss: 24.272747
2021-10-25 18:46: Train Epoch 21: 20/159 Loss: 25.528692
2021-10-25 18:46: Train Epoch 21: 40/159 Loss: 22.996408
2021-10-25 18:46: Train Epoch 21: 60/159 Loss: 25.875401
2021-10-25 18:46: Train Epoch 21: 80/159 Loss: 21.671095
2021-10-25 18:47: Train Epoch 21: 100/159 Loss: 24.732571
2021-10-25 18:47: Train Epoch 21: 120/159 Loss: 25.436405
2021-10-25 18:47: Train Epoch 21: 140/159 Loss: 23.885172
2021-10-25 18:47: **********Train Epoch 21: averaged Loss: 23.722123, tf_ratio: 1.000000
2021-10-25 18:47: **********Val Epoch 21: average Loss: 25.461468
2021-10-25 18:47: *********************************Current best model saved!
2021-10-25 18:47: Train Epoch 22: 0/159 Loss: 23.962988
2021-10-25 18:48: Train Epoch 22: 20/159 Loss: 23.975258
2021-10-25 18:48: Train Epoch 22: 40/159 Loss: 20.286976
2021-10-25 18:48: Train Epoch 22: 60/159 Loss: 21.556786
2021-10-25 18:48: Train Epoch 22: 80/159 Loss: 25.569971
2021-10-25 18:48: Train Epoch 22: 100/159 Loss: 22.749823
2021-10-25 18:49: Train Epoch 22: 120/159 Loss: 22.519032
2021-10-25 18:49: Train Epoch 22: 140/159 Loss: 22.313726
2021-10-25 18:49: **********Train Epoch 22: averaged Loss: 22.778148, tf_ratio: 1.000000
2021-10-25 18:49: **********Val Epoch 22: average Loss: 24.415287
2021-10-25 18:49: *********************************Current best model saved!
2021-10-25 18:49: Train Epoch 23: 0/159 Loss: 22.617876
2021-10-25 18:49: Train Epoch 23: 20/159 Loss: 23.360453
2021-10-25 18:50: Train Epoch 23: 40/159 Loss: 21.714672
2021-10-25 18:50: Train Epoch 23: 60/159 Loss: 20.760622
2021-10-25 18:50: Train Epoch 23: 80/159 Loss: 22.836655
2021-10-25 18:50: Train Epoch 23: 100/159 Loss: 22.680435
2021-10-25 18:50: Train Epoch 23: 120/159 Loss: 22.157776
2021-10-25 18:51: Train Epoch 23: 140/159 Loss: 20.685640
2021-10-25 18:51: **********Train Epoch 23: averaged Loss: 21.985583, tf_ratio: 1.000000
2021-10-25 18:51: **********Val Epoch 23: average Loss: 23.588723
2021-10-25 18:51: *********************************Current best model saved!
2021-10-25 18:51: Train Epoch 24: 0/159 Loss: 20.117903
2021-10-25 18:51: Train Epoch 24: 20/159 Loss: 23.035807
2021-10-25 18:51: Train Epoch 24: 40/159 Loss: 21.519751
2021-10-25 18:52: Train Epoch 24: 60/159 Loss: 21.195213
2021-10-25 18:52: Train Epoch 24: 80/159 Loss: 19.852135
2021-10-25 18:52: Train Epoch 24: 100/159 Loss: 20.041748
2021-10-25 18:52: Train Epoch 24: 120/159 Loss: 21.040655
2021-10-25 18:52: Train Epoch 24: 140/159 Loss: 19.455498
2021-10-25 18:53: **********Train Epoch 24: averaged Loss: 21.324071, tf_ratio: 1.000000
2021-10-25 18:53: **********Val Epoch 24: average Loss: 22.897660
2021-10-25 18:53: *********************************Current best model saved!
2021-10-25 18:53: Train Epoch 25: 0/159 Loss: 22.048206
2021-10-25 18:53: Train Epoch 25: 20/159 Loss: 25.274900
2021-10-25 18:53: Train Epoch 25: 40/159 Loss: 21.643694
2021-10-25 18:53: Train Epoch 25: 60/159 Loss: 22.948980
2021-10-25 18:54: Train Epoch 25: 80/159 Loss: 20.457186
2021-10-25 18:54: Train Epoch 25: 100/159 Loss: 20.033438
2021-10-25 18:54: Train Epoch 25: 120/159 Loss: 20.958296
2021-10-25 18:54: Train Epoch 25: 140/159 Loss: 20.043211
2021-10-25 18:54: **********Train Epoch 25: averaged Loss: 20.769295, tf_ratio: 1.000000
2021-10-25 18:55: **********Val Epoch 25: average Loss: 22.289539
2021-10-25 18:55: *********************************Current best model saved!
2021-10-25 18:55: Train Epoch 26: 0/159 Loss: 21.822287
2021-10-25 18:55: Train Epoch 26: 20/159 Loss: 24.855965
2021-10-25 18:55: Train Epoch 26: 40/159 Loss: 18.407721
2021-10-25 18:55: Train Epoch 26: 60/159 Loss: 18.468718
2021-10-25 18:55: Train Epoch 26: 80/159 Loss: 20.731798
2021-10-25 18:56: Train Epoch 26: 100/159 Loss: 22.174450
2021-10-25 18:56: Train Epoch 26: 120/159 Loss: 22.701477
2021-10-25 18:56: Train Epoch 26: 140/159 Loss: 22.648348
2021-10-25 18:56: **********Train Epoch 26: averaged Loss: 20.323936, tf_ratio: 1.000000
2021-10-25 18:56: **********Val Epoch 26: average Loss: 21.708632
2021-10-25 18:56: *********************************Current best model saved!
2021-10-25 18:56: Train Epoch 27: 0/159 Loss: 20.243509
2021-10-25 18:57: Train Epoch 27: 20/159 Loss: 19.727907
2021-10-25 18:57: Train Epoch 27: 40/159 Loss: 18.612692
2021-10-25 18:57: Train Epoch 27: 60/159 Loss: 22.337507
2021-10-25 18:57: Train Epoch 27: 80/159 Loss: 21.391022
2021-10-25 18:57: Train Epoch 27: 100/159 Loss: 20.525295
2021-10-25 18:58: Train Epoch 27: 120/159 Loss: 20.473337
2021-10-25 18:58: Train Epoch 27: 140/159 Loss: 18.222961
2021-10-25 18:58: **********Train Epoch 27: averaged Loss: 19.854463, tf_ratio: 1.000000
2021-10-25 18:58: **********Val Epoch 27: average Loss: 21.235282
2021-10-25 18:58: *********************************Current best model saved!
2021-10-25 18:58: Train Epoch 28: 0/159 Loss: 19.868797
2021-10-25 18:58: Train Epoch 28: 20/159 Loss: 18.908554
2021-10-25 18:58: Train Epoch 28: 40/159 Loss: 20.700953
2021-10-25 18:59: Train Epoch 28: 60/159 Loss: 17.949434
2021-10-25 18:59: Train Epoch 28: 80/159 Loss: 19.192263
2021-10-25 18:59: Train Epoch 28: 100/159 Loss: 18.635847
2021-10-25 18:59: Train Epoch 28: 120/159 Loss: 18.757994
2021-10-25 19:00: Train Epoch 28: 140/159 Loss: 18.998419
2021-10-25 19:00: **********Train Epoch 28: averaged Loss: 19.466865, tf_ratio: 1.000000
2021-10-25 19:00: **********Val Epoch 28: average Loss: 20.857662
2021-10-25 19:00: *********************************Current best model saved!
2021-10-25 19:00: Train Epoch 29: 0/159 Loss: 18.654163
2021-10-25 19:00: Train Epoch 29: 20/159 Loss: 19.561470
2021-10-25 19:00: Train Epoch 29: 40/159 Loss: 21.192398
2021-10-25 19:00: Train Epoch 29: 60/159 Loss: 20.479410
2021-10-25 19:01: Train Epoch 29: 80/159 Loss: 19.604942
2021-10-25 19:01: Train Epoch 29: 100/159 Loss: 20.751467
2021-10-25 19:01: Train Epoch 29: 120/159 Loss: 19.140348
2021-10-25 19:01: Train Epoch 29: 140/159 Loss: 16.596395
2021-10-25 19:01: **********Train Epoch 29: averaged Loss: 19.153857, tf_ratio: 1.000000
2021-10-25 19:02: **********Val Epoch 29: average Loss: 20.450240
2021-10-25 19:02: *********************************Current best model saved!
2021-10-25 19:02: Train Epoch 30: 0/159 Loss: 18.804832
2021-10-25 19:02: Train Epoch 30: 20/159 Loss: 18.610432
2021-10-25 19:02: Train Epoch 30: 40/159 Loss: 15.607642
2021-10-25 19:02: Train Epoch 30: 60/159 Loss: 19.190203
2021-10-25 19:02: Train Epoch 30: 80/159 Loss: 19.384338
2021-10-25 19:03: Train Epoch 30: 100/159 Loss: 18.452600
2021-10-25 19:03: Train Epoch 30: 120/159 Loss: 18.751045
2021-10-25 19:03: Train Epoch 30: 140/159 Loss: 18.238249
2021-10-25 19:03: **********Train Epoch 30: averaged Loss: 18.879792, tf_ratio: 1.000000
2021-10-25 19:03: **********Val Epoch 30: average Loss: 20.265000
2021-10-25 19:03: *********************************Current best model saved!
2021-10-25 19:03: Train Epoch 31: 0/159 Loss: 18.671680
2021-10-25 19:04: Train Epoch 31: 20/159 Loss: 18.423750
2021-10-25 19:04: Train Epoch 31: 40/159 Loss: 18.242956
2021-10-25 19:04: Train Epoch 31: 60/159 Loss: 19.051159
2021-10-25 19:04: Train Epoch 31: 80/159 Loss: 19.616882
2021-10-25 19:04: Train Epoch 31: 100/159 Loss: 19.301754
2021-10-25 19:05: Train Epoch 31: 120/159 Loss: 18.736645
2021-10-25 19:05: Train Epoch 31: 140/159 Loss: 19.328678
2021-10-25 19:05: **********Train Epoch 31: averaged Loss: 18.622946, tf_ratio: 1.000000
2021-10-25 19:05: **********Val Epoch 31: average Loss: 19.870390
2021-10-25 19:05: *********************************Current best model saved!
2021-10-25 19:05: Train Epoch 32: 0/159 Loss: 18.126450
2021-10-25 19:05: Train Epoch 32: 20/159 Loss: 18.439304
2021-10-25 19:06: Train Epoch 32: 40/159 Loss: 18.643970
2021-10-25 19:06: Train Epoch 32: 60/159 Loss: 18.511120
2021-10-25 19:06: Train Epoch 32: 80/159 Loss: 18.276243
2021-10-25 19:06: Train Epoch 32: 100/159 Loss: 17.520777
2021-10-25 19:06: Train Epoch 32: 120/159 Loss: 20.599834
2021-10-25 19:07: Train Epoch 32: 140/159 Loss: 19.643389
2021-10-25 19:07: **********Train Epoch 32: averaged Loss: 18.398388, tf_ratio: 1.000000
2021-10-25 19:07: **********Val Epoch 32: average Loss: 19.708387
2021-10-25 19:07: *********************************Current best model saved!
2021-10-25 19:07: Train Epoch 33: 0/159 Loss: 18.273123
2021-10-25 19:07: Train Epoch 33: 20/159 Loss: 20.491764
2021-10-25 19:07: Train Epoch 33: 40/159 Loss: 19.475353
2021-10-25 19:08: Train Epoch 33: 60/159 Loss: 17.124016
2021-10-25 19:08: Train Epoch 33: 80/159 Loss: 19.636482
2021-10-25 19:08: Train Epoch 33: 100/159 Loss: 17.849161
2021-10-25 19:08: Train Epoch 33: 120/159 Loss: 18.912025
2021-10-25 19:08: Train Epoch 33: 140/159 Loss: 17.500067
2021-10-25 19:09: **********Train Epoch 33: averaged Loss: 18.194722, tf_ratio: 1.000000
2021-10-25 19:09: **********Val Epoch 33: average Loss: 19.411341
2021-10-25 19:09: *********************************Current best model saved!
2021-10-25 19:09: Train Epoch 34: 0/159 Loss: 18.452513
2021-10-25 19:09: Train Epoch 34: 20/159 Loss: 17.245520
2021-10-25 19:09: Train Epoch 34: 40/159 Loss: 17.223248
2021-10-25 19:09: Train Epoch 34: 60/159 Loss: 18.430893
2021-10-25 19:10: Train Epoch 34: 80/159 Loss: 19.046085
2021-10-25 19:10: Train Epoch 34: 100/159 Loss: 18.848886
2021-10-25 19:10: Train Epoch 34: 120/159 Loss: 16.066797
2021-10-25 19:10: Train Epoch 34: 140/159 Loss: 18.133760
2021-10-25 19:10: **********Train Epoch 34: averaged Loss: 18.012833, tf_ratio: 1.000000
2021-10-25 19:11: **********Val Epoch 34: average Loss: 19.205529
2021-10-25 19:11: *********************************Current best model saved!
2021-10-25 19:11: Train Epoch 35: 0/159 Loss: 18.762024
2021-10-25 19:11: Train Epoch 35: 20/159 Loss: 19.236750
2021-10-25 19:11: Train Epoch 35: 40/159 Loss: 17.302351
2021-10-25 19:11: Train Epoch 35: 60/159 Loss: 17.530264
2021-10-25 19:11: Train Epoch 35: 80/159 Loss: 17.625690
2021-10-25 19:12: Train Epoch 35: 100/159 Loss: 16.901688
2021-10-25 19:12: Train Epoch 35: 120/159 Loss: 16.923342
2021-10-25 19:12: Train Epoch 35: 140/159 Loss: 16.700073
2021-10-25 19:12: **********Train Epoch 35: averaged Loss: 17.858515, tf_ratio: 1.000000
2021-10-25 19:12: **********Val Epoch 35: average Loss: 18.997003
2021-10-25 19:12: *********************************Current best model saved!
2021-10-25 19:12: Train Epoch 36: 0/159 Loss: 16.454498
2021-10-25 19:13: Train Epoch 36: 20/159 Loss: 17.153238
2021-10-25 19:13: Train Epoch 36: 40/159 Loss: 15.882923
2021-10-25 19:13: Train Epoch 36: 60/159 Loss: 17.799088
2021-10-25 19:13: Train Epoch 36: 80/159 Loss: 16.660875
2021-10-25 19:13: Train Epoch 36: 100/159 Loss: 17.538874
2021-10-25 19:14: Train Epoch 36: 120/159 Loss: 17.663467
2021-10-25 19:14: Train Epoch 36: 140/159 Loss: 18.937696
2021-10-25 19:14: **********Train Epoch 36: averaged Loss: 17.712110, tf_ratio: 1.000000
2021-10-25 19:14: **********Val Epoch 36: average Loss: 18.804632
2021-10-25 19:14: *********************************Current best model saved!
2021-10-25 19:14: Train Epoch 37: 0/159 Loss: 16.754128
2021-10-25 19:14: Train Epoch 37: 20/159 Loss: 18.600548
2021-10-25 19:14: Train Epoch 37: 40/159 Loss: 17.999973
2021-10-25 19:15: Train Epoch 37: 60/159 Loss: 18.432610
2021-10-25 19:15: Train Epoch 37: 80/159 Loss: 17.289930
2021-10-25 19:15: Train Epoch 37: 100/159 Loss: 18.330326
2021-10-25 19:15: Train Epoch 37: 120/159 Loss: 20.262506
2021-10-25 19:15: Train Epoch 37: 140/159 Loss: 16.660759
2021-10-25 19:16: **********Train Epoch 37: averaged Loss: 17.576764, tf_ratio: 1.000000
2021-10-25 19:16: **********Val Epoch 37: average Loss: 18.669109
2021-10-25 19:16: *********************************Current best model saved!
2021-10-25 19:16: Train Epoch 38: 0/159 Loss: 17.905518
2021-10-25 19:16: Train Epoch 38: 20/159 Loss: 18.506622
2021-10-25 19:16: Train Epoch 38: 40/159 Loss: 16.772713
2021-10-25 19:16: Train Epoch 38: 60/159 Loss: 15.401279
2021-10-25 19:17: Train Epoch 38: 80/159 Loss: 18.602871
2021-10-25 19:17: Train Epoch 38: 100/159 Loss: 17.912558
2021-10-25 19:17: Train Epoch 38: 120/159 Loss: 16.330341
2021-10-25 19:17: Train Epoch 38: 140/159 Loss: 16.811302
2021-10-25 19:17: **********Train Epoch 38: averaged Loss: 17.479897, tf_ratio: 1.000000
2021-10-25 19:18: **********Val Epoch 38: average Loss: 18.560740
2021-10-25 19:18: *********************************Current best model saved!
2021-10-25 19:18: Train Epoch 39: 0/159 Loss: 17.985966
2021-10-25 19:18: Train Epoch 39: 20/159 Loss: 16.071703
2021-10-25 19:18: Train Epoch 39: 40/159 Loss: 17.593344
2021-10-25 19:18: Train Epoch 39: 60/159 Loss: 18.185606
2021-10-25 19:18: Train Epoch 39: 80/159 Loss: 16.099680
2021-10-25 19:19: Train Epoch 39: 100/159 Loss: 17.407467
2021-10-25 19:19: Train Epoch 39: 120/159 Loss: 16.336138
2021-10-25 19:19: Train Epoch 39: 140/159 Loss: 17.728775
2021-10-25 19:19: **********Train Epoch 39: averaged Loss: 17.335713, tf_ratio: 1.000000
2021-10-25 19:19: **********Val Epoch 39: average Loss: 18.439831
2021-10-25 19:19: *********************************Current best model saved!
2021-10-25 19:19: Train Epoch 40: 0/159 Loss: 17.006428
2021-10-25 19:20: Train Epoch 40: 20/159 Loss: 18.019617
2021-10-25 19:20: Train Epoch 40: 40/159 Loss: 19.153240
2021-10-25 19:20: Train Epoch 40: 60/159 Loss: 15.514955
2021-10-25 19:20: Train Epoch 40: 80/159 Loss: 17.011911
2021-10-25 19:20: Train Epoch 40: 100/159 Loss: 16.983032
2021-10-25 19:21: Train Epoch 40: 120/159 Loss: 18.185680
2021-10-25 19:21: Train Epoch 40: 140/159 Loss: 16.194107
2021-10-25 19:21: **********Train Epoch 40: averaged Loss: 17.260812, tf_ratio: 1.000000
2021-10-25 19:21: **********Val Epoch 40: average Loss: 18.327940
2021-10-25 19:21: *********************************Current best model saved!
2021-10-25 19:21: Train Epoch 41: 0/159 Loss: 16.064905
2021-10-25 19:21: Train Epoch 41: 20/159 Loss: 18.222282
2021-10-25 19:22: Train Epoch 41: 40/159 Loss: 17.989218
2021-10-25 19:22: Train Epoch 41: 60/159 Loss: 18.083153
2021-10-25 19:22: Train Epoch 41: 80/159 Loss: 17.485918
2021-10-25 19:22: Train Epoch 41: 100/159 Loss: 17.271790
2021-10-25 19:22: Train Epoch 41: 120/159 Loss: 17.027147
2021-10-25 19:23: Train Epoch 41: 140/159 Loss: 17.606379
2021-10-25 19:23: **********Train Epoch 41: averaged Loss: 17.172528, tf_ratio: 1.000000
2021-10-25 19:23: **********Val Epoch 41: average Loss: 18.254040
2021-10-25 19:23: *********************************Current best model saved!
2021-10-25 19:23: Train Epoch 42: 0/159 Loss: 16.609310
2021-10-25 19:23: Train Epoch 42: 20/159 Loss: 16.588533
2021-10-25 19:23: Train Epoch 42: 40/159 Loss: 16.576010
2021-10-25 19:24: Train Epoch 42: 60/159 Loss: 16.792992
2021-10-25 19:24: Train Epoch 42: 80/159 Loss: 16.312586
2021-10-25 19:24: Train Epoch 42: 100/159 Loss: 18.051191
2021-10-25 19:24: Train Epoch 42: 120/159 Loss: 17.172911
2021-10-25 19:24: Train Epoch 42: 140/159 Loss: 17.693512
2021-10-25 19:25: **********Train Epoch 42: averaged Loss: 17.086636, tf_ratio: 1.000000
2021-10-25 19:25: **********Val Epoch 42: average Loss: 18.206472
2021-10-25 19:25: *********************************Current best model saved!
2021-10-25 19:25: Train Epoch 43: 0/159 Loss: 17.420815
2021-10-25 19:25: Train Epoch 43: 20/159 Loss: 16.964373
2021-10-25 19:25: Train Epoch 43: 40/159 Loss: 17.122108
2021-10-25 19:25: Train Epoch 43: 60/159 Loss: 17.739296
2021-10-25 19:26: Train Epoch 43: 80/159 Loss: 18.029934
2021-10-25 19:26: Train Epoch 43: 100/159 Loss: 17.093506
2021-10-25 19:26: Train Epoch 43: 120/159 Loss: 17.862968
2021-10-25 19:26: Train Epoch 43: 140/159 Loss: 17.722322
2021-10-25 19:26: **********Train Epoch 43: averaged Loss: 17.019149, tf_ratio: 1.000000
2021-10-25 19:26: **********Val Epoch 43: average Loss: 18.062842
2021-10-25 19:26: *********************************Current best model saved!
2021-10-25 19:26: Train Epoch 44: 0/159 Loss: 16.800159
2021-10-25 19:27: Train Epoch 44: 20/159 Loss: 17.633688
2021-10-25 19:27: Train Epoch 44: 40/159 Loss: 16.472439
2021-10-25 19:27: Train Epoch 44: 60/159 Loss: 17.144009
2021-10-25 19:27: Train Epoch 44: 80/159 Loss: 16.064102
2021-10-25 19:28: Train Epoch 44: 100/159 Loss: 16.995714
2021-10-25 19:28: Train Epoch 44: 120/159 Loss: 17.097601
2021-10-25 19:28: Train Epoch 44: 140/159 Loss: 18.391411
2021-10-25 19:28: **********Train Epoch 44: averaged Loss: 16.950196, tf_ratio: 1.000000
2021-10-25 19:28: **********Val Epoch 44: average Loss: 18.078551
2021-10-25 19:28: Train Epoch 45: 0/159 Loss: 15.727216
2021-10-25 19:28: Train Epoch 45: 20/159 Loss: 16.419184
2021-10-25 19:29: Train Epoch 45: 40/159 Loss: 18.731415
2021-10-25 19:29: Train Epoch 45: 60/159 Loss: 16.147514
2021-10-25 19:29: Train Epoch 45: 80/159 Loss: 15.038906
2021-10-25 19:29: Train Epoch 45: 100/159 Loss: 17.164211
2021-10-25 19:29: Train Epoch 45: 120/159 Loss: 17.693027
2021-10-25 19:30: Train Epoch 45: 140/159 Loss: 17.291174
2021-10-25 19:30: **********Train Epoch 45: averaged Loss: 16.892157, tf_ratio: 1.000000
2021-10-25 19:30: **********Val Epoch 45: average Loss: 17.955326
2021-10-25 19:30: *********************************Current best model saved!
2021-10-25 19:30: Train Epoch 46: 0/159 Loss: 17.150658
2021-10-25 19:30: Train Epoch 46: 20/159 Loss: 17.308270
2021-10-25 19:30: Train Epoch 46: 40/159 Loss: 17.790411
2021-10-25 19:31: Train Epoch 46: 60/159 Loss: 16.220474
2021-10-25 19:31: Train Epoch 46: 80/159 Loss: 16.530781
2021-10-25 19:31: Train Epoch 46: 100/159 Loss: 16.306166
2021-10-25 19:31: Train Epoch 46: 120/159 Loss: 15.475978
2021-10-25 19:31: Train Epoch 46: 140/159 Loss: 17.680674
2021-10-25 19:32: **********Train Epoch 46: averaged Loss: 16.833825, tf_ratio: 1.000000
2021-10-25 19:32: **********Val Epoch 46: average Loss: 17.903291
2021-10-25 19:32: *********************************Current best model saved!
2021-10-25 19:32: Train Epoch 47: 0/159 Loss: 16.483007
2021-10-25 19:32: Train Epoch 47: 20/159 Loss: 17.337576
2021-10-25 19:32: Train Epoch 47: 40/159 Loss: 16.276505
2021-10-25 19:32: Train Epoch 47: 60/159 Loss: 17.153301
2021-10-25 19:33: Train Epoch 47: 80/159 Loss: 15.944039
2021-10-25 19:33: Train Epoch 47: 100/159 Loss: 16.962877
2021-10-25 19:33: Train Epoch 47: 120/159 Loss: 16.977608
2021-10-25 19:33: Train Epoch 47: 140/159 Loss: 18.554676
2021-10-25 19:33: **********Train Epoch 47: averaged Loss: 16.763947, tf_ratio: 1.000000
2021-10-25 19:34: **********Val Epoch 47: average Loss: 17.845868
2021-10-25 19:34: *********************************Current best model saved!
2021-10-25 19:34: Train Epoch 48: 0/159 Loss: 17.920010
2021-10-25 19:34: Train Epoch 48: 20/159 Loss: 17.188429
2021-10-25 19:34: Train Epoch 48: 40/159 Loss: 16.084486
2021-10-25 19:34: Train Epoch 48: 60/159 Loss: 17.082172
2021-10-25 19:34: Train Epoch 48: 80/159 Loss: 16.233969
2021-10-25 19:35: Train Epoch 48: 100/159 Loss: 15.426921
2021-10-25 19:35: Train Epoch 48: 120/159 Loss: 16.460518
2021-10-25 19:35: Train Epoch 48: 140/159 Loss: 17.083481
2021-10-25 19:35: **********Train Epoch 48: averaged Loss: 16.721805, tf_ratio: 1.000000
2021-10-25 19:35: **********Val Epoch 48: average Loss: 17.861273
2021-10-25 19:35: Train Epoch 49: 0/159 Loss: 16.390442
2021-10-25 19:36: Train Epoch 49: 20/159 Loss: 16.721539
2021-10-25 19:36: Train Epoch 49: 40/159 Loss: 16.394474
2021-10-25 19:36: Train Epoch 49: 60/159 Loss: 16.948576
2021-10-25 19:36: Train Epoch 49: 80/159 Loss: 16.618523
2021-10-25 19:36: Train Epoch 49: 100/159 Loss: 16.590801
2021-10-25 19:37: Train Epoch 49: 120/159 Loss: 16.741449
2021-10-25 19:37: Train Epoch 49: 140/159 Loss: 16.242561
2021-10-25 19:37: **********Train Epoch 49: averaged Loss: 16.677638, tf_ratio: 1.000000
2021-10-25 19:37: **********Val Epoch 49: average Loss: 17.813054
2021-10-25 19:37: *********************************Current best model saved!
2021-10-25 19:37: Train Epoch 50: 0/159 Loss: 15.186265
2021-10-25 19:37: Train Epoch 50: 20/159 Loss: 16.928633
2021-10-25 19:38: Train Epoch 50: 40/159 Loss: 16.486483
2021-10-25 19:38: Train Epoch 50: 60/159 Loss: 16.951431
2021-10-25 19:38: Train Epoch 50: 80/159 Loss: 15.388885
2021-10-25 19:38: Train Epoch 50: 100/159 Loss: 17.157171
2021-10-25 19:38: Train Epoch 50: 120/159 Loss: 16.087997
2021-10-25 19:39: Train Epoch 50: 140/159 Loss: 18.023643
2021-10-25 19:39: **********Train Epoch 50: averaged Loss: 16.647241, tf_ratio: 1.000000
2021-10-25 19:39: **********Val Epoch 50: average Loss: 17.748047
2021-10-25 19:39: *********************************Current best model saved!
2021-10-25 19:39: Train Epoch 51: 0/159 Loss: 17.468636
2021-10-25 19:39: Train Epoch 51: 20/159 Loss: 16.560596
2021-10-25 19:39: Train Epoch 51: 40/159 Loss: 17.056589
2021-10-25 19:40: Train Epoch 51: 60/159 Loss: 18.669159
2021-10-25 19:40: Train Epoch 51: 80/159 Loss: 17.793728
2021-10-25 19:40: Train Epoch 51: 100/159 Loss: 16.615170
2021-10-25 19:40: Train Epoch 51: 120/159 Loss: 16.939129
2021-10-25 19:40: Train Epoch 51: 140/159 Loss: 16.207039
2021-10-25 19:40: **********Train Epoch 51: averaged Loss: 16.590434, tf_ratio: 1.000000
2021-10-25 19:41: **********Val Epoch 51: average Loss: 17.636729
2021-10-25 19:41: *********************************Current best model saved!
2021-10-25 19:41: Train Epoch 52: 0/159 Loss: 16.780409
2021-10-25 19:41: Train Epoch 52: 20/159 Loss: 17.129404
2021-10-25 19:41: Train Epoch 52: 40/159 Loss: 16.381172
2021-10-25 19:41: Train Epoch 52: 60/159 Loss: 15.928456
2021-10-25 19:41: Train Epoch 52: 80/159 Loss: 15.926742
2021-10-25 19:42: Train Epoch 52: 100/159 Loss: 16.982599
2021-10-25 19:42: Train Epoch 52: 120/159 Loss: 16.750006
2021-10-25 19:42: Train Epoch 52: 140/159 Loss: 17.223610
2021-10-25 19:42: **********Train Epoch 52: averaged Loss: 16.561691, tf_ratio: 1.000000
2021-10-25 19:42: **********Val Epoch 52: average Loss: 17.647676
2021-10-25 19:42: Train Epoch 53: 0/159 Loss: 17.071384
2021-10-25 19:43: Train Epoch 53: 20/159 Loss: 15.628144
2021-10-25 19:43: Train Epoch 53: 40/159 Loss: 17.577522
2021-10-25 19:43: Train Epoch 53: 60/159 Loss: 17.046251
2021-10-25 19:43: Train Epoch 53: 80/159 Loss: 15.255346
2021-10-25 19:43: Train Epoch 53: 100/159 Loss: 15.881104
2021-10-25 19:44: Train Epoch 53: 120/159 Loss: 17.337458
2021-10-25 19:44: Train Epoch 53: 140/159 Loss: 16.773254
2021-10-25 19:44: **********Train Epoch 53: averaged Loss: 16.501200, tf_ratio: 1.000000
2021-10-25 19:44: **********Val Epoch 53: average Loss: 17.646844
2021-10-25 19:44: Train Epoch 54: 0/159 Loss: 16.718002
2021-10-25 19:44: Train Epoch 54: 20/159 Loss: 16.577112
2021-10-25 19:45: Train Epoch 54: 40/159 Loss: 16.715103
2021-10-25 19:45: Train Epoch 54: 60/159 Loss: 15.375851
2021-10-25 19:45: Train Epoch 54: 80/159 Loss: 16.972540
2021-10-25 19:45: Train Epoch 54: 100/159 Loss: 17.246405
2021-10-25 19:45: Train Epoch 54: 120/159 Loss: 15.297665
2021-10-25 19:46: Train Epoch 54: 140/159 Loss: 15.288229
2021-10-25 19:46: **********Train Epoch 54: averaged Loss: 16.478255, tf_ratio: 1.000000
2021-10-25 19:46: **********Val Epoch 54: average Loss: 17.569706
2021-10-25 19:46: *********************************Current best model saved!
2021-10-25 19:46: Train Epoch 55: 0/159 Loss: 14.730122
2021-10-25 19:46: Train Epoch 55: 20/159 Loss: 17.794056
2021-10-25 19:46: Train Epoch 55: 40/159 Loss: 16.776463
2021-10-25 19:47: Train Epoch 55: 60/159 Loss: 16.911680
2021-10-25 19:47: Train Epoch 55: 80/159 Loss: 16.274549
2021-10-25 19:47: Train Epoch 55: 100/159 Loss: 15.764724
2021-10-25 19:47: Train Epoch 55: 120/159 Loss: 17.603743
2021-10-25 19:47: Train Epoch 55: 140/159 Loss: 16.339911
2021-10-25 19:48: **********Train Epoch 55: averaged Loss: 16.441487, tf_ratio: 1.000000
2021-10-25 19:48: **********Val Epoch 55: average Loss: 17.510586
2021-10-25 19:48: *********************************Current best model saved!
2021-10-25 19:48: Train Epoch 56: 0/159 Loss: 15.455727
2021-10-25 19:48: Train Epoch 56: 20/159 Loss: 15.555310
2021-10-25 19:48: Train Epoch 56: 40/159 Loss: 15.874707
2021-10-25 19:48: Train Epoch 56: 60/159 Loss: 17.004137
2021-10-25 19:49: Train Epoch 56: 80/159 Loss: 15.963359
2021-10-25 19:49: Train Epoch 56: 100/159 Loss: 16.937614
2021-10-25 19:49: Train Epoch 56: 120/159 Loss: 16.053574
2021-10-25 19:49: Train Epoch 56: 140/159 Loss: 16.159260
2021-10-25 19:49: **********Train Epoch 56: averaged Loss: 16.403578, tf_ratio: 1.000000
2021-10-25 19:50: **********Val Epoch 56: average Loss: 17.527007
2021-10-25 19:50: Train Epoch 57: 0/159 Loss: 16.183161
2021-10-25 19:50: Train Epoch 57: 20/159 Loss: 16.796598
2021-10-25 19:50: Train Epoch 57: 40/159 Loss: 16.419706
2021-10-25 19:50: Train Epoch 57: 60/159 Loss: 16.506107
2021-10-25 19:50: Train Epoch 57: 80/159 Loss: 16.216068
2021-10-25 19:51: Train Epoch 57: 100/159 Loss: 15.923196
2021-10-25 19:51: Train Epoch 57: 120/159 Loss: 15.591297
2021-10-25 19:51: Train Epoch 57: 140/159 Loss: 16.559290
2021-10-25 19:51: **********Train Epoch 57: averaged Loss: 16.377357, tf_ratio: 1.000000
2021-10-25 19:51: **********Val Epoch 57: average Loss: 17.483746
2021-10-25 19:51: *********************************Current best model saved!
2021-10-25 19:51: Train Epoch 58: 0/159 Loss: 18.371315
2021-10-25 19:52: Train Epoch 58: 20/159 Loss: 16.584293
2021-10-25 19:52: Train Epoch 58: 40/159 Loss: 16.305779
2021-10-25 19:52: Train Epoch 58: 60/159 Loss: 15.664721
2021-10-25 19:52: Train Epoch 58: 80/159 Loss: 16.176182
2021-10-25 19:52: Train Epoch 58: 100/159 Loss: 15.321355
2021-10-25 19:53: Train Epoch 58: 120/159 Loss: 15.862883
2021-10-25 19:53: Train Epoch 58: 140/159 Loss: 17.061749
2021-10-25 19:53: **********Train Epoch 58: averaged Loss: 16.349664, tf_ratio: 1.000000
2021-10-25 19:53: **********Val Epoch 58: average Loss: 17.535707
2021-10-25 19:53: Train Epoch 59: 0/159 Loss: 14.873017
2021-10-25 19:53: Train Epoch 59: 20/159 Loss: 14.429913
2021-10-25 19:53: Train Epoch 59: 40/159 Loss: 16.797581
2021-10-25 19:54: Train Epoch 59: 60/159 Loss: 17.275820
2021-10-25 19:54: Train Epoch 59: 80/159 Loss: 15.872776
2021-10-25 19:54: Train Epoch 59: 100/159 Loss: 15.455935
2021-10-25 19:54: Train Epoch 59: 120/159 Loss: 16.684534
2021-10-25 19:54: Train Epoch 59: 140/159 Loss: 16.403034
2021-10-25 19:55: **********Train Epoch 59: averaged Loss: 16.323867, tf_ratio: 1.000000
2021-10-25 19:55: **********Val Epoch 59: average Loss: 17.459731
2021-10-25 19:55: *********************************Current best model saved!
2021-10-25 19:55: Train Epoch 60: 0/159 Loss: 17.375549
2021-10-25 19:55: Train Epoch 60: 20/159 Loss: 16.069347
2021-10-25 19:55: Train Epoch 60: 40/159 Loss: 16.054464
2021-10-25 19:55: Train Epoch 60: 60/159 Loss: 16.139435
2021-10-25 19:56: Train Epoch 60: 80/159 Loss: 15.352328
2021-10-25 19:56: Train Epoch 60: 100/159 Loss: 17.314396
2021-10-25 19:56: Train Epoch 60: 120/159 Loss: 17.172380
2021-10-25 19:56: Train Epoch 60: 140/159 Loss: 17.061068
2021-10-25 19:56: **********Train Epoch 60: averaged Loss: 16.281289, tf_ratio: 1.000000
2021-10-25 19:57: **********Val Epoch 60: average Loss: 17.490836
2021-10-25 19:57: Train Epoch 61: 0/159 Loss: 16.520782
2021-10-25 19:57: Train Epoch 61: 20/159 Loss: 17.084900
2021-10-25 19:57: Train Epoch 61: 40/159 Loss: 15.994172
2021-10-25 19:57: Train Epoch 61: 60/159 Loss: 16.539936
2021-10-25 19:57: Train Epoch 61: 80/159 Loss: 18.254959
2021-10-25 19:58: Train Epoch 61: 100/159 Loss: 16.198811
2021-10-25 19:58: Train Epoch 61: 120/159 Loss: 16.022764
2021-10-25 19:58: Train Epoch 61: 140/159 Loss: 16.999640
2021-10-25 19:58: **********Train Epoch 61: averaged Loss: 16.264203, tf_ratio: 1.000000
2021-10-25 19:58: **********Val Epoch 61: average Loss: 17.394408
2021-10-25 19:58: *********************************Current best model saved!
2021-10-25 19:58: Train Epoch 62: 0/159 Loss: 15.273505
2021-10-25 19:59: Train Epoch 62: 20/159 Loss: 15.535883
2021-10-25 19:59: Train Epoch 62: 40/159 Loss: 16.830427
2021-10-25 19:59: Train Epoch 62: 60/159 Loss: 15.509562
2021-10-25 19:59: Train Epoch 62: 80/159 Loss: 17.176315
2021-10-25 19:59: Train Epoch 62: 100/159 Loss: 16.358191
2021-10-25 20:00: Train Epoch 62: 120/159 Loss: 16.443562
2021-10-25 20:00: Train Epoch 62: 140/159 Loss: 16.103964
2021-10-25 20:00: **********Train Epoch 62: averaged Loss: 16.235099, tf_ratio: 1.000000
2021-10-25 20:00: **********Val Epoch 62: average Loss: 17.399490
2021-10-25 20:00: Train Epoch 63: 0/159 Loss: 15.319633
2021-10-25 20:00: Train Epoch 63: 20/159 Loss: 15.552440
2021-10-25 20:01: Train Epoch 63: 40/159 Loss: 15.969999
2021-10-25 20:01: Train Epoch 63: 60/159 Loss: 17.358994
2021-10-25 20:01: Train Epoch 63: 80/159 Loss: 16.402510
2021-10-25 20:01: Train Epoch 63: 100/159 Loss: 17.174238
2021-10-25 20:01: Train Epoch 63: 120/159 Loss: 17.332664
2021-10-25 20:02: Train Epoch 63: 140/159 Loss: 16.710676
2021-10-25 20:02: **********Train Epoch 63: averaged Loss: 16.230628, tf_ratio: 1.000000
2021-10-25 20:02: **********Val Epoch 63: average Loss: 17.416424
2021-10-25 20:02: Train Epoch 64: 0/159 Loss: 18.125681
2021-10-25 20:02: Train Epoch 64: 20/159 Loss: 15.729498
2021-10-25 20:02: Train Epoch 64: 40/159 Loss: 15.990138
2021-10-25 20:03: Train Epoch 64: 60/159 Loss: 16.858181
2021-10-25 20:03: Train Epoch 64: 80/159 Loss: 17.909391
2021-10-25 20:03: Train Epoch 64: 100/159 Loss: 16.082380
2021-10-25 20:03: Train Epoch 64: 120/159 Loss: 17.096701
2021-10-25 20:03: Train Epoch 64: 140/159 Loss: 14.530515
2021-10-25 20:04: **********Train Epoch 64: averaged Loss: 16.186007, tf_ratio: 1.000000
2021-10-25 20:04: **********Val Epoch 64: average Loss: 17.343277
2021-10-25 20:04: *********************************Current best model saved!
2021-10-25 20:04: Train Epoch 65: 0/159 Loss: 15.078964
2021-10-25 20:04: Train Epoch 65: 20/159 Loss: 15.328952
2021-10-25 20:04: Train Epoch 65: 40/159 Loss: 15.692138
2021-10-25 20:04: Train Epoch 65: 60/159 Loss: 15.237484
2021-10-25 20:05: Train Epoch 65: 80/159 Loss: 13.925399
2021-10-25 20:05: Train Epoch 65: 100/159 Loss: 17.018307
2021-10-25 20:05: Train Epoch 65: 120/159 Loss: 16.957632
2021-10-25 20:05: Train Epoch 65: 140/159 Loss: 15.583359
2021-10-25 20:05: **********Train Epoch 65: averaged Loss: 16.161085, tf_ratio: 1.000000
2021-10-25 20:05: **********Val Epoch 65: average Loss: 17.333596
2021-10-25 20:05: *********************************Current best model saved!
2021-10-25 20:05: Train Epoch 66: 0/159 Loss: 16.002264
2021-10-25 20:06: Train Epoch 66: 20/159 Loss: 15.759581
2021-10-25 20:06: Train Epoch 66: 40/159 Loss: 15.949468
2021-10-25 20:06: Train Epoch 66: 60/159 Loss: 15.404741
2021-10-25 20:06: Train Epoch 66: 80/159 Loss: 17.657784
2021-10-25 20:06: Train Epoch 66: 100/159 Loss: 17.453222
2021-10-25 20:07: Train Epoch 66: 120/159 Loss: 14.614997
2021-10-25 20:07: Train Epoch 66: 140/159 Loss: 16.915888
2021-10-25 20:07: **********Train Epoch 66: averaged Loss: 16.117265, tf_ratio: 1.000000
2021-10-25 20:07: **********Val Epoch 66: average Loss: 17.334034
2021-10-25 20:07: Train Epoch 67: 0/159 Loss: 15.984295
2021-10-25 20:07: Train Epoch 67: 20/159 Loss: 16.353401
2021-10-25 20:08: Train Epoch 67: 40/159 Loss: 16.874214
2021-10-25 20:08: Train Epoch 67: 60/159 Loss: 17.306648
2021-10-25 20:08: Train Epoch 67: 80/159 Loss: 14.793027
2021-10-25 20:08: Train Epoch 67: 100/159 Loss: 15.537277
2021-10-25 20:08: Train Epoch 67: 120/159 Loss: 16.872152
2021-10-25 20:09: Train Epoch 67: 140/159 Loss: 16.307581
2021-10-25 20:09: **********Train Epoch 67: averaged Loss: 16.110969, tf_ratio: 1.000000
2021-10-25 20:09: **********Val Epoch 67: average Loss: 17.337179
2021-10-25 20:09: Train Epoch 68: 0/159 Loss: 16.086206
2021-10-25 20:09: Train Epoch 68: 20/159 Loss: 15.439373
2021-10-25 20:09: Train Epoch 68: 40/159 Loss: 16.887981
2021-10-25 20:10: Train Epoch 68: 60/159 Loss: 15.921539
2021-10-25 20:10: Train Epoch 68: 80/159 Loss: 15.946857
2021-10-25 20:10: Train Epoch 68: 100/159 Loss: 15.061734
2021-10-25 20:10: Train Epoch 68: 120/159 Loss: 17.233046
2021-10-25 20:10: Train Epoch 68: 140/159 Loss: 15.691702
2021-10-25 20:11: **********Train Epoch 68: averaged Loss: 16.085774, tf_ratio: 1.000000
2021-10-25 20:11: **********Val Epoch 68: average Loss: 17.322545
2021-10-25 20:11: *********************************Current best model saved!
2021-10-25 20:11: Train Epoch 69: 0/159 Loss: 15.202132
2021-10-25 20:11: Train Epoch 69: 20/159 Loss: 17.456175
2021-10-25 20:11: Train Epoch 69: 40/159 Loss: 16.787230
2021-10-25 20:11: Train Epoch 69: 60/159 Loss: 15.776995
2021-10-25 20:12: Train Epoch 69: 80/159 Loss: 14.807837
2021-10-25 20:12: Train Epoch 69: 100/159 Loss: 16.346550
2021-10-25 20:12: Train Epoch 69: 120/159 Loss: 16.351822
2021-10-25 20:12: Train Epoch 69: 140/159 Loss: 16.574818
2021-10-25 20:12: **********Train Epoch 69: averaged Loss: 16.070380, tf_ratio: 1.000000
2021-10-25 20:13: **********Val Epoch 69: average Loss: 17.273532
2021-10-25 20:13: *********************************Current best model saved!
2021-10-25 20:13: Train Epoch 70: 0/159 Loss: 17.479599
2021-10-25 20:13: Train Epoch 70: 20/159 Loss: 16.218090
2021-10-25 20:13: Train Epoch 70: 40/159 Loss: 14.875206
2021-10-25 20:13: Train Epoch 70: 60/159 Loss: 16.581280
2021-10-25 20:13: Train Epoch 70: 80/159 Loss: 16.033642
2021-10-25 20:14: Train Epoch 70: 100/159 Loss: 17.140587
2021-10-25 20:14: Train Epoch 70: 120/159 Loss: 17.574221
2021-10-25 20:14: Train Epoch 70: 140/159 Loss: 15.306170
2021-10-25 20:14: **********Train Epoch 70: averaged Loss: 16.043439, tf_ratio: 1.000000
2021-10-25 20:14: **********Val Epoch 70: average Loss: 17.299955
2021-10-25 20:14: Train Epoch 71: 0/159 Loss: 15.344265
2021-10-25 20:15: Train Epoch 71: 20/159 Loss: 16.248585
2021-10-25 20:15: Train Epoch 71: 40/159 Loss: 16.345201
2021-10-25 20:15: Train Epoch 71: 60/159 Loss: 14.751447
2021-10-25 20:15: Train Epoch 71: 80/159 Loss: 16.451475
2021-10-25 20:15: Train Epoch 71: 100/159 Loss: 15.870193
2021-10-25 20:16: Train Epoch 71: 120/159 Loss: 16.880199
2021-10-25 20:16: Train Epoch 71: 140/159 Loss: 15.472767
2021-10-25 20:16: **********Train Epoch 71: averaged Loss: 16.048169, tf_ratio: 1.000000
2021-10-25 20:16: **********Val Epoch 71: average Loss: 17.308649
2021-10-25 20:16: Train Epoch 72: 0/159 Loss: 14.713797
2021-10-25 20:16: Train Epoch 72: 20/159 Loss: 16.503839
2021-10-25 20:17: Train Epoch 72: 40/159 Loss: 14.536622
2021-10-25 20:17: Train Epoch 72: 60/159 Loss: 15.988034
2021-10-25 20:17: Train Epoch 72: 80/159 Loss: 16.748528
2021-10-25 20:17: Train Epoch 72: 100/159 Loss: 15.539278
2021-10-25 20:17: Train Epoch 72: 120/159 Loss: 16.427427
2021-10-25 20:18: Train Epoch 72: 140/159 Loss: 14.992912
2021-10-25 20:18: **********Train Epoch 72: averaged Loss: 16.004898, tf_ratio: 1.000000
2021-10-25 20:18: **********Val Epoch 72: average Loss: 17.269475
2021-10-25 20:18: *********************************Current best model saved!
2021-10-25 20:18: Train Epoch 73: 0/159 Loss: 16.581804
2021-10-25 20:18: Train Epoch 73: 20/159 Loss: 14.747504
2021-10-25 20:18: Train Epoch 73: 40/159 Loss: 17.278187
2021-10-25 20:18: Train Epoch 73: 60/159 Loss: 16.443747
2021-10-25 20:19: Train Epoch 73: 80/159 Loss: 16.513865
2021-10-25 20:19: Train Epoch 73: 100/159 Loss: 15.420363
2021-10-25 20:19: Train Epoch 73: 120/159 Loss: 15.867464
2021-10-25 20:19: Train Epoch 73: 140/159 Loss: 15.758900
2021-10-25 20:19: **********Train Epoch 73: averaged Loss: 15.991936, tf_ratio: 1.000000
2021-10-25 20:20: **********Val Epoch 73: average Loss: 17.306573
2021-10-25 20:20: Train Epoch 74: 0/159 Loss: 15.736979
2021-10-25 20:20: Train Epoch 74: 20/159 Loss: 16.119598
2021-10-25 20:20: Train Epoch 74: 40/159 Loss: 17.154221
2021-10-25 20:20: Train Epoch 74: 60/159 Loss: 15.310343
2021-10-25 20:20: Train Epoch 74: 80/159 Loss: 15.153152
2021-10-25 20:21: Train Epoch 74: 100/159 Loss: 17.164854
2021-10-25 20:21: Train Epoch 74: 120/159 Loss: 15.947762
2021-10-25 20:21: Train Epoch 74: 140/159 Loss: 14.496025
2021-10-25 20:21: **********Train Epoch 74: averaged Loss: 15.975489, tf_ratio: 1.000000
2021-10-25 20:21: **********Val Epoch 74: average Loss: 17.276664
2021-10-25 20:21: Train Epoch 75: 0/159 Loss: 16.453903
2021-10-25 20:22: Train Epoch 75: 20/159 Loss: 15.999693
2021-10-25 20:22: Train Epoch 75: 40/159 Loss: 16.933517
2021-10-25 20:22: Train Epoch 75: 60/159 Loss: 15.922584
2021-10-25 20:22: Train Epoch 75: 80/159 Loss: 15.763058
2021-10-25 20:22: Train Epoch 75: 100/159 Loss: 16.904030
2021-10-25 20:23: Train Epoch 75: 120/159 Loss: 17.281765
2021-10-25 20:23: Train Epoch 75: 140/159 Loss: 15.542917
2021-10-25 20:23: **********Train Epoch 75: averaged Loss: 15.946519, tf_ratio: 1.000000
2021-10-25 20:23: **********Val Epoch 75: average Loss: 17.245977
2021-10-25 20:23: *********************************Current best model saved!
2021-10-25 20:23: Train Epoch 76: 0/159 Loss: 16.433310
2021-10-25 20:23: Train Epoch 76: 20/159 Loss: 16.986416
2021-10-25 20:24: Train Epoch 76: 40/159 Loss: 15.626234
2021-10-25 20:24: Train Epoch 76: 60/159 Loss: 16.060472
2021-10-25 20:24: Train Epoch 76: 80/159 Loss: 16.136681
2021-10-25 20:24: Train Epoch 76: 100/159 Loss: 15.929357
2021-10-25 20:24: Train Epoch 76: 120/159 Loss: 15.155400
2021-10-25 20:25: Train Epoch 76: 140/159 Loss: 16.153589
2021-10-25 20:25: **********Train Epoch 76: averaged Loss: 15.931658, tf_ratio: 1.000000
2021-10-25 20:25: **********Val Epoch 76: average Loss: 17.263954
2021-10-25 20:25: Train Epoch 77: 0/159 Loss: 15.150217
2021-10-25 20:25: Train Epoch 77: 20/159 Loss: 16.560646
2021-10-25 20:25: Train Epoch 77: 40/159 Loss: 16.046818
2021-10-25 20:26: Train Epoch 77: 60/159 Loss: 15.441846
2021-10-25 20:26: Train Epoch 77: 80/159 Loss: 16.988197
2021-10-25 20:26: Train Epoch 77: 100/159 Loss: 16.426418
2021-10-25 20:26: Train Epoch 77: 120/159 Loss: 15.199611
2021-10-25 20:26: Train Epoch 77: 140/159 Loss: 15.145986
2021-10-25 20:27: **********Train Epoch 77: averaged Loss: 15.899445, tf_ratio: 1.000000
2021-10-25 20:27: **********Val Epoch 77: average Loss: 17.284524
2021-10-25 20:27: Train Epoch 78: 0/159 Loss: 15.906677
2021-10-25 20:27: Train Epoch 78: 20/159 Loss: 16.201563
2021-10-25 20:27: Train Epoch 78: 40/159 Loss: 15.810053
2021-10-25 20:27: Train Epoch 78: 60/159 Loss: 16.244690
2021-10-25 20:28: Train Epoch 78: 80/159 Loss: 15.737969
2021-10-25 20:28: Train Epoch 78: 100/159 Loss: 16.470856
2021-10-25 20:28: Train Epoch 78: 120/159 Loss: 15.810021
2021-10-25 20:28: Train Epoch 78: 140/159 Loss: 16.477030
2021-10-25 20:28: **********Train Epoch 78: averaged Loss: 15.894951, tf_ratio: 1.000000
2021-10-25 20:29: **********Val Epoch 78: average Loss: 17.267038
2021-10-25 20:29: Train Epoch 79: 0/159 Loss: 15.561343
2021-10-25 20:29: Train Epoch 79: 20/159 Loss: 17.015764
2021-10-25 20:29: Train Epoch 79: 40/159 Loss: 15.694151
2021-10-25 20:29: Train Epoch 79: 60/159 Loss: 16.570627
2021-10-25 20:29: Train Epoch 79: 80/159 Loss: 15.854190
2021-10-25 20:30: Train Epoch 79: 100/159 Loss: 14.579691
2021-10-25 20:30: Train Epoch 79: 120/159 Loss: 15.678193
2021-10-25 20:30: Train Epoch 79: 140/159 Loss: 16.006186
2021-10-25 20:30: **********Train Epoch 79: averaged Loss: 15.865306, tf_ratio: 1.000000
2021-10-25 20:30: **********Val Epoch 79: average Loss: 17.291089
2021-10-25 20:30: Train Epoch 80: 0/159 Loss: 14.062872
2021-10-25 20:30: Train Epoch 80: 20/159 Loss: 16.852972
2021-10-25 20:31: Train Epoch 80: 40/159 Loss: 16.362509
2021-10-25 20:31: Train Epoch 80: 60/159 Loss: 16.549355
2021-10-25 20:31: Train Epoch 80: 80/159 Loss: 15.937374
2021-10-25 20:31: Train Epoch 80: 100/159 Loss: 15.628814
2021-10-25 20:31: Train Epoch 80: 120/159 Loss: 15.037951
2021-10-25 20:32: Train Epoch 80: 140/159 Loss: 16.084082
2021-10-25 20:32: **********Train Epoch 80: averaged Loss: 15.846571, tf_ratio: 1.000000
2021-10-25 20:32: **********Val Epoch 80: average Loss: 17.298587
2021-10-25 20:32: Train Epoch 81: 0/159 Loss: 17.182283
2021-10-25 20:32: Train Epoch 81: 20/159 Loss: 16.044846
2021-10-25 20:32: Train Epoch 81: 40/159 Loss: 16.945620
2021-10-25 20:33: Train Epoch 81: 60/159 Loss: 15.614251
2021-10-25 20:33: Train Epoch 81: 80/159 Loss: 15.918653
2021-10-25 20:33: Train Epoch 81: 100/159 Loss: 15.791422
2021-10-25 20:33: Train Epoch 81: 120/159 Loss: 14.570170
2021-10-25 20:33: Train Epoch 81: 140/159 Loss: 16.450914
2021-10-25 20:34: **********Train Epoch 81: averaged Loss: 15.838911, tf_ratio: 1.000000
2021-10-25 20:34: **********Val Epoch 81: average Loss: 17.289155
2021-10-25 20:34: Train Epoch 82: 0/159 Loss: 16.854979
2021-10-25 20:34: Train Epoch 82: 20/159 Loss: 16.911911
2021-10-25 20:34: Train Epoch 82: 40/159 Loss: 14.208228
2021-10-25 20:34: Train Epoch 82: 60/159 Loss: 16.332205
2021-10-25 20:35: Train Epoch 82: 80/159 Loss: 14.867786
2021-10-25 20:35: Train Epoch 82: 100/159 Loss: 16.562914
2021-10-25 20:35: Train Epoch 82: 120/159 Loss: 15.657525
2021-10-25 20:35: Train Epoch 82: 140/159 Loss: 16.445698
2021-10-25 20:35: **********Train Epoch 82: averaged Loss: 15.811627, tf_ratio: 1.000000
2021-10-25 20:36: **********Val Epoch 82: average Loss: 17.281785
2021-10-25 20:36: Train Epoch 83: 0/159 Loss: 16.201220
2021-10-25 20:36: Train Epoch 83: 20/159 Loss: 14.985776
2021-10-25 20:36: Train Epoch 83: 40/159 Loss: 15.437384
2021-10-25 20:36: Train Epoch 83: 60/159 Loss: 14.456137
2021-10-25 20:36: Train Epoch 83: 80/159 Loss: 15.219098
2021-10-25 20:37: Train Epoch 83: 100/159 Loss: 16.041615
2021-10-25 20:37: Train Epoch 83: 120/159 Loss: 15.762849
2021-10-25 20:37: Train Epoch 83: 140/159 Loss: 17.149799
2021-10-25 20:37: **********Train Epoch 83: averaged Loss: 15.809802, tf_ratio: 1.000000
2021-10-25 20:37: **********Val Epoch 83: average Loss: 17.203467
2021-10-25 20:37: *********************************Current best model saved!
2021-10-25 20:37: Train Epoch 84: 0/159 Loss: 13.332739
2021-10-25 20:38: Train Epoch 84: 20/159 Loss: 16.350363
2021-10-25 20:38: Train Epoch 84: 40/159 Loss: 16.836859
2021-10-25 20:38: Train Epoch 84: 60/159 Loss: 16.236076
2021-10-25 20:38: Train Epoch 84: 80/159 Loss: 17.066973
2021-10-25 20:38: Train Epoch 84: 100/159 Loss: 14.560441
2021-10-25 20:39: Train Epoch 84: 120/159 Loss: 14.925868
2021-10-25 20:39: Train Epoch 84: 140/159 Loss: 15.430653
2021-10-25 20:39: **********Train Epoch 84: averaged Loss: 15.768598, tf_ratio: 1.000000
2021-10-25 20:39: **********Val Epoch 84: average Loss: 17.244687
2021-10-25 20:39: Train Epoch 85: 0/159 Loss: 17.340527
2021-10-25 20:39: Train Epoch 85: 20/159 Loss: 14.937019
2021-10-25 20:40: Train Epoch 85: 40/159 Loss: 14.838263
2021-10-25 20:40: Train Epoch 85: 60/159 Loss: 15.899420
2021-10-25 20:40: Train Epoch 85: 80/159 Loss: 17.542389
2021-10-25 20:40: Train Epoch 85: 100/159 Loss: 16.039005
2021-10-25 20:40: Train Epoch 85: 120/159 Loss: 15.611760
2021-10-25 20:41: Train Epoch 85: 140/159 Loss: 15.514265
2021-10-25 20:41: **********Train Epoch 85: averaged Loss: 15.751575, tf_ratio: 1.000000
2021-10-25 20:41: **********Val Epoch 85: average Loss: 17.256616
2021-10-25 20:41: Train Epoch 86: 0/159 Loss: 17.084082
2021-10-25 20:41: Train Epoch 86: 20/159 Loss: 15.334855
2021-10-25 20:41: Train Epoch 86: 40/159 Loss: 15.081269
2021-10-25 20:42: Train Epoch 86: 60/159 Loss: 17.232323
2021-10-25 20:42: Train Epoch 86: 80/159 Loss: 14.897769
2021-10-25 20:42: Train Epoch 86: 100/159 Loss: 13.036718
2021-10-25 20:42: Train Epoch 86: 120/159 Loss: 16.929792
2021-10-25 20:42: Train Epoch 86: 140/159 Loss: 16.889193
2021-10-25 20:43: **********Train Epoch 86: averaged Loss: 15.741745, tf_ratio: 1.000000
2021-10-25 20:43: **********Val Epoch 86: average Loss: 17.252604
2021-10-25 20:43: Train Epoch 87: 0/159 Loss: 16.384972
2021-10-25 20:43: Train Epoch 87: 20/159 Loss: 15.047340
2021-10-25 20:43: Train Epoch 87: 40/159 Loss: 14.732173
2021-10-25 20:43: Train Epoch 87: 60/159 Loss: 16.160282
2021-10-25 20:43: Train Epoch 87: 80/159 Loss: 16.109571
2021-10-25 20:44: Train Epoch 87: 100/159 Loss: 15.752776
2021-10-25 20:44: Train Epoch 87: 120/159 Loss: 15.298018
2021-10-25 20:44: Train Epoch 87: 140/159 Loss: 15.700616
2021-10-25 20:44: **********Train Epoch 87: averaged Loss: 15.721861, tf_ratio: 1.000000
2021-10-25 20:44: **********Val Epoch 87: average Loss: 17.255303
2021-10-25 20:44: Train Epoch 88: 0/159 Loss: 16.051069
2021-10-25 20:45: Train Epoch 88: 20/159 Loss: 16.443766
2021-10-25 20:45: Train Epoch 88: 40/159 Loss: 16.280983
2021-10-25 20:45: Train Epoch 88: 60/159 Loss: 15.568460
2021-10-25 20:45: Train Epoch 88: 80/159 Loss: 14.689096
2021-10-25 20:45: Train Epoch 88: 100/159 Loss: 16.408621
2021-10-25 20:46: Train Epoch 88: 120/159 Loss: 16.687401
2021-10-25 20:46: Train Epoch 88: 140/159 Loss: 16.201172
2021-10-25 20:46: **********Train Epoch 88: averaged Loss: 15.695746, tf_ratio: 1.000000
2021-10-25 20:46: **********Val Epoch 88: average Loss: 17.282537
2021-10-25 20:46: Train Epoch 89: 0/159 Loss: 15.155388
2021-10-25 20:46: Train Epoch 89: 20/159 Loss: 16.525095
2021-10-25 20:47: Train Epoch 89: 40/159 Loss: 16.763226
2021-10-25 20:47: Train Epoch 89: 60/159 Loss: 15.438158
2021-10-25 20:47: Train Epoch 89: 80/159 Loss: 17.103045
2021-10-25 20:47: Train Epoch 89: 100/159 Loss: 16.509298
2021-10-25 20:47: Train Epoch 89: 120/159 Loss: 13.852242
2021-10-25 20:48: Train Epoch 89: 140/159 Loss: 14.930091
2021-10-25 20:48: **********Train Epoch 89: averaged Loss: 15.688766, tf_ratio: 1.000000
2021-10-25 20:48: **********Val Epoch 89: average Loss: 17.274987
2021-10-25 20:48: Train Epoch 90: 0/159 Loss: 15.909524
2021-10-25 20:48: Train Epoch 90: 20/159 Loss: 14.656819
2021-10-25 20:48: Train Epoch 90: 40/159 Loss: 15.957985
2021-10-25 20:49: Train Epoch 90: 60/159 Loss: 15.162389
2021-10-25 20:49: Train Epoch 90: 80/159 Loss: 14.788237
2021-10-25 20:49: Train Epoch 90: 100/159 Loss: 15.988491
2021-10-25 20:49: Train Epoch 90: 120/159 Loss: 15.473095
2021-10-25 20:49: Train Epoch 90: 140/159 Loss: 16.268097
2021-10-25 20:50: **********Train Epoch 90: averaged Loss: 15.682111, tf_ratio: 1.000000
2021-10-25 20:50: **********Val Epoch 90: average Loss: 17.240627
2021-10-25 20:50: Train Epoch 91: 0/159 Loss: 15.523394
2021-10-25 20:50: Train Epoch 91: 20/159 Loss: 15.522824
2021-10-25 20:50: Train Epoch 91: 40/159 Loss: 15.287535
2021-10-25 20:50: Train Epoch 91: 60/159 Loss: 15.740650
2021-10-25 20:51: Train Epoch 91: 80/159 Loss: 16.007179
2021-10-25 20:51: Train Epoch 91: 100/159 Loss: 15.745444
2021-10-25 20:51: Train Epoch 91: 120/159 Loss: 15.066105
2021-10-25 20:51: Train Epoch 91: 140/159 Loss: 15.682916
2021-10-25 20:51: **********Train Epoch 91: averaged Loss: 15.660533, tf_ratio: 1.000000
2021-10-25 20:52: **********Val Epoch 91: average Loss: 17.263053
2021-10-25 20:52: Train Epoch 92: 0/159 Loss: 15.674187
2021-10-25 20:52: Train Epoch 92: 20/159 Loss: 14.549527
2021-10-25 20:52: Train Epoch 92: 40/159 Loss: 15.810597
2021-10-25 20:52: Train Epoch 92: 60/159 Loss: 15.016703
2021-10-25 20:52: Train Epoch 92: 80/159 Loss: 15.557391
2021-10-25 20:53: Train Epoch 92: 100/159 Loss: 15.277251
2021-10-25 20:53: Train Epoch 92: 120/159 Loss: 14.400056
2021-10-25 20:53: Train Epoch 92: 140/159 Loss: 16.128040
2021-10-25 20:53: **********Train Epoch 92: averaged Loss: 15.634204, tf_ratio: 1.000000
2021-10-25 20:53: **********Val Epoch 92: average Loss: 17.238454
2021-10-25 20:53: Train Epoch 93: 0/159 Loss: 16.864767
2021-10-25 20:54: Train Epoch 93: 20/159 Loss: 14.465447
2021-10-25 20:54: Train Epoch 93: 40/159 Loss: 16.200172
2021-10-25 20:54: Train Epoch 93: 60/159 Loss: 16.551525
2021-10-25 20:54: Train Epoch 93: 80/159 Loss: 17.667013
2021-10-25 20:54: Train Epoch 93: 100/159 Loss: 15.281496
2021-10-25 20:55: Train Epoch 93: 120/159 Loss: 15.822907
2021-10-25 20:55: Train Epoch 93: 140/159 Loss: 16.814283
2021-10-25 20:55: **********Train Epoch 93: averaged Loss: 15.614759, tf_ratio: 1.000000
2021-10-25 20:55: **********Val Epoch 93: average Loss: 17.231639
2021-10-25 20:55: Train Epoch 94: 0/159 Loss: 15.619080
2021-10-25 20:55: Train Epoch 94: 20/159 Loss: 15.969844
2021-10-25 20:55: Train Epoch 94: 40/159 Loss: 15.148660
2021-10-25 20:56: Train Epoch 94: 60/159 Loss: 15.991635
2021-10-25 20:56: Train Epoch 94: 80/159 Loss: 14.323455
2021-10-25 20:56: Train Epoch 94: 100/159 Loss: 15.976333
2021-10-25 20:56: Train Epoch 94: 120/159 Loss: 14.297617
2021-10-25 20:57: Train Epoch 94: 140/159 Loss: 15.815269
2021-10-25 20:57: **********Train Epoch 94: averaged Loss: 15.595582, tf_ratio: 1.000000
2021-10-25 20:57: **********Val Epoch 94: average Loss: 17.279456
2021-10-25 20:57: Train Epoch 95: 0/159 Loss: 15.430495
2021-10-25 20:57: Train Epoch 95: 20/159 Loss: 16.021093
2021-10-25 20:57: Train Epoch 95: 40/159 Loss: 15.604826
2021-10-25 20:57: Train Epoch 95: 60/159 Loss: 16.681818
2021-10-25 20:58: Train Epoch 95: 80/159 Loss: 16.404593
2021-10-25 20:58: Train Epoch 95: 100/159 Loss: 15.415716
2021-10-25 20:58: Train Epoch 95: 120/159 Loss: 15.103209
2021-10-25 20:58: Train Epoch 95: 140/159 Loss: 15.237279
2021-10-25 20:58: **********Train Epoch 95: averaged Loss: 15.589786, tf_ratio: 1.000000
2021-10-25 20:59: **********Val Epoch 95: average Loss: 17.248175
2021-10-25 20:59: Train Epoch 96: 0/159 Loss: 16.010485
2021-10-25 20:59: Train Epoch 96: 20/159 Loss: 14.104367
2021-10-25 20:59: Train Epoch 96: 40/159 Loss: 14.935555
2021-10-25 20:59: Train Epoch 96: 60/159 Loss: 15.348413
2021-10-25 20:59: Train Epoch 96: 80/159 Loss: 14.518048
2021-10-25 21:00: Train Epoch 96: 100/159 Loss: 15.518713
2021-10-25 21:00: Train Epoch 96: 120/159 Loss: 14.874263
2021-10-25 21:00: Train Epoch 96: 140/159 Loss: 16.201607
2021-10-25 21:00: **********Train Epoch 96: averaged Loss: 15.576368, tf_ratio: 1.000000
2021-10-25 21:00: **********Val Epoch 96: average Loss: 17.221929
2021-10-25 21:00: Train Epoch 97: 0/159 Loss: 16.824398
2021-10-25 21:01: Train Epoch 97: 20/159 Loss: 16.418903
2021-10-25 21:01: Train Epoch 97: 40/159 Loss: 15.847347
2021-10-25 21:01: Train Epoch 97: 60/159 Loss: 14.825065
2021-10-25 21:01: Train Epoch 97: 80/159 Loss: 15.345442
2021-10-25 21:01: Train Epoch 97: 100/159 Loss: 15.771742
2021-10-25 21:02: Train Epoch 97: 120/159 Loss: 16.657654
2021-10-25 21:02: Train Epoch 97: 140/159 Loss: 15.625211
2021-10-25 21:02: **********Train Epoch 97: averaged Loss: 15.555392, tf_ratio: 1.000000
2021-10-25 21:02: **********Val Epoch 97: average Loss: 17.248299
2021-10-25 21:02: Train Epoch 98: 0/159 Loss: 14.339140
2021-10-25 21:02: Train Epoch 98: 20/159 Loss: 16.349072
2021-10-25 21:03: Train Epoch 98: 40/159 Loss: 16.175127
2021-10-25 21:03: Train Epoch 98: 60/159 Loss: 16.309570
2021-10-25 21:03: Train Epoch 98: 80/159 Loss: 17.377476
2021-10-25 21:03: Train Epoch 98: 100/159 Loss: 17.231358
2021-10-25 21:03: Train Epoch 98: 120/159 Loss: 15.906642
2021-10-25 21:04: Train Epoch 98: 140/159 Loss: 16.132814
2021-10-25 21:04: **********Train Epoch 98: averaged Loss: 15.544223, tf_ratio: 1.000000
2021-10-25 21:04: **********Val Epoch 98: average Loss: 17.264491
2021-10-25 21:04: Validation performance didn't improve for 15 epochs. Training stops.
2021-10-25 21:04: Total training time: 173.5654min, best loss: 17.203467
2021-10-25 21:04: Saving current best model to /content/AGCRN/model/experiments/PEMSD4/20211025181052/best_model.pth
2021-10-25 21:04: Horizon 01, MAE: 16.92, RMSE: 27.72, MAPE: 11.3436%
2021-10-25 21:04: Average Horizon, MAE: 16.92, RMSE: 27.72, MAPE: 11.3436%
