2021-10-22 11:52: Experiment log path in: /content/AGCRN/model/experiments/PEMSD8/20211022115234
2021-10-22 11:52: Train Epoch 1: 0/167 Loss: 219.649002
2021-10-22 11:52: Train Epoch 1: 20/167 Loss: 252.003021
2021-10-22 11:52: Train Epoch 1: 40/167 Loss: 213.717178
2021-10-22 11:52: Train Epoch 1: 60/167 Loss: 227.250412
2021-10-22 11:53: Train Epoch 1: 80/167 Loss: 211.055344
2021-10-22 11:53: Train Epoch 1: 100/167 Loss: 168.245468
2021-10-22 11:53: Train Epoch 1: 120/167 Loss: 205.900497
2021-10-22 11:53: Train Epoch 1: 140/167 Loss: 193.503357
2021-10-22 11:53: Train Epoch 1: 160/167 Loss: 174.329239
2021-10-22 11:53: **********Train Epoch 1: averaged Loss: 211.422204, tf_ratio: 1.000000
2021-10-22 11:53: **********Val Epoch 1: average Loss: 197.157242
2021-10-22 11:53: *********************************Current best model saved!
2021-10-22 11:53: Train Epoch 2: 0/167 Loss: 194.018021
2021-10-22 11:53: Train Epoch 2: 20/167 Loss: 214.794205
2021-10-22 11:53: Train Epoch 2: 40/167 Loss: 192.137238
2021-10-22 11:54: Train Epoch 2: 60/167 Loss: 198.416489
2021-10-22 11:54: Train Epoch 2: 80/167 Loss: 171.528381
2021-10-22 11:54: Train Epoch 2: 100/167 Loss: 188.187271
2021-10-22 11:54: Train Epoch 2: 120/167 Loss: 164.393417
2021-10-22 11:54: Train Epoch 2: 140/167 Loss: 168.044724
2021-10-22 11:54: Train Epoch 2: 160/167 Loss: 173.228836
2021-10-22 11:54: **********Train Epoch 2: averaged Loss: 181.018082, tf_ratio: 1.000000
2021-10-22 11:54: **********Val Epoch 2: average Loss: 172.446523
2021-10-22 11:54: *********************************Current best model saved!
2021-10-22 11:54: Train Epoch 3: 0/167 Loss: 184.389877
2021-10-22 11:54: Train Epoch 3: 20/167 Loss: 164.422577
2021-10-22 11:55: Train Epoch 3: 40/167 Loss: 166.846573
2021-10-22 11:55: Train Epoch 3: 60/167 Loss: 172.795181
2021-10-22 11:55: Train Epoch 3: 80/167 Loss: 161.175949
2021-10-22 11:55: Train Epoch 3: 100/167 Loss: 144.968735
2021-10-22 11:55: Train Epoch 3: 120/167 Loss: 164.212265
2021-10-22 11:55: Train Epoch 3: 140/167 Loss: 145.889160
2021-10-22 11:55: Train Epoch 3: 160/167 Loss: 156.575806
2021-10-22 11:55: **********Train Epoch 3: averaged Loss: 160.129022, tf_ratio: 1.000000
2021-10-22 11:55: **********Val Epoch 3: average Loss: 154.932709
2021-10-22 11:55: *********************************Current best model saved!
2021-10-22 11:55: Train Epoch 4: 0/167 Loss: 159.258331
2021-10-22 11:56: Train Epoch 4: 20/167 Loss: 148.064041
2021-10-22 11:56: Train Epoch 4: 40/167 Loss: 139.377060
2021-10-22 11:56: Train Epoch 4: 60/167 Loss: 142.509933
2021-10-22 11:56: Train Epoch 4: 80/167 Loss: 135.588684
2021-10-22 11:56: Train Epoch 4: 100/167 Loss: 134.096878
2021-10-22 11:56: Train Epoch 4: 120/167 Loss: 149.774643
2021-10-22 11:56: Train Epoch 4: 140/167 Loss: 152.323669
2021-10-22 11:56: Train Epoch 4: 160/167 Loss: 136.818726
2021-10-22 11:56: **********Train Epoch 4: averaged Loss: 145.600060, tf_ratio: 1.000000
2021-10-22 11:57: **********Val Epoch 4: average Loss: 142.992466
2021-10-22 11:57: *********************************Current best model saved!
2021-10-22 11:57: Train Epoch 5: 0/167 Loss: 139.792191
2021-10-22 11:57: Train Epoch 5: 20/167 Loss: 140.439590
2021-10-22 11:57: Train Epoch 5: 40/167 Loss: 141.780319
2021-10-22 11:57: Train Epoch 5: 60/167 Loss: 121.366028
2021-10-22 11:57: Train Epoch 5: 80/167 Loss: 130.702316
2021-10-22 11:57: Train Epoch 5: 100/167 Loss: 146.759262
2021-10-22 11:57: Train Epoch 5: 120/167 Loss: 128.013535
2021-10-22 11:57: Train Epoch 5: 140/167 Loss: 141.040680
2021-10-22 11:58: Train Epoch 5: 160/167 Loss: 130.585052
2021-10-22 11:58: **********Train Epoch 5: averaged Loss: 136.023595, tf_ratio: 1.000000
2021-10-22 11:58: **********Val Epoch 5: average Loss: 135.260159
2021-10-22 11:58: *********************************Current best model saved!
2021-10-22 11:58: Train Epoch 6: 0/167 Loss: 139.651474
2021-10-22 11:58: Train Epoch 6: 20/167 Loss: 132.340729
2021-10-22 11:58: Train Epoch 6: 40/167 Loss: 134.234512
2021-10-22 11:58: Train Epoch 6: 60/167 Loss: 132.822739
2021-10-22 11:58: Train Epoch 6: 80/167 Loss: 126.195328
2021-10-22 11:58: Train Epoch 6: 100/167 Loss: 132.422379
2021-10-22 11:58: Train Epoch 6: 120/167 Loss: 125.763130
2021-10-22 11:59: Train Epoch 6: 140/167 Loss: 115.792473
2021-10-22 11:59: Train Epoch 6: 160/167 Loss: 128.005707
2021-10-22 11:59: **********Train Epoch 6: averaged Loss: 129.890838, tf_ratio: 1.000000
2021-10-22 11:59: **********Val Epoch 6: average Loss: 130.177743
2021-10-22 11:59: *********************************Current best model saved!
2021-10-22 11:59: Train Epoch 7: 0/167 Loss: 126.719948
2021-10-22 11:59: Train Epoch 7: 20/167 Loss: 128.362610
2021-10-22 11:59: Train Epoch 7: 40/167 Loss: 116.893509
2021-10-22 11:59: Train Epoch 7: 60/167 Loss: 124.072937
2021-10-22 11:59: Train Epoch 7: 80/167 Loss: 122.830185
2021-10-22 11:59: Train Epoch 7: 100/167 Loss: 132.202454
2021-10-22 12:00: Train Epoch 7: 120/167 Loss: 126.631073
2021-10-22 12:00: Train Epoch 7: 140/167 Loss: 127.076981
2021-10-22 12:00: Train Epoch 7: 160/167 Loss: 122.203697
2021-10-22 12:00: **********Train Epoch 7: averaged Loss: 125.926854, tf_ratio: 1.000000
2021-10-22 12:00: **********Val Epoch 7: average Loss: 126.859487
2021-10-22 12:00: *********************************Current best model saved!
2021-10-22 12:00: Train Epoch 8: 0/167 Loss: 117.243416
2021-10-22 12:00: Train Epoch 8: 20/167 Loss: 126.840767
2021-10-22 12:00: Train Epoch 8: 40/167 Loss: 121.137939
2021-10-22 12:00: Train Epoch 8: 60/167 Loss: 124.262161
2021-10-22 12:00: Train Epoch 8: 80/167 Loss: 119.251709
2021-10-22 12:01: Train Epoch 8: 100/167 Loss: 126.565697
2021-10-22 12:01: Train Epoch 8: 120/167 Loss: 125.372787
2021-10-22 12:01: Train Epoch 8: 140/167 Loss: 123.856133
2021-10-22 12:01: Train Epoch 8: 160/167 Loss: 127.125290
2021-10-22 12:01: **********Train Epoch 8: averaged Loss: 123.471328, tf_ratio: 1.000000
2021-10-22 12:01: **********Val Epoch 8: average Loss: 124.791061
2021-10-22 12:01: *********************************Current best model saved!
2021-10-22 12:01: Train Epoch 9: 0/167 Loss: 118.325180
2021-10-22 12:01: Train Epoch 9: 20/167 Loss: 128.811676
2021-10-22 12:01: Train Epoch 9: 40/167 Loss: 126.665695
2021-10-22 12:01: Train Epoch 9: 60/167 Loss: 128.532333
2021-10-22 12:02: Train Epoch 9: 80/167 Loss: 126.659012
2021-10-22 12:02: Train Epoch 9: 100/167 Loss: 119.525063
2021-10-22 12:02: Train Epoch 9: 120/167 Loss: 121.812920
2021-10-22 12:02: Train Epoch 9: 140/167 Loss: 121.742043
2021-10-22 12:02: Train Epoch 9: 160/167 Loss: 118.387047
2021-10-22 12:02: **********Train Epoch 9: averaged Loss: 120.789745, tf_ratio: 1.000000
2021-10-22 12:02: **********Val Epoch 9: average Loss: 116.657865
2021-10-22 12:02: *********************************Current best model saved!
2021-10-22 12:02: Train Epoch 10: 0/167 Loss: 114.299438
2021-10-22 12:02: Train Epoch 10: 20/167 Loss: 105.287109
2021-10-22 12:02: Train Epoch 10: 40/167 Loss: 110.376724
2021-10-22 12:03: Train Epoch 10: 60/167 Loss: 104.931549
2021-10-22 12:03: Train Epoch 10: 80/167 Loss: 95.547295
2021-10-22 12:03: Train Epoch 10: 100/167 Loss: 84.481224
2021-10-22 12:03: Train Epoch 10: 120/167 Loss: 87.030663
2021-10-22 12:03: Train Epoch 10: 140/167 Loss: 77.752769
2021-10-22 12:03: Train Epoch 10: 160/167 Loss: 81.835403
2021-10-22 12:03: **********Train Epoch 10: averaged Loss: 92.471538, tf_ratio: 1.000000
2021-10-22 12:03: **********Val Epoch 10: average Loss: 81.323518
2021-10-22 12:03: *********************************Current best model saved!
2021-10-22 12:03: Train Epoch 11: 0/167 Loss: 77.946701
2021-10-22 12:03: Train Epoch 11: 20/167 Loss: 78.147079
2021-10-22 12:04: Train Epoch 11: 40/167 Loss: 78.228874
2021-10-22 12:04: Train Epoch 11: 60/167 Loss: 71.026695
2021-10-22 12:04: Train Epoch 11: 80/167 Loss: 65.065094
2021-10-22 12:04: Train Epoch 11: 100/167 Loss: 64.665337
2021-10-22 12:04: Train Epoch 11: 120/167 Loss: 65.716202
2021-10-22 12:04: Train Epoch 11: 140/167 Loss: 66.727135
2021-10-22 12:04: Train Epoch 11: 160/167 Loss: 61.493645
2021-10-22 12:04: **********Train Epoch 11: averaged Loss: 68.265523, tf_ratio: 1.000000
2021-10-22 12:04: **********Val Epoch 11: average Loss: 64.248430
2021-10-22 12:04: *********************************Current best model saved!
2021-10-22 12:05: Train Epoch 12: 0/167 Loss: 66.917633
2021-10-22 12:05: Train Epoch 12: 20/167 Loss: 65.710030
2021-10-22 12:05: Train Epoch 12: 40/167 Loss: 55.776646
2021-10-22 12:05: Train Epoch 12: 60/167 Loss: 62.639526
2021-10-22 12:05: Train Epoch 12: 80/167 Loss: 53.882633
2021-10-22 12:05: Train Epoch 12: 100/167 Loss: 61.159210
2021-10-22 12:05: Train Epoch 12: 120/167 Loss: 55.221203
2021-10-22 12:05: Train Epoch 12: 140/167 Loss: 47.883121
2021-10-22 12:05: Train Epoch 12: 160/167 Loss: 48.197529
2021-10-22 12:06: **********Train Epoch 12: averaged Loss: 56.381514, tf_ratio: 1.000000
2021-10-22 12:06: **********Val Epoch 12: average Loss: 54.417138
2021-10-22 12:06: *********************************Current best model saved!
2021-10-22 12:06: Train Epoch 13: 0/167 Loss: 51.396664
2021-10-22 12:06: Train Epoch 13: 20/167 Loss: 47.526237
2021-10-22 12:06: Train Epoch 13: 40/167 Loss: 46.953274
2021-10-22 12:06: Train Epoch 13: 60/167 Loss: 47.977791
2021-10-22 12:06: Train Epoch 13: 80/167 Loss: 48.071472
2021-10-22 12:06: Train Epoch 13: 100/167 Loss: 45.446949
2021-10-22 12:06: Train Epoch 13: 120/167 Loss: 48.357853
2021-10-22 12:07: Train Epoch 13: 140/167 Loss: 42.718792
2021-10-22 12:07: Train Epoch 13: 160/167 Loss: 46.160374
2021-10-22 12:07: **********Train Epoch 13: averaged Loss: 48.449046, tf_ratio: 1.000000
2021-10-22 12:07: **********Val Epoch 13: average Loss: 47.499147
2021-10-22 12:07: *********************************Current best model saved!
2021-10-22 12:07: Train Epoch 14: 0/167 Loss: 42.689869
2021-10-22 12:07: Train Epoch 14: 20/167 Loss: 44.826263
2021-10-22 12:07: Train Epoch 14: 40/167 Loss: 52.244694
2021-10-22 12:07: Train Epoch 14: 60/167 Loss: 40.048409
2021-10-22 12:07: Train Epoch 14: 80/167 Loss: 44.369972
2021-10-22 12:07: Train Epoch 14: 100/167 Loss: 40.382133
2021-10-22 12:08: Train Epoch 14: 120/167 Loss: 45.239311
2021-10-22 12:08: Train Epoch 14: 140/167 Loss: 44.271687
2021-10-22 12:08: Train Epoch 14: 160/167 Loss: 35.002148
2021-10-22 12:08: **********Train Epoch 14: averaged Loss: 42.516580, tf_ratio: 1.000000
2021-10-22 12:08: **********Val Epoch 14: average Loss: 42.112700
2021-10-22 12:08: *********************************Current best model saved!
2021-10-22 12:08: Train Epoch 15: 0/167 Loss: 39.618065
2021-10-22 12:08: Train Epoch 15: 20/167 Loss: 39.344856
2021-10-22 12:08: Train Epoch 15: 40/167 Loss: 35.482594
2021-10-22 12:08: Train Epoch 15: 60/167 Loss: 34.680599
2021-10-22 12:08: Train Epoch 15: 80/167 Loss: 37.676022
2021-10-22 12:09: Train Epoch 15: 100/167 Loss: 35.069382
2021-10-22 12:09: Train Epoch 15: 120/167 Loss: 34.743393
2021-10-22 12:09: Train Epoch 15: 140/167 Loss: 34.100777
2021-10-22 12:09: Train Epoch 15: 160/167 Loss: 36.915504
2021-10-22 12:09: **********Train Epoch 15: averaged Loss: 37.908710, tf_ratio: 1.000000
2021-10-22 12:09: **********Val Epoch 15: average Loss: 37.845352
2021-10-22 12:09: *********************************Current best model saved!
2021-10-22 12:09: Train Epoch 16: 0/167 Loss: 38.883266
2021-10-22 12:09: Train Epoch 16: 20/167 Loss: 36.762173
2021-10-22 12:09: Train Epoch 16: 40/167 Loss: 35.572094
2021-10-22 12:09: Train Epoch 16: 60/167 Loss: 35.775608
2021-10-22 12:10: Train Epoch 16: 80/167 Loss: 35.527260
2021-10-22 12:10: Train Epoch 16: 100/167 Loss: 30.178370
2021-10-22 12:10: Train Epoch 16: 120/167 Loss: 35.443665
2021-10-22 12:10: Train Epoch 16: 140/167 Loss: 29.672838
2021-10-22 12:10: Train Epoch 16: 160/167 Loss: 31.017614
2021-10-22 12:10: **********Train Epoch 16: averaged Loss: 34.571774, tf_ratio: 1.000000
2021-10-22 12:10: **********Val Epoch 16: average Loss: 34.731035
2021-10-22 12:10: *********************************Current best model saved!
2021-10-22 12:10: Train Epoch 17: 0/167 Loss: 34.405125
2021-10-22 12:10: Train Epoch 17: 20/167 Loss: 31.842463
2021-10-22 12:10: Train Epoch 17: 40/167 Loss: 31.914597
2021-10-22 12:11: Train Epoch 17: 60/167 Loss: 33.090649
2021-10-22 12:11: Train Epoch 17: 80/167 Loss: 30.491676
2021-10-22 12:11: Train Epoch 17: 100/167 Loss: 29.101730
2021-10-22 12:11: Train Epoch 17: 120/167 Loss: 30.914850
2021-10-22 12:11: Train Epoch 17: 140/167 Loss: 33.177654
2021-10-22 12:11: Train Epoch 17: 160/167 Loss: 31.473358
2021-10-22 12:11: **********Train Epoch 17: averaged Loss: 31.815660, tf_ratio: 1.000000
2021-10-22 12:11: **********Val Epoch 17: average Loss: 32.228384
2021-10-22 12:11: *********************************Current best model saved!
2021-10-22 12:11: Train Epoch 18: 0/167 Loss: 30.278936
2021-10-22 12:11: Train Epoch 18: 20/167 Loss: 31.596142
2021-10-22 12:12: Train Epoch 18: 40/167 Loss: 32.026070
2021-10-22 12:12: Train Epoch 18: 60/167 Loss: 32.318378
2021-10-22 12:12: Train Epoch 18: 80/167 Loss: 30.698248
2021-10-22 12:12: Train Epoch 18: 100/167 Loss: 29.196037
2021-10-22 12:12: Train Epoch 18: 120/167 Loss: 29.907099
2021-10-22 12:12: Train Epoch 18: 140/167 Loss: 27.894436
2021-10-22 12:12: Train Epoch 18: 160/167 Loss: 27.950079
2021-10-22 12:12: **********Train Epoch 18: averaged Loss: 29.720209, tf_ratio: 1.000000
2021-10-22 12:12: **********Val Epoch 18: average Loss: 30.338336
2021-10-22 12:12: *********************************Current best model saved!
2021-10-22 12:12: Train Epoch 19: 0/167 Loss: 28.138132
2021-10-22 12:13: Train Epoch 19: 20/167 Loss: 28.815964
2021-10-22 12:13: Train Epoch 19: 40/167 Loss: 29.125151
2021-10-22 12:13: Train Epoch 19: 60/167 Loss: 28.895981
2021-10-22 12:13: Train Epoch 19: 80/167 Loss: 28.281662
2021-10-22 12:13: Train Epoch 19: 100/167 Loss: 28.179865
2021-10-22 12:13: Train Epoch 19: 120/167 Loss: 28.403713
2021-10-22 12:13: Train Epoch 19: 140/167 Loss: 27.107161
2021-10-22 12:13: Train Epoch 19: 160/167 Loss: 29.050543
2021-10-22 12:13: **********Train Epoch 19: averaged Loss: 28.079854, tf_ratio: 1.000000
2021-10-22 12:14: **********Val Epoch 19: average Loss: 28.562551
2021-10-22 12:14: *********************************Current best model saved!
2021-10-22 12:14: Train Epoch 20: 0/167 Loss: 24.565956
2021-10-22 12:14: Train Epoch 20: 20/167 Loss: 29.411022
2021-10-22 12:14: Train Epoch 20: 40/167 Loss: 29.654196
2021-10-22 12:14: Train Epoch 20: 60/167 Loss: 29.684576
2021-10-22 12:14: Train Epoch 20: 80/167 Loss: 26.411764
2021-10-22 12:14: Train Epoch 20: 100/167 Loss: 25.962404
2021-10-22 12:14: Train Epoch 20: 120/167 Loss: 26.883955
2021-10-22 12:14: Train Epoch 20: 140/167 Loss: 28.171501
2021-10-22 12:15: Train Epoch 20: 160/167 Loss: 25.894392
2021-10-22 12:15: **********Train Epoch 20: averaged Loss: 26.764993, tf_ratio: 1.000000
2021-10-22 12:15: **********Val Epoch 20: average Loss: 27.362078
2021-10-22 12:15: *********************************Current best model saved!
2021-10-22 12:15: Train Epoch 21: 0/167 Loss: 27.920130
2021-10-22 12:15: Train Epoch 21: 20/167 Loss: 25.221088
2021-10-22 12:15: Train Epoch 21: 40/167 Loss: 25.408010
2021-10-22 12:15: Train Epoch 21: 60/167 Loss: 25.470881
2021-10-22 12:15: Train Epoch 21: 80/167 Loss: 23.110229
2021-10-22 12:15: Train Epoch 21: 100/167 Loss: 23.836996
2021-10-22 12:15: Train Epoch 21: 120/167 Loss: 26.935085
2021-10-22 12:16: Train Epoch 21: 140/167 Loss: 24.134361
2021-10-22 12:16: Train Epoch 21: 160/167 Loss: 25.055536
2021-10-22 12:16: **********Train Epoch 21: averaged Loss: 25.600111, tf_ratio: 1.000000
2021-10-22 12:16: **********Val Epoch 21: average Loss: 26.064176
2021-10-22 12:16: *********************************Current best model saved!
2021-10-22 12:16: Train Epoch 22: 0/167 Loss: 26.666162
2021-10-22 12:16: Train Epoch 22: 20/167 Loss: 26.597574
2021-10-22 12:16: Train Epoch 22: 40/167 Loss: 22.050730
2021-10-22 12:16: Train Epoch 22: 60/167 Loss: 26.751116
2021-10-22 12:16: Train Epoch 22: 80/167 Loss: 26.460064
2021-10-22 12:16: Train Epoch 22: 100/167 Loss: 28.185062
2021-10-22 12:17: Train Epoch 22: 120/167 Loss: 24.769466
2021-10-22 12:17: Train Epoch 22: 140/167 Loss: 25.730236
2021-10-22 12:17: Train Epoch 22: 160/167 Loss: 26.042782
2021-10-22 12:17: **********Train Epoch 22: averaged Loss: 24.587857, tf_ratio: 1.000000
2021-10-22 12:17: **********Val Epoch 22: average Loss: 24.951624
2021-10-22 12:17: *********************************Current best model saved!
2021-10-22 12:17: Train Epoch 23: 0/167 Loss: 26.859324
2021-10-22 12:17: Train Epoch 23: 20/167 Loss: 22.175158
2021-10-22 12:17: Train Epoch 23: 40/167 Loss: 24.258293
2021-10-22 12:17: Train Epoch 23: 60/167 Loss: 24.707247
2021-10-22 12:17: Train Epoch 23: 80/167 Loss: 22.751751
2021-10-22 12:18: Train Epoch 23: 100/167 Loss: 23.025724
2021-10-22 12:18: Train Epoch 23: 120/167 Loss: 26.062653
2021-10-22 12:18: Train Epoch 23: 140/167 Loss: 23.687513
2021-10-22 12:18: Train Epoch 23: 160/167 Loss: 23.783236
2021-10-22 12:18: **********Train Epoch 23: averaged Loss: 23.679319, tf_ratio: 1.000000
2021-10-22 12:18: **********Val Epoch 23: average Loss: 24.177551
2021-10-22 12:18: *********************************Current best model saved!
2021-10-22 12:18: Train Epoch 24: 0/167 Loss: 22.168364
2021-10-22 12:18: Train Epoch 24: 20/167 Loss: 24.373520
2021-10-22 12:18: Train Epoch 24: 40/167 Loss: 23.124521
2021-10-22 12:18: Train Epoch 24: 60/167 Loss: 21.853939
2021-10-22 12:19: Train Epoch 24: 80/167 Loss: 24.030571
2021-10-22 12:19: Train Epoch 24: 100/167 Loss: 23.997915
2021-10-22 12:19: Train Epoch 24: 120/167 Loss: 20.726900
2021-10-22 12:19: Train Epoch 24: 140/167 Loss: 22.850557
2021-10-22 12:19: Train Epoch 24: 160/167 Loss: 22.820829
2021-10-22 12:19: **********Train Epoch 24: averaged Loss: 22.900293, tf_ratio: 1.000000
2021-10-22 12:19: **********Val Epoch 24: average Loss: 23.341776
2021-10-22 12:19: *********************************Current best model saved!
2021-10-22 12:19: Train Epoch 25: 0/167 Loss: 22.808666
2021-10-22 12:19: Train Epoch 25: 20/167 Loss: 22.207581
2021-10-22 12:20: Train Epoch 25: 40/167 Loss: 22.754240
2021-10-22 12:20: Train Epoch 25: 60/167 Loss: 22.802338
2021-10-22 12:20: Train Epoch 25: 80/167 Loss: 23.734529
2021-10-22 12:20: Train Epoch 25: 100/167 Loss: 22.113056
2021-10-22 12:20: Train Epoch 25: 120/167 Loss: 22.974707
2021-10-22 12:20: Train Epoch 25: 140/167 Loss: 21.251812
2021-10-22 12:20: Train Epoch 25: 160/167 Loss: 21.898790
2021-10-22 12:20: **********Train Epoch 25: averaged Loss: 22.224633, tf_ratio: 1.000000
2021-10-22 12:20: **********Val Epoch 25: average Loss: 22.520104
2021-10-22 12:20: *********************************Current best model saved!
2021-10-22 12:20: Train Epoch 26: 0/167 Loss: 19.865808
2021-10-22 12:21: Train Epoch 26: 20/167 Loss: 22.045464
2021-10-22 12:21: Train Epoch 26: 40/167 Loss: 20.799524
2021-10-22 12:21: Train Epoch 26: 60/167 Loss: 22.216921
2021-10-22 12:21: Train Epoch 26: 80/167 Loss: 20.840458
2021-10-22 12:21: Train Epoch 26: 100/167 Loss: 22.550583
2021-10-22 12:21: Train Epoch 26: 120/167 Loss: 23.230877
2021-10-22 12:21: Train Epoch 26: 140/167 Loss: 20.230976
2021-10-22 12:21: Train Epoch 26: 160/167 Loss: 22.195847
2021-10-22 12:21: **********Train Epoch 26: averaged Loss: 21.689679, tf_ratio: 1.000000
2021-10-22 12:22: **********Val Epoch 26: average Loss: 21.951553
2021-10-22 12:22: *********************************Current best model saved!
2021-10-22 12:22: Train Epoch 27: 0/167 Loss: 22.618853
2021-10-22 12:22: Train Epoch 27: 20/167 Loss: 22.026323
2021-10-22 12:22: Train Epoch 27: 40/167 Loss: 21.680290
2021-10-22 12:22: Train Epoch 27: 60/167 Loss: 21.241791
2021-10-22 12:22: Train Epoch 27: 80/167 Loss: 20.894299
2021-10-22 12:22: Train Epoch 27: 100/167 Loss: 20.715717
2021-10-22 12:22: Train Epoch 27: 120/167 Loss: 21.894541
2021-10-22 12:22: Train Epoch 27: 140/167 Loss: 21.066427
2021-10-22 12:23: Train Epoch 27: 160/167 Loss: 21.124691
2021-10-22 12:23: **********Train Epoch 27: averaged Loss: 21.175188, tf_ratio: 1.000000
2021-10-22 12:23: **********Val Epoch 27: average Loss: 21.585121
2021-10-22 12:23: *********************************Current best model saved!
2021-10-22 12:23: Train Epoch 28: 0/167 Loss: 21.700994
2021-10-22 12:23: Train Epoch 28: 20/167 Loss: 21.842638
2021-10-22 12:23: Train Epoch 28: 40/167 Loss: 17.818834
2021-10-22 12:23: Train Epoch 28: 60/167 Loss: 20.598179
2021-10-22 12:23: Train Epoch 28: 80/167 Loss: 20.139523
2021-10-22 12:23: Train Epoch 28: 100/167 Loss: 20.156181
2021-10-22 12:23: Train Epoch 28: 120/167 Loss: 21.188959
2021-10-22 12:24: Train Epoch 28: 140/167 Loss: 20.129080
2021-10-22 12:24: Train Epoch 28: 160/167 Loss: 20.909950
2021-10-22 12:24: **********Train Epoch 28: averaged Loss: 20.729232, tf_ratio: 1.000000
2021-10-22 12:24: **********Val Epoch 28: average Loss: 21.167808
2021-10-22 12:24: *********************************Current best model saved!
2021-10-22 12:24: Train Epoch 29: 0/167 Loss: 20.914440
2021-10-22 12:24: Train Epoch 29: 20/167 Loss: 20.306564
2021-10-22 12:24: Train Epoch 29: 40/167 Loss: 20.846310
2021-10-22 12:24: Train Epoch 29: 60/167 Loss: 19.458380
2021-10-22 12:24: Train Epoch 29: 80/167 Loss: 21.900640
2021-10-22 12:24: Train Epoch 29: 100/167 Loss: 22.428354
2021-10-22 12:25: Train Epoch 29: 120/167 Loss: 19.647202
2021-10-22 12:25: Train Epoch 29: 140/167 Loss: 20.537970
2021-10-22 12:25: Train Epoch 29: 160/167 Loss: 19.850931
2021-10-22 12:25: **********Train Epoch 29: averaged Loss: 20.479566, tf_ratio: 1.000000
2021-10-22 12:25: **********Val Epoch 29: average Loss: 20.744701
2021-10-22 12:25: *********************************Current best model saved!
2021-10-22 12:25: Train Epoch 30: 0/167 Loss: 19.908476
2021-10-22 12:25: Train Epoch 30: 20/167 Loss: 19.984268
2021-10-22 12:25: Train Epoch 30: 40/167 Loss: 18.371126
2021-10-22 12:25: Train Epoch 30: 60/167 Loss: 20.746452
2021-10-22 12:25: Train Epoch 30: 80/167 Loss: 18.345287
2021-10-22 12:26: Train Epoch 30: 100/167 Loss: 20.263474
2021-10-22 12:26: Train Epoch 30: 120/167 Loss: 20.472095
2021-10-22 12:26: Train Epoch 30: 140/167 Loss: 18.534353
2021-10-22 12:26: Train Epoch 30: 160/167 Loss: 19.399998
2021-10-22 12:26: **********Train Epoch 30: averaged Loss: 20.096842, tf_ratio: 1.000000
2021-10-22 12:26: **********Val Epoch 30: average Loss: 20.441510
2021-10-22 12:26: *********************************Current best model saved!
2021-10-22 12:26: Train Epoch 31: 0/167 Loss: 20.044905
2021-10-22 12:26: Train Epoch 31: 20/167 Loss: 19.345106
2021-10-22 12:26: Train Epoch 31: 40/167 Loss: 21.237385
2021-10-22 12:26: Train Epoch 31: 60/167 Loss: 18.952250
2021-10-22 12:27: Train Epoch 31: 80/167 Loss: 19.813726
2021-10-22 12:27: Train Epoch 31: 100/167 Loss: 20.506254
2021-10-22 12:27: Train Epoch 31: 120/167 Loss: 20.414551
2021-10-22 12:27: Train Epoch 31: 140/167 Loss: 19.038460
2021-10-22 12:27: Train Epoch 31: 160/167 Loss: 20.769762
2021-10-22 12:27: **********Train Epoch 31: averaged Loss: 19.851044, tf_ratio: 1.000000
2021-10-22 12:27: **********Val Epoch 31: average Loss: 20.157786
2021-10-22 12:27: *********************************Current best model saved!
2021-10-22 12:27: Train Epoch 32: 0/167 Loss: 17.686150
2021-10-22 12:27: Train Epoch 32: 20/167 Loss: 16.309216
2021-10-22 12:27: Train Epoch 32: 40/167 Loss: 17.924576
2021-10-22 12:28: Train Epoch 32: 60/167 Loss: 19.642433
2021-10-22 12:28: Train Epoch 32: 80/167 Loss: 19.241682
2021-10-22 12:28: Train Epoch 32: 100/167 Loss: 20.136280
2021-10-22 12:28: Train Epoch 32: 120/167 Loss: 20.089123
2021-10-22 12:28: Train Epoch 32: 140/167 Loss: 18.685188
2021-10-22 12:28: Train Epoch 32: 160/167 Loss: 18.912983
2021-10-22 12:28: **********Train Epoch 32: averaged Loss: 19.603718, tf_ratio: 1.000000
2021-10-22 12:28: **********Val Epoch 32: average Loss: 19.966127
2021-10-22 12:28: *********************************Current best model saved!
2021-10-22 12:28: Train Epoch 33: 0/167 Loss: 18.883049
2021-10-22 12:28: Train Epoch 33: 20/167 Loss: 18.422316
2021-10-22 12:29: Train Epoch 33: 40/167 Loss: 19.859905
2021-10-22 12:29: Train Epoch 33: 60/167 Loss: 18.975868
2021-10-22 12:29: Train Epoch 33: 80/167 Loss: 18.888020
2021-10-22 12:29: Train Epoch 33: 100/167 Loss: 19.290026
2021-10-22 12:29: Train Epoch 33: 120/167 Loss: 19.655136
2021-10-22 12:29: Train Epoch 33: 140/167 Loss: 19.778111
2021-10-22 12:29: Train Epoch 33: 160/167 Loss: 19.131289
2021-10-22 12:29: **********Train Epoch 33: averaged Loss: 19.415558, tf_ratio: 1.000000
2021-10-22 12:29: **********Val Epoch 33: average Loss: 20.042608
2021-10-22 12:29: Train Epoch 34: 0/167 Loss: 19.966749
2021-10-22 12:30: Train Epoch 34: 20/167 Loss: 18.939503
2021-10-22 12:30: Train Epoch 34: 40/167 Loss: 19.199078
2021-10-22 12:30: Train Epoch 34: 60/167 Loss: 20.560085
2021-10-22 12:30: Train Epoch 34: 80/167 Loss: 18.638128
2021-10-22 12:30: Train Epoch 34: 100/167 Loss: 18.122719
2021-10-22 12:30: Train Epoch 34: 120/167 Loss: 19.547329
2021-10-22 12:30: Train Epoch 34: 140/167 Loss: 19.306900
2021-10-22 12:30: Train Epoch 34: 160/167 Loss: 18.582590
2021-10-22 12:31: **********Train Epoch 34: averaged Loss: 19.244024, tf_ratio: 1.000000
2021-10-22 12:31: **********Val Epoch 34: average Loss: 19.684198
2021-10-22 12:31: *********************************Current best model saved!
2021-10-22 12:31: Train Epoch 35: 0/167 Loss: 19.025049
2021-10-22 12:31: Train Epoch 35: 20/167 Loss: 20.807821
2021-10-22 12:31: Train Epoch 35: 40/167 Loss: 19.022942
2021-10-22 12:31: Train Epoch 35: 60/167 Loss: 18.566269
2021-10-22 12:31: Train Epoch 35: 80/167 Loss: 19.887140
2021-10-22 12:31: Train Epoch 35: 100/167 Loss: 20.355350
2021-10-22 12:31: Train Epoch 35: 120/167 Loss: 18.769138
2021-10-22 12:31: Train Epoch 35: 140/167 Loss: 18.894630
2021-10-22 12:32: Train Epoch 35: 160/167 Loss: 19.835548
2021-10-22 12:32: **********Train Epoch 35: averaged Loss: 19.102526, tf_ratio: 1.000000
2021-10-22 12:32: **********Val Epoch 35: average Loss: 19.429924
2021-10-22 12:32: *********************************Current best model saved!
2021-10-22 12:32: Train Epoch 36: 0/167 Loss: 19.127831
2021-10-22 12:32: Train Epoch 36: 20/167 Loss: 18.581289
2021-10-22 12:32: Train Epoch 36: 40/167 Loss: 18.603701
2021-10-22 12:32: Train Epoch 36: 60/167 Loss: 18.237993
2021-10-22 12:32: Train Epoch 36: 80/167 Loss: 18.629753
2021-10-22 12:32: Train Epoch 36: 100/167 Loss: 20.184622
2021-10-22 12:32: Train Epoch 36: 120/167 Loss: 19.296764
2021-10-22 12:33: Train Epoch 36: 140/167 Loss: 17.206573
2021-10-22 12:33: Train Epoch 36: 160/167 Loss: 18.293938
2021-10-22 12:33: **********Train Epoch 36: averaged Loss: 18.951820, tf_ratio: 1.000000
2021-10-22 12:33: **********Val Epoch 36: average Loss: 19.360018
2021-10-22 12:33: *********************************Current best model saved!
2021-10-22 12:33: Train Epoch 37: 0/167 Loss: 19.110432
2021-10-22 12:33: Train Epoch 37: 20/167 Loss: 19.263447
2021-10-22 12:33: Train Epoch 37: 40/167 Loss: 18.887177
2021-10-22 12:33: Train Epoch 37: 60/167 Loss: 19.360498
2021-10-22 12:33: Train Epoch 37: 80/167 Loss: 18.518635
2021-10-22 12:33: Train Epoch 37: 100/167 Loss: 19.545212
2021-10-22 12:34: Train Epoch 37: 120/167 Loss: 17.496553
2021-10-22 12:34: Train Epoch 37: 140/167 Loss: 19.939840
2021-10-22 12:34: Train Epoch 37: 160/167 Loss: 19.172071
2021-10-22 12:34: **********Train Epoch 37: averaged Loss: 18.886332, tf_ratio: 1.000000
2021-10-22 12:34: **********Val Epoch 37: average Loss: 19.202457
2021-10-22 12:34: *********************************Current best model saved!
2021-10-22 12:34: Train Epoch 38: 0/167 Loss: 19.065376
2021-10-22 12:34: Train Epoch 38: 20/167 Loss: 19.730228
2021-10-22 12:34: Train Epoch 38: 40/167 Loss: 19.280994
2021-10-22 12:34: Train Epoch 38: 60/167 Loss: 18.381987
2021-10-22 12:35: Train Epoch 38: 80/167 Loss: 18.932732
2021-10-22 12:35: Train Epoch 38: 100/167 Loss: 19.095957
2021-10-22 12:35: Train Epoch 38: 120/167 Loss: 18.764835
2021-10-22 12:35: Train Epoch 38: 140/167 Loss: 18.369675
2021-10-22 12:35: Train Epoch 38: 160/167 Loss: 17.251913
2021-10-22 12:35: **********Train Epoch 38: averaged Loss: 18.726159, tf_ratio: 1.000000
2021-10-22 12:35: **********Val Epoch 38: average Loss: 19.273160
2021-10-22 12:35: Train Epoch 39: 0/167 Loss: 17.882391
2021-10-22 12:35: Train Epoch 39: 20/167 Loss: 18.308792
2021-10-22 12:35: Train Epoch 39: 40/167 Loss: 18.194046
2021-10-22 12:36: Train Epoch 39: 60/167 Loss: 18.327080
2021-10-22 12:36: Train Epoch 39: 80/167 Loss: 17.479712
2021-10-22 12:36: Train Epoch 39: 100/167 Loss: 17.475988
2021-10-22 12:36: Train Epoch 39: 120/167 Loss: 18.882370
2021-10-22 12:36: Train Epoch 39: 140/167 Loss: 19.942785
2021-10-22 12:36: Train Epoch 39: 160/167 Loss: 18.988607
2021-10-22 12:36: **********Train Epoch 39: averaged Loss: 18.678059, tf_ratio: 1.000000
2021-10-22 12:36: **********Val Epoch 39: average Loss: 18.977879
2021-10-22 12:36: *********************************Current best model saved!
2021-10-22 12:36: Train Epoch 40: 0/167 Loss: 18.168718
2021-10-22 12:36: Train Epoch 40: 20/167 Loss: 18.933897
2021-10-22 12:37: Train Epoch 40: 40/167 Loss: 20.246864
2021-10-22 12:37: Train Epoch 40: 60/167 Loss: 20.293245
2021-10-22 12:37: Train Epoch 40: 80/167 Loss: 17.053015
2021-10-22 12:37: Train Epoch 40: 100/167 Loss: 17.513504
2021-10-22 12:37: Train Epoch 40: 120/167 Loss: 19.171814
2021-10-22 12:37: Train Epoch 40: 140/167 Loss: 17.964163
2021-10-22 12:37: Train Epoch 40: 160/167 Loss: 19.264267
2021-10-22 12:37: **********Train Epoch 40: averaged Loss: 18.509502, tf_ratio: 1.000000
2021-10-22 12:37: **********Val Epoch 40: average Loss: 18.919197
2021-10-22 12:37: *********************************Current best model saved!
2021-10-22 12:37: Train Epoch 41: 0/167 Loss: 18.004280
2021-10-22 12:38: Train Epoch 41: 20/167 Loss: 20.609818
2021-10-22 12:38: Train Epoch 41: 40/167 Loss: 17.773705
2021-10-22 12:38: Train Epoch 41: 60/167 Loss: 19.749496
2021-10-22 12:38: Train Epoch 41: 80/167 Loss: 18.566545
2021-10-22 12:38: Train Epoch 41: 100/167 Loss: 18.768812
2021-10-22 12:38: Train Epoch 41: 120/167 Loss: 17.870911
2021-10-22 12:38: Train Epoch 41: 140/167 Loss: 20.000252
2021-10-22 12:38: Train Epoch 41: 160/167 Loss: 18.986500
2021-10-22 12:38: **********Train Epoch 41: averaged Loss: 18.434313, tf_ratio: 1.000000
2021-10-22 12:39: **********Val Epoch 41: average Loss: 18.929163
2021-10-22 12:39: Train Epoch 42: 0/167 Loss: 18.097237
2021-10-22 12:39: Train Epoch 42: 20/167 Loss: 18.322754
2021-10-22 12:39: Train Epoch 42: 40/167 Loss: 18.337164
2021-10-22 12:39: Train Epoch 42: 60/167 Loss: 18.192469
2021-10-22 12:39: Train Epoch 42: 80/167 Loss: 17.419827
2021-10-22 12:39: Train Epoch 42: 100/167 Loss: 18.695961
2021-10-22 12:39: Train Epoch 42: 120/167 Loss: 18.637295
2021-10-22 12:39: Train Epoch 42: 140/167 Loss: 18.142208
2021-10-22 12:40: Train Epoch 42: 160/167 Loss: 18.302525
2021-10-22 12:40: **********Train Epoch 42: averaged Loss: 18.389032, tf_ratio: 1.000000
2021-10-22 12:40: **********Val Epoch 42: average Loss: 19.045757
2021-10-22 12:40: Train Epoch 43: 0/167 Loss: 18.364830
2021-10-22 12:40: Train Epoch 43: 20/167 Loss: 18.458143
2021-10-22 12:40: Train Epoch 43: 40/167 Loss: 18.258226
2021-10-22 12:40: Train Epoch 43: 60/167 Loss: 18.112459
2021-10-22 12:40: Train Epoch 43: 80/167 Loss: 17.510923
2021-10-22 12:40: Train Epoch 43: 100/167 Loss: 19.944592
2021-10-22 12:40: Train Epoch 43: 120/167 Loss: 19.452517
2021-10-22 12:41: Train Epoch 43: 140/167 Loss: 17.261520
2021-10-22 12:41: Train Epoch 43: 160/167 Loss: 17.838278
2021-10-22 12:41: **********Train Epoch 43: averaged Loss: 18.327357, tf_ratio: 1.000000
2021-10-22 12:41: **********Val Epoch 43: average Loss: 18.693516
2021-10-22 12:41: *********************************Current best model saved!
2021-10-22 12:41: Train Epoch 44: 0/167 Loss: 17.441866
2021-10-22 12:41: Train Epoch 44: 20/167 Loss: 19.092258
2021-10-22 12:41: Train Epoch 44: 40/167 Loss: 17.240643
2021-10-22 12:41: Train Epoch 44: 60/167 Loss: 18.694237
2021-10-22 12:41: Train Epoch 44: 80/167 Loss: 18.379265
2021-10-22 12:41: Train Epoch 44: 100/167 Loss: 18.914989
2021-10-22 12:42: Train Epoch 44: 120/167 Loss: 19.009432
2021-10-22 12:42: Train Epoch 44: 140/167 Loss: 18.278704
2021-10-22 12:42: Train Epoch 44: 160/167 Loss: 16.169355
2021-10-22 12:42: **********Train Epoch 44: averaged Loss: 18.263170, tf_ratio: 1.000000
2021-10-22 12:42: **********Val Epoch 44: average Loss: 18.923599
2021-10-22 12:42: Train Epoch 45: 0/167 Loss: 18.908112
2021-10-22 12:42: Train Epoch 45: 20/167 Loss: 19.347570
2021-10-22 12:42: Train Epoch 45: 40/167 Loss: 17.860146
2021-10-22 12:42: Train Epoch 45: 60/167 Loss: 17.500244
2021-10-22 12:42: Train Epoch 45: 80/167 Loss: 18.041540
2021-10-22 12:43: Train Epoch 45: 100/167 Loss: 18.429552
2021-10-22 12:43: Train Epoch 45: 120/167 Loss: 18.200138
2021-10-22 12:43: Train Epoch 45: 140/167 Loss: 17.971544
2021-10-22 12:43: Train Epoch 45: 160/167 Loss: 16.986504
2021-10-22 12:43: **********Train Epoch 45: averaged Loss: 18.185781, tf_ratio: 1.000000
2021-10-22 12:43: **********Val Epoch 45: average Loss: 18.600643
2021-10-22 12:43: *********************************Current best model saved!
2021-10-22 12:43: Train Epoch 46: 0/167 Loss: 17.600563
2021-10-22 12:43: Train Epoch 46: 20/167 Loss: 19.357180
2021-10-22 12:43: Train Epoch 46: 40/167 Loss: 17.335310
2021-10-22 12:43: Train Epoch 46: 60/167 Loss: 18.775068
2021-10-22 12:44: Train Epoch 46: 80/167 Loss: 19.018972
2021-10-22 12:44: Train Epoch 46: 100/167 Loss: 17.375322
2021-10-22 12:44: Train Epoch 46: 120/167 Loss: 19.682867
2021-10-22 12:44: Train Epoch 46: 140/167 Loss: 18.740780
2021-10-22 12:44: Train Epoch 46: 160/167 Loss: 18.520443
2021-10-22 12:44: **********Train Epoch 46: averaged Loss: 18.145088, tf_ratio: 1.000000
2021-10-22 12:44: **********Val Epoch 46: average Loss: 18.650197
2021-10-22 12:44: Train Epoch 47: 0/167 Loss: 18.301058
2021-10-22 12:44: Train Epoch 47: 20/167 Loss: 17.961889
2021-10-22 12:44: Train Epoch 47: 40/167 Loss: 17.566481
2021-10-22 12:45: Train Epoch 47: 60/167 Loss: 18.147263
2021-10-22 12:45: Train Epoch 47: 80/167 Loss: 16.423397
2021-10-22 12:45: Train Epoch 47: 100/167 Loss: 19.028625
2021-10-22 12:45: Train Epoch 47: 120/167 Loss: 17.229889
2021-10-22 12:45: Train Epoch 47: 140/167 Loss: 19.046312
2021-10-22 12:45: Train Epoch 47: 160/167 Loss: 17.667156
2021-10-22 12:45: **********Train Epoch 47: averaged Loss: 18.076382, tf_ratio: 1.000000
2021-10-22 12:45: **********Val Epoch 47: average Loss: 18.611634
2021-10-22 12:45: Train Epoch 48: 0/167 Loss: 18.174097
2021-10-22 12:45: Train Epoch 48: 20/167 Loss: 17.667831
2021-10-22 12:46: Train Epoch 48: 40/167 Loss: 18.473696
2021-10-22 12:46: Train Epoch 48: 60/167 Loss: 18.308197
2021-10-22 12:46: Train Epoch 48: 80/167 Loss: 18.877398
2021-10-22 12:46: Train Epoch 48: 100/167 Loss: 17.462402
2021-10-22 12:46: Train Epoch 48: 120/167 Loss: 18.603872
2021-10-22 12:46: Train Epoch 48: 140/167 Loss: 17.174189
2021-10-22 12:46: Train Epoch 48: 160/167 Loss: 19.367943
2021-10-22 12:46: **********Train Epoch 48: averaged Loss: 17.991651, tf_ratio: 1.000000
2021-10-22 12:46: **********Val Epoch 48: average Loss: 18.557317
2021-10-22 12:46: *********************************Current best model saved!
2021-10-22 12:46: Train Epoch 49: 0/167 Loss: 17.655041
2021-10-22 12:47: Train Epoch 49: 20/167 Loss: 18.404228
2021-10-22 12:47: Train Epoch 49: 40/167 Loss: 17.412354
2021-10-22 12:47: Train Epoch 49: 60/167 Loss: 17.879267
2021-10-22 12:47: Train Epoch 49: 80/167 Loss: 17.429949
2021-10-22 12:47: Train Epoch 49: 100/167 Loss: 18.582167
2021-10-22 12:47: Train Epoch 49: 120/167 Loss: 18.943521
2021-10-22 12:47: Train Epoch 49: 140/167 Loss: 18.237782
2021-10-22 12:47: Train Epoch 49: 160/167 Loss: 19.172466
2021-10-22 12:48: **********Train Epoch 49: averaged Loss: 18.028719, tf_ratio: 1.000000
2021-10-22 12:48: **********Val Epoch 49: average Loss: 18.475693
2021-10-22 12:48: *********************************Current best model saved!
2021-10-22 12:48: Train Epoch 50: 0/167 Loss: 17.726507
2021-10-22 12:48: Train Epoch 50: 20/167 Loss: 17.324461
2021-10-22 12:48: Train Epoch 50: 40/167 Loss: 18.016396
2021-10-22 12:48: Train Epoch 50: 60/167 Loss: 18.170612
2021-10-22 12:48: Train Epoch 50: 80/167 Loss: 18.052418
2021-10-22 12:48: Train Epoch 50: 100/167 Loss: 18.415537
2021-10-22 12:48: Train Epoch 50: 120/167 Loss: 18.070650
2021-10-22 12:48: Train Epoch 50: 140/167 Loss: 16.528275
2021-10-22 12:49: Train Epoch 50: 160/167 Loss: 17.849838
2021-10-22 12:49: **********Train Epoch 50: averaged Loss: 17.948707, tf_ratio: 1.000000
2021-10-22 12:49: **********Val Epoch 50: average Loss: 18.306314
2021-10-22 12:49: *********************************Current best model saved!
2021-10-22 12:49: Train Epoch 51: 0/167 Loss: 18.648775
2021-10-22 12:49: Train Epoch 51: 20/167 Loss: 16.855167
2021-10-22 12:49: Train Epoch 51: 40/167 Loss: 16.182932
2021-10-22 12:49: Train Epoch 51: 60/167 Loss: 18.427969
2021-10-22 12:49: Train Epoch 51: 80/167 Loss: 18.628920
2021-10-22 12:49: Train Epoch 51: 100/167 Loss: 18.021286
2021-10-22 12:49: Train Epoch 51: 120/167 Loss: 17.675505
2021-10-22 12:50: Train Epoch 51: 140/167 Loss: 17.205156
2021-10-22 12:50: Train Epoch 51: 160/167 Loss: 17.960405
2021-10-22 12:50: **********Train Epoch 51: averaged Loss: 17.863080, tf_ratio: 1.000000
2021-10-22 12:50: **********Val Epoch 51: average Loss: 18.304259
2021-10-22 12:50: *********************************Current best model saved!
2021-10-22 12:50: Train Epoch 52: 0/167 Loss: 18.245543
2021-10-22 12:50: Train Epoch 52: 20/167 Loss: 19.332283
2021-10-22 12:50: Train Epoch 52: 40/167 Loss: 18.296139
2021-10-22 12:50: Train Epoch 52: 60/167 Loss: 18.433167
2021-10-22 12:50: Train Epoch 52: 80/167 Loss: 17.229185
2021-10-22 12:50: Train Epoch 52: 100/167 Loss: 17.542065
2021-10-22 12:51: Train Epoch 52: 120/167 Loss: 18.954716
2021-10-22 12:51: Train Epoch 52: 140/167 Loss: 17.135717
2021-10-22 12:51: Train Epoch 52: 160/167 Loss: 18.309038
2021-10-22 12:51: **********Train Epoch 52: averaged Loss: 17.882225, tf_ratio: 1.000000
2021-10-22 12:51: **********Val Epoch 52: average Loss: 18.215396
2021-10-22 12:51: *********************************Current best model saved!
2021-10-22 12:51: Train Epoch 53: 0/167 Loss: 16.547752
2021-10-22 12:51: Train Epoch 53: 20/167 Loss: 18.254122
2021-10-22 12:51: Train Epoch 53: 40/167 Loss: 19.941332
2021-10-22 12:51: Train Epoch 53: 60/167 Loss: 19.348001
2021-10-22 12:51: Train Epoch 53: 80/167 Loss: 17.401423
2021-10-22 12:52: Train Epoch 53: 100/167 Loss: 17.744873
2021-10-22 12:52: Train Epoch 53: 120/167 Loss: 16.184717
2021-10-22 12:52: Train Epoch 53: 140/167 Loss: 17.174898
2021-10-22 12:52: Train Epoch 53: 160/167 Loss: 17.851110
2021-10-22 12:52: **********Train Epoch 53: averaged Loss: 17.744756, tf_ratio: 1.000000
2021-10-22 12:52: **********Val Epoch 53: average Loss: 18.407668
2021-10-22 12:52: Train Epoch 54: 0/167 Loss: 16.990707
2021-10-22 12:52: Train Epoch 54: 20/167 Loss: 17.858347
2021-10-22 12:52: Train Epoch 54: 40/167 Loss: 17.472723
2021-10-22 12:53: Train Epoch 54: 60/167 Loss: 18.848886
2021-10-22 12:53: Train Epoch 54: 80/167 Loss: 17.484541
2021-10-22 12:53: Train Epoch 54: 100/167 Loss: 18.455145
2021-10-22 12:53: Train Epoch 54: 120/167 Loss: 19.674768
2021-10-22 12:53: Train Epoch 54: 140/167 Loss: 17.374260
2021-10-22 12:53: Train Epoch 54: 160/167 Loss: 17.694242
2021-10-22 12:53: **********Train Epoch 54: averaged Loss: 17.726379, tf_ratio: 1.000000
2021-10-22 12:53: **********Val Epoch 54: average Loss: 18.190140
2021-10-22 12:53: *********************************Current best model saved!
2021-10-22 12:53: Train Epoch 55: 0/167 Loss: 17.522326
2021-10-22 12:53: Train Epoch 55: 20/167 Loss: 18.667679
2021-10-22 12:54: Train Epoch 55: 40/167 Loss: 17.148302
2021-10-22 12:54: Train Epoch 55: 60/167 Loss: 16.987606
2021-10-22 12:54: Train Epoch 55: 80/167 Loss: 19.072048
2021-10-22 12:54: Train Epoch 55: 100/167 Loss: 19.047653
2021-10-22 12:54: Train Epoch 55: 120/167 Loss: 17.043919
2021-10-22 12:54: Train Epoch 55: 140/167 Loss: 17.962370
2021-10-22 12:54: Train Epoch 55: 160/167 Loss: 18.440832
2021-10-22 12:54: **********Train Epoch 55: averaged Loss: 17.772694, tf_ratio: 1.000000
2021-10-22 12:54: **********Val Epoch 55: average Loss: 18.376044
2021-10-22 12:54: Train Epoch 56: 0/167 Loss: 16.993372
2021-10-22 12:55: Train Epoch 56: 20/167 Loss: 18.197432
2021-10-22 12:55: Train Epoch 56: 40/167 Loss: 16.978399
2021-10-22 12:55: Train Epoch 56: 60/167 Loss: 17.754992
2021-10-22 12:55: Train Epoch 56: 80/167 Loss: 18.482201
2021-10-22 12:55: Train Epoch 56: 100/167 Loss: 18.093699
2021-10-22 12:55: Train Epoch 56: 120/167 Loss: 18.024076
2021-10-22 12:55: Train Epoch 56: 140/167 Loss: 17.902060
2021-10-22 12:55: Train Epoch 56: 160/167 Loss: 17.232370
2021-10-22 12:55: **********Train Epoch 56: averaged Loss: 17.711024, tf_ratio: 1.000000
2021-10-22 12:56: **********Val Epoch 56: average Loss: 18.434190
2021-10-22 12:56: Train Epoch 57: 0/167 Loss: 16.888136
2021-10-22 12:56: Train Epoch 57: 20/167 Loss: 17.222576
2021-10-22 12:56: Train Epoch 57: 40/167 Loss: 17.897921
2021-10-22 12:56: Train Epoch 57: 60/167 Loss: 17.055655
2021-10-22 12:56: Train Epoch 57: 80/167 Loss: 17.649963
2021-10-22 12:56: Train Epoch 57: 100/167 Loss: 16.961258
2021-10-22 12:56: Train Epoch 57: 120/167 Loss: 17.416492
2021-10-22 12:56: Train Epoch 57: 140/167 Loss: 17.912724
2021-10-22 12:57: Train Epoch 57: 160/167 Loss: 17.046871
2021-10-22 12:57: **********Train Epoch 57: averaged Loss: 17.595445, tf_ratio: 1.000000
2021-10-22 12:57: **********Val Epoch 57: average Loss: 18.107863
2021-10-22 12:57: *********************************Current best model saved!
2021-10-22 12:57: Train Epoch 58: 0/167 Loss: 18.384172
2021-10-22 12:57: Train Epoch 58: 20/167 Loss: 17.905777
2021-10-22 12:57: Train Epoch 58: 40/167 Loss: 17.861324
2021-10-22 12:57: Train Epoch 58: 60/167 Loss: 16.782438
2021-10-22 12:57: Train Epoch 58: 80/167 Loss: 16.545803
2021-10-22 12:57: Train Epoch 58: 100/167 Loss: 18.292746
2021-10-22 12:57: Train Epoch 58: 120/167 Loss: 17.994963
2021-10-22 12:58: Train Epoch 58: 140/167 Loss: 16.936146
2021-10-22 12:58: Train Epoch 58: 160/167 Loss: 17.960043
2021-10-22 12:58: **********Train Epoch 58: averaged Loss: 17.578892, tf_ratio: 1.000000
2021-10-22 12:58: **********Val Epoch 58: average Loss: 18.751365
2021-10-22 12:58: Train Epoch 59: 0/167 Loss: 17.651823
2021-10-22 12:58: Train Epoch 59: 20/167 Loss: 16.963091
2021-10-22 12:58: Train Epoch 59: 40/167 Loss: 18.287209
2021-10-22 12:58: Train Epoch 59: 60/167 Loss: 18.306213
2021-10-22 12:58: Train Epoch 59: 80/167 Loss: 16.839115
2021-10-22 12:58: Train Epoch 59: 100/167 Loss: 18.203217
2021-10-22 12:59: Train Epoch 59: 120/167 Loss: 17.368029
2021-10-22 12:59: Train Epoch 59: 140/167 Loss: 17.979214
2021-10-22 12:59: Train Epoch 59: 160/167 Loss: 17.577280
2021-10-22 12:59: **********Train Epoch 59: averaged Loss: 17.556777, tf_ratio: 1.000000
2021-10-22 12:59: **********Val Epoch 59: average Loss: 18.642481
2021-10-22 12:59: Train Epoch 60: 0/167 Loss: 16.370728
2021-10-22 12:59: Train Epoch 60: 20/167 Loss: 17.140120
2021-10-22 12:59: Train Epoch 60: 40/167 Loss: 17.157457
2021-10-22 12:59: Train Epoch 60: 60/167 Loss: 18.023903
2021-10-22 12:59: Train Epoch 60: 80/167 Loss: 18.082718
2021-10-22 13:00: Train Epoch 60: 100/167 Loss: 16.905893
2021-10-22 13:00: Train Epoch 60: 120/167 Loss: 16.908295
2021-10-22 13:00: Train Epoch 60: 140/167 Loss: 16.419352
2021-10-22 13:00: Train Epoch 60: 160/167 Loss: 18.478521
2021-10-22 13:00: **********Train Epoch 60: averaged Loss: 17.501777, tf_ratio: 1.000000
2021-10-22 13:00: **********Val Epoch 60: average Loss: 18.267620
2021-10-22 13:00: Train Epoch 61: 0/167 Loss: 16.946987
2021-10-22 13:00: Train Epoch 61: 20/167 Loss: 18.041641
2021-10-22 13:00: Train Epoch 61: 40/167 Loss: 17.695288
2021-10-22 13:00: Train Epoch 61: 60/167 Loss: 16.602549
2021-10-22 13:01: Train Epoch 61: 80/167 Loss: 16.999870
2021-10-22 13:01: Train Epoch 61: 100/167 Loss: 17.163603
2021-10-22 13:01: Train Epoch 61: 120/167 Loss: 17.723289
2021-10-22 13:01: Train Epoch 61: 140/167 Loss: 18.838797
2021-10-22 13:01: Train Epoch 61: 160/167 Loss: 17.186161
2021-10-22 13:01: **********Train Epoch 61: averaged Loss: 17.514429, tf_ratio: 1.000000
2021-10-22 13:01: **********Val Epoch 61: average Loss: 18.222713
2021-10-22 13:01: Train Epoch 62: 0/167 Loss: 16.820915
2021-10-22 13:01: Train Epoch 62: 20/167 Loss: 17.294899
2021-10-22 13:01: Train Epoch 62: 40/167 Loss: 17.635176
2021-10-22 13:02: Train Epoch 62: 60/167 Loss: 19.132610
2021-10-22 13:02: Train Epoch 62: 80/167 Loss: 17.731539
2021-10-22 13:02: Train Epoch 62: 100/167 Loss: 17.761946
2021-10-22 13:02: Train Epoch 62: 120/167 Loss: 17.676405
2021-10-22 13:02: Train Epoch 62: 140/167 Loss: 17.520424
2021-10-22 13:02: Train Epoch 62: 160/167 Loss: 16.813164
2021-10-22 13:02: **********Train Epoch 62: averaged Loss: 17.511918, tf_ratio: 1.000000
2021-10-22 13:02: **********Val Epoch 62: average Loss: 18.080776
2021-10-22 13:02: *********************************Current best model saved!
2021-10-22 13:02: Train Epoch 63: 0/167 Loss: 16.735596
2021-10-22 13:02: Train Epoch 63: 20/167 Loss: 17.299603
2021-10-22 13:03: Train Epoch 63: 40/167 Loss: 18.391710
2021-10-22 13:03: Train Epoch 63: 60/167 Loss: 17.578184
2021-10-22 13:03: Train Epoch 63: 80/167 Loss: 16.921642
2021-10-22 13:03: Train Epoch 63: 100/167 Loss: 16.798122
2021-10-22 13:03: Train Epoch 63: 120/167 Loss: 17.287167
2021-10-22 13:03: Train Epoch 63: 140/167 Loss: 17.875492
2021-10-22 13:03: Train Epoch 63: 160/167 Loss: 16.609138
2021-10-22 13:03: **********Train Epoch 63: averaged Loss: 17.446025, tf_ratio: 1.000000
2021-10-22 13:03: **********Val Epoch 63: average Loss: 17.933360
2021-10-22 13:03: *********************************Current best model saved!
2021-10-22 13:03: Train Epoch 64: 0/167 Loss: 15.784596
2021-10-22 13:04: Train Epoch 64: 20/167 Loss: 16.852409
2021-10-22 13:04: Train Epoch 64: 40/167 Loss: 17.635624
2021-10-22 13:04: Train Epoch 64: 60/167 Loss: 17.549829
2021-10-22 13:04: Train Epoch 64: 80/167 Loss: 18.481260
2021-10-22 13:04: Train Epoch 64: 100/167 Loss: 17.358059
2021-10-22 13:04: Train Epoch 64: 120/167 Loss: 16.920790
2021-10-22 13:04: Train Epoch 64: 140/167 Loss: 16.706152
2021-10-22 13:04: Train Epoch 64: 160/167 Loss: 17.526377
2021-10-22 13:04: **********Train Epoch 64: averaged Loss: 17.452179, tf_ratio: 1.000000
2021-10-22 13:05: **********Val Epoch 64: average Loss: 18.014795
2021-10-22 13:05: Train Epoch 65: 0/167 Loss: 18.380493
2021-10-22 13:05: Train Epoch 65: 20/167 Loss: 16.275797
2021-10-22 13:05: Train Epoch 65: 40/167 Loss: 17.023676
2021-10-22 13:05: Train Epoch 65: 60/167 Loss: 17.648787
2021-10-22 13:05: Train Epoch 65: 80/167 Loss: 18.474766
2021-10-22 13:05: Train Epoch 65: 100/167 Loss: 16.588509
2021-10-22 13:05: Train Epoch 65: 120/167 Loss: 17.078751
2021-10-22 13:05: Train Epoch 65: 140/167 Loss: 17.244387
2021-10-22 13:06: Train Epoch 65: 160/167 Loss: 16.909454
2021-10-22 13:06: **********Train Epoch 65: averaged Loss: 17.396605, tf_ratio: 1.000000
2021-10-22 13:06: **********Val Epoch 65: average Loss: 18.085352
2021-10-22 13:06: Train Epoch 66: 0/167 Loss: 16.992695
2021-10-22 13:06: Train Epoch 66: 20/167 Loss: 17.245398
2021-10-22 13:06: Train Epoch 66: 40/167 Loss: 16.409996
2021-10-22 13:06: Train Epoch 66: 60/167 Loss: 17.668488
2021-10-22 13:06: Train Epoch 66: 80/167 Loss: 17.231117
2021-10-22 13:06: Train Epoch 66: 100/167 Loss: 17.394022
2021-10-22 13:06: Train Epoch 66: 120/167 Loss: 17.071592
2021-10-22 13:07: Train Epoch 66: 140/167 Loss: 16.795206
2021-10-22 13:07: Train Epoch 66: 160/167 Loss: 16.740686
2021-10-22 13:07: **********Train Epoch 66: averaged Loss: 17.315583, tf_ratio: 1.000000
2021-10-22 13:07: **********Val Epoch 66: average Loss: 18.149542
2021-10-22 13:07: Train Epoch 67: 0/167 Loss: 17.179380
2021-10-22 13:07: Train Epoch 67: 20/167 Loss: 16.934828
2021-10-22 13:07: Train Epoch 67: 40/167 Loss: 17.042664
2021-10-22 13:07: Train Epoch 67: 60/167 Loss: 17.994528
2021-10-22 13:07: Train Epoch 67: 80/167 Loss: 17.123392
2021-10-22 13:07: Train Epoch 67: 100/167 Loss: 17.345619
2021-10-22 13:08: Train Epoch 67: 120/167 Loss: 16.346117
2021-10-22 13:08: Train Epoch 67: 140/167 Loss: 17.960249
2021-10-22 13:08: Train Epoch 67: 160/167 Loss: 18.726181
2021-10-22 13:08: **********Train Epoch 67: averaged Loss: 17.300159, tf_ratio: 1.000000
2021-10-22 13:08: **********Val Epoch 67: average Loss: 18.032061
2021-10-22 13:08: Train Epoch 68: 0/167 Loss: 17.912653
2021-10-22 13:08: Train Epoch 68: 20/167 Loss: 17.096119
2021-10-22 13:08: Train Epoch 68: 40/167 Loss: 16.232409
2021-10-22 13:08: Train Epoch 68: 60/167 Loss: 17.124767
2021-10-22 13:08: Train Epoch 68: 80/167 Loss: 17.574818
2021-10-22 13:09: Train Epoch 68: 100/167 Loss: 18.224932
2021-10-22 13:09: Train Epoch 68: 120/167 Loss: 16.390188
2021-10-22 13:09: Train Epoch 68: 140/167 Loss: 17.102310
2021-10-22 13:09: Train Epoch 68: 160/167 Loss: 17.880636
2021-10-22 13:09: **********Train Epoch 68: averaged Loss: 17.262180, tf_ratio: 1.000000
2021-10-22 13:09: **********Val Epoch 68: average Loss: 17.957946
2021-10-22 13:09: Train Epoch 69: 0/167 Loss: 16.340412
2021-10-22 13:09: Train Epoch 69: 20/167 Loss: 17.552986
2021-10-22 13:09: Train Epoch 69: 40/167 Loss: 16.557577
2021-10-22 13:09: Train Epoch 69: 60/167 Loss: 17.557243
2021-10-22 13:10: Train Epoch 69: 80/167 Loss: 16.774836
2021-10-22 13:10: Train Epoch 69: 100/167 Loss: 17.587101
2021-10-22 13:10: Train Epoch 69: 120/167 Loss: 17.363800
2021-10-22 13:10: Train Epoch 69: 140/167 Loss: 16.759100
2021-10-22 13:10: Train Epoch 69: 160/167 Loss: 16.609358
2021-10-22 13:10: **********Train Epoch 69: averaged Loss: 17.257481, tf_ratio: 1.000000
2021-10-22 13:10: **********Val Epoch 69: average Loss: 17.917398
2021-10-22 13:10: *********************************Current best model saved!
2021-10-22 13:10: Train Epoch 70: 0/167 Loss: 15.981092
2021-10-22 13:10: Train Epoch 70: 20/167 Loss: 18.873978
2021-10-22 13:11: Train Epoch 70: 40/167 Loss: 17.408266
2021-10-22 13:11: Train Epoch 70: 60/167 Loss: 16.412991
2021-10-22 13:11: Train Epoch 70: 80/167 Loss: 17.119774
2021-10-22 13:11: Train Epoch 70: 100/167 Loss: 15.936156
2021-10-22 13:11: Train Epoch 70: 120/167 Loss: 16.634541
2021-10-22 13:11: Train Epoch 70: 140/167 Loss: 16.624208
2021-10-22 13:11: Train Epoch 70: 160/167 Loss: 17.164911
2021-10-22 13:11: **********Train Epoch 70: averaged Loss: 17.251597, tf_ratio: 1.000000
2021-10-22 13:11: **********Val Epoch 70: average Loss: 17.883387
2021-10-22 13:11: *********************************Current best model saved!
2021-10-22 13:11: Train Epoch 71: 0/167 Loss: 17.501379
2021-10-22 13:12: Train Epoch 71: 20/167 Loss: 17.507284
2021-10-22 13:12: Train Epoch 71: 40/167 Loss: 16.739515
2021-10-22 13:12: Train Epoch 71: 60/167 Loss: 16.867300
2021-10-22 13:12: Train Epoch 71: 80/167 Loss: 17.912321
2021-10-22 13:12: Train Epoch 71: 100/167 Loss: 17.939928
2021-10-22 13:12: Train Epoch 71: 120/167 Loss: 17.126011
2021-10-22 13:12: Train Epoch 71: 140/167 Loss: 17.810068
2021-10-22 13:12: Train Epoch 71: 160/167 Loss: 16.865177
2021-10-22 13:12: **********Train Epoch 71: averaged Loss: 17.130722, tf_ratio: 1.000000
2021-10-22 13:13: **********Val Epoch 71: average Loss: 17.761887
2021-10-22 13:13: *********************************Current best model saved!
2021-10-22 13:13: Train Epoch 72: 0/167 Loss: 16.758394
2021-10-22 13:13: Train Epoch 72: 20/167 Loss: 17.774817
2021-10-22 13:13: Train Epoch 72: 40/167 Loss: 17.924089
2021-10-22 13:13: Train Epoch 72: 60/167 Loss: 16.055071
2021-10-22 13:13: Train Epoch 72: 80/167 Loss: 17.870251
2021-10-22 13:13: Train Epoch 72: 100/167 Loss: 16.970627
2021-10-22 13:13: Train Epoch 72: 120/167 Loss: 17.029079
2021-10-22 13:13: Train Epoch 72: 140/167 Loss: 16.118567
2021-10-22 13:14: Train Epoch 72: 160/167 Loss: 17.780588
2021-10-22 13:14: **********Train Epoch 72: averaged Loss: 17.162040, tf_ratio: 1.000000
2021-10-22 13:14: **********Val Epoch 72: average Loss: 17.968539
2021-10-22 13:14: Train Epoch 73: 0/167 Loss: 16.892265
2021-10-22 13:14: Train Epoch 73: 20/167 Loss: 18.069609
2021-10-22 13:14: Train Epoch 73: 40/167 Loss: 17.663477
2021-10-22 13:14: Train Epoch 73: 60/167 Loss: 17.532059
2021-10-22 13:14: Train Epoch 73: 80/167 Loss: 16.501221
2021-10-22 13:14: Train Epoch 73: 100/167 Loss: 17.487356
2021-10-22 13:14: Train Epoch 73: 120/167 Loss: 16.957504
2021-10-22 13:15: Train Epoch 73: 140/167 Loss: 17.422745
2021-10-22 13:15: Train Epoch 73: 160/167 Loss: 17.818552
2021-10-22 13:15: **********Train Epoch 73: averaged Loss: 17.104343, tf_ratio: 1.000000
2021-10-22 13:15: **********Val Epoch 73: average Loss: 17.798156
2021-10-22 13:15: Train Epoch 74: 0/167 Loss: 17.373405
2021-10-22 13:15: Train Epoch 74: 20/167 Loss: 17.163673
2021-10-22 13:15: Train Epoch 74: 40/167 Loss: 16.747667
2021-10-22 13:15: Train Epoch 74: 60/167 Loss: 18.058420
2021-10-22 13:15: Train Epoch 74: 80/167 Loss: 17.156267
2021-10-22 13:15: Train Epoch 74: 100/167 Loss: 16.148190
2021-10-22 13:16: Train Epoch 74: 120/167 Loss: 16.464941
2021-10-22 13:16: Train Epoch 74: 140/167 Loss: 16.454376
2021-10-22 13:16: Train Epoch 74: 160/167 Loss: 17.023481
2021-10-22 13:16: **********Train Epoch 74: averaged Loss: 17.136769, tf_ratio: 1.000000
2021-10-22 13:16: **********Val Epoch 74: average Loss: 17.756084
2021-10-22 13:16: *********************************Current best model saved!
2021-10-22 13:16: Train Epoch 75: 0/167 Loss: 16.818233
2021-10-22 13:16: Train Epoch 75: 20/167 Loss: 16.213762
2021-10-22 13:16: Train Epoch 75: 40/167 Loss: 15.452689
2021-10-22 13:16: Train Epoch 75: 60/167 Loss: 16.972755
2021-10-22 13:16: Train Epoch 75: 80/167 Loss: 17.099871
2021-10-22 13:17: Train Epoch 75: 100/167 Loss: 17.302752
2021-10-22 13:17: Train Epoch 75: 120/167 Loss: 16.824396
2021-10-22 13:17: Train Epoch 75: 140/167 Loss: 16.353325
2021-10-22 13:17: Train Epoch 75: 160/167 Loss: 16.826330
2021-10-22 13:17: **********Train Epoch 75: averaged Loss: 17.032093, tf_ratio: 1.000000
2021-10-22 13:17: **********Val Epoch 75: average Loss: 17.806214
2021-10-22 13:17: Train Epoch 76: 0/167 Loss: 16.908270
2021-10-22 13:17: Train Epoch 76: 20/167 Loss: 17.080412
2021-10-22 13:17: Train Epoch 76: 40/167 Loss: 17.437426
2021-10-22 13:17: Train Epoch 76: 60/167 Loss: 17.563860
2021-10-22 13:18: Train Epoch 76: 80/167 Loss: 17.148954
2021-10-22 13:18: Train Epoch 76: 100/167 Loss: 18.038925
2021-10-22 13:18: Train Epoch 76: 120/167 Loss: 16.464153
2021-10-22 13:18: Train Epoch 76: 140/167 Loss: 17.253313
2021-10-22 13:18: Train Epoch 76: 160/167 Loss: 16.455217
2021-10-22 13:18: **********Train Epoch 76: averaged Loss: 17.036636, tf_ratio: 1.000000
2021-10-22 13:18: **********Val Epoch 76: average Loss: 17.873753
2021-10-22 13:18: Train Epoch 77: 0/167 Loss: 16.186201
2021-10-22 13:18: Train Epoch 77: 20/167 Loss: 16.596508
2021-10-22 13:18: Train Epoch 77: 40/167 Loss: 18.573814
2021-10-22 13:19: Train Epoch 77: 60/167 Loss: 17.996542
2021-10-22 13:19: Train Epoch 77: 80/167 Loss: 16.678234
2021-10-22 13:19: Train Epoch 77: 100/167 Loss: 18.247742
2021-10-22 13:19: Train Epoch 77: 120/167 Loss: 17.706827
2021-10-22 13:19: Train Epoch 77: 140/167 Loss: 17.402138
2021-10-22 13:19: Train Epoch 77: 160/167 Loss: 16.423496
2021-10-22 13:19: **********Train Epoch 77: averaged Loss: 17.034370, tf_ratio: 1.000000
2021-10-22 13:19: **********Val Epoch 77: average Loss: 17.999999
2021-10-22 13:19: Train Epoch 78: 0/167 Loss: 16.959785
2021-10-22 13:19: Train Epoch 78: 20/167 Loss: 16.370007
2021-10-22 13:20: Train Epoch 78: 40/167 Loss: 17.792950
2021-10-22 13:20: Train Epoch 78: 60/167 Loss: 15.993385
2021-10-22 13:20: Train Epoch 78: 80/167 Loss: 16.342144
2021-10-22 13:20: Train Epoch 78: 100/167 Loss: 15.854259
2021-10-22 13:20: Train Epoch 78: 120/167 Loss: 17.174469
2021-10-22 13:20: Train Epoch 78: 140/167 Loss: 17.116684
2021-10-22 13:20: Train Epoch 78: 160/167 Loss: 18.161234
2021-10-22 13:20: **********Train Epoch 78: averaged Loss: 16.991897, tf_ratio: 1.000000
2021-10-22 13:20: **********Val Epoch 78: average Loss: 17.735865
2021-10-22 13:20: *********************************Current best model saved!
2021-10-22 13:20: Train Epoch 79: 0/167 Loss: 17.533659
2021-10-22 13:21: Train Epoch 79: 20/167 Loss: 18.112780
2021-10-22 13:21: Train Epoch 79: 40/167 Loss: 16.980883
2021-10-22 13:21: Train Epoch 79: 60/167 Loss: 18.274332
2021-10-22 13:21: Train Epoch 79: 80/167 Loss: 16.240805
2021-10-22 13:21: Train Epoch 79: 100/167 Loss: 16.443974
2021-10-22 13:21: Train Epoch 79: 120/167 Loss: 18.013775
2021-10-22 13:21: Train Epoch 79: 140/167 Loss: 16.784601
2021-10-22 13:21: Train Epoch 79: 160/167 Loss: 16.887096
2021-10-22 13:21: **********Train Epoch 79: averaged Loss: 16.946487, tf_ratio: 1.000000
2021-10-22 13:22: **********Val Epoch 79: average Loss: 17.751376
2021-10-22 13:22: Train Epoch 80: 0/167 Loss: 16.989206
2021-10-22 13:22: Train Epoch 80: 20/167 Loss: 17.185497
2021-10-22 13:22: Train Epoch 80: 40/167 Loss: 17.488459
2021-10-22 13:22: Train Epoch 80: 60/167 Loss: 17.028481
2021-10-22 13:22: Train Epoch 80: 80/167 Loss: 16.136353
2021-10-22 13:22: Train Epoch 80: 100/167 Loss: 17.293261
2021-10-22 13:22: Train Epoch 80: 120/167 Loss: 17.312525
2021-10-22 13:22: Train Epoch 80: 140/167 Loss: 16.313299
2021-10-22 13:23: Train Epoch 80: 160/167 Loss: 16.361773
2021-10-22 13:23: **********Train Epoch 80: averaged Loss: 16.961781, tf_ratio: 1.000000
2021-10-22 13:23: **********Val Epoch 80: average Loss: 17.712083
2021-10-22 13:23: *********************************Current best model saved!
2021-10-22 13:23: Train Epoch 81: 0/167 Loss: 16.287868
2021-10-22 13:23: Train Epoch 81: 20/167 Loss: 16.849466
2021-10-22 13:23: Train Epoch 81: 40/167 Loss: 16.428049
2021-10-22 13:23: Train Epoch 81: 60/167 Loss: 16.151815
2021-10-22 13:23: Train Epoch 81: 80/167 Loss: 16.178841
2021-10-22 13:23: Train Epoch 81: 100/167 Loss: 16.058958
2021-10-22 13:23: Train Epoch 81: 120/167 Loss: 17.139538
2021-10-22 13:24: Train Epoch 81: 140/167 Loss: 17.440985
2021-10-22 13:24: Train Epoch 81: 160/167 Loss: 16.278353
2021-10-22 13:24: **********Train Epoch 81: averaged Loss: 16.949075, tf_ratio: 1.000000
2021-10-22 13:24: **********Val Epoch 81: average Loss: 17.759794
2021-10-22 13:24: Train Epoch 82: 0/167 Loss: 16.069874
2021-10-22 13:24: Train Epoch 82: 20/167 Loss: 16.872801
2021-10-22 13:24: Train Epoch 82: 40/167 Loss: 16.498934
2021-10-22 13:24: Train Epoch 82: 60/167 Loss: 17.826651
2021-10-22 13:24: Train Epoch 82: 80/167 Loss: 16.718527
2021-10-22 13:24: Train Epoch 82: 100/167 Loss: 17.367016
2021-10-22 13:25: Train Epoch 82: 120/167 Loss: 17.939745
2021-10-22 13:25: Train Epoch 82: 140/167 Loss: 18.060877
2021-10-22 13:25: Train Epoch 82: 160/167 Loss: 16.494816
2021-10-22 13:25: **********Train Epoch 82: averaged Loss: 16.888929, tf_ratio: 1.000000
2021-10-22 13:25: **********Val Epoch 82: average Loss: 17.991580
2021-10-22 13:25: Train Epoch 83: 0/167 Loss: 17.192188
2021-10-22 13:25: Train Epoch 83: 20/167 Loss: 17.048212
2021-10-22 13:25: Train Epoch 83: 40/167 Loss: 15.911204
2021-10-22 13:25: Train Epoch 83: 60/167 Loss: 17.219915
2021-10-22 13:25: Train Epoch 83: 80/167 Loss: 15.573571
2021-10-22 13:26: Train Epoch 83: 100/167 Loss: 17.848913
2021-10-22 13:26: Train Epoch 83: 120/167 Loss: 17.101782
2021-10-22 13:26: Train Epoch 83: 140/167 Loss: 16.958626
2021-10-22 13:26: Train Epoch 83: 160/167 Loss: 16.829184
2021-10-22 13:26: **********Train Epoch 83: averaged Loss: 16.842446, tf_ratio: 1.000000
2021-10-22 13:26: **********Val Epoch 83: average Loss: 17.683378
2021-10-22 13:26: *********************************Current best model saved!
2021-10-22 13:26: Train Epoch 84: 0/167 Loss: 17.171965
2021-10-22 13:26: Train Epoch 84: 20/167 Loss: 16.192993
2021-10-22 13:26: Train Epoch 84: 40/167 Loss: 15.886995
2021-10-22 13:26: Train Epoch 84: 60/167 Loss: 17.673756
2021-10-22 13:27: Train Epoch 84: 80/167 Loss: 16.643444
2021-10-22 13:27: Train Epoch 84: 100/167 Loss: 17.224854
2021-10-22 13:27: Train Epoch 84: 120/167 Loss: 17.530643
2021-10-22 13:27: Train Epoch 84: 140/167 Loss: 16.839296
2021-10-22 13:27: Train Epoch 84: 160/167 Loss: 16.866640
2021-10-22 13:27: **********Train Epoch 84: averaged Loss: 16.825528, tf_ratio: 1.000000
2021-10-22 13:27: **********Val Epoch 84: average Loss: 17.603691
2021-10-22 13:27: *********************************Current best model saved!
2021-10-22 13:27: Train Epoch 85: 0/167 Loss: 17.265368
2021-10-22 13:27: Train Epoch 85: 20/167 Loss: 17.402885
2021-10-22 13:27: Train Epoch 85: 40/167 Loss: 17.614325
2021-10-22 13:28: Train Epoch 85: 60/167 Loss: 16.577188
2021-10-22 13:28: Train Epoch 85: 80/167 Loss: 16.407328
2021-10-22 13:28: Train Epoch 85: 100/167 Loss: 17.001762
2021-10-22 13:28: Train Epoch 85: 120/167 Loss: 16.298824
2021-10-22 13:28: Train Epoch 85: 140/167 Loss: 17.261356
2021-10-22 13:28: Train Epoch 85: 160/167 Loss: 17.313681
2021-10-22 13:28: **********Train Epoch 85: averaged Loss: 16.807898, tf_ratio: 1.000000
2021-10-22 13:28: **********Val Epoch 85: average Loss: 17.625473
2021-10-22 13:28: Train Epoch 86: 0/167 Loss: 16.713680
2021-10-22 13:29: Train Epoch 86: 20/167 Loss: 16.615967
2021-10-22 13:29: Train Epoch 86: 40/167 Loss: 17.356749
2021-10-22 13:29: Train Epoch 86: 60/167 Loss: 17.159878
2021-10-22 13:29: Train Epoch 86: 80/167 Loss: 16.970623
2021-10-22 13:29: Train Epoch 86: 100/167 Loss: 17.174339
2021-10-22 13:29: Train Epoch 86: 120/167 Loss: 15.922525
2021-10-22 13:29: Train Epoch 86: 140/167 Loss: 15.940624
2021-10-22 13:29: Train Epoch 86: 160/167 Loss: 15.704515
2021-10-22 13:29: **********Train Epoch 86: averaged Loss: 16.775739, tf_ratio: 1.000000
2021-10-22 13:30: **********Val Epoch 86: average Loss: 17.657108
2021-10-22 13:30: Train Epoch 87: 0/167 Loss: 17.262573
2021-10-22 13:30: Train Epoch 87: 20/167 Loss: 16.325722
2021-10-22 13:30: Train Epoch 87: 40/167 Loss: 17.343971
2021-10-22 13:30: Train Epoch 87: 60/167 Loss: 15.648731
2021-10-22 13:30: Train Epoch 87: 80/167 Loss: 16.780014
2021-10-22 13:30: Train Epoch 87: 100/167 Loss: 17.239439
2021-10-22 13:30: Train Epoch 87: 120/167 Loss: 16.473696
2021-10-22 13:30: Train Epoch 87: 140/167 Loss: 16.745752
2021-10-22 13:31: Train Epoch 87: 160/167 Loss: 16.633728
2021-10-22 13:31: **********Train Epoch 87: averaged Loss: 16.787875, tf_ratio: 1.000000
2021-10-22 13:31: **********Val Epoch 87: average Loss: 17.626741
2021-10-22 13:31: Train Epoch 88: 0/167 Loss: 16.385651
2021-10-22 13:31: Train Epoch 88: 20/167 Loss: 17.499056
2021-10-22 13:31: Train Epoch 88: 40/167 Loss: 17.146708
2021-10-22 13:31: Train Epoch 88: 60/167 Loss: 15.467468
2021-10-22 13:31: Train Epoch 88: 80/167 Loss: 17.571476
2021-10-22 13:31: Train Epoch 88: 100/167 Loss: 17.138784
2021-10-22 13:31: Train Epoch 88: 120/167 Loss: 16.231428
2021-10-22 13:32: Train Epoch 88: 140/167 Loss: 16.590086
2021-10-22 13:32: Train Epoch 88: 160/167 Loss: 16.739618
2021-10-22 13:32: **********Train Epoch 88: averaged Loss: 16.734184, tf_ratio: 1.000000
2021-10-22 13:32: **********Val Epoch 88: average Loss: 17.602412
2021-10-22 13:32: *********************************Current best model saved!
2021-10-22 13:32: Train Epoch 89: 0/167 Loss: 16.130285
2021-10-22 13:32: Train Epoch 89: 20/167 Loss: 16.551943
2021-10-22 13:32: Train Epoch 89: 40/167 Loss: 17.766994
2021-10-22 13:32: Train Epoch 89: 60/167 Loss: 16.347082
2021-10-22 13:32: Train Epoch 89: 80/167 Loss: 16.503145
2021-10-22 13:32: Train Epoch 89: 100/167 Loss: 17.510582
2021-10-22 13:33: Train Epoch 89: 120/167 Loss: 17.363049
2021-10-22 13:33: Train Epoch 89: 140/167 Loss: 16.242262
2021-10-22 13:33: Train Epoch 89: 160/167 Loss: 16.054878
2021-10-22 13:33: **********Train Epoch 89: averaged Loss: 16.790071, tf_ratio: 1.000000
2021-10-22 13:33: **********Val Epoch 89: average Loss: 17.665637
2021-10-22 13:33: Train Epoch 90: 0/167 Loss: 16.270670
2021-10-22 13:33: Train Epoch 90: 20/167 Loss: 15.785304
2021-10-22 13:33: Train Epoch 90: 40/167 Loss: 16.262663
2021-10-22 13:33: Train Epoch 90: 60/167 Loss: 17.080389
2021-10-22 13:33: Train Epoch 90: 80/167 Loss: 16.733234
2021-10-22 13:34: Train Epoch 90: 100/167 Loss: 16.616257
2021-10-22 13:34: Train Epoch 90: 120/167 Loss: 17.319456
2021-10-22 13:34: Train Epoch 90: 140/167 Loss: 17.110231
2021-10-22 13:34: Train Epoch 90: 160/167 Loss: 17.057337
2021-10-22 13:34: **********Train Epoch 90: averaged Loss: 16.753345, tf_ratio: 1.000000
2021-10-22 13:34: **********Val Epoch 90: average Loss: 17.563314
2021-10-22 13:34: *********************************Current best model saved!
2021-10-22 13:34: Train Epoch 91: 0/167 Loss: 17.263653
2021-10-22 13:34: Train Epoch 91: 20/167 Loss: 15.827525
2021-10-22 13:34: Train Epoch 91: 40/167 Loss: 17.361832
2021-10-22 13:34: Train Epoch 91: 60/167 Loss: 15.720273
2021-10-22 13:35: Train Epoch 91: 80/167 Loss: 16.861383
2021-10-22 13:35: Train Epoch 91: 100/167 Loss: 17.357832
2021-10-22 13:35: Train Epoch 91: 120/167 Loss: 15.737893
2021-10-22 13:35: Train Epoch 91: 140/167 Loss: 16.936918
2021-10-22 13:35: Train Epoch 91: 160/167 Loss: 15.823979
2021-10-22 13:35: **********Train Epoch 91: averaged Loss: 16.643213, tf_ratio: 1.000000
2021-10-22 13:35: **********Val Epoch 91: average Loss: 17.527219
2021-10-22 13:35: *********************************Current best model saved!
2021-10-22 13:35: Train Epoch 92: 0/167 Loss: 16.219004
2021-10-22 13:35: Train Epoch 92: 20/167 Loss: 17.203064
2021-10-22 13:35: Train Epoch 92: 40/167 Loss: 16.952452
2021-10-22 13:36: Train Epoch 92: 60/167 Loss: 17.465525
2021-10-22 13:36: Train Epoch 92: 80/167 Loss: 17.430447
2021-10-22 13:36: Train Epoch 92: 100/167 Loss: 17.023821
2021-10-22 13:36: Train Epoch 92: 120/167 Loss: 16.920305
2021-10-22 13:36: Train Epoch 92: 140/167 Loss: 15.755175
2021-10-22 13:36: Train Epoch 92: 160/167 Loss: 16.601151
2021-10-22 13:36: **********Train Epoch 92: averaged Loss: 16.694477, tf_ratio: 1.000000
2021-10-22 13:36: **********Val Epoch 92: average Loss: 17.536104
2021-10-22 13:36: Train Epoch 93: 0/167 Loss: 16.883320
2021-10-22 13:36: Train Epoch 93: 20/167 Loss: 16.334839
2021-10-22 13:37: Train Epoch 93: 40/167 Loss: 15.871530
2021-10-22 13:37: Train Epoch 93: 60/167 Loss: 16.227276
2021-10-22 13:37: Train Epoch 93: 80/167 Loss: 16.590431
2021-10-22 13:37: Train Epoch 93: 100/167 Loss: 15.897857
2021-10-22 13:37: Train Epoch 93: 120/167 Loss: 16.750340
2021-10-22 13:37: Train Epoch 93: 140/167 Loss: 17.681799
2021-10-22 13:37: Train Epoch 93: 160/167 Loss: 15.999142
2021-10-22 13:37: **********Train Epoch 93: averaged Loss: 16.628735, tf_ratio: 1.000000
2021-10-22 13:37: **********Val Epoch 93: average Loss: 17.733458
2021-10-22 13:37: Train Epoch 94: 0/167 Loss: 15.891959
2021-10-22 13:38: Train Epoch 94: 20/167 Loss: 18.026485
2021-10-22 13:38: Train Epoch 94: 40/167 Loss: 16.848394
2021-10-22 13:38: Train Epoch 94: 60/167 Loss: 16.537663
2021-10-22 13:38: Train Epoch 94: 80/167 Loss: 16.798260
2021-10-22 13:38: Train Epoch 94: 100/167 Loss: 16.995157
2021-10-22 13:38: Train Epoch 94: 120/167 Loss: 16.594160
2021-10-22 13:38: Train Epoch 94: 140/167 Loss: 16.471451
2021-10-22 13:38: Train Epoch 94: 160/167 Loss: 17.894411
2021-10-22 13:38: **********Train Epoch 94: averaged Loss: 16.621380, tf_ratio: 1.000000
2021-10-22 13:39: **********Val Epoch 94: average Loss: 17.291612
2021-10-22 13:39: *********************************Current best model saved!
2021-10-22 13:39: Train Epoch 95: 0/167 Loss: 16.606821
2021-10-22 13:39: Train Epoch 95: 20/167 Loss: 17.971275
2021-10-22 13:39: Train Epoch 95: 40/167 Loss: 15.993415
2021-10-22 13:39: Train Epoch 95: 60/167 Loss: 16.556377
2021-10-22 13:39: Train Epoch 95: 80/167 Loss: 16.658138
2021-10-22 13:39: Train Epoch 95: 100/167 Loss: 17.484838
2021-10-22 13:39: Train Epoch 95: 120/167 Loss: 17.159718
2021-10-22 13:39: Train Epoch 95: 140/167 Loss: 17.141289
2021-10-22 13:40: Train Epoch 95: 160/167 Loss: 16.974962
2021-10-22 13:40: **********Train Epoch 95: averaged Loss: 16.648700, tf_ratio: 1.000000
2021-10-22 13:40: **********Val Epoch 95: average Loss: 17.682683
2021-10-22 13:40: Train Epoch 96: 0/167 Loss: 17.750359
2021-10-22 13:40: Train Epoch 96: 20/167 Loss: 15.938945
2021-10-22 13:40: Train Epoch 96: 40/167 Loss: 15.629806
2021-10-22 13:40: Train Epoch 96: 60/167 Loss: 15.874946
2021-10-22 13:40: Train Epoch 96: 80/167 Loss: 17.179619
2021-10-22 13:40: Train Epoch 96: 100/167 Loss: 16.598576
2021-10-22 13:40: Train Epoch 96: 120/167 Loss: 16.926916
2021-10-22 13:41: Train Epoch 96: 140/167 Loss: 15.434200
2021-10-22 13:41: Train Epoch 96: 160/167 Loss: 17.099110
2021-10-22 13:41: **********Train Epoch 96: averaged Loss: 16.587580, tf_ratio: 1.000000
2021-10-22 13:41: **********Val Epoch 96: average Loss: 17.458815
2021-10-22 13:41: Train Epoch 97: 0/167 Loss: 16.132694
2021-10-22 13:41: Train Epoch 97: 20/167 Loss: 16.530148
2021-10-22 13:41: Train Epoch 97: 40/167 Loss: 16.127077
2021-10-22 13:41: Train Epoch 97: 60/167 Loss: 16.732801
2021-10-22 13:41: Train Epoch 97: 80/167 Loss: 16.536869
2021-10-22 13:41: Train Epoch 97: 100/167 Loss: 16.661377
2021-10-22 13:42: Train Epoch 97: 120/167 Loss: 16.232475
2021-10-22 13:42: Train Epoch 97: 140/167 Loss: 16.527784
2021-10-22 13:42: Train Epoch 97: 160/167 Loss: 17.136717
2021-10-22 13:42: **********Train Epoch 97: averaged Loss: 16.602411, tf_ratio: 1.000000
2021-10-22 13:42: **********Val Epoch 97: average Loss: 17.703295
2021-10-22 13:42: Train Epoch 98: 0/167 Loss: 17.327429
2021-10-22 13:42: Train Epoch 98: 20/167 Loss: 16.277573
2021-10-22 13:42: Train Epoch 98: 40/167 Loss: 16.385828
2021-10-22 13:42: Train Epoch 98: 60/167 Loss: 16.280724
2021-10-22 13:42: Train Epoch 98: 80/167 Loss: 15.621594
2021-10-22 13:43: Train Epoch 98: 100/167 Loss: 15.635949
2021-10-22 13:43: Train Epoch 98: 120/167 Loss: 17.220638
2021-10-22 13:43: Train Epoch 98: 140/167 Loss: 16.787033
2021-10-22 13:43: Train Epoch 98: 160/167 Loss: 16.155636
2021-10-22 13:43: **********Train Epoch 98: averaged Loss: 16.628196, tf_ratio: 1.000000
2021-10-22 13:43: **********Val Epoch 98: average Loss: 17.817981
2021-10-22 13:43: Train Epoch 99: 0/167 Loss: 16.408020
2021-10-22 13:43: Train Epoch 99: 20/167 Loss: 16.830687
2021-10-22 13:43: Train Epoch 99: 40/167 Loss: 15.893289
2021-10-22 13:43: Train Epoch 99: 60/167 Loss: 16.376915
2021-10-22 13:44: Train Epoch 99: 80/167 Loss: 15.953854
2021-10-22 13:44: Train Epoch 99: 100/167 Loss: 16.828716
2021-10-22 13:44: Train Epoch 99: 120/167 Loss: 16.369230
2021-10-22 13:44: Train Epoch 99: 140/167 Loss: 17.100042
2021-10-22 13:44: Train Epoch 99: 160/167 Loss: 17.036877
2021-10-22 13:44: **********Train Epoch 99: averaged Loss: 16.524975, tf_ratio: 1.000000
2021-10-22 13:44: **********Val Epoch 99: average Loss: 17.422017
2021-10-22 13:44: Train Epoch 100: 0/167 Loss: 15.826231
2021-10-22 13:44: Train Epoch 100: 20/167 Loss: 16.342920
2021-10-22 13:44: Train Epoch 100: 40/167 Loss: 16.685839
2021-10-22 13:45: Train Epoch 100: 60/167 Loss: 16.087160
2021-10-22 13:45: Train Epoch 100: 80/167 Loss: 16.242659
2021-10-22 13:45: Train Epoch 100: 100/167 Loss: 17.230438
2021-10-22 13:45: Train Epoch 100: 120/167 Loss: 15.827313
2021-10-22 13:45: Train Epoch 100: 140/167 Loss: 17.553919
2021-10-22 13:45: Train Epoch 100: 160/167 Loss: 16.722210
2021-10-22 13:45: **********Train Epoch 100: averaged Loss: 16.488825, tf_ratio: 1.000000
2021-10-22 13:45: **********Val Epoch 100: average Loss: 17.379711
2021-10-22 13:45: Total training time: 113.2732min, best loss: 17.291612
2021-10-22 13:45: Saving current best model to /content/AGCRN/model/experiments/PEMSD8/20211022115234/best_model.pth
2021-10-22 13:45: Horizon 01, MAE: 14.36, RMSE: 22.31, MAPE: 9.2061%
2021-10-22 13:45: Horizon 02, MAE: 14.79, RMSE: 23.15, MAPE: 9.4228%
2021-10-22 13:45: Horizon 03, MAE: 15.21, RMSE: 23.91, MAPE: 9.6518%
2021-10-22 13:45: Horizon 04, MAE: 15.60, RMSE: 24.62, MAPE: 9.8774%
2021-10-22 13:45: Horizon 05, MAE: 15.99, RMSE: 25.28, MAPE: 10.1132%
2021-10-22 13:45: Horizon 06, MAE: 16.36, RMSE: 25.89, MAPE: 10.3434%
2021-10-22 13:45: Horizon 07, MAE: 16.74, RMSE: 26.50, MAPE: 10.5524%
2021-10-22 13:45: Horizon 08, MAE: 17.10, RMSE: 27.07, MAPE: 10.7524%
2021-10-22 13:45: Horizon 09, MAE: 17.42, RMSE: 27.59, MAPE: 10.9177%
2021-10-22 13:45: Horizon 10, MAE: 17.74, RMSE: 28.11, MAPE: 11.0775%
2021-10-22 13:45: Horizon 11, MAE: 18.18, RMSE: 28.78, MAPE: 11.3029%
2021-10-22 13:45: Horizon 12, MAE: 18.78, RMSE: 29.67, MAPE: 11.6170%
2021-10-22 13:45: Average Horizon, MAE: 16.52, RMSE: 26.17, MAPE: 10.4029%
