2021-10-29 08:25: Experiment log path in: /content/AGCRN/model/experiments/PEMSD8/20211029082512
2021-10-29 08:25: Train Epoch 1: 0/164 Loss: 234.051559
2021-10-29 08:25: Train Epoch 1: 20/164 Loss: 232.950531
2021-10-29 08:25: Train Epoch 1: 40/164 Loss: 227.166382
2021-10-29 08:25: Train Epoch 1: 60/164 Loss: 222.145676
2021-10-29 08:26: Train Epoch 1: 80/164 Loss: 214.771988
2021-10-29 08:26: Train Epoch 1: 100/164 Loss: 210.875290
2021-10-29 08:26: Train Epoch 1: 120/164 Loss: 193.219284
2021-10-29 08:26: Train Epoch 1: 140/164 Loss: 212.315964
2021-10-29 08:27: Train Epoch 1: 160/164 Loss: 193.463440
2021-10-29 08:27: **********Train Epoch 1: averaged Loss: 212.602838, tf_ratio: 1.000000
2021-10-29 08:27: **********Val Epoch 1: average Loss: 197.171977
2021-10-29 08:27: *********************************Current best model saved!
2021-10-29 08:27: Train Epoch 2: 0/164 Loss: 195.157608
2021-10-29 08:27: Train Epoch 2: 20/164 Loss: 186.099152
2021-10-29 08:27: Train Epoch 2: 40/164 Loss: 188.556946
2021-10-29 08:28: Train Epoch 2: 60/164 Loss: 185.498642
2021-10-29 08:28: Train Epoch 2: 80/164 Loss: 182.745651
2021-10-29 08:28: Train Epoch 2: 100/164 Loss: 183.002289
2021-10-29 08:28: Train Epoch 2: 120/164 Loss: 185.370956
2021-10-29 08:29: Train Epoch 2: 140/164 Loss: 152.380707
2021-10-29 08:29: Train Epoch 2: 160/164 Loss: 167.661575
2021-10-29 08:29: **********Train Epoch 2: averaged Loss: 182.296895, tf_ratio: 1.000000
2021-10-29 08:29: **********Val Epoch 2: average Loss: 172.692309
2021-10-29 08:29: *********************************Current best model saved!
2021-10-29 08:29: Train Epoch 3: 0/164 Loss: 175.672638
2021-10-29 08:29: Train Epoch 3: 20/164 Loss: 165.195023
2021-10-29 08:29: Train Epoch 3: 40/164 Loss: 168.471146
2021-10-29 08:30: Train Epoch 3: 60/164 Loss: 164.534836
2021-10-29 08:30: Train Epoch 3: 80/164 Loss: 148.192993
2021-10-29 08:30: Train Epoch 3: 100/164 Loss: 166.096771
2021-10-29 08:30: Train Epoch 3: 120/164 Loss: 164.050629
2021-10-29 08:31: Train Epoch 3: 140/164 Loss: 162.622864
2021-10-29 08:31: Train Epoch 3: 160/164 Loss: 159.169189
2021-10-29 08:31: **********Train Epoch 3: averaged Loss: 161.471439, tf_ratio: 1.000000
2021-10-29 08:31: **********Val Epoch 3: average Loss: 155.304021
2021-10-29 08:31: *********************************Current best model saved!
2021-10-29 08:31: Train Epoch 4: 0/164 Loss: 147.606934
2021-10-29 08:31: Train Epoch 4: 20/164 Loss: 159.686050
2021-10-29 08:32: Train Epoch 4: 40/164 Loss: 155.666779
2021-10-29 08:32: Train Epoch 4: 60/164 Loss: 152.631332
2021-10-29 08:32: Train Epoch 4: 80/164 Loss: 151.194351
2021-10-29 08:32: Train Epoch 4: 100/164 Loss: 146.886734
2021-10-29 08:33: Train Epoch 4: 120/164 Loss: 138.136765
2021-10-29 08:33: Train Epoch 4: 140/164 Loss: 149.978683
2021-10-29 08:33: Train Epoch 4: 160/164 Loss: 146.819000
2021-10-29 08:33: **********Train Epoch 4: averaged Loss: 146.779993, tf_ratio: 1.000000
2021-10-29 08:33: **********Val Epoch 4: average Loss: 143.389974
2021-10-29 08:33: *********************************Current best model saved!
2021-10-29 08:33: Train Epoch 5: 0/164 Loss: 142.818222
2021-10-29 08:33: Train Epoch 5: 20/164 Loss: 130.098618
2021-10-29 08:34: Train Epoch 5: 40/164 Loss: 137.729401
2021-10-29 08:34: Train Epoch 5: 60/164 Loss: 141.231216
2021-10-29 08:34: Train Epoch 5: 80/164 Loss: 133.327530
2021-10-29 08:34: Train Epoch 5: 100/164 Loss: 138.338806
2021-10-29 08:35: Train Epoch 5: 120/164 Loss: 137.967239
2021-10-29 08:35: Train Epoch 5: 140/164 Loss: 140.348999
2021-10-29 08:35: Train Epoch 5: 160/164 Loss: 127.775780
2021-10-29 08:35: **********Train Epoch 5: averaged Loss: 136.994515, tf_ratio: 1.000000
2021-10-29 08:35: **********Val Epoch 5: average Loss: 135.618680
2021-10-29 08:35: *********************************Current best model saved!
2021-10-29 08:35: Train Epoch 6: 0/164 Loss: 137.911346
2021-10-29 08:36: Train Epoch 6: 20/164 Loss: 129.326050
2021-10-29 08:36: Train Epoch 6: 40/164 Loss: 132.608047
2021-10-29 08:36: Train Epoch 6: 60/164 Loss: 130.538834
2021-10-29 08:36: Train Epoch 6: 80/164 Loss: 126.648880
2021-10-29 08:37: Train Epoch 6: 100/164 Loss: 122.094246
2021-10-29 08:37: Train Epoch 6: 120/164 Loss: 122.045723
2021-10-29 08:37: Train Epoch 6: 140/164 Loss: 127.246880
2021-10-29 08:37: Train Epoch 6: 160/164 Loss: 126.101219
2021-10-29 08:37: **********Train Epoch 6: averaged Loss: 130.611490, tf_ratio: 1.000000
2021-10-29 08:37: **********Val Epoch 6: average Loss: 130.519153
2021-10-29 08:37: *********************************Current best model saved!
2021-10-29 08:37: Train Epoch 7: 0/164 Loss: 127.415833
2021-10-29 08:38: Train Epoch 7: 20/164 Loss: 125.938118
2021-10-29 08:38: Train Epoch 7: 40/164 Loss: 125.969261
2021-10-29 08:38: Train Epoch 7: 60/164 Loss: 126.212158
2021-10-29 08:38: Train Epoch 7: 80/164 Loss: 129.928665
2021-10-29 08:39: Train Epoch 7: 100/164 Loss: 125.203377
2021-10-29 08:39: Train Epoch 7: 120/164 Loss: 129.274170
2021-10-29 08:39: Train Epoch 7: 140/164 Loss: 125.666504
2021-10-29 08:39: Train Epoch 7: 160/164 Loss: 124.486786
2021-10-29 08:39: **********Train Epoch 7: averaged Loss: 126.441935, tf_ratio: 1.000000
2021-10-29 08:40: **********Val Epoch 7: average Loss: 127.184955
2021-10-29 08:40: *********************************Current best model saved!
2021-10-29 08:40: Train Epoch 8: 0/164 Loss: 125.736687
2021-10-29 08:40: Train Epoch 8: 20/164 Loss: 126.563690
2021-10-29 08:40: Train Epoch 8: 40/164 Loss: 123.772491
2021-10-29 08:40: Train Epoch 8: 60/164 Loss: 125.152290
2021-10-29 08:41: Train Epoch 8: 80/164 Loss: 124.455315
2021-10-29 08:41: Train Epoch 8: 100/164 Loss: 124.749924
2021-10-29 08:41: Train Epoch 8: 120/164 Loss: 124.150055
2021-10-29 08:41: Train Epoch 8: 140/164 Loss: 122.769691
2021-10-29 08:42: Train Epoch 8: 160/164 Loss: 122.357033
2021-10-29 08:42: **********Train Epoch 8: averaged Loss: 123.805883, tf_ratio: 1.000000
2021-10-29 08:42: **********Val Epoch 8: average Loss: 125.081730
2021-10-29 08:42: *********************************Current best model saved!
2021-10-29 08:42: Train Epoch 9: 0/164 Loss: 124.396675
2021-10-29 08:42: Train Epoch 9: 20/164 Loss: 130.023132
2021-10-29 08:42: Train Epoch 9: 40/164 Loss: 123.161362
2021-10-29 08:42: Train Epoch 9: 60/164 Loss: 122.536545
2021-10-29 08:43: Train Epoch 9: 80/164 Loss: 124.916138
2021-10-29 08:43: Train Epoch 9: 100/164 Loss: 122.989365
2021-10-29 08:43: Train Epoch 9: 120/164 Loss: 123.327995
2021-10-29 08:43: Train Epoch 9: 140/164 Loss: 121.781357
2021-10-29 08:44: Train Epoch 9: 160/164 Loss: 123.396545
2021-10-29 08:44: **********Train Epoch 9: averaged Loss: 122.214097, tf_ratio: 1.000000
2021-10-29 08:44: **********Val Epoch 9: average Loss: 123.789424
2021-10-29 08:44: *********************************Current best model saved!
2021-10-29 08:44: Train Epoch 10: 0/164 Loss: 117.606644
2021-10-29 08:44: Train Epoch 10: 20/164 Loss: 122.763527
2021-10-29 08:44: Train Epoch 10: 40/164 Loss: 121.163811
2021-10-29 08:45: Train Epoch 10: 60/164 Loss: 123.261391
2021-10-29 08:45: Train Epoch 10: 80/164 Loss: 121.441978
2021-10-29 08:45: Train Epoch 10: 100/164 Loss: 120.928108
2021-10-29 08:45: Train Epoch 10: 120/164 Loss: 119.679596
2021-10-29 08:46: Train Epoch 10: 140/164 Loss: 122.731911
2021-10-29 08:46: Train Epoch 10: 160/164 Loss: 120.710625
2021-10-29 08:46: **********Train Epoch 10: averaged Loss: 121.310300, tf_ratio: 1.000000
2021-10-29 08:46: **********Val Epoch 10: average Loss: 123.038575
2021-10-29 08:46: *********************************Current best model saved!
2021-10-29 08:46: Train Epoch 11: 0/164 Loss: 123.539772
2021-10-29 08:46: Train Epoch 11: 20/164 Loss: 120.308746
2021-10-29 08:46: Train Epoch 11: 40/164 Loss: 123.467995
2021-10-29 08:47: Train Epoch 11: 60/164 Loss: 116.924797
2021-10-29 08:47: Train Epoch 11: 80/164 Loss: 121.773643
2021-10-29 08:47: Train Epoch 11: 100/164 Loss: 121.510849
2021-10-29 08:47: Train Epoch 11: 120/164 Loss: 114.768837
2021-10-29 08:48: Train Epoch 11: 140/164 Loss: 111.161156
2021-10-29 08:48: Train Epoch 11: 160/164 Loss: 112.283348
2021-10-29 08:48: **********Train Epoch 11: averaged Loss: 118.636143, tf_ratio: 1.000000
2021-10-29 08:48: **********Val Epoch 11: average Loss: 113.150611
2021-10-29 08:48: *********************************Current best model saved!
2021-10-29 08:48: Train Epoch 12: 0/164 Loss: 112.949951
2021-10-29 08:48: Train Epoch 12: 20/164 Loss: 108.158989
2021-10-29 08:49: Train Epoch 12: 40/164 Loss: 106.306557
2021-10-29 08:49: Train Epoch 12: 60/164 Loss: 101.586769
2021-10-29 08:49: Train Epoch 12: 80/164 Loss: 101.345917
2021-10-29 08:49: Train Epoch 12: 100/164 Loss: 101.233078
2021-10-29 08:50: Train Epoch 12: 120/164 Loss: 96.539078
2021-10-29 08:50: Train Epoch 12: 140/164 Loss: 98.284264
2021-10-29 08:50: Train Epoch 12: 160/164 Loss: 99.272285
2021-10-29 08:50: **********Train Epoch 12: averaged Loss: 103.181681, tf_ratio: 1.000000
2021-10-29 08:50: **********Val Epoch 12: average Loss: 102.640421
2021-10-29 08:50: *********************************Current best model saved!
2021-10-29 08:50: Train Epoch 13: 0/164 Loss: 100.129387
2021-10-29 08:50: Train Epoch 13: 20/164 Loss: 97.659622
2021-10-29 08:51: Train Epoch 13: 40/164 Loss: 100.038513
2021-10-29 08:51: Train Epoch 13: 60/164 Loss: 97.842445
2021-10-29 08:51: Train Epoch 13: 80/164 Loss: 95.700302
2021-10-29 08:51: Train Epoch 13: 100/164 Loss: 96.988884
2021-10-29 08:52: Train Epoch 13: 120/164 Loss: 95.305290
2021-10-29 08:52: Train Epoch 13: 140/164 Loss: 96.981400
2021-10-29 08:52: Train Epoch 13: 160/164 Loss: 94.883537
2021-10-29 08:52: **********Train Epoch 13: averaged Loss: 97.192108, tf_ratio: 1.000000
2021-10-29 08:52: **********Val Epoch 13: average Loss: 99.194336
2021-10-29 08:52: *********************************Current best model saved!
2021-10-29 08:52: Train Epoch 14: 0/164 Loss: 96.122780
2021-10-29 08:53: Train Epoch 14: 20/164 Loss: 94.737694
2021-10-29 08:53: Train Epoch 14: 40/164 Loss: 95.333946
2021-10-29 08:53: Train Epoch 14: 60/164 Loss: 94.803452
2021-10-29 08:53: Train Epoch 14: 80/164 Loss: 94.280762
2021-10-29 08:54: Train Epoch 14: 100/164 Loss: 93.763374
2021-10-29 08:54: Train Epoch 14: 120/164 Loss: 94.339584
2021-10-29 08:54: Train Epoch 14: 140/164 Loss: 92.426514
2021-10-29 08:54: Train Epoch 14: 160/164 Loss: 91.103401
2021-10-29 08:54: **********Train Epoch 14: averaged Loss: 94.015419, tf_ratio: 1.000000
2021-10-29 08:54: **********Val Epoch 14: average Loss: 95.359894
2021-10-29 08:54: *********************************Current best model saved!
2021-10-29 08:54: Train Epoch 15: 0/164 Loss: 91.873604
2021-10-29 08:55: Train Epoch 15: 20/164 Loss: 91.963211
2021-10-29 08:55: Train Epoch 15: 40/164 Loss: 87.895996
2021-10-29 08:55: Train Epoch 15: 60/164 Loss: 88.281372
2021-10-29 08:55: Train Epoch 15: 80/164 Loss: 84.029152
2021-10-29 08:56: Train Epoch 15: 100/164 Loss: 83.865707
2021-10-29 08:56: Train Epoch 15: 120/164 Loss: 85.328453
2021-10-29 08:56: Train Epoch 15: 140/164 Loss: 82.433701
2021-10-29 08:56: Train Epoch 15: 160/164 Loss: 84.295090
2021-10-29 08:56: **********Train Epoch 15: averaged Loss: 87.098312, tf_ratio: 1.000000
2021-10-29 08:57: **********Val Epoch 15: average Loss: 87.724535
2021-10-29 08:57: *********************************Current best model saved!
2021-10-29 08:57: Train Epoch 16: 0/164 Loss: 84.726936
2021-10-29 08:57: Train Epoch 16: 20/164 Loss: 84.261345
2021-10-29 08:57: Train Epoch 16: 40/164 Loss: 79.365852
2021-10-29 08:57: Train Epoch 16: 60/164 Loss: 83.399651
2021-10-29 08:58: Train Epoch 16: 80/164 Loss: 80.550758
2021-10-29 08:58: Train Epoch 16: 100/164 Loss: 80.465569
2021-10-29 08:58: Train Epoch 16: 120/164 Loss: 79.667679
2021-10-29 08:58: Train Epoch 16: 140/164 Loss: 80.406044
2021-10-29 08:59: Train Epoch 16: 160/164 Loss: 81.603264
2021-10-29 08:59: **********Train Epoch 16: averaged Loss: 82.057646, tf_ratio: 1.000000
2021-10-29 08:59: **********Val Epoch 16: average Loss: 84.351849
2021-10-29 08:59: *********************************Current best model saved!
2021-10-29 08:59: Train Epoch 17: 0/164 Loss: 79.009789
2021-10-29 08:59: Train Epoch 17: 20/164 Loss: 78.912392
2021-10-29 08:59: Train Epoch 17: 40/164 Loss: 80.031601
2021-10-29 08:59: Train Epoch 17: 60/164 Loss: 79.686386
2021-10-29 09:00: Train Epoch 17: 80/164 Loss: 75.627113
2021-10-29 09:00: Train Epoch 17: 100/164 Loss: 80.996368
2021-10-29 09:00: Train Epoch 17: 120/164 Loss: 79.339226
2021-10-29 09:00: Train Epoch 17: 140/164 Loss: 80.559647
2021-10-29 09:01: Train Epoch 17: 160/164 Loss: 79.197411
2021-10-29 09:01: **********Train Epoch 17: averaged Loss: 78.731825, tf_ratio: 1.000000
2021-10-29 09:01: **********Val Epoch 17: average Loss: 81.474615
2021-10-29 09:01: *********************************Current best model saved!
2021-10-29 09:01: Train Epoch 18: 0/164 Loss: 78.333801
2021-10-29 09:01: Train Epoch 18: 20/164 Loss: 76.477707
2021-10-29 09:01: Train Epoch 18: 40/164 Loss: 75.253448
2021-10-29 09:02: Train Epoch 18: 60/164 Loss: 78.567062
2021-10-29 09:02: Train Epoch 18: 80/164 Loss: 76.605347
2021-10-29 09:02: Train Epoch 18: 100/164 Loss: 78.033508
2021-10-29 09:02: Train Epoch 18: 120/164 Loss: 75.657837
2021-10-29 09:03: Train Epoch 18: 140/164 Loss: 72.623390
2021-10-29 09:03: Train Epoch 18: 160/164 Loss: 76.257881
2021-10-29 09:03: **********Train Epoch 18: averaged Loss: 75.890834, tf_ratio: 1.000000
2021-10-29 09:03: **********Val Epoch 18: average Loss: 78.674419
2021-10-29 09:03: *********************************Current best model saved!
2021-10-29 09:03: Train Epoch 19: 0/164 Loss: 74.735489
2021-10-29 09:03: Train Epoch 19: 20/164 Loss: 75.089455
2021-10-29 09:03: Train Epoch 19: 40/164 Loss: 74.707703
2021-10-29 09:04: Train Epoch 19: 60/164 Loss: 75.937904
2021-10-29 09:04: Train Epoch 19: 80/164 Loss: 73.482246
2021-10-29 09:04: Train Epoch 19: 100/164 Loss: 72.556221
2021-10-29 09:04: Train Epoch 19: 120/164 Loss: 71.264687
2021-10-29 09:05: Train Epoch 19: 140/164 Loss: 70.710510
2021-10-29 09:05: Train Epoch 19: 160/164 Loss: 74.399902
2021-10-29 09:05: **********Train Epoch 19: averaged Loss: 73.054044, tf_ratio: 1.000000
2021-10-29 09:05: **********Val Epoch 19: average Loss: 75.439633
2021-10-29 09:05: *********************************Current best model saved!
2021-10-29 09:05: Train Epoch 20: 0/164 Loss: 72.184776
2021-10-29 09:05: Train Epoch 20: 20/164 Loss: 68.546204
2021-10-29 09:06: Train Epoch 20: 40/164 Loss: 71.496559
2021-10-29 09:06: Train Epoch 20: 60/164 Loss: 70.685471
2021-10-29 09:06: Train Epoch 20: 80/164 Loss: 67.517166
2021-10-29 09:06: Train Epoch 20: 100/164 Loss: 69.689278
2021-10-29 09:07: Train Epoch 20: 120/164 Loss: 67.817070
2021-10-29 09:07: Train Epoch 20: 140/164 Loss: 67.462044
2021-10-29 09:07: Train Epoch 20: 160/164 Loss: 65.300919
2021-10-29 09:07: **********Train Epoch 20: averaged Loss: 69.571036, tf_ratio: 1.000000
2021-10-29 09:07: **********Val Epoch 20: average Loss: 71.741669
2021-10-29 09:07: *********************************Current best model saved!
2021-10-29 09:07: Train Epoch 21: 0/164 Loss: 67.464317
2021-10-29 09:07: Train Epoch 21: 20/164 Loss: 69.250160
2021-10-29 09:08: Train Epoch 21: 40/164 Loss: 66.660683
2021-10-29 09:08: Train Epoch 21: 60/164 Loss: 65.143677
2021-10-29 09:08: Train Epoch 21: 80/164 Loss: 64.583961
2021-10-29 09:08: Train Epoch 21: 100/164 Loss: 66.399597
2021-10-29 09:09: Train Epoch 21: 120/164 Loss: 65.651939
2021-10-29 09:09: Train Epoch 21: 140/164 Loss: 65.024605
2021-10-29 09:09: Train Epoch 21: 160/164 Loss: 63.440346
2021-10-29 09:09: **********Train Epoch 21: averaged Loss: 65.596825, tf_ratio: 1.000000
2021-10-29 09:09: **********Val Epoch 21: average Loss: 67.804220
2021-10-29 09:09: *********************************Current best model saved!
2021-10-29 09:09: Train Epoch 22: 0/164 Loss: 64.403824
2021-10-29 09:10: Train Epoch 22: 20/164 Loss: 62.450378
2021-10-29 09:10: Train Epoch 22: 40/164 Loss: 65.065895
2021-10-29 09:10: Train Epoch 22: 60/164 Loss: 62.383511
2021-10-29 09:10: Train Epoch 22: 80/164 Loss: 63.788399
2021-10-29 09:11: Train Epoch 22: 100/164 Loss: 58.991474
2021-10-29 09:11: Train Epoch 22: 120/164 Loss: 62.901054
2021-10-29 09:11: Train Epoch 22: 140/164 Loss: 57.133316
2021-10-29 09:11: Train Epoch 22: 160/164 Loss: 60.126045
2021-10-29 09:11: **********Train Epoch 22: averaged Loss: 61.505242, tf_ratio: 1.000000
2021-10-29 09:11: **********Val Epoch 22: average Loss: 63.988092
2021-10-29 09:11: *********************************Current best model saved!
2021-10-29 09:11: Train Epoch 23: 0/164 Loss: 59.970963
2021-10-29 09:12: Train Epoch 23: 20/164 Loss: 57.638645
2021-10-29 09:12: Train Epoch 23: 40/164 Loss: 57.442665
2021-10-29 09:12: Train Epoch 23: 60/164 Loss: 60.281803
2021-10-29 09:12: Train Epoch 23: 80/164 Loss: 60.548439
2021-10-29 09:13: Train Epoch 23: 100/164 Loss: 59.878708
2021-10-29 09:13: Train Epoch 23: 120/164 Loss: 60.211720
2021-10-29 09:13: Train Epoch 23: 140/164 Loss: 57.468479
2021-10-29 09:13: Train Epoch 23: 160/164 Loss: 56.817234
2021-10-29 09:14: **********Train Epoch 23: averaged Loss: 57.584103, tf_ratio: 1.000000
2021-10-29 09:14: **********Val Epoch 23: average Loss: 60.509548
2021-10-29 09:14: *********************************Current best model saved!
2021-10-29 09:14: Train Epoch 24: 0/164 Loss: 57.231991
2021-10-29 09:14: Train Epoch 24: 20/164 Loss: 54.147289
2021-10-29 09:14: Train Epoch 24: 40/164 Loss: 55.474010
2021-10-29 09:14: Train Epoch 24: 60/164 Loss: 52.312279
2021-10-29 09:15: Train Epoch 24: 80/164 Loss: 54.217159
2021-10-29 09:15: Train Epoch 24: 100/164 Loss: 51.144608
2021-10-29 09:15: Train Epoch 24: 120/164 Loss: 52.849644
2021-10-29 09:15: Train Epoch 24: 140/164 Loss: 54.598839
2021-10-29 09:16: Train Epoch 24: 160/164 Loss: 53.925491
2021-10-29 09:16: **********Train Epoch 24: averaged Loss: 54.170815, tf_ratio: 1.000000
2021-10-29 09:16: **********Val Epoch 24: average Loss: 57.391957
2021-10-29 09:16: *********************************Current best model saved!
2021-10-29 09:16: Train Epoch 25: 0/164 Loss: 53.036777
2021-10-29 09:16: Train Epoch 25: 20/164 Loss: 51.430065
2021-10-29 09:16: Train Epoch 25: 40/164 Loss: 50.568108
2021-10-29 09:17: Train Epoch 25: 60/164 Loss: 50.523132
2021-10-29 09:17: Train Epoch 25: 80/164 Loss: 52.987225
2021-10-29 09:17: Train Epoch 25: 100/164 Loss: 49.190990
2021-10-29 09:17: Train Epoch 25: 120/164 Loss: 50.954597
2021-10-29 09:17: Train Epoch 25: 140/164 Loss: 51.513374
2021-10-29 09:18: Train Epoch 25: 160/164 Loss: 49.349762
2021-10-29 09:18: **********Train Epoch 25: averaged Loss: 51.177032, tf_ratio: 1.000000
2021-10-29 09:18: **********Val Epoch 25: average Loss: 54.573932
2021-10-29 09:18: *********************************Current best model saved!
2021-10-29 09:18: Train Epoch 26: 0/164 Loss: 50.862659
2021-10-29 09:18: Train Epoch 26: 20/164 Loss: 47.884266
2021-10-29 09:18: Train Epoch 26: 40/164 Loss: 47.614231
2021-10-29 09:19: Train Epoch 26: 60/164 Loss: 49.454117
2021-10-29 09:19: Train Epoch 26: 80/164 Loss: 48.953167
2021-10-29 09:19: Train Epoch 26: 100/164 Loss: 48.689800
2021-10-29 09:19: Train Epoch 26: 120/164 Loss: 48.928585
2021-10-29 09:20: Train Epoch 26: 140/164 Loss: 47.260338
2021-10-29 09:20: Train Epoch 26: 160/164 Loss: 49.011124
2021-10-29 09:20: **********Train Epoch 26: averaged Loss: 48.586701, tf_ratio: 1.000000
2021-10-29 09:20: **********Val Epoch 26: average Loss: 52.818454
2021-10-29 09:20: *********************************Current best model saved!
2021-10-29 09:20: Train Epoch 27: 0/164 Loss: 47.240398
2021-10-29 09:20: Train Epoch 27: 20/164 Loss: 45.328167
2021-10-29 09:21: Train Epoch 27: 40/164 Loss: 45.787674
2021-10-29 09:21: Train Epoch 27: 60/164 Loss: 47.737316
2021-10-29 09:21: Train Epoch 27: 80/164 Loss: 47.473526
2021-10-29 09:21: Train Epoch 27: 100/164 Loss: 46.456558
2021-10-29 09:22: Train Epoch 27: 120/164 Loss: 46.318813
2021-10-29 09:22: Train Epoch 27: 140/164 Loss: 45.853901
2021-10-29 09:22: Train Epoch 27: 160/164 Loss: 46.078861
2021-10-29 09:22: **********Train Epoch 27: averaged Loss: 46.567934, tf_ratio: 1.000000
2021-10-29 09:22: **********Val Epoch 27: average Loss: 51.108183
2021-10-29 09:22: *********************************Current best model saved!
2021-10-29 09:22: Train Epoch 28: 0/164 Loss: 43.322792
2021-10-29 09:22: Train Epoch 28: 20/164 Loss: 45.419304
2021-10-29 09:23: Train Epoch 28: 40/164 Loss: 44.800186
2021-10-29 09:23: Train Epoch 28: 60/164 Loss: 44.483009
2021-10-29 09:23: Train Epoch 28: 80/164 Loss: 46.296776
2021-10-29 09:23: Train Epoch 28: 100/164 Loss: 44.233864
2021-10-29 09:24: Train Epoch 28: 120/164 Loss: 43.173454
2021-10-29 09:24: Train Epoch 28: 140/164 Loss: 44.342495
2021-10-29 09:24: Train Epoch 28: 160/164 Loss: 45.471058
2021-10-29 09:24: **********Train Epoch 28: averaged Loss: 44.669535, tf_ratio: 1.000000
2021-10-29 09:24: **********Val Epoch 28: average Loss: 49.923125
2021-10-29 09:24: *********************************Current best model saved!
2021-10-29 09:24: Train Epoch 29: 0/164 Loss: 44.206017
2021-10-29 09:25: Train Epoch 29: 20/164 Loss: 45.129440
2021-10-29 09:25: Train Epoch 29: 40/164 Loss: 43.946686
2021-10-29 09:25: Train Epoch 29: 60/164 Loss: 43.481388
2021-10-29 09:25: Train Epoch 29: 80/164 Loss: 42.990627
2021-10-29 09:26: Train Epoch 29: 100/164 Loss: 43.554066
2021-10-29 09:26: Train Epoch 29: 120/164 Loss: 42.195721
2021-10-29 09:26: Train Epoch 29: 140/164 Loss: 41.642147
2021-10-29 09:26: Train Epoch 29: 160/164 Loss: 43.206516
2021-10-29 09:26: **********Train Epoch 29: averaged Loss: 43.218015, tf_ratio: 1.000000
2021-10-29 09:26: **********Val Epoch 29: average Loss: 47.546717
2021-10-29 09:26: *********************************Current best model saved!
2021-10-29 09:26: Train Epoch 30: 0/164 Loss: 40.622543
2021-10-29 09:27: Train Epoch 30: 20/164 Loss: 42.984417
2021-10-29 09:27: Train Epoch 30: 40/164 Loss: 42.075661
2021-10-29 09:27: Train Epoch 30: 60/164 Loss: 42.281727
2021-10-29 09:27: Train Epoch 30: 80/164 Loss: 44.533611
2021-10-29 09:28: Train Epoch 30: 100/164 Loss: 40.828209
2021-10-29 09:28: Train Epoch 30: 120/164 Loss: 41.816719
2021-10-29 09:28: Train Epoch 30: 140/164 Loss: 40.229576
2021-10-29 09:28: Train Epoch 30: 160/164 Loss: 40.990437
2021-10-29 09:28: **********Train Epoch 30: averaged Loss: 41.727584, tf_ratio: 1.000000
2021-10-29 09:29: **********Val Epoch 30: average Loss: 46.489013
2021-10-29 09:29: *********************************Current best model saved!
2021-10-29 09:29: Train Epoch 31: 0/164 Loss: 40.128300
2021-10-29 09:29: Train Epoch 31: 20/164 Loss: 43.527576
2021-10-29 09:29: Train Epoch 31: 40/164 Loss: 41.440178
2021-10-29 09:29: Train Epoch 31: 60/164 Loss: 42.576145
2021-10-29 09:30: Train Epoch 31: 80/164 Loss: 43.022682
2021-10-29 09:30: Train Epoch 31: 100/164 Loss: 40.188980
2021-10-29 09:30: Train Epoch 31: 120/164 Loss: 38.785320
2021-10-29 09:30: Train Epoch 31: 140/164 Loss: 41.069466
2021-10-29 09:31: Train Epoch 31: 160/164 Loss: 37.848053
2021-10-29 09:31: **********Train Epoch 31: averaged Loss: 40.605553, tf_ratio: 1.000000
2021-10-29 09:31: **********Val Epoch 31: average Loss: 46.036200
2021-10-29 09:31: *********************************Current best model saved!
2021-10-29 09:31: Train Epoch 32: 0/164 Loss: 37.715019
2021-10-29 09:31: Train Epoch 32: 20/164 Loss: 42.158680
2021-10-29 09:31: Train Epoch 32: 40/164 Loss: 39.742931
2021-10-29 09:31: Train Epoch 32: 60/164 Loss: 39.393463
2021-10-29 09:32: Train Epoch 32: 80/164 Loss: 41.505211
2021-10-29 09:32: Train Epoch 32: 100/164 Loss: 39.797005
2021-10-29 09:32: Train Epoch 32: 120/164 Loss: 38.922142
2021-10-29 09:32: Train Epoch 32: 140/164 Loss: 40.488754
2021-10-29 09:33: Train Epoch 32: 160/164 Loss: 38.797932
2021-10-29 09:33: **********Train Epoch 32: averaged Loss: 39.527106, tf_ratio: 1.000000
2021-10-29 09:33: **********Val Epoch 32: average Loss: 45.323546
2021-10-29 09:33: *********************************Current best model saved!
2021-10-29 09:33: Train Epoch 33: 0/164 Loss: 39.036808
2021-10-29 09:33: Train Epoch 33: 20/164 Loss: 39.586170
2021-10-29 09:33: Train Epoch 33: 40/164 Loss: 38.724010
2021-10-29 09:34: Train Epoch 33: 60/164 Loss: 41.297676
2021-10-29 09:34: Train Epoch 33: 80/164 Loss: 38.859917
2021-10-29 09:34: Train Epoch 33: 100/164 Loss: 39.328320
2021-10-29 09:34: Train Epoch 33: 120/164 Loss: 37.718300
2021-10-29 09:35: Train Epoch 33: 140/164 Loss: 38.707275
2021-10-29 09:35: Train Epoch 33: 160/164 Loss: 38.964951
2021-10-29 09:35: **********Train Epoch 33: averaged Loss: 38.596212, tf_ratio: 1.000000
2021-10-29 09:35: **********Val Epoch 33: average Loss: 43.608168
2021-10-29 09:35: *********************************Current best model saved!
2021-10-29 09:35: Train Epoch 34: 0/164 Loss: 37.779224
2021-10-29 09:35: Train Epoch 34: 20/164 Loss: 38.787365
2021-10-29 09:35: Train Epoch 34: 40/164 Loss: 37.299374
2021-10-29 09:36: Train Epoch 34: 60/164 Loss: 36.960518
2021-10-29 09:36: Train Epoch 34: 80/164 Loss: 38.706715
2021-10-29 09:36: Train Epoch 34: 100/164 Loss: 38.637321
2021-10-29 09:36: Train Epoch 34: 120/164 Loss: 37.877659
2021-10-29 09:37: Train Epoch 34: 140/164 Loss: 37.983330
2021-10-29 09:37: Train Epoch 34: 160/164 Loss: 38.119053
2021-10-29 09:37: **********Train Epoch 34: averaged Loss: 37.817076, tf_ratio: 1.000000
2021-10-29 09:37: **********Val Epoch 34: average Loss: 42.342530
2021-10-29 09:37: *********************************Current best model saved!
2021-10-29 09:37: Train Epoch 35: 0/164 Loss: 36.711830
2021-10-29 09:37: Train Epoch 35: 20/164 Loss: 37.941639
2021-10-29 09:38: Train Epoch 35: 40/164 Loss: 36.142761
2021-10-29 09:38: Train Epoch 35: 60/164 Loss: 37.028492
2021-10-29 09:38: Train Epoch 35: 80/164 Loss: 37.716228
2021-10-29 09:38: Train Epoch 35: 100/164 Loss: 36.673443
2021-10-29 09:39: Train Epoch 35: 120/164 Loss: 36.994175
2021-10-29 09:39: Train Epoch 35: 140/164 Loss: 36.663662
2021-10-29 09:39: Train Epoch 35: 160/164 Loss: 35.192013
2021-10-29 09:39: **********Train Epoch 35: averaged Loss: 36.930089, tf_ratio: 1.000000
2021-10-29 09:39: **********Val Epoch 35: average Loss: 42.898908
2021-10-29 09:39: Train Epoch 36: 0/164 Loss: 36.419605
2021-10-29 09:39: Train Epoch 36: 20/164 Loss: 36.196453
2021-10-29 09:40: Train Epoch 36: 40/164 Loss: 37.599503
2021-10-29 09:40: Train Epoch 36: 60/164 Loss: 37.155708
2021-10-29 09:40: Train Epoch 36: 80/164 Loss: 34.690117
2021-10-29 09:40: Train Epoch 36: 100/164 Loss: 34.346825
2021-10-29 09:41: Train Epoch 36: 120/164 Loss: 35.089024
2021-10-29 09:41: Train Epoch 36: 140/164 Loss: 36.135777
2021-10-29 09:41: Train Epoch 36: 160/164 Loss: 36.797977
2021-10-29 09:41: **********Train Epoch 36: averaged Loss: 36.260996, tf_ratio: 1.000000
2021-10-29 09:41: **********Val Epoch 36: average Loss: 42.250886
2021-10-29 09:41: *********************************Current best model saved!
2021-10-29 09:41: Train Epoch 37: 0/164 Loss: 34.118347
2021-10-29 09:42: Train Epoch 37: 20/164 Loss: 36.710358
2021-10-29 09:42: Train Epoch 37: 40/164 Loss: 34.647942
2021-10-29 09:42: Train Epoch 37: 60/164 Loss: 34.543858
2021-10-29 09:42: Train Epoch 37: 80/164 Loss: 35.862236
2021-10-29 09:43: Train Epoch 37: 100/164 Loss: 34.557125
2021-10-29 09:43: Train Epoch 37: 120/164 Loss: 36.229710
2021-10-29 09:43: Train Epoch 37: 140/164 Loss: 33.848862
2021-10-29 09:43: Train Epoch 37: 160/164 Loss: 34.714870
2021-10-29 09:43: **********Train Epoch 37: averaged Loss: 35.626852, tf_ratio: 1.000000
2021-10-29 09:43: **********Val Epoch 37: average Loss: 41.117648
2021-10-29 09:43: *********************************Current best model saved!
2021-10-29 09:43: Train Epoch 38: 0/164 Loss: 34.579739
2021-10-29 09:44: Train Epoch 38: 20/164 Loss: 36.259777
2021-10-29 09:44: Train Epoch 38: 40/164 Loss: 33.779404
2021-10-29 09:44: Train Epoch 38: 60/164 Loss: 34.409542
2021-10-29 09:44: Train Epoch 38: 80/164 Loss: 36.837872
2021-10-29 09:45: Train Epoch 38: 100/164 Loss: 36.488842
2021-10-29 09:45: Train Epoch 38: 120/164 Loss: 34.136883
2021-10-29 09:45: Train Epoch 38: 140/164 Loss: 36.759171
2021-10-29 09:45: Train Epoch 38: 160/164 Loss: 34.831497
2021-10-29 09:45: **********Train Epoch 38: averaged Loss: 35.094978, tf_ratio: 1.000000
2021-10-29 09:46: **********Val Epoch 38: average Loss: 41.115655
2021-10-29 09:46: *********************************Current best model saved!
2021-10-29 09:46: Train Epoch 39: 0/164 Loss: 35.580757
2021-10-29 09:46: Train Epoch 39: 20/164 Loss: 37.206894
2021-10-29 09:46: Train Epoch 39: 40/164 Loss: 35.721344
2021-10-29 09:46: Train Epoch 39: 60/164 Loss: 34.145805
2021-10-29 09:47: Train Epoch 39: 80/164 Loss: 35.708961
2021-10-29 09:47: Train Epoch 39: 100/164 Loss: 33.747730
2021-10-29 09:47: Train Epoch 39: 120/164 Loss: 34.065224
2021-10-29 09:47: Train Epoch 39: 140/164 Loss: 33.789101
2021-10-29 09:48: Train Epoch 39: 160/164 Loss: 33.063496
2021-10-29 09:48: **********Train Epoch 39: averaged Loss: 34.506777, tf_ratio: 1.000000
2021-10-29 09:48: **********Val Epoch 39: average Loss: 41.249667
2021-10-29 09:48: Train Epoch 40: 0/164 Loss: 33.244881
2021-10-29 09:48: Train Epoch 40: 20/164 Loss: 33.057644
2021-10-29 09:48: Train Epoch 40: 40/164 Loss: 34.932388
2021-10-29 09:48: Train Epoch 40: 60/164 Loss: 34.695290
2021-10-29 09:49: Train Epoch 40: 80/164 Loss: 32.917843
2021-10-29 09:49: Train Epoch 40: 100/164 Loss: 32.928795
2021-10-29 09:49: Train Epoch 40: 120/164 Loss: 32.960056
2021-10-29 09:49: Train Epoch 40: 140/164 Loss: 33.115738
2021-10-29 09:50: Train Epoch 40: 160/164 Loss: 35.018673
2021-10-29 09:50: **********Train Epoch 40: averaged Loss: 33.971877, tf_ratio: 1.000000
2021-10-29 09:50: **********Val Epoch 40: average Loss: 39.375033
2021-10-29 09:50: *********************************Current best model saved!
2021-10-29 09:50: Train Epoch 41: 0/164 Loss: 34.057514
2021-10-29 09:50: Train Epoch 41: 20/164 Loss: 32.979637
2021-10-29 09:50: Train Epoch 41: 40/164 Loss: 32.478794
2021-10-29 09:51: Train Epoch 41: 60/164 Loss: 34.716484
2021-10-29 09:51: Train Epoch 41: 80/164 Loss: 33.688881
2021-10-29 09:51: Train Epoch 41: 100/164 Loss: 33.576271
2021-10-29 09:51: Train Epoch 41: 120/164 Loss: 33.175602
2021-10-29 09:52: Train Epoch 41: 140/164 Loss: 33.233925
2021-10-29 09:52: Train Epoch 41: 160/164 Loss: 33.550743
2021-10-29 09:52: **********Train Epoch 41: averaged Loss: 33.415372, tf_ratio: 1.000000
2021-10-29 09:52: **********Val Epoch 41: average Loss: 39.626055
2021-10-29 09:52: Train Epoch 42: 0/164 Loss: 34.139404
2021-10-29 09:52: Train Epoch 42: 20/164 Loss: 32.274963
2021-10-29 09:52: Train Epoch 42: 40/164 Loss: 31.654694
2021-10-29 09:53: Train Epoch 42: 60/164 Loss: 31.982323
2021-10-29 09:53: Train Epoch 42: 80/164 Loss: 31.862720
2021-10-29 09:53: Train Epoch 42: 100/164 Loss: 33.366119
2021-10-29 09:53: Train Epoch 42: 120/164 Loss: 32.857979
2021-10-29 09:54: Train Epoch 42: 140/164 Loss: 32.791702
2021-10-29 09:54: Train Epoch 42: 160/164 Loss: 32.610928
2021-10-29 09:54: **********Train Epoch 42: averaged Loss: 33.138941, tf_ratio: 1.000000
2021-10-29 09:54: **********Val Epoch 42: average Loss: 39.204607
2021-10-29 09:54: *********************************Current best model saved!
2021-10-29 09:54: Train Epoch 43: 0/164 Loss: 32.807293
2021-10-29 09:54: Train Epoch 43: 20/164 Loss: 31.366682
2021-10-29 09:55: Train Epoch 43: 40/164 Loss: 32.451725
2021-10-29 09:55: Train Epoch 43: 60/164 Loss: 32.979725
2021-10-29 09:55: Train Epoch 43: 80/164 Loss: 31.914635
2021-10-29 09:55: Train Epoch 43: 100/164 Loss: 32.681442
2021-10-29 09:56: Train Epoch 43: 120/164 Loss: 31.462000
2021-10-29 09:56: Train Epoch 43: 140/164 Loss: 30.615324
2021-10-29 09:56: Train Epoch 43: 160/164 Loss: 34.501312
2021-10-29 09:56: **********Train Epoch 43: averaged Loss: 32.788477, tf_ratio: 1.000000
2021-10-29 09:56: **********Val Epoch 43: average Loss: 37.850114
2021-10-29 09:56: *********************************Current best model saved!
2021-10-29 09:56: Train Epoch 44: 0/164 Loss: 33.303978
2021-10-29 09:57: Train Epoch 44: 20/164 Loss: 31.572165
2021-10-29 09:57: Train Epoch 44: 40/164 Loss: 32.716949
2021-10-29 09:57: Train Epoch 44: 60/164 Loss: 32.243893
2021-10-29 09:57: Train Epoch 44: 80/164 Loss: 31.425619
2021-10-29 09:58: Train Epoch 44: 100/164 Loss: 33.497719
2021-10-29 09:58: Train Epoch 44: 120/164 Loss: 32.737000
2021-10-29 09:58: Train Epoch 44: 140/164 Loss: 31.460903
2021-10-29 09:58: Train Epoch 44: 160/164 Loss: 31.742744
2021-10-29 09:58: **********Train Epoch 44: averaged Loss: 32.215492, tf_ratio: 1.000000
2021-10-29 09:58: **********Val Epoch 44: average Loss: 37.298042
2021-10-29 09:58: *********************************Current best model saved!
2021-10-29 09:58: Train Epoch 45: 0/164 Loss: 32.342949
2021-10-29 09:59: Train Epoch 45: 20/164 Loss: 31.757492
2021-10-29 09:59: Train Epoch 45: 40/164 Loss: 31.557604
2021-10-29 09:59: Train Epoch 45: 60/164 Loss: 31.893536
2021-10-29 09:59: Train Epoch 45: 80/164 Loss: 31.593149
2021-10-29 10:00: Train Epoch 45: 100/164 Loss: 32.596146
2021-10-29 10:00: Train Epoch 45: 120/164 Loss: 32.794819
2021-10-29 10:00: Train Epoch 45: 140/164 Loss: 31.311316
2021-10-29 10:00: Train Epoch 45: 160/164 Loss: 31.117285
2021-10-29 10:00: **********Train Epoch 45: averaged Loss: 31.750011, tf_ratio: 1.000000
2021-10-29 10:01: **********Val Epoch 45: average Loss: 37.308348
2021-10-29 10:01: Train Epoch 46: 0/164 Loss: 31.776171
2021-10-29 10:01: Train Epoch 46: 20/164 Loss: 31.405169
2021-10-29 10:01: Train Epoch 46: 40/164 Loss: 31.518578
2021-10-29 10:01: Train Epoch 46: 60/164 Loss: 31.991114
2021-10-29 10:02: Train Epoch 46: 80/164 Loss: 31.462996
2021-10-29 10:02: Train Epoch 46: 100/164 Loss: 31.744915
2021-10-29 10:02: Train Epoch 46: 120/164 Loss: 31.233866
2021-10-29 10:02: Train Epoch 46: 140/164 Loss: 29.618258
2021-10-29 10:03: Train Epoch 46: 160/164 Loss: 31.348120
2021-10-29 10:03: **********Train Epoch 46: averaged Loss: 31.272598, tf_ratio: 1.000000
2021-10-29 10:03: **********Val Epoch 46: average Loss: 36.382802
2021-10-29 10:03: *********************************Current best model saved!
2021-10-29 10:03: Train Epoch 47: 0/164 Loss: 32.468681
2021-10-29 10:03: Train Epoch 47: 20/164 Loss: 30.865467
2021-10-29 10:03: Train Epoch 47: 40/164 Loss: 31.014486
2021-10-29 10:03: Train Epoch 47: 60/164 Loss: 30.923622
2021-10-29 10:04: Train Epoch 47: 80/164 Loss: 30.397402
2021-10-29 10:04: Train Epoch 47: 100/164 Loss: 31.342497
2021-10-29 10:04: Train Epoch 47: 120/164 Loss: 30.823452
2021-10-29 10:04: Train Epoch 47: 140/164 Loss: 32.198971
2021-10-29 10:05: Train Epoch 47: 160/164 Loss: 30.030077
2021-10-29 10:05: **********Train Epoch 47: averaged Loss: 30.993613, tf_ratio: 1.000000
2021-10-29 10:05: **********Val Epoch 47: average Loss: 36.882390
2021-10-29 10:05: Train Epoch 48: 0/164 Loss: 30.985964
2021-10-29 10:05: Train Epoch 48: 20/164 Loss: 31.146574
2021-10-29 10:05: Train Epoch 48: 40/164 Loss: 30.601528
2021-10-29 10:06: Train Epoch 48: 60/164 Loss: 32.700886
2021-10-29 10:06: Train Epoch 48: 80/164 Loss: 30.032595
2021-10-29 10:06: Train Epoch 48: 100/164 Loss: 30.811237
2021-10-29 10:06: Train Epoch 48: 120/164 Loss: 30.529341
2021-10-29 10:07: Train Epoch 48: 140/164 Loss: 30.657370
2021-10-29 10:07: Train Epoch 48: 160/164 Loss: 30.640366
2021-10-29 10:07: **********Train Epoch 48: averaged Loss: 30.608277, tf_ratio: 1.000000
2021-10-29 10:07: **********Val Epoch 48: average Loss: 37.896244
2021-10-29 10:07: Train Epoch 49: 0/164 Loss: 30.760059
2021-10-29 10:07: Train Epoch 49: 20/164 Loss: 30.238016
2021-10-29 10:07: Train Epoch 49: 40/164 Loss: 31.763186
2021-10-29 10:08: Train Epoch 49: 60/164 Loss: 30.573999
2021-10-29 10:08: Train Epoch 49: 80/164 Loss: 30.179132
2021-10-29 10:08: Train Epoch 49: 100/164 Loss: 28.586302
2021-10-29 10:08: Train Epoch 49: 120/164 Loss: 28.999079
2021-10-29 10:09: Train Epoch 49: 140/164 Loss: 30.651522
2021-10-29 10:09: Train Epoch 49: 160/164 Loss: 30.931807
2021-10-29 10:09: **********Train Epoch 49: averaged Loss: 30.431570, tf_ratio: 1.000000
2021-10-29 10:09: **********Val Epoch 49: average Loss: 35.849919
2021-10-29 10:09: *********************************Current best model saved!
2021-10-29 10:09: Train Epoch 50: 0/164 Loss: 30.179903
2021-10-29 10:09: Train Epoch 50: 20/164 Loss: 29.206848
2021-10-29 10:10: Train Epoch 50: 40/164 Loss: 29.971155
2021-10-29 10:10: Train Epoch 50: 60/164 Loss: 31.255154
2021-10-29 10:10: Train Epoch 50: 80/164 Loss: 29.001198
2021-10-29 10:10: Train Epoch 50: 100/164 Loss: 30.113613
2021-10-29 10:11: Train Epoch 50: 120/164 Loss: 29.196903
2021-10-29 10:11: Train Epoch 50: 140/164 Loss: 30.100006
2021-10-29 10:11: Train Epoch 50: 160/164 Loss: 29.550879
2021-10-29 10:11: **********Train Epoch 50: averaged Loss: 30.117661, tf_ratio: 1.000000
2021-10-29 10:11: **********Val Epoch 50: average Loss: 38.117226
2021-10-29 10:11: Train Epoch 51: 0/164 Loss: 30.187477
2021-10-29 10:11: Train Epoch 51: 20/164 Loss: 30.835451
2021-10-29 10:12: Train Epoch 51: 40/164 Loss: 30.264175
2021-10-29 10:12: Train Epoch 51: 60/164 Loss: 30.821833
2021-10-29 10:12: Train Epoch 51: 80/164 Loss: 30.623865
2021-10-29 10:12: Train Epoch 51: 100/164 Loss: 30.023373
2021-10-29 10:13: Train Epoch 51: 120/164 Loss: 29.685698
2021-10-29 10:13: Train Epoch 51: 140/164 Loss: 29.933687
2021-10-29 10:13: Train Epoch 51: 160/164 Loss: 31.425787
2021-10-29 10:13: **********Train Epoch 51: averaged Loss: 29.864928, tf_ratio: 1.000000
2021-10-29 10:13: **********Val Epoch 51: average Loss: 37.184966
2021-10-29 10:13: Train Epoch 52: 0/164 Loss: 29.973433
2021-10-29 10:14: Train Epoch 52: 20/164 Loss: 29.721100
2021-10-29 10:14: Train Epoch 52: 40/164 Loss: 30.808968
2021-10-29 10:14: Train Epoch 52: 60/164 Loss: 29.006618
2021-10-29 10:14: Train Epoch 52: 80/164 Loss: 28.918306
2021-10-29 10:15: Train Epoch 52: 100/164 Loss: 28.056051
2021-10-29 10:15: Train Epoch 52: 120/164 Loss: 29.938471
2021-10-29 10:15: Train Epoch 52: 140/164 Loss: 30.842365
2021-10-29 10:15: Train Epoch 52: 160/164 Loss: 29.346523
2021-10-29 10:15: **********Train Epoch 52: averaged Loss: 29.464997, tf_ratio: 1.000000
2021-10-29 10:15: **********Val Epoch 52: average Loss: 36.521058
2021-10-29 10:15: Train Epoch 53: 0/164 Loss: 28.024384
2021-10-29 10:16: Train Epoch 53: 20/164 Loss: 27.915131
2021-10-29 10:16: Train Epoch 53: 40/164 Loss: 29.405041
2021-10-29 10:16: Train Epoch 53: 60/164 Loss: 29.550823
2021-10-29 10:16: Train Epoch 53: 80/164 Loss: 30.098209
2021-10-29 10:17: Train Epoch 53: 100/164 Loss: 27.856655
2021-10-29 10:17: Train Epoch 53: 120/164 Loss: 28.484936
2021-10-29 10:17: Train Epoch 53: 140/164 Loss: 28.959028
2021-10-29 10:17: Train Epoch 53: 160/164 Loss: 29.697760
2021-10-29 10:17: **********Train Epoch 53: averaged Loss: 29.158973, tf_ratio: 1.000000
2021-10-29 10:18: **********Val Epoch 53: average Loss: 34.760587
2021-10-29 10:18: *********************************Current best model saved!
2021-10-29 10:18: Train Epoch 54: 0/164 Loss: 29.913889
2021-10-29 10:18: Train Epoch 54: 20/164 Loss: 28.555059
2021-10-29 10:18: Train Epoch 54: 40/164 Loss: 28.868200
2021-10-29 10:18: Train Epoch 54: 60/164 Loss: 28.377998
2021-10-29 10:19: Train Epoch 54: 80/164 Loss: 28.753731
2021-10-29 10:19: Train Epoch 54: 100/164 Loss: 30.460073
2021-10-29 10:19: Train Epoch 54: 120/164 Loss: 29.656246
2021-10-29 10:19: Train Epoch 54: 140/164 Loss: 30.136127
2021-10-29 10:19: Train Epoch 54: 160/164 Loss: 28.771671
2021-10-29 10:20: **********Train Epoch 54: averaged Loss: 29.039608, tf_ratio: 1.000000
2021-10-29 10:20: **********Val Epoch 54: average Loss: 35.360514
2021-10-29 10:20: Train Epoch 55: 0/164 Loss: 30.217632
2021-10-29 10:20: Train Epoch 55: 20/164 Loss: 29.458544
2021-10-29 10:20: Train Epoch 55: 40/164 Loss: 28.300138
2021-10-29 10:20: Train Epoch 55: 60/164 Loss: 27.810007
2021-10-29 10:21: Train Epoch 55: 80/164 Loss: 27.866415
2021-10-29 10:21: Train Epoch 55: 100/164 Loss: 29.746443
2021-10-29 10:21: Train Epoch 55: 120/164 Loss: 29.640348
2021-10-29 10:21: Train Epoch 55: 140/164 Loss: 28.424505
2021-10-29 10:22: Train Epoch 55: 160/164 Loss: 28.304255
2021-10-29 10:22: **********Train Epoch 55: averaged Loss: 28.807909, tf_ratio: 1.000000
2021-10-29 10:22: **********Val Epoch 55: average Loss: 35.634718
2021-10-29 10:22: Train Epoch 56: 0/164 Loss: 28.874033
2021-10-29 10:22: Train Epoch 56: 20/164 Loss: 28.341803
2021-10-29 10:22: Train Epoch 56: 40/164 Loss: 28.128710
2021-10-29 10:23: Train Epoch 56: 60/164 Loss: 28.799133
2021-10-29 10:23: Train Epoch 56: 80/164 Loss: 28.623718
2021-10-29 10:23: Train Epoch 56: 100/164 Loss: 28.008148
2021-10-29 10:23: Train Epoch 56: 120/164 Loss: 29.516821
2021-10-29 10:23: Train Epoch 56: 140/164 Loss: 27.925455
2021-10-29 10:24: Train Epoch 56: 160/164 Loss: 29.171677
2021-10-29 10:24: **********Train Epoch 56: averaged Loss: 28.655987, tf_ratio: 1.000000
2021-10-29 10:24: **********Val Epoch 56: average Loss: 34.733862
2021-10-29 10:24: *********************************Current best model saved!
2021-10-29 10:24: Train Epoch 57: 0/164 Loss: 28.000660
2021-10-29 10:24: Train Epoch 57: 20/164 Loss: 27.863377
2021-10-29 10:24: Train Epoch 57: 40/164 Loss: 29.942589
2021-10-29 10:25: Train Epoch 57: 60/164 Loss: 28.297688
2021-10-29 10:25: Train Epoch 57: 80/164 Loss: 29.290194
2021-10-29 10:25: Train Epoch 57: 100/164 Loss: 28.123955
2021-10-29 10:25: Train Epoch 57: 120/164 Loss: 28.677202
2021-10-29 10:26: Train Epoch 57: 140/164 Loss: 27.138788
2021-10-29 10:26: Train Epoch 57: 160/164 Loss: 28.054079
2021-10-29 10:26: **********Train Epoch 57: averaged Loss: 28.384958, tf_ratio: 1.000000
2021-10-29 10:26: **********Val Epoch 57: average Loss: 34.932843
2021-10-29 10:26: Train Epoch 58: 0/164 Loss: 28.785137
2021-10-29 10:26: Train Epoch 58: 20/164 Loss: 29.072039
2021-10-29 10:27: Train Epoch 58: 40/164 Loss: 28.620785
2021-10-29 10:27: Train Epoch 58: 60/164 Loss: 29.444019
2021-10-29 10:27: Train Epoch 58: 80/164 Loss: 27.720770
2021-10-29 10:27: Train Epoch 58: 100/164 Loss: 26.704535
2021-10-29 10:28: Train Epoch 58: 120/164 Loss: 27.682543
2021-10-29 10:28: Train Epoch 58: 140/164 Loss: 27.054964
2021-10-29 10:28: Train Epoch 58: 160/164 Loss: 27.582989
2021-10-29 10:28: **********Train Epoch 58: averaged Loss: 28.169356, tf_ratio: 1.000000
2021-10-29 10:28: **********Val Epoch 58: average Loss: 34.483568
2021-10-29 10:28: *********************************Current best model saved!
2021-10-29 10:28: Train Epoch 59: 0/164 Loss: 28.117352
2021-10-29 10:28: Train Epoch 59: 20/164 Loss: 27.640448
2021-10-29 10:29: Train Epoch 59: 40/164 Loss: 29.240927
2021-10-29 10:29: Train Epoch 59: 60/164 Loss: 28.110693
2021-10-29 10:29: Train Epoch 59: 80/164 Loss: 28.955898
2021-10-29 10:29: Train Epoch 59: 100/164 Loss: 28.132431
2021-10-29 10:30: Train Epoch 59: 120/164 Loss: 28.006069
2021-10-29 10:30: Train Epoch 59: 140/164 Loss: 29.054127
2021-10-29 10:30: Train Epoch 59: 160/164 Loss: 31.521835
2021-10-29 10:30: **********Train Epoch 59: averaged Loss: 28.594885, tf_ratio: 1.000000
2021-10-29 10:30: **********Val Epoch 59: average Loss: 38.853601
2021-10-29 10:30: Train Epoch 60: 0/164 Loss: 30.618567
2021-10-29 10:31: Train Epoch 60: 20/164 Loss: 28.034557
2021-10-29 10:31: Train Epoch 60: 40/164 Loss: 27.112011
2021-10-29 10:31: Train Epoch 60: 60/164 Loss: 28.202127
2021-10-29 10:31: Train Epoch 60: 80/164 Loss: 28.774460
2021-10-29 10:32: Train Epoch 60: 100/164 Loss: 27.921848
2021-10-29 10:32: Train Epoch 60: 120/164 Loss: 27.805502
2021-10-29 10:32: Train Epoch 60: 140/164 Loss: 27.966869
2021-10-29 10:32: Train Epoch 60: 160/164 Loss: 29.472706
2021-10-29 10:32: **********Train Epoch 60: averaged Loss: 28.527727, tf_ratio: 1.000000
2021-10-29 10:32: **********Val Epoch 60: average Loss: 35.165346
2021-10-29 10:32: Train Epoch 61: 0/164 Loss: 27.414299
2021-10-29 10:33: Train Epoch 61: 20/164 Loss: 27.870617
2021-10-29 10:33: Train Epoch 61: 40/164 Loss: 27.702232
2021-10-29 10:33: Train Epoch 61: 60/164 Loss: 27.812159
2021-10-29 10:33: Train Epoch 61: 80/164 Loss: 27.963425
2021-10-29 10:34: Train Epoch 61: 100/164 Loss: 27.408548
2021-10-29 10:34: Train Epoch 61: 120/164 Loss: 26.419504
2021-10-29 10:34: Train Epoch 61: 140/164 Loss: 28.470551
2021-10-29 10:34: Train Epoch 61: 160/164 Loss: 25.887093
2021-10-29 10:34: **********Train Epoch 61: averaged Loss: 27.725592, tf_ratio: 1.000000
2021-10-29 10:35: **********Val Epoch 61: average Loss: 35.061940
2021-10-29 10:35: Train Epoch 62: 0/164 Loss: 28.396477
2021-10-29 10:35: Train Epoch 62: 20/164 Loss: 28.255444
2021-10-29 10:35: Train Epoch 62: 40/164 Loss: 28.540907
2021-10-29 10:35: Train Epoch 62: 60/164 Loss: 27.915306
2021-10-29 10:36: Train Epoch 62: 80/164 Loss: 26.944052
2021-10-29 10:36: Train Epoch 62: 100/164 Loss: 27.187363
2021-10-29 10:36: Train Epoch 62: 120/164 Loss: 27.318283
2021-10-29 10:36: Train Epoch 62: 140/164 Loss: 26.007175
2021-10-29 10:36: Train Epoch 62: 160/164 Loss: 28.084358
2021-10-29 10:37: **********Train Epoch 62: averaged Loss: 27.513046, tf_ratio: 1.000000
2021-10-29 10:37: **********Val Epoch 62: average Loss: 35.968319
2021-10-29 10:37: Train Epoch 63: 0/164 Loss: 28.278244
2021-10-29 10:37: Train Epoch 63: 20/164 Loss: 28.143883
2021-10-29 10:37: Train Epoch 63: 40/164 Loss: 27.456387
2021-10-29 10:37: Train Epoch 63: 60/164 Loss: 27.018625
2021-10-29 10:38: Train Epoch 63: 80/164 Loss: 27.717674
2021-10-29 10:38: Train Epoch 63: 100/164 Loss: 26.890751
2021-10-29 10:38: Train Epoch 63: 120/164 Loss: 26.648821
2021-10-29 10:38: Train Epoch 63: 140/164 Loss: 27.516865
2021-10-29 10:39: Train Epoch 63: 160/164 Loss: 26.859484
2021-10-29 10:39: **********Train Epoch 63: averaged Loss: 27.475359, tf_ratio: 1.000000
2021-10-29 10:39: **********Val Epoch 63: average Loss: 33.826404
2021-10-29 10:39: *********************************Current best model saved!
2021-10-29 10:39: Train Epoch 64: 0/164 Loss: 26.478949
2021-10-29 10:39: Train Epoch 64: 20/164 Loss: 26.818108
2021-10-29 10:39: Train Epoch 64: 40/164 Loss: 27.240799
2021-10-29 10:40: Train Epoch 64: 60/164 Loss: 28.334013
2021-10-29 10:40: Train Epoch 64: 80/164 Loss: 27.286203
2021-10-29 10:40: Train Epoch 64: 100/164 Loss: 26.477814
2021-10-29 10:40: Train Epoch 64: 120/164 Loss: 27.469494
2021-10-29 10:41: Train Epoch 64: 140/164 Loss: 28.311783
2021-10-29 10:41: Train Epoch 64: 160/164 Loss: 26.791361
2021-10-29 10:41: **********Train Epoch 64: averaged Loss: 27.343928, tf_ratio: 1.000000
2021-10-29 10:41: **********Val Epoch 64: average Loss: 33.751317
2021-10-29 10:41: *********************************Current best model saved!
2021-10-29 10:41: Train Epoch 65: 0/164 Loss: 27.476152
2021-10-29 10:41: Train Epoch 65: 20/164 Loss: 27.584232
2021-10-29 10:41: Train Epoch 65: 40/164 Loss: 26.433853
2021-10-29 10:42: Train Epoch 65: 60/164 Loss: 26.945620
2021-10-29 10:42: Train Epoch 65: 80/164 Loss: 27.891792
2021-10-29 10:42: Train Epoch 65: 100/164 Loss: 27.255571
2021-10-29 10:42: Train Epoch 65: 120/164 Loss: 27.037531
2021-10-29 10:43: Train Epoch 65: 140/164 Loss: 27.024214
2021-10-29 10:43: Train Epoch 65: 160/164 Loss: 27.105427
2021-10-29 10:43: **********Train Epoch 65: averaged Loss: 27.116640, tf_ratio: 1.000000
2021-10-29 10:43: **********Val Epoch 65: average Loss: 34.292389
2021-10-29 10:43: Train Epoch 66: 0/164 Loss: 27.357609
2021-10-29 10:43: Train Epoch 66: 20/164 Loss: 26.889980
2021-10-29 10:44: Train Epoch 66: 40/164 Loss: 26.263969
2021-10-29 10:44: Train Epoch 66: 60/164 Loss: 26.639317
2021-10-29 10:44: Train Epoch 66: 80/164 Loss: 28.034414
2021-10-29 10:44: Train Epoch 66: 100/164 Loss: 26.888338
2021-10-29 10:45: Train Epoch 66: 120/164 Loss: 26.995840
2021-10-29 10:45: Train Epoch 66: 140/164 Loss: 27.339895
2021-10-29 10:45: Train Epoch 66: 160/164 Loss: 26.903774
2021-10-29 10:45: **********Train Epoch 66: averaged Loss: 26.947086, tf_ratio: 1.000000
2021-10-29 10:45: **********Val Epoch 66: average Loss: 34.388758
2021-10-29 10:45: Train Epoch 67: 0/164 Loss: 27.090921
2021-10-29 10:45: Train Epoch 67: 20/164 Loss: 26.790545
2021-10-29 10:46: Train Epoch 67: 40/164 Loss: 25.614304
2021-10-29 10:46: Train Epoch 67: 60/164 Loss: 26.309393
2021-10-29 10:46: Train Epoch 67: 80/164 Loss: 27.701374
2021-10-29 10:46: Train Epoch 67: 100/164 Loss: 26.212313
2021-10-29 10:47: Train Epoch 67: 120/164 Loss: 27.805866
2021-10-29 10:47: Train Epoch 67: 140/164 Loss: 25.846304
2021-10-29 10:47: Train Epoch 67: 160/164 Loss: 27.161303
2021-10-29 10:47: **********Train Epoch 67: averaged Loss: 26.800743, tf_ratio: 1.000000
2021-10-29 10:47: **********Val Epoch 67: average Loss: 33.735001
2021-10-29 10:47: *********************************Current best model saved!
2021-10-29 10:47: Train Epoch 68: 0/164 Loss: 25.701582
2021-10-29 10:48: Train Epoch 68: 20/164 Loss: 26.567474
2021-10-29 10:48: Train Epoch 68: 40/164 Loss: 27.417795
2021-10-29 10:48: Train Epoch 68: 60/164 Loss: 26.675251
2021-10-29 10:48: Train Epoch 68: 80/164 Loss: 27.643440
2021-10-29 10:49: Train Epoch 68: 100/164 Loss: 26.568359
2021-10-29 10:49: Train Epoch 68: 120/164 Loss: 27.647369
2021-10-29 10:49: Train Epoch 68: 140/164 Loss: 28.226513
2021-10-29 10:49: Train Epoch 68: 160/164 Loss: 25.671227
2021-10-29 10:49: **********Train Epoch 68: averaged Loss: 26.813651, tf_ratio: 1.000000
2021-10-29 10:49: **********Val Epoch 68: average Loss: 32.667268
2021-10-29 10:49: *********************************Current best model saved!
2021-10-29 10:49: Train Epoch 69: 0/164 Loss: 27.754581
2021-10-29 10:50: Train Epoch 69: 20/164 Loss: 25.820099
2021-10-29 10:50: Train Epoch 69: 40/164 Loss: 26.845421
2021-10-29 10:50: Train Epoch 69: 60/164 Loss: 26.364780
2021-10-29 10:50: Train Epoch 69: 80/164 Loss: 26.016945
2021-10-29 10:51: Train Epoch 69: 100/164 Loss: 26.633589
2021-10-29 10:51: Train Epoch 69: 120/164 Loss: 25.740194
2021-10-29 10:51: Train Epoch 69: 140/164 Loss: 26.908165
2021-10-29 10:51: Train Epoch 69: 160/164 Loss: 27.482653
2021-10-29 10:51: **********Train Epoch 69: averaged Loss: 26.655001, tf_ratio: 1.000000
2021-10-29 10:52: **********Val Epoch 69: average Loss: 34.471169
2021-10-29 10:52: Train Epoch 70: 0/164 Loss: 26.085903
2021-10-29 10:52: Train Epoch 70: 20/164 Loss: 27.183229
2021-10-29 10:52: Train Epoch 70: 40/164 Loss: 26.825100
2021-10-29 10:52: Train Epoch 70: 60/164 Loss: 26.864004
2021-10-29 10:53: Train Epoch 70: 80/164 Loss: 25.893648
2021-10-29 10:53: Train Epoch 70: 100/164 Loss: 27.603907
2021-10-29 10:53: Train Epoch 70: 120/164 Loss: 27.470579
2021-10-29 10:53: Train Epoch 70: 140/164 Loss: 26.905750
2021-10-29 10:53: Train Epoch 70: 160/164 Loss: 26.347830
2021-10-29 10:54: **********Train Epoch 70: averaged Loss: 26.508540, tf_ratio: 1.000000
2021-10-29 10:54: **********Val Epoch 70: average Loss: 34.199015
2021-10-29 10:54: Train Epoch 71: 0/164 Loss: 26.980373
2021-10-29 10:54: Train Epoch 71: 20/164 Loss: 28.058849
2021-10-29 10:54: Train Epoch 71: 40/164 Loss: 25.827513
2021-10-29 10:54: Train Epoch 71: 60/164 Loss: 25.703630
2021-10-29 10:55: Train Epoch 71: 80/164 Loss: 26.699572
2021-10-29 10:55: Train Epoch 71: 100/164 Loss: 25.938650
2021-10-29 10:55: Train Epoch 71: 120/164 Loss: 26.390987
2021-10-29 10:55: Train Epoch 71: 140/164 Loss: 25.267244
2021-10-29 10:56: Train Epoch 71: 160/164 Loss: 25.748974
2021-10-29 10:56: **********Train Epoch 71: averaged Loss: 26.368786, tf_ratio: 1.000000
2021-10-29 10:56: **********Val Epoch 71: average Loss: 33.724266
2021-10-29 10:56: Train Epoch 72: 0/164 Loss: 25.725069
2021-10-29 10:56: Train Epoch 72: 20/164 Loss: 26.695448
2021-10-29 10:56: Train Epoch 72: 40/164 Loss: 27.090294
2021-10-29 10:57: Train Epoch 72: 60/164 Loss: 27.516098
2021-10-29 10:57: Train Epoch 72: 80/164 Loss: 25.985466
2021-10-29 10:57: Train Epoch 72: 100/164 Loss: 27.066959
2021-10-29 10:57: Train Epoch 72: 120/164 Loss: 26.189199
2021-10-29 10:57: Train Epoch 72: 140/164 Loss: 26.347954
2021-10-29 10:58: Train Epoch 72: 160/164 Loss: 26.739531
2021-10-29 10:58: **********Train Epoch 72: averaged Loss: 26.306618, tf_ratio: 1.000000
2021-10-29 10:58: **********Val Epoch 72: average Loss: 32.540713
2021-10-29 10:58: *********************************Current best model saved!
2021-10-29 10:58: Train Epoch 73: 0/164 Loss: 26.433798
2021-10-29 10:58: Train Epoch 73: 20/164 Loss: 26.516632
2021-10-29 10:58: Train Epoch 73: 40/164 Loss: 25.950226
2021-10-29 10:59: Train Epoch 73: 60/164 Loss: 26.091219
2021-10-29 10:59: Train Epoch 73: 80/164 Loss: 26.372580
2021-10-29 10:59: Train Epoch 73: 100/164 Loss: 26.114952
2021-10-29 10:59: Train Epoch 73: 120/164 Loss: 26.607986
2021-10-29 11:00: Train Epoch 73: 140/164 Loss: 25.718605
2021-10-29 11:00: Train Epoch 73: 160/164 Loss: 25.607119
2021-10-29 11:00: **********Train Epoch 73: averaged Loss: 26.209547, tf_ratio: 1.000000
2021-10-29 11:00: **********Val Epoch 73: average Loss: 32.750462
2021-10-29 11:00: Train Epoch 74: 0/164 Loss: 27.351776
2021-10-29 11:00: Train Epoch 74: 20/164 Loss: 26.129471
2021-10-29 11:01: Train Epoch 74: 40/164 Loss: 25.487654
2021-10-29 11:01: Train Epoch 74: 60/164 Loss: 27.207506
2021-10-29 11:01: Train Epoch 74: 80/164 Loss: 27.161392
2021-10-29 11:01: Train Epoch 74: 100/164 Loss: 25.251860
2021-10-29 11:01: Train Epoch 74: 120/164 Loss: 26.582067
2021-10-29 11:02: Train Epoch 74: 140/164 Loss: 26.368761
2021-10-29 11:02: Train Epoch 74: 160/164 Loss: 25.874023
2021-10-29 11:02: **********Train Epoch 74: averaged Loss: 25.986886, tf_ratio: 1.000000
2021-10-29 11:02: **********Val Epoch 74: average Loss: 33.142932
2021-10-29 11:02: Train Epoch 75: 0/164 Loss: 25.990381
2021-10-29 11:02: Train Epoch 75: 20/164 Loss: 25.474386
2021-10-29 11:03: Train Epoch 75: 40/164 Loss: 25.659069
2021-10-29 11:03: Train Epoch 75: 60/164 Loss: 25.843567
2021-10-29 11:03: Train Epoch 75: 80/164 Loss: 26.715412
2021-10-29 11:03: Train Epoch 75: 100/164 Loss: 24.578554
2021-10-29 11:04: Train Epoch 75: 120/164 Loss: 26.874990
2021-10-29 11:04: Train Epoch 75: 140/164 Loss: 27.035145
2021-10-29 11:04: Train Epoch 75: 160/164 Loss: 26.475046
2021-10-29 11:04: **********Train Epoch 75: averaged Loss: 26.020862, tf_ratio: 1.000000
2021-10-29 11:04: **********Val Epoch 75: average Loss: 31.853872
2021-10-29 11:04: *********************************Current best model saved!
2021-10-29 11:04: Train Epoch 76: 0/164 Loss: 27.297567
2021-10-29 11:05: Train Epoch 76: 20/164 Loss: 26.751186
2021-10-29 11:05: Train Epoch 76: 40/164 Loss: 25.638573
2021-10-29 11:05: Train Epoch 76: 60/164 Loss: 26.592896
2021-10-29 11:05: Train Epoch 76: 80/164 Loss: 25.735687
2021-10-29 11:06: Train Epoch 76: 100/164 Loss: 24.436350
2021-10-29 11:06: Train Epoch 76: 120/164 Loss: 26.106644
2021-10-29 11:06: Train Epoch 76: 140/164 Loss: 25.877039
2021-10-29 11:06: Train Epoch 76: 160/164 Loss: 26.289158
2021-10-29 11:06: **********Train Epoch 76: averaged Loss: 26.044093, tf_ratio: 1.000000
2021-10-29 11:06: **********Val Epoch 76: average Loss: 33.583362
2021-10-29 11:06: Train Epoch 77: 0/164 Loss: 26.448931
2021-10-29 11:07: Train Epoch 77: 20/164 Loss: 24.630188
2021-10-29 11:07: Train Epoch 77: 40/164 Loss: 25.104530
2021-10-29 11:07: Train Epoch 77: 60/164 Loss: 26.648249
2021-10-29 11:07: Train Epoch 77: 80/164 Loss: 26.454306
2021-10-29 11:08: Train Epoch 77: 100/164 Loss: 25.185883
2021-10-29 11:08: Train Epoch 77: 120/164 Loss: 25.382599
2021-10-29 11:08: Train Epoch 77: 140/164 Loss: 26.243210
2021-10-29 11:08: Train Epoch 77: 160/164 Loss: 25.677237
2021-10-29 11:08: **********Train Epoch 77: averaged Loss: 25.707921, tf_ratio: 1.000000
2021-10-29 11:08: **********Val Epoch 77: average Loss: 31.595408
2021-10-29 11:08: *********************************Current best model saved!
2021-10-29 11:09: Train Epoch 78: 0/164 Loss: 26.747456
2021-10-29 11:09: Train Epoch 78: 20/164 Loss: 25.619690
2021-10-29 11:09: Train Epoch 78: 40/164 Loss: 26.774229
2021-10-29 11:09: Train Epoch 78: 60/164 Loss: 25.832762
2021-10-29 11:09: Train Epoch 78: 80/164 Loss: 25.043043
2021-10-29 11:10: Train Epoch 78: 100/164 Loss: 26.941410
2021-10-29 11:10: Train Epoch 78: 120/164 Loss: 26.836351
2021-10-29 11:10: Train Epoch 78: 140/164 Loss: 25.760389
2021-10-29 11:10: Train Epoch 78: 160/164 Loss: 24.669024
2021-10-29 11:11: **********Train Epoch 78: averaged Loss: 25.816129, tf_ratio: 1.000000
2021-10-29 11:11: **********Val Epoch 78: average Loss: 32.736981
2021-10-29 11:11: Train Epoch 79: 0/164 Loss: 26.012838
2021-10-29 11:11: Train Epoch 79: 20/164 Loss: 26.122938
2021-10-29 11:11: Train Epoch 79: 40/164 Loss: 25.429394
2021-10-29 11:11: Train Epoch 79: 60/164 Loss: 24.853319
2021-10-29 11:12: Train Epoch 79: 80/164 Loss: 25.802454
2021-10-29 11:12: Train Epoch 79: 100/164 Loss: 26.143822
2021-10-29 11:12: Train Epoch 79: 120/164 Loss: 24.317535
2021-10-29 11:12: Train Epoch 79: 140/164 Loss: 25.377283
2021-10-29 11:13: Train Epoch 79: 160/164 Loss: 25.589125
2021-10-29 11:13: **********Train Epoch 79: averaged Loss: 25.615142, tf_ratio: 1.000000
2021-10-29 11:13: **********Val Epoch 79: average Loss: 32.772866
2021-10-29 11:13: Train Epoch 80: 0/164 Loss: 24.542694
2021-10-29 11:13: Train Epoch 80: 20/164 Loss: 25.845753
2021-10-29 11:13: Train Epoch 80: 40/164 Loss: 25.364590
2021-10-29 11:14: Train Epoch 80: 60/164 Loss: 25.993572
2021-10-29 11:14: Train Epoch 80: 80/164 Loss: 25.931116
2021-10-29 11:14: Train Epoch 80: 100/164 Loss: 26.145651
2021-10-29 11:14: Train Epoch 80: 120/164 Loss: 25.680725
2021-10-29 11:15: Train Epoch 80: 140/164 Loss: 24.865385
2021-10-29 11:15: Train Epoch 80: 160/164 Loss: 24.776073
2021-10-29 11:15: **********Train Epoch 80: averaged Loss: 25.540403, tf_ratio: 1.000000
2021-10-29 11:15: **********Val Epoch 80: average Loss: 31.952339
2021-10-29 11:15: Train Epoch 81: 0/164 Loss: 25.078484
2021-10-29 11:15: Train Epoch 81: 20/164 Loss: 24.571301
2021-10-29 11:15: Train Epoch 81: 40/164 Loss: 25.720409
2021-10-29 11:16: Train Epoch 81: 60/164 Loss: 25.467813
2021-10-29 11:16: Train Epoch 81: 80/164 Loss: 24.933355
2021-10-29 11:16: Train Epoch 81: 100/164 Loss: 25.700762
2021-10-29 11:16: Train Epoch 81: 120/164 Loss: 24.664816
2021-10-29 11:17: Train Epoch 81: 140/164 Loss: 25.772358
2021-10-29 11:17: Train Epoch 81: 160/164 Loss: 24.422369
2021-10-29 11:17: **********Train Epoch 81: averaged Loss: 25.353225, tf_ratio: 1.000000
2021-10-29 11:17: **********Val Epoch 81: average Loss: 31.824592
2021-10-29 11:17: Train Epoch 82: 0/164 Loss: 24.811199
2021-10-29 11:17: Train Epoch 82: 20/164 Loss: 24.136040
2021-10-29 11:18: Train Epoch 82: 40/164 Loss: 24.834080
2021-10-29 11:18: Train Epoch 82: 60/164 Loss: 24.743021
2021-10-29 11:18: Train Epoch 82: 80/164 Loss: 26.269768
2021-10-29 11:18: Train Epoch 82: 100/164 Loss: 25.009575
2021-10-29 11:19: Train Epoch 82: 120/164 Loss: 25.040396
2021-10-29 11:19: Train Epoch 82: 140/164 Loss: 25.256281
2021-10-29 11:19: Train Epoch 82: 160/164 Loss: 26.866861
2021-10-29 11:19: **********Train Epoch 82: averaged Loss: 25.273026, tf_ratio: 1.000000
2021-10-29 11:19: **********Val Epoch 82: average Loss: 32.168571
2021-10-29 11:19: Train Epoch 83: 0/164 Loss: 26.268139
2021-10-29 11:19: Train Epoch 83: 20/164 Loss: 25.427071
2021-10-29 11:20: Train Epoch 83: 40/164 Loss: 26.013016
2021-10-29 11:20: Train Epoch 83: 60/164 Loss: 26.003208
2021-10-29 11:20: Train Epoch 83: 80/164 Loss: 25.917974
2021-10-29 11:20: Train Epoch 83: 100/164 Loss: 25.023180
2021-10-29 11:21: Train Epoch 83: 120/164 Loss: 24.599617
2021-10-29 11:21: Train Epoch 83: 140/164 Loss: 26.259907
2021-10-29 11:21: Train Epoch 83: 160/164 Loss: 25.337460
2021-10-29 11:21: **********Train Epoch 83: averaged Loss: 25.263107, tf_ratio: 1.000000
2021-10-29 11:21: **********Val Epoch 83: average Loss: 32.239687
2021-10-29 11:21: Train Epoch 84: 0/164 Loss: 25.098587
2021-10-29 11:22: Train Epoch 84: 20/164 Loss: 24.612654
2021-10-29 11:22: Train Epoch 84: 40/164 Loss: 25.642103
2021-10-29 11:22: Train Epoch 84: 60/164 Loss: 24.387041
2021-10-29 11:22: Train Epoch 84: 80/164 Loss: 25.760586
2021-10-29 11:23: Train Epoch 84: 100/164 Loss: 24.316004
2021-10-29 11:23: Train Epoch 84: 120/164 Loss: 25.286510
2021-10-29 11:23: Train Epoch 84: 140/164 Loss: 24.810566
2021-10-29 11:23: Train Epoch 84: 160/164 Loss: 25.533308
2021-10-29 11:23: **********Train Epoch 84: averaged Loss: 25.126394, tf_ratio: 1.000000
2021-10-29 11:23: **********Val Epoch 84: average Loss: 32.857039
2021-10-29 11:23: Train Epoch 85: 0/164 Loss: 24.265614
2021-10-29 11:24: Train Epoch 85: 20/164 Loss: 23.765678
2021-10-29 11:24: Train Epoch 85: 40/164 Loss: 25.018118
2021-10-29 11:24: Train Epoch 85: 60/164 Loss: 23.969721
2021-10-29 11:24: Train Epoch 85: 80/164 Loss: 24.679718
2021-10-29 11:25: Train Epoch 85: 100/164 Loss: 25.542606
2021-10-29 11:25: Train Epoch 85: 120/164 Loss: 24.426445
2021-10-29 11:25: Train Epoch 85: 140/164 Loss: 25.594578
2021-10-29 11:25: Train Epoch 85: 160/164 Loss: 25.451962
2021-10-29 11:25: **********Train Epoch 85: averaged Loss: 25.010335, tf_ratio: 1.000000
2021-10-29 11:26: **********Val Epoch 85: average Loss: 32.023852
2021-10-29 11:26: Train Epoch 86: 0/164 Loss: 24.694456
2021-10-29 11:26: Train Epoch 86: 20/164 Loss: 24.258198
2021-10-29 11:26: Train Epoch 86: 40/164 Loss: 24.139242
2021-10-29 11:26: Train Epoch 86: 60/164 Loss: 25.069126
2021-10-29 11:27: Train Epoch 86: 80/164 Loss: 25.121010
2021-10-29 11:27: Train Epoch 86: 100/164 Loss: 25.414867
2021-10-29 11:27: Train Epoch 86: 120/164 Loss: 25.737247
2021-10-29 11:27: Train Epoch 86: 140/164 Loss: 24.796661
2021-10-29 11:27: Train Epoch 86: 160/164 Loss: 25.671595
2021-10-29 11:28: **********Train Epoch 86: averaged Loss: 24.956299, tf_ratio: 1.000000
2021-10-29 11:28: **********Val Epoch 86: average Loss: 32.002268
2021-10-29 11:28: Train Epoch 87: 0/164 Loss: 24.722622
2021-10-29 11:28: Train Epoch 87: 20/164 Loss: 26.116253
2021-10-29 11:28: Train Epoch 87: 40/164 Loss: 24.797815
2021-10-29 11:28: Train Epoch 87: 60/164 Loss: 23.536209
2021-10-29 11:29: Train Epoch 87: 80/164 Loss: 25.581774
2021-10-29 11:29: Train Epoch 87: 100/164 Loss: 24.471518
2021-10-29 11:29: Train Epoch 87: 120/164 Loss: 24.583990
2021-10-29 11:29: Train Epoch 87: 140/164 Loss: 24.164738
2021-10-29 11:30: Train Epoch 87: 160/164 Loss: 24.066790
2021-10-29 11:30: **********Train Epoch 87: averaged Loss: 24.951645, tf_ratio: 1.000000
2021-10-29 11:30: **********Val Epoch 87: average Loss: 32.046265
2021-10-29 11:30: Train Epoch 88: 0/164 Loss: 24.784817
2021-10-29 11:30: Train Epoch 88: 20/164 Loss: 25.156746
2021-10-29 11:30: Train Epoch 88: 40/164 Loss: 24.867281
2021-10-29 11:31: Train Epoch 88: 60/164 Loss: 24.512081
2021-10-29 11:31: Train Epoch 88: 80/164 Loss: 24.843603
2021-10-29 11:31: Train Epoch 88: 100/164 Loss: 24.914165
2021-10-29 11:31: Train Epoch 88: 120/164 Loss: 24.537991
2021-10-29 11:31: Train Epoch 88: 140/164 Loss: 25.392326
2021-10-29 11:32: Train Epoch 88: 160/164 Loss: 24.596922
2021-10-29 11:32: **********Train Epoch 88: averaged Loss: 24.894631, tf_ratio: 1.000000
2021-10-29 11:32: **********Val Epoch 88: average Loss: 32.391940
2021-10-29 11:32: Train Epoch 89: 0/164 Loss: 25.250391
2021-10-29 11:32: Train Epoch 89: 20/164 Loss: 26.105408
2021-10-29 11:32: Train Epoch 89: 40/164 Loss: 24.591402
2021-10-29 11:33: Train Epoch 89: 60/164 Loss: 24.777847
2021-10-29 11:33: Train Epoch 89: 80/164 Loss: 24.631792
2021-10-29 11:33: Train Epoch 89: 100/164 Loss: 24.446157
2021-10-29 11:33: Train Epoch 89: 120/164 Loss: 24.817980
2021-10-29 11:34: Train Epoch 89: 140/164 Loss: 25.298141
2021-10-29 11:34: Train Epoch 89: 160/164 Loss: 25.124371
2021-10-29 11:34: **********Train Epoch 89: averaged Loss: 24.853375, tf_ratio: 1.000000
2021-10-29 11:34: **********Val Epoch 89: average Loss: 31.984408
2021-10-29 11:34: Train Epoch 90: 0/164 Loss: 24.408365
2021-10-29 11:34: Train Epoch 90: 20/164 Loss: 23.835184
2021-10-29 11:35: Train Epoch 90: 40/164 Loss: 25.108839
2021-10-29 11:35: Train Epoch 90: 60/164 Loss: 25.569248
2021-10-29 11:35: Train Epoch 90: 80/164 Loss: 24.996506
2021-10-29 11:35: Train Epoch 90: 100/164 Loss: 25.049099
2021-10-29 11:36: Train Epoch 90: 120/164 Loss: 24.758574
2021-10-29 11:36: Train Epoch 90: 140/164 Loss: 26.292048
2021-10-29 11:36: Train Epoch 90: 160/164 Loss: 24.901407
2021-10-29 11:36: **********Train Epoch 90: averaged Loss: 25.023041, tf_ratio: 1.000000
2021-10-29 11:36: **********Val Epoch 90: average Loss: 32.151750
2021-10-29 11:36: Train Epoch 91: 0/164 Loss: 24.031588
2021-10-29 11:36: Train Epoch 91: 20/164 Loss: 25.332027
2021-10-29 11:37: Train Epoch 91: 40/164 Loss: 25.050354
2021-10-29 11:37: Train Epoch 91: 60/164 Loss: 24.570175
2021-10-29 11:37: Train Epoch 91: 80/164 Loss: 23.855890
2021-10-29 11:37: Train Epoch 91: 100/164 Loss: 25.438553
2021-10-29 11:38: Train Epoch 91: 120/164 Loss: 24.336601
2021-10-29 11:38: Train Epoch 91: 140/164 Loss: 25.046381
2021-10-29 11:38: Train Epoch 91: 160/164 Loss: 25.295732
2021-10-29 11:38: **********Train Epoch 91: averaged Loss: 24.864110, tf_ratio: 1.000000
2021-10-29 11:38: **********Val Epoch 91: average Loss: 33.019662
2021-10-29 11:38: Train Epoch 92: 0/164 Loss: 24.807934
2021-10-29 11:39: Train Epoch 92: 20/164 Loss: 25.768589
2021-10-29 11:39: Train Epoch 92: 40/164 Loss: 26.197775
2021-10-29 11:39: Train Epoch 92: 60/164 Loss: 25.126818
2021-10-29 11:39: Train Epoch 92: 80/164 Loss: 25.047550
2021-10-29 11:40: Train Epoch 92: 100/164 Loss: 24.163765
2021-10-29 11:40: Train Epoch 92: 120/164 Loss: 24.843519
2021-10-29 11:40: Train Epoch 92: 140/164 Loss: 24.067282
2021-10-29 11:40: Train Epoch 92: 160/164 Loss: 24.071960
2021-10-29 11:40: **********Train Epoch 92: averaged Loss: 24.724770, tf_ratio: 1.000000
2021-10-29 11:40: **********Val Epoch 92: average Loss: 31.599702
2021-10-29 11:40: Validation performance didn't improve for 15 epochs. Training stops.
2021-10-29 11:40: Total training time: 195.6894min, best loss: 31.595408
2021-10-29 11:40: Saving current best model to /content/AGCRN/model/experiments/PEMSD8/20211029082512/best_model.pth
2021-10-29 11:41: Horizon 01, MAE: 21.94, RMSE: 33.64, MAPE: 15.2925%
2021-10-29 11:41: Horizon 02, MAE: 21.94, RMSE: 33.76, MAPE: 15.1051%
2021-10-29 11:41: Horizon 03, MAE: 21.96, RMSE: 33.85, MAPE: 14.9476%
2021-10-29 11:41: Horizon 04, MAE: 21.93, RMSE: 33.89, MAPE: 14.7940%
2021-10-29 11:41: Horizon 05, MAE: 21.93, RMSE: 33.93, MAPE: 14.6837%
2021-10-29 11:41: Horizon 06, MAE: 21.98, RMSE: 34.01, MAPE: 14.6405%
2021-10-29 11:41: Horizon 07, MAE: 22.08, RMSE: 34.12, MAPE: 14.6463%
2021-10-29 11:41: Horizon 08, MAE: 22.17, RMSE: 34.21, MAPE: 14.6650%
2021-10-29 11:41: Horizon 09, MAE: 22.24, RMSE: 34.27, MAPE: 14.7143%
2021-10-29 11:41: Horizon 10, MAE: 22.33, RMSE: 34.35, MAPE: 14.7623%
2021-10-29 11:41: Horizon 11, MAE: 22.47, RMSE: 34.52, MAPE: 14.8827%
2021-10-29 11:41: Horizon 12, MAE: 22.75, RMSE: 34.89, MAPE: 15.0701%
2021-10-29 11:41: Horizon 13, MAE: 23.10, RMSE: 35.35, MAPE: 15.3401%
2021-10-29 11:41: Horizon 14, MAE: 23.46, RMSE: 35.83, MAPE: 15.5907%
2021-10-29 11:41: Horizon 15, MAE: 23.76, RMSE: 36.25, MAPE: 15.7983%
2021-10-29 11:41: Horizon 16, MAE: 23.99, RMSE: 36.58, MAPE: 15.9817%
2021-10-29 11:41: Horizon 17, MAE: 24.23, RMSE: 36.90, MAPE: 16.1425%
2021-10-29 11:41: Horizon 18, MAE: 24.47, RMSE: 37.21, MAPE: 16.3644%
2021-10-29 11:41: Horizon 19, MAE: 24.72, RMSE: 37.52, MAPE: 16.6044%
2021-10-29 11:41: Horizon 20, MAE: 24.91, RMSE: 37.78, MAPE: 16.7973%
2021-10-29 11:41: Horizon 21, MAE: 25.07, RMSE: 37.97, MAPE: 16.9716%
2021-10-29 11:41: Horizon 22, MAE: 25.23, RMSE: 38.15, MAPE: 17.1193%
2021-10-29 11:41: Horizon 23, MAE: 25.41, RMSE: 38.41, MAPE: 17.2599%
2021-10-29 11:41: Horizon 24, MAE: 25.69, RMSE: 38.77, MAPE: 17.5160%
2021-10-29 11:41: Horizon 25, MAE: 26.00, RMSE: 39.17, MAPE: 17.7692%
2021-10-29 11:41: Horizon 26, MAE: 26.26, RMSE: 39.55, MAPE: 17.9494%
2021-10-29 11:41: Horizon 27, MAE: 26.48, RMSE: 39.86, MAPE: 18.1012%
2021-10-29 11:41: Horizon 28, MAE: 26.61, RMSE: 40.09, MAPE: 18.1869%
2021-10-29 11:41: Horizon 29, MAE: 26.70, RMSE: 40.25, MAPE: 18.3015%
2021-10-29 11:41: Horizon 30, MAE: 26.84, RMSE: 40.43, MAPE: 18.4581%
2021-10-29 11:41: Horizon 31, MAE: 26.97, RMSE: 40.58, MAPE: 18.5964%
2021-10-29 11:41: Horizon 32, MAE: 27.08, RMSE: 40.67, MAPE: 18.7530%
2021-10-29 11:41: Horizon 33, MAE: 27.16, RMSE: 40.73, MAPE: 18.8653%
2021-10-29 11:41: Horizon 34, MAE: 27.23, RMSE: 40.79, MAPE: 18.9592%
2021-10-29 11:41: Horizon 35, MAE: 27.33, RMSE: 40.92, MAPE: 19.1051%
2021-10-29 11:41: Horizon 36, MAE: 27.48, RMSE: 41.11, MAPE: 19.2894%
2021-10-29 11:41: Horizon 37, MAE: 27.66, RMSE: 41.34, MAPE: 19.4563%
2021-10-29 11:41: Horizon 38, MAE: 27.83, RMSE: 41.54, MAPE: 19.6305%
2021-10-29 11:41: Horizon 39, MAE: 27.90, RMSE: 41.68, MAPE: 19.7116%
2021-10-29 11:41: Horizon 40, MAE: 27.95, RMSE: 41.79, MAPE: 19.7833%
2021-10-29 11:41: Horizon 41, MAE: 28.00, RMSE: 41.91, MAPE: 19.8690%
2021-10-29 11:41: Horizon 42, MAE: 28.07, RMSE: 42.04, MAPE: 19.9927%
2021-10-29 11:41: Horizon 43, MAE: 28.18, RMSE: 42.18, MAPE: 20.1512%
2021-10-29 11:41: Horizon 44, MAE: 28.25, RMSE: 42.28, MAPE: 20.2567%
2021-10-29 11:41: Horizon 45, MAE: 28.33, RMSE: 42.39, MAPE: 20.3580%
2021-10-29 11:41: Horizon 46, MAE: 28.40, RMSE: 42.50, MAPE: 20.4701%
2021-10-29 11:41: Horizon 47, MAE: 28.54, RMSE: 42.69, MAPE: 20.6074%
2021-10-29 11:41: Horizon 48, MAE: 28.70, RMSE: 42.92, MAPE: 20.8155%
2021-10-29 11:41: Horizon 49, MAE: 28.87, RMSE: 43.14, MAPE: 20.9378%
2021-10-29 11:41: Horizon 50, MAE: 28.99, RMSE: 43.30, MAPE: 21.0563%
2021-10-29 11:41: Horizon 51, MAE: 29.08, RMSE: 43.42, MAPE: 21.1057%
2021-10-29 11:41: Horizon 52, MAE: 29.16, RMSE: 43.53, MAPE: 21.1928%
2021-10-29 11:41: Horizon 53, MAE: 29.24, RMSE: 43.65, MAPE: 21.2233%
2021-10-29 11:41: Horizon 54, MAE: 29.37, RMSE: 43.80, MAPE: 21.3056%
2021-10-29 11:41: Horizon 55, MAE: 29.51, RMSE: 43.95, MAPE: 21.4461%
2021-10-29 11:41: Horizon 56, MAE: 29.64, RMSE: 44.09, MAPE: 21.5268%
2021-10-29 11:41: Horizon 57, MAE: 29.74, RMSE: 44.20, MAPE: 21.5772%
2021-10-29 11:41: Horizon 58, MAE: 29.80, RMSE: 44.29, MAPE: 21.6012%
2021-10-29 11:41: Horizon 59, MAE: 29.91, RMSE: 44.43, MAPE: 21.6804%
2021-10-29 11:41: Horizon 60, MAE: 30.03, RMSE: 44.59, MAPE: 21.7571%
2021-10-29 11:41: Horizon 61, MAE: 30.15, RMSE: 44.73, MAPE: 21.8440%
2021-10-29 11:41: Horizon 62, MAE: 30.24, RMSE: 44.84, MAPE: 21.8772%
2021-10-29 11:41: Horizon 63, MAE: 30.30, RMSE: 44.90, MAPE: 21.9026%
2021-10-29 11:41: Horizon 64, MAE: 30.35, RMSE: 44.97, MAPE: 21.9171%
2021-10-29 11:41: Horizon 65, MAE: 30.38, RMSE: 45.05, MAPE: 21.8849%
2021-10-29 11:41: Horizon 66, MAE: 30.46, RMSE: 45.16, MAPE: 21.9480%
2021-10-29 11:41: Horizon 67, MAE: 30.53, RMSE: 45.29, MAPE: 21.9691%
2021-10-29 11:41: Horizon 68, MAE: 30.59, RMSE: 45.39, MAPE: 22.0003%
2021-10-29 11:41: Horizon 69, MAE: 30.66, RMSE: 45.49, MAPE: 22.0353%
2021-10-29 11:41: Horizon 70, MAE: 30.70, RMSE: 45.58, MAPE: 22.0235%
2021-10-29 11:41: Horizon 71, MAE: 30.75, RMSE: 45.66, MAPE: 22.0789%
2021-10-29 11:41: Horizon 72, MAE: 30.81, RMSE: 45.76, MAPE: 22.0794%
2021-10-29 11:41: Horizon 73, MAE: 30.86, RMSE: 45.85, MAPE: 22.1029%
2021-10-29 11:41: Horizon 74, MAE: 30.89, RMSE: 45.93, MAPE: 22.0922%
2021-10-29 11:41: Horizon 75, MAE: 30.92, RMSE: 46.00, MAPE: 22.0948%
2021-10-29 11:41: Horizon 76, MAE: 30.93, RMSE: 46.05, MAPE: 22.0568%
2021-10-29 11:41: Horizon 77, MAE: 30.94, RMSE: 46.11, MAPE: 22.0263%
2021-10-29 11:41: Horizon 78, MAE: 30.97, RMSE: 46.20, MAPE: 22.0408%
2021-10-29 11:41: Horizon 79, MAE: 31.03, RMSE: 46.31, MAPE: 22.0418%
2021-10-29 11:41: Horizon 80, MAE: 31.09, RMSE: 46.42, MAPE: 22.0501%
2021-10-29 11:41: Horizon 81, MAE: 31.15, RMSE: 46.53, MAPE: 22.0479%
2021-10-29 11:41: Horizon 82, MAE: 31.16, RMSE: 46.58, MAPE: 22.0267%
2021-10-29 11:41: Horizon 83, MAE: 31.18, RMSE: 46.64, MAPE: 22.0185%
2021-10-29 11:41: Horizon 84, MAE: 31.20, RMSE: 46.71, MAPE: 22.0215%
2021-10-29 11:41: Horizon 85, MAE: 31.22, RMSE: 46.77, MAPE: 21.9961%
2021-10-29 11:41: Horizon 86, MAE: 31.21, RMSE: 46.82, MAPE: 21.9679%
2021-10-29 11:41: Horizon 87, MAE: 31.19, RMSE: 46.84, MAPE: 21.8976%
2021-10-29 11:41: Horizon 88, MAE: 31.18, RMSE: 46.86, MAPE: 21.8075%
2021-10-29 11:41: Horizon 89, MAE: 31.17, RMSE: 46.87, MAPE: 21.7393%
2021-10-29 11:41: Horizon 90, MAE: 31.18, RMSE: 46.89, MAPE: 21.6901%
2021-10-29 11:41: Horizon 91, MAE: 31.21, RMSE: 46.94, MAPE: 21.6591%
2021-10-29 11:41: Horizon 92, MAE: 31.24, RMSE: 46.98, MAPE: 21.6361%
2021-10-29 11:41: Horizon 93, MAE: 31.26, RMSE: 47.03, MAPE: 21.6106%
2021-10-29 11:41: Horizon 94, MAE: 31.27, RMSE: 47.06, MAPE: 21.5331%
2021-10-29 11:41: Horizon 95, MAE: 31.28, RMSE: 47.10, MAPE: 21.5284%
2021-10-29 11:41: Horizon 96, MAE: 31.30, RMSE: 47.13, MAPE: 21.4909%
2021-10-29 11:41: Horizon 97, MAE: 31.34, RMSE: 47.17, MAPE: 21.4819%
2021-10-29 11:41: Horizon 98, MAE: 31.33, RMSE: 47.19, MAPE: 21.4037%
2021-10-29 11:41: Horizon 99, MAE: 31.31, RMSE: 47.19, MAPE: 21.3515%
2021-10-29 11:41: Horizon 100, MAE: 31.25, RMSE: 47.15, MAPE: 21.2555%
2021-10-29 11:41: Horizon 101, MAE: 31.21, RMSE: 47.11, MAPE: 21.1848%
2021-10-29 11:41: Horizon 102, MAE: 31.17, RMSE: 47.06, MAPE: 21.1067%
2021-10-29 11:41: Horizon 103, MAE: 31.15, RMSE: 47.06, MAPE: 21.0307%
2021-10-29 11:41: Horizon 104, MAE: 31.14, RMSE: 47.06, MAPE: 20.9809%
2021-10-29 11:41: Horizon 105, MAE: 31.13, RMSE: 47.06, MAPE: 20.9292%
2021-10-29 11:41: Horizon 106, MAE: 31.11, RMSE: 47.06, MAPE: 20.8855%
2021-10-29 11:41: Horizon 107, MAE: 31.10, RMSE: 47.09, MAPE: 20.8371%
2021-10-29 11:41: Horizon 108, MAE: 31.08, RMSE: 47.11, MAPE: 20.7787%
2021-10-29 11:41: Horizon 109, MAE: 31.09, RMSE: 47.13, MAPE: 20.7702%
2021-10-29 11:41: Horizon 110, MAE: 31.08, RMSE: 47.13, MAPE: 20.7158%
2021-10-29 11:41: Horizon 111, MAE: 31.03, RMSE: 47.08, MAPE: 20.6223%
2021-10-29 11:41: Horizon 112, MAE: 30.95, RMSE: 47.02, MAPE: 20.5458%
2021-10-29 11:41: Horizon 113, MAE: 30.91, RMSE: 46.98, MAPE: 20.4880%
2021-10-29 11:41: Horizon 114, MAE: 30.89, RMSE: 46.97, MAPE: 20.4340%
2021-10-29 11:41: Horizon 115, MAE: 30.90, RMSE: 46.98, MAPE: 20.4248%
2021-10-29 11:41: Horizon 116, MAE: 30.91, RMSE: 46.99, MAPE: 20.4256%
2021-10-29 11:41: Horizon 117, MAE: 30.90, RMSE: 46.99, MAPE: 20.4028%
2021-10-29 11:41: Horizon 118, MAE: 30.89, RMSE: 47.01, MAPE: 20.4036%
2021-10-29 11:41: Horizon 119, MAE: 30.92, RMSE: 47.08, MAPE: 20.4289%
2021-10-29 11:41: Horizon 120, MAE: 30.97, RMSE: 47.15, MAPE: 20.4594%
2021-10-29 11:41: Horizon 121, MAE: 31.01, RMSE: 47.22, MAPE: 20.5271%
2021-10-29 11:41: Horizon 122, MAE: 31.04, RMSE: 47.27, MAPE: 20.5498%
2021-10-29 11:41: Horizon 123, MAE: 31.03, RMSE: 47.29, MAPE: 20.5510%
2021-10-29 11:41: Horizon 124, MAE: 31.01, RMSE: 47.29, MAPE: 20.5575%
2021-10-29 11:41: Horizon 125, MAE: 31.03, RMSE: 47.34, MAPE: 20.5621%
2021-10-29 11:41: Horizon 126, MAE: 31.13, RMSE: 47.45, MAPE: 20.5961%
2021-10-29 11:41: Horizon 127, MAE: 31.25, RMSE: 47.59, MAPE: 20.7177%
2021-10-29 11:41: Horizon 128, MAE: 31.38, RMSE: 47.74, MAPE: 20.7980%
2021-10-29 11:41: Horizon 129, MAE: 31.48, RMSE: 47.88, MAPE: 20.8793%
2021-10-29 11:41: Horizon 130, MAE: 31.60, RMSE: 48.05, MAPE: 20.9548%
2021-10-29 11:41: Horizon 131, MAE: 31.75, RMSE: 48.25, MAPE: 21.0440%
2021-10-29 11:41: Horizon 132, MAE: 31.94, RMSE: 48.49, MAPE: 21.1419%
2021-10-29 11:41: Horizon 133, MAE: 32.13, RMSE: 48.73, MAPE: 21.2590%
2021-10-29 11:41: Horizon 134, MAE: 32.29, RMSE: 48.96, MAPE: 21.3502%
2021-10-29 11:41: Horizon 135, MAE: 32.44, RMSE: 49.18, MAPE: 21.4374%
2021-10-29 11:41: Horizon 136, MAE: 32.59, RMSE: 49.41, MAPE: 21.4877%
2021-10-29 11:41: Horizon 137, MAE: 32.78, RMSE: 49.68, MAPE: 21.6282%
2021-10-29 11:41: Horizon 138, MAE: 33.04, RMSE: 50.03, MAPE: 21.7669%
2021-10-29 11:41: Horizon 139, MAE: 33.35, RMSE: 50.41, MAPE: 21.9314%
2021-10-29 11:41: Horizon 140, MAE: 33.65, RMSE: 50.82, MAPE: 22.1082%
2021-10-29 11:41: Horizon 141, MAE: 33.96, RMSE: 51.23, MAPE: 22.2648%
2021-10-29 11:41: Horizon 142, MAE: 34.26, RMSE: 51.64, MAPE: 22.3997%
2021-10-29 11:41: Horizon 143, MAE: 34.58, RMSE: 52.08, MAPE: 22.5819%
2021-10-29 11:41: Horizon 144, MAE: 34.92, RMSE: 52.54, MAPE: 22.7477%
2021-10-29 11:41: Average Horizon, MAE: 29.22, RMSE: 44.26, MAPE: 20.1074%
