2021-10-26 12:38: Experiment log path in: /content/AGCRN/model/experiments/PEMSD4/20211026123853
2021-10-26 12:38: Train Epoch 1: 0/159 Loss: 224.432266
2021-10-26 12:39: Train Epoch 1: 20/159 Loss: 210.864639
2021-10-26 12:39: Train Epoch 1: 40/159 Loss: 206.109222
2021-10-26 12:39: Train Epoch 1: 60/159 Loss: 198.632568
2021-10-26 12:39: Train Epoch 1: 80/159 Loss: 200.715149
2021-10-26 12:39: Train Epoch 1: 100/159 Loss: 201.501129
2021-10-26 12:40: Train Epoch 1: 120/159 Loss: 171.732529
2021-10-26 12:40: Train Epoch 1: 140/159 Loss: 182.159546
2021-10-26 12:40: **********Train Epoch 1: averaged Loss: 190.937841, tf_ratio: 1.000000
2021-10-26 12:40: **********Val Epoch 1: average Loss: 191.607764
2021-10-26 12:40: *********************************Current best model saved!
2021-10-26 12:40: Train Epoch 2: 0/159 Loss: 195.288071
2021-10-26 12:41: Train Epoch 2: 20/159 Loss: 175.655380
2021-10-26 12:41: Train Epoch 2: 40/159 Loss: 161.852280
2021-10-26 12:41: Train Epoch 2: 60/159 Loss: 153.492310
2021-10-26 12:41: Train Epoch 2: 80/159 Loss: 162.126633
2021-10-26 12:41: Train Epoch 2: 100/159 Loss: 158.794525
2021-10-26 12:42: Train Epoch 2: 120/159 Loss: 176.594498
2021-10-26 12:42: Train Epoch 2: 140/159 Loss: 156.180573
2021-10-26 12:42: **********Train Epoch 2: averaged Loss: 167.363504, tf_ratio: 1.000000
2021-10-26 12:42: **********Val Epoch 2: average Loss: 172.616988
2021-10-26 12:42: *********************************Current best model saved!
2021-10-26 12:42: Train Epoch 3: 0/159 Loss: 154.521591
2021-10-26 12:42: Train Epoch 3: 20/159 Loss: 168.675430
2021-10-26 12:43: Train Epoch 3: 40/159 Loss: 155.978668
2021-10-26 12:43: Train Epoch 3: 60/159 Loss: 145.193222
2021-10-26 12:43: Train Epoch 3: 80/159 Loss: 147.591171
2021-10-26 12:43: Train Epoch 3: 100/159 Loss: 144.538376
2021-10-26 12:43: Train Epoch 3: 120/159 Loss: 148.639603
2021-10-26 12:44: Train Epoch 3: 140/159 Loss: 146.631516
2021-10-26 12:44: **********Train Epoch 3: averaged Loss: 152.277527, tf_ratio: 1.000000
2021-10-26 12:44: **********Val Epoch 3: average Loss: 159.205789
2021-10-26 12:44: *********************************Current best model saved!
2021-10-26 12:44: Train Epoch 4: 0/159 Loss: 139.914886
2021-10-26 12:44: Train Epoch 4: 20/159 Loss: 141.345001
2021-10-26 12:44: Train Epoch 4: 40/159 Loss: 141.681076
2021-10-26 12:45: Train Epoch 4: 60/159 Loss: 141.899353
2021-10-26 12:45: Train Epoch 4: 80/159 Loss: 135.467407
2021-10-26 12:45: Train Epoch 4: 100/159 Loss: 146.236710
2021-10-26 12:45: Train Epoch 4: 120/159 Loss: 147.352585
2021-10-26 12:46: Train Epoch 4: 140/159 Loss: 131.268295
2021-10-26 12:46: **********Train Epoch 4: averaged Loss: 142.139143, tf_ratio: 1.000000
2021-10-26 12:46: **********Val Epoch 4: average Loss: 149.929218
2021-10-26 12:46: *********************************Current best model saved!
2021-10-26 12:46: Train Epoch 5: 0/159 Loss: 142.694107
2021-10-26 12:46: Train Epoch 5: 20/159 Loss: 141.692154
2021-10-26 12:46: Train Epoch 5: 40/159 Loss: 140.557373
2021-10-26 12:47: Train Epoch 5: 60/159 Loss: 145.018494
2021-10-26 12:47: Train Epoch 5: 80/159 Loss: 140.670975
2021-10-26 12:47: Train Epoch 5: 100/159 Loss: 133.644043
2021-10-26 12:47: Train Epoch 5: 120/159 Loss: 136.934341
2021-10-26 12:47: Train Epoch 5: 140/159 Loss: 132.818649
2021-10-26 12:48: **********Train Epoch 5: averaged Loss: 135.815409, tf_ratio: 1.000000
2021-10-26 12:48: **********Val Epoch 5: average Loss: 143.008682
2021-10-26 12:48: *********************************Current best model saved!
2021-10-26 12:48: Train Epoch 6: 0/159 Loss: 135.049835
2021-10-26 12:48: Train Epoch 6: 20/159 Loss: 133.384476
2021-10-26 12:48: Train Epoch 6: 40/159 Loss: 131.927567
2021-10-26 12:48: Train Epoch 6: 60/159 Loss: 116.768074
2021-10-26 12:49: Train Epoch 6: 80/159 Loss: 115.286217
2021-10-26 12:49: Train Epoch 6: 100/159 Loss: 113.900177
2021-10-26 12:49: Train Epoch 6: 120/159 Loss: 97.479538
2021-10-26 12:49: Train Epoch 6: 140/159 Loss: 111.984749
2021-10-26 12:50: **********Train Epoch 6: averaged Loss: 119.073077, tf_ratio: 1.000000
2021-10-26 12:50: **********Val Epoch 6: average Loss: 114.009317
2021-10-26 12:50: *********************************Current best model saved!
2021-10-26 12:50: Train Epoch 7: 0/159 Loss: 94.289909
2021-10-26 12:50: Train Epoch 7: 20/159 Loss: 99.322464
2021-10-26 12:50: Train Epoch 7: 40/159 Loss: 107.899345
2021-10-26 12:50: Train Epoch 7: 60/159 Loss: 100.625626
2021-10-26 12:51: Train Epoch 7: 80/159 Loss: 99.754898
2021-10-26 12:51: Train Epoch 7: 100/159 Loss: 96.646530
2021-10-26 12:51: Train Epoch 7: 120/159 Loss: 104.141960
2021-10-26 12:51: Train Epoch 7: 140/159 Loss: 88.874535
2021-10-26 12:51: **********Train Epoch 7: averaged Loss: 94.153707, tf_ratio: 1.000000
2021-10-26 12:52: **********Val Epoch 7: average Loss: 96.549093
2021-10-26 12:52: *********************************Current best model saved!
2021-10-26 12:52: Train Epoch 8: 0/159 Loss: 90.060875
2021-10-26 12:52: Train Epoch 8: 20/159 Loss: 87.277046
2021-10-26 12:52: Train Epoch 8: 40/159 Loss: 75.012718
2021-10-26 12:52: Train Epoch 8: 60/159 Loss: 76.879013
2021-10-26 12:52: Train Epoch 8: 80/159 Loss: 83.454872
2021-10-26 12:53: Train Epoch 8: 100/159 Loss: 69.828423
2021-10-26 12:53: Train Epoch 8: 120/159 Loss: 80.249321
2021-10-26 12:53: Train Epoch 8: 140/159 Loss: 80.154572
2021-10-26 12:53: **********Train Epoch 8: averaged Loss: 79.976551, tf_ratio: 1.000000
2021-10-26 12:54: **********Val Epoch 8: average Loss: 83.845228
2021-10-26 12:54: *********************************Current best model saved!
2021-10-26 12:54: Train Epoch 9: 0/159 Loss: 71.399979
2021-10-26 12:54: Train Epoch 9: 20/159 Loss: 65.008873
2021-10-26 12:54: Train Epoch 9: 40/159 Loss: 71.643517
2021-10-26 12:54: Train Epoch 9: 60/159 Loss: 80.792381
2021-10-26 12:54: Train Epoch 9: 80/159 Loss: 69.274330
2021-10-26 12:55: Train Epoch 9: 100/159 Loss: 63.405140
2021-10-26 12:55: Train Epoch 9: 120/159 Loss: 79.770546
2021-10-26 12:55: Train Epoch 9: 140/159 Loss: 61.800762
2021-10-26 12:55: **********Train Epoch 9: averaged Loss: 69.798378, tf_ratio: 1.000000
2021-10-26 12:55: **********Val Epoch 9: average Loss: 73.888926
2021-10-26 12:55: *********************************Current best model saved!
2021-10-26 12:55: Train Epoch 10: 0/159 Loss: 73.324471
2021-10-26 12:56: Train Epoch 10: 20/159 Loss: 56.252228
2021-10-26 12:56: Train Epoch 10: 40/159 Loss: 66.213890
2021-10-26 12:56: Train Epoch 10: 60/159 Loss: 62.300167
2021-10-26 12:56: Train Epoch 10: 80/159 Loss: 70.284172
2021-10-26 12:57: Train Epoch 10: 100/159 Loss: 62.705990
2021-10-26 12:57: Train Epoch 10: 120/159 Loss: 56.354034
2021-10-26 12:57: Train Epoch 10: 140/159 Loss: 55.958374
2021-10-26 12:57: **********Train Epoch 10: averaged Loss: 61.629123, tf_ratio: 1.000000
2021-10-26 12:57: **********Val Epoch 10: average Loss: 65.599876
2021-10-26 12:57: *********************************Current best model saved!
2021-10-26 12:57: Train Epoch 11: 0/159 Loss: 56.197365
2021-10-26 12:58: Train Epoch 11: 20/159 Loss: 52.108738
2021-10-26 12:58: Train Epoch 11: 40/159 Loss: 51.884762
2021-10-26 12:58: Train Epoch 11: 60/159 Loss: 44.658558
2021-10-26 12:58: Train Epoch 11: 80/159 Loss: 51.802773
2021-10-26 12:58: Train Epoch 11: 100/159 Loss: 53.192566
2021-10-26 12:59: Train Epoch 11: 120/159 Loss: 57.432812
2021-10-26 12:59: Train Epoch 11: 140/159 Loss: 56.753658
2021-10-26 12:59: **********Train Epoch 11: averaged Loss: 54.908890, tf_ratio: 1.000000
2021-10-26 12:59: **********Val Epoch 11: average Loss: 58.762789
2021-10-26 12:59: *********************************Current best model saved!
2021-10-26 12:59: Train Epoch 12: 0/159 Loss: 49.227936
2021-10-26 12:59: Train Epoch 12: 20/159 Loss: 49.709282
2021-10-26 13:00: Train Epoch 12: 40/159 Loss: 56.359818
2021-10-26 13:00: Train Epoch 12: 60/159 Loss: 46.636326
2021-10-26 13:00: Train Epoch 12: 80/159 Loss: 46.907837
2021-10-26 13:00: Train Epoch 12: 100/159 Loss: 44.118427
2021-10-26 13:01: Train Epoch 12: 120/159 Loss: 53.719006
2021-10-26 13:01: Train Epoch 12: 140/159 Loss: 46.513359
2021-10-26 13:01: **********Train Epoch 12: averaged Loss: 49.284704, tf_ratio: 1.000000
2021-10-26 13:01: **********Val Epoch 12: average Loss: 52.786701
2021-10-26 13:01: *********************************Current best model saved!
2021-10-26 13:01: Train Epoch 13: 0/159 Loss: 49.140068
2021-10-26 13:01: Train Epoch 13: 20/159 Loss: 45.209496
2021-10-26 13:02: Train Epoch 13: 40/159 Loss: 38.947266
2021-10-26 13:02: Train Epoch 13: 60/159 Loss: 46.146187
2021-10-26 13:02: Train Epoch 13: 80/159 Loss: 54.027393
2021-10-26 13:02: Train Epoch 13: 100/159 Loss: 39.799061
2021-10-26 13:02: Train Epoch 13: 120/159 Loss: 51.396297
2021-10-26 13:03: Train Epoch 13: 140/159 Loss: 45.009850
2021-10-26 13:03: **********Train Epoch 13: averaged Loss: 44.543383, tf_ratio: 1.000000
2021-10-26 13:03: **********Val Epoch 13: average Loss: 47.845993
2021-10-26 13:03: *********************************Current best model saved!
2021-10-26 13:03: Train Epoch 14: 0/159 Loss: 38.873775
2021-10-26 13:03: Train Epoch 14: 20/159 Loss: 41.329033
2021-10-26 13:03: Train Epoch 14: 40/159 Loss: 38.687313
2021-10-26 13:04: Train Epoch 14: 60/159 Loss: 37.964771
2021-10-26 13:04: Train Epoch 14: 80/159 Loss: 40.932884
2021-10-26 13:04: Train Epoch 14: 100/159 Loss: 44.016132
2021-10-26 13:04: Train Epoch 14: 120/159 Loss: 39.380531
2021-10-26 13:05: Train Epoch 14: 140/159 Loss: 39.839520
2021-10-26 13:05: **********Train Epoch 14: averaged Loss: 40.532680, tf_ratio: 1.000000
2021-10-26 13:05: **********Val Epoch 14: average Loss: 43.657644
2021-10-26 13:05: *********************************Current best model saved!
2021-10-26 13:05: Train Epoch 15: 0/159 Loss: 36.203556
2021-10-26 13:05: Train Epoch 15: 20/159 Loss: 39.835567
2021-10-26 13:05: Train Epoch 15: 40/159 Loss: 38.030392
2021-10-26 13:06: Train Epoch 15: 60/159 Loss: 34.853767
2021-10-26 13:06: Train Epoch 15: 80/159 Loss: 31.144844
2021-10-26 13:06: Train Epoch 15: 100/159 Loss: 36.306995
2021-10-26 13:06: Train Epoch 15: 120/159 Loss: 33.315376
2021-10-26 13:06: Train Epoch 15: 140/159 Loss: 33.883938
2021-10-26 13:07: **********Train Epoch 15: averaged Loss: 37.198835, tf_ratio: 1.000000
2021-10-26 13:07: **********Val Epoch 15: average Loss: 40.224904
2021-10-26 13:07: *********************************Current best model saved!
2021-10-26 13:07: Train Epoch 16: 0/159 Loss: 36.664810
2021-10-26 13:07: Train Epoch 16: 20/159 Loss: 36.742443
2021-10-26 13:07: Train Epoch 16: 40/159 Loss: 32.581295
2021-10-26 13:07: Train Epoch 16: 60/159 Loss: 30.973289
2021-10-26 13:08: Train Epoch 16: 80/159 Loss: 31.482655
2021-10-26 13:08: Train Epoch 16: 100/159 Loss: 34.578308
2021-10-26 13:08: Train Epoch 16: 120/159 Loss: 30.788275
2021-10-26 13:08: Train Epoch 16: 140/159 Loss: 31.580116
2021-10-26 13:09: **********Train Epoch 16: averaged Loss: 34.419941, tf_ratio: 1.000000
2021-10-26 13:09: **********Val Epoch 16: average Loss: 37.156245
2021-10-26 13:09: *********************************Current best model saved!
2021-10-26 13:09: Train Epoch 17: 0/159 Loss: 35.476879
2021-10-26 13:09: Train Epoch 17: 20/159 Loss: 34.189548
2021-10-26 13:09: Train Epoch 17: 40/159 Loss: 28.414640
2021-10-26 13:09: Train Epoch 17: 60/159 Loss: 31.066187
2021-10-26 13:10: Train Epoch 17: 80/159 Loss: 30.978697
2021-10-26 13:10: Train Epoch 17: 100/159 Loss: 29.710939
2021-10-26 13:10: Train Epoch 17: 120/159 Loss: 31.766537
2021-10-26 13:10: Train Epoch 17: 140/159 Loss: 34.017616
2021-10-26 13:10: **********Train Epoch 17: averaged Loss: 32.048736, tf_ratio: 1.000000
2021-10-26 13:11: **********Val Epoch 17: average Loss: 34.635171
2021-10-26 13:11: *********************************Current best model saved!
2021-10-26 13:11: Train Epoch 18: 0/159 Loss: 29.318811
2021-10-26 13:11: Train Epoch 18: 20/159 Loss: 30.660339
2021-10-26 13:11: Train Epoch 18: 40/159 Loss: 32.850399
2021-10-26 13:11: Train Epoch 18: 60/159 Loss: 31.127504
2021-10-26 13:11: Train Epoch 18: 80/159 Loss: 31.968645
2021-10-26 13:12: Train Epoch 18: 100/159 Loss: 31.658730
2021-10-26 13:12: Train Epoch 18: 120/159 Loss: 28.696777
2021-10-26 13:12: Train Epoch 18: 140/159 Loss: 33.404942
2021-10-26 13:12: **********Train Epoch 18: averaged Loss: 30.083250, tf_ratio: 1.000000
2021-10-26 13:12: **********Val Epoch 18: average Loss: 32.499519
2021-10-26 13:12: *********************************Current best model saved!
2021-10-26 13:13: Train Epoch 19: 0/159 Loss: 28.371206
2021-10-26 13:13: Train Epoch 19: 20/159 Loss: 31.335279
2021-10-26 13:13: Train Epoch 19: 40/159 Loss: 27.036316
2021-10-26 13:13: Train Epoch 19: 60/159 Loss: 26.668274
2021-10-26 13:13: Train Epoch 19: 80/159 Loss: 28.070160
2021-10-26 13:14: Train Epoch 19: 100/159 Loss: 31.395735
2021-10-26 13:14: Train Epoch 19: 120/159 Loss: 32.614315
2021-10-26 13:14: Train Epoch 19: 140/159 Loss: 27.278086
2021-10-26 13:14: **********Train Epoch 19: averaged Loss: 28.396727, tf_ratio: 1.000000
2021-10-26 13:14: **********Val Epoch 19: average Loss: 30.696074
2021-10-26 13:14: *********************************Current best model saved!
2021-10-26 13:14: Train Epoch 20: 0/159 Loss: 26.624407
2021-10-26 13:15: Train Epoch 20: 20/159 Loss: 29.276283
2021-10-26 13:15: Train Epoch 20: 40/159 Loss: 32.237789
2021-10-26 13:15: Train Epoch 20: 60/159 Loss: 26.637157
2021-10-26 13:15: Train Epoch 20: 80/159 Loss: 26.841351
2021-10-26 13:15: Train Epoch 20: 100/159 Loss: 26.470289
2021-10-26 13:16: Train Epoch 20: 120/159 Loss: 27.538254
2021-10-26 13:16: Train Epoch 20: 140/159 Loss: 27.956524
2021-10-26 13:16: **********Train Epoch 20: averaged Loss: 27.002276, tf_ratio: 1.000000
2021-10-26 13:16: **********Val Epoch 20: average Loss: 29.223688
2021-10-26 13:16: *********************************Current best model saved!
2021-10-26 13:16: Train Epoch 21: 0/159 Loss: 27.707775
2021-10-26 13:17: Train Epoch 21: 20/159 Loss: 22.928102
2021-10-26 13:17: Train Epoch 21: 40/159 Loss: 27.610933
2021-10-26 13:17: Train Epoch 21: 60/159 Loss: 24.616713
2021-10-26 13:17: Train Epoch 21: 80/159 Loss: 27.350134
2021-10-26 13:17: Train Epoch 21: 100/159 Loss: 23.350403
2021-10-26 13:18: Train Epoch 21: 120/159 Loss: 23.773565
2021-10-26 13:18: Train Epoch 21: 140/159 Loss: 27.806738
2021-10-26 13:18: **********Train Epoch 21: averaged Loss: 25.866703, tf_ratio: 1.000000
2021-10-26 13:18: **********Val Epoch 21: average Loss: 28.309621
2021-10-26 13:18: *********************************Current best model saved!
2021-10-26 13:18: Train Epoch 22: 0/159 Loss: 28.385883
2021-10-26 13:18: Train Epoch 22: 20/159 Loss: 24.425291
2021-10-26 13:19: Train Epoch 22: 40/159 Loss: 25.446878
2021-10-26 13:19: Train Epoch 22: 60/159 Loss: 25.277964
2021-10-26 13:19: Train Epoch 22: 80/159 Loss: 24.371460
2021-10-26 13:19: Train Epoch 22: 100/159 Loss: 23.811928
2021-10-26 13:19: Train Epoch 22: 120/159 Loss: 23.712774
2021-10-26 13:20: Train Epoch 22: 140/159 Loss: 25.950247
2021-10-26 13:20: **********Train Epoch 22: averaged Loss: 24.830532, tf_ratio: 1.000000
2021-10-26 13:20: **********Val Epoch 22: average Loss: 26.968173
2021-10-26 13:20: *********************************Current best model saved!
2021-10-26 13:20: Train Epoch 23: 0/159 Loss: 23.817730
2021-10-26 13:20: Train Epoch 23: 20/159 Loss: 22.059780
2021-10-26 13:21: Train Epoch 23: 40/159 Loss: 26.659882
2021-10-26 13:21: Train Epoch 23: 60/159 Loss: 24.923779
2021-10-26 13:21: Train Epoch 23: 80/159 Loss: 22.313360
2021-10-26 13:21: Train Epoch 23: 100/159 Loss: 21.165340
2021-10-26 13:21: Train Epoch 23: 120/159 Loss: 25.596390
2021-10-26 13:22: Train Epoch 23: 140/159 Loss: 22.813660
2021-10-26 13:22: **********Train Epoch 23: averaged Loss: 23.901855, tf_ratio: 1.000000
2021-10-26 13:22: **********Val Epoch 23: average Loss: 25.860908
2021-10-26 13:22: *********************************Current best model saved!
2021-10-26 13:22: Train Epoch 24: 0/159 Loss: 22.708517
2021-10-26 13:22: Train Epoch 24: 20/159 Loss: 19.540039
2021-10-26 13:22: Train Epoch 24: 40/159 Loss: 26.318052
2021-10-26 13:23: Train Epoch 24: 60/159 Loss: 22.369287
2021-10-26 13:23: Train Epoch 24: 80/159 Loss: 22.857948
2021-10-26 13:23: Train Epoch 24: 100/159 Loss: 23.788099
2021-10-26 13:23: Train Epoch 24: 120/159 Loss: 24.379005
2021-10-26 13:23: Train Epoch 24: 140/159 Loss: 23.343388
2021-10-26 13:24: **********Train Epoch 24: averaged Loss: 23.137132, tf_ratio: 1.000000
2021-10-26 13:24: **********Val Epoch 24: average Loss: 25.063953
2021-10-26 13:24: *********************************Current best model saved!
2021-10-26 13:24: Train Epoch 25: 0/159 Loss: 22.446457
2021-10-26 13:24: Train Epoch 25: 20/159 Loss: 21.777658
2021-10-26 13:24: Train Epoch 25: 40/159 Loss: 21.526180
2021-10-26 13:25: Train Epoch 25: 60/159 Loss: 21.458044
2021-10-26 13:25: Train Epoch 25: 80/159 Loss: 20.262970
2021-10-26 13:25: Train Epoch 25: 100/159 Loss: 21.138412
2021-10-26 13:25: Train Epoch 25: 120/159 Loss: 20.829792
2021-10-26 13:25: Train Epoch 25: 140/159 Loss: 22.996773
2021-10-26 13:26: **********Train Epoch 25: averaged Loss: 22.525409, tf_ratio: 1.000000
2021-10-26 13:26: **********Val Epoch 25: average Loss: 24.330181
2021-10-26 13:26: *********************************Current best model saved!
2021-10-26 13:26: Train Epoch 26: 0/159 Loss: 22.336248
2021-10-26 13:26: Train Epoch 26: 20/159 Loss: 20.878071
2021-10-26 13:26: Train Epoch 26: 40/159 Loss: 23.162609
2021-10-26 13:26: Train Epoch 26: 60/159 Loss: 22.121252
2021-10-26 13:27: Train Epoch 26: 80/159 Loss: 21.947271
2021-10-26 13:27: Train Epoch 26: 100/159 Loss: 23.214073
2021-10-26 13:27: Train Epoch 26: 120/159 Loss: 24.385952
2021-10-26 13:27: Train Epoch 26: 140/159 Loss: 22.900381
2021-10-26 13:27: **********Train Epoch 26: averaged Loss: 21.914978, tf_ratio: 1.000000
2021-10-26 13:28: **********Val Epoch 26: average Loss: 23.756188
2021-10-26 13:28: *********************************Current best model saved!
2021-10-26 13:28: Train Epoch 27: 0/159 Loss: 22.385923
2021-10-26 13:28: Train Epoch 27: 20/159 Loss: 21.673971
2021-10-26 13:28: Train Epoch 27: 40/159 Loss: 22.213953
2021-10-26 13:28: Train Epoch 27: 60/159 Loss: 22.319962
2021-10-26 13:29: Train Epoch 27: 80/159 Loss: 23.745916
2021-10-26 13:29: Train Epoch 27: 100/159 Loss: 22.431715
2021-10-26 13:29: Train Epoch 27: 120/159 Loss: 21.471550
2021-10-26 13:29: Train Epoch 27: 140/159 Loss: 22.332777
2021-10-26 13:29: **********Train Epoch 27: averaged Loss: 21.426391, tf_ratio: 1.000000
2021-10-26 13:30: **********Val Epoch 27: average Loss: 23.271953
2021-10-26 13:30: *********************************Current best model saved!
2021-10-26 13:30: Train Epoch 28: 0/159 Loss: 22.987494
2021-10-26 13:30: Train Epoch 28: 20/159 Loss: 21.449242
2021-10-26 13:30: Train Epoch 28: 40/159 Loss: 20.849211
2021-10-26 13:30: Train Epoch 28: 60/159 Loss: 20.515276
2021-10-26 13:30: Train Epoch 28: 80/159 Loss: 21.138346
2021-10-26 13:31: Train Epoch 28: 100/159 Loss: 22.188011
2021-10-26 13:31: Train Epoch 28: 120/159 Loss: 22.357977
2021-10-26 13:31: Train Epoch 28: 140/159 Loss: 19.622952
2021-10-26 13:31: **********Train Epoch 28: averaged Loss: 20.992484, tf_ratio: 1.000000
2021-10-26 13:31: **********Val Epoch 28: average Loss: 22.724933
2021-10-26 13:31: *********************************Current best model saved!
2021-10-26 13:31: Train Epoch 29: 0/159 Loss: 21.091677
2021-10-26 13:32: Train Epoch 29: 20/159 Loss: 20.201311
2021-10-26 13:32: Train Epoch 29: 40/159 Loss: 20.865345
2021-10-26 13:32: Train Epoch 29: 60/159 Loss: 20.709496
2021-10-26 13:32: Train Epoch 29: 80/159 Loss: 18.905966
2021-10-26 13:33: Train Epoch 29: 100/159 Loss: 19.646414
2021-10-26 13:33: Train Epoch 29: 120/159 Loss: 21.575239
2021-10-26 13:33: Train Epoch 29: 140/159 Loss: 17.576159
2021-10-26 13:33: **********Train Epoch 29: averaged Loss: 20.601290, tf_ratio: 1.000000
2021-10-26 13:33: **********Val Epoch 29: average Loss: 22.406120
2021-10-26 13:33: *********************************Current best model saved!
2021-10-26 13:33: Train Epoch 30: 0/159 Loss: 21.500168
2021-10-26 13:34: Train Epoch 30: 20/159 Loss: 21.325296
2021-10-26 13:34: Train Epoch 30: 40/159 Loss: 19.530487
2021-10-26 13:34: Train Epoch 30: 60/159 Loss: 21.995340
2021-10-26 13:34: Train Epoch 30: 80/159 Loss: 22.020355
2021-10-26 13:34: Train Epoch 30: 100/159 Loss: 20.105953
2021-10-26 13:35: Train Epoch 30: 120/159 Loss: 20.462959
2021-10-26 13:35: Train Epoch 30: 140/159 Loss: 20.645144
2021-10-26 13:35: **********Train Epoch 30: averaged Loss: 20.284458, tf_ratio: 1.000000
2021-10-26 13:35: **********Val Epoch 30: average Loss: 21.997273
2021-10-26 13:35: *********************************Current best model saved!
2021-10-26 13:35: Train Epoch 31: 0/159 Loss: 20.742231
2021-10-26 13:35: Train Epoch 31: 20/159 Loss: 19.129036
2021-10-26 13:36: Train Epoch 31: 40/159 Loss: 19.960463
2021-10-26 13:36: Train Epoch 31: 60/159 Loss: 18.999685
2021-10-26 13:36: Train Epoch 31: 80/159 Loss: 19.659670
2021-10-26 13:36: Train Epoch 31: 100/159 Loss: 18.443565
2021-10-26 13:37: Train Epoch 31: 120/159 Loss: 19.334175
2021-10-26 13:37: Train Epoch 31: 140/159 Loss: 19.251518
2021-10-26 13:37: **********Train Epoch 31: averaged Loss: 19.972048, tf_ratio: 1.000000
2021-10-26 13:37: **********Val Epoch 31: average Loss: 21.695964
2021-10-26 13:37: *********************************Current best model saved!
2021-10-26 13:37: Train Epoch 32: 0/159 Loss: 20.001112
2021-10-26 13:37: Train Epoch 32: 20/159 Loss: 20.567154
2021-10-26 13:38: Train Epoch 32: 40/159 Loss: 20.733217
2021-10-26 13:38: Train Epoch 32: 60/159 Loss: 21.663284
2021-10-26 13:38: Train Epoch 32: 80/159 Loss: 19.952507
2021-10-26 13:38: Train Epoch 32: 100/159 Loss: 21.846880
2021-10-26 13:38: Train Epoch 32: 120/159 Loss: 18.162855
2021-10-26 13:39: Train Epoch 32: 140/159 Loss: 22.374247
2021-10-26 13:39: **********Train Epoch 32: averaged Loss: 19.714027, tf_ratio: 1.000000
2021-10-26 13:39: **********Val Epoch 32: average Loss: 21.381638
2021-10-26 13:39: *********************************Current best model saved!
2021-10-26 13:39: Train Epoch 33: 0/159 Loss: 21.823374
2021-10-26 13:39: Train Epoch 33: 20/159 Loss: 18.338247
2021-10-26 13:39: Train Epoch 33: 40/159 Loss: 20.014616
2021-10-26 13:40: Train Epoch 33: 60/159 Loss: 19.470167
2021-10-26 13:40: Train Epoch 33: 80/159 Loss: 20.196047
2021-10-26 13:40: Train Epoch 33: 100/159 Loss: 18.642649
2021-10-26 13:40: Train Epoch 33: 120/159 Loss: 17.864019
2021-10-26 13:41: Train Epoch 33: 140/159 Loss: 19.115139
2021-10-26 13:41: **********Train Epoch 33: averaged Loss: 19.434570, tf_ratio: 1.000000
2021-10-26 13:41: **********Val Epoch 33: average Loss: 21.171208
2021-10-26 13:41: *********************************Current best model saved!
2021-10-26 13:41: Train Epoch 34: 0/159 Loss: 20.642036
2021-10-26 13:41: Train Epoch 34: 20/159 Loss: 20.654842
2021-10-26 13:41: Train Epoch 34: 40/159 Loss: 17.543568
2021-10-26 13:42: Train Epoch 34: 60/159 Loss: 18.167320
2021-10-26 13:42: Train Epoch 34: 80/159 Loss: 19.922503
2021-10-26 13:42: Train Epoch 34: 100/159 Loss: 20.203968
2021-10-26 13:42: Train Epoch 34: 120/159 Loss: 16.877405
2021-10-26 13:42: Train Epoch 34: 140/159 Loss: 18.637325
2021-10-26 13:43: **********Train Epoch 34: averaged Loss: 19.248500, tf_ratio: 1.000000
2021-10-26 13:43: **********Val Epoch 34: average Loss: 20.994731
2021-10-26 13:43: *********************************Current best model saved!
2021-10-26 13:43: Train Epoch 35: 0/159 Loss: 19.532961
2021-10-26 13:43: Train Epoch 35: 20/159 Loss: 18.633238
2021-10-26 13:43: Train Epoch 35: 40/159 Loss: 19.411478
2021-10-26 13:44: Train Epoch 35: 60/159 Loss: 19.911934
2021-10-26 13:44: Train Epoch 35: 80/159 Loss: 19.456251
2021-10-26 13:44: Train Epoch 35: 100/159 Loss: 19.186926
2021-10-26 13:44: Train Epoch 35: 120/159 Loss: 17.956427
2021-10-26 13:44: Train Epoch 35: 140/159 Loss: 20.261679
2021-10-26 13:45: **********Train Epoch 35: averaged Loss: 19.041153, tf_ratio: 1.000000
2021-10-26 13:45: **********Val Epoch 35: average Loss: 20.681971
2021-10-26 13:45: *********************************Current best model saved!
2021-10-26 13:45: Train Epoch 36: 0/159 Loss: 18.165586
2021-10-26 13:45: Train Epoch 36: 20/159 Loss: 18.363176
2021-10-26 13:45: Train Epoch 36: 40/159 Loss: 18.564548
2021-10-26 13:45: Train Epoch 36: 60/159 Loss: 19.144028
2021-10-26 13:46: Train Epoch 36: 80/159 Loss: 21.457579
2021-10-26 13:46: Train Epoch 36: 100/159 Loss: 19.692495
2021-10-26 13:46: Train Epoch 36: 120/159 Loss: 19.204264
2021-10-26 13:46: Train Epoch 36: 140/159 Loss: 17.626551
2021-10-26 13:47: **********Train Epoch 36: averaged Loss: 18.884807, tf_ratio: 1.000000
2021-10-26 13:47: **********Val Epoch 36: average Loss: 20.540486
2021-10-26 13:47: *********************************Current best model saved!
2021-10-26 13:47: Train Epoch 37: 0/159 Loss: 17.909740
2021-10-26 13:47: Train Epoch 37: 20/159 Loss: 16.450510
2021-10-26 13:47: Train Epoch 37: 40/159 Loss: 19.054684
2021-10-26 13:47: Train Epoch 37: 60/159 Loss: 19.170837
2021-10-26 13:48: Train Epoch 37: 80/159 Loss: 18.798481
2021-10-26 13:48: Train Epoch 37: 100/159 Loss: 18.372942
2021-10-26 13:48: Train Epoch 37: 120/159 Loss: 17.809633
2021-10-26 13:48: Train Epoch 37: 140/159 Loss: 18.831123
2021-10-26 13:48: **********Train Epoch 37: averaged Loss: 18.671653, tf_ratio: 1.000000
2021-10-26 13:49: **********Val Epoch 37: average Loss: 20.423968
2021-10-26 13:49: *********************************Current best model saved!
2021-10-26 13:49: Train Epoch 38: 0/159 Loss: 17.324446
2021-10-26 13:49: Train Epoch 38: 20/159 Loss: 18.513271
2021-10-26 13:49: Train Epoch 38: 40/159 Loss: 20.164551
2021-10-26 13:49: Train Epoch 38: 60/159 Loss: 18.675875
2021-10-26 13:49: Train Epoch 38: 80/159 Loss: 17.937464
2021-10-26 13:50: Train Epoch 38: 100/159 Loss: 19.424898
2021-10-26 13:50: Train Epoch 38: 120/159 Loss: 20.410854
2021-10-26 13:50: Train Epoch 38: 140/159 Loss: 19.179119
2021-10-26 13:50: **********Train Epoch 38: averaged Loss: 18.570177, tf_ratio: 1.000000
2021-10-26 13:50: **********Val Epoch 38: average Loss: 20.214978
2021-10-26 13:50: *********************************Current best model saved!
2021-10-26 13:51: Train Epoch 39: 0/159 Loss: 18.519930
2021-10-26 13:51: Train Epoch 39: 20/159 Loss: 17.691732
2021-10-26 13:51: Train Epoch 39: 40/159 Loss: 20.821810
2021-10-26 13:51: Train Epoch 39: 60/159 Loss: 19.275503
2021-10-26 13:51: Train Epoch 39: 80/159 Loss: 18.811827
2021-10-26 13:52: Train Epoch 39: 100/159 Loss: 18.185495
2021-10-26 13:52: Train Epoch 39: 120/159 Loss: 18.072536
2021-10-26 13:52: Train Epoch 39: 140/159 Loss: 19.171808
2021-10-26 13:52: **********Train Epoch 39: averaged Loss: 18.405029, tf_ratio: 1.000000
2021-10-26 13:52: **********Val Epoch 39: average Loss: 20.044780
2021-10-26 13:52: *********************************Current best model saved!
2021-10-26 13:52: Train Epoch 40: 0/159 Loss: 19.002607
2021-10-26 13:53: Train Epoch 40: 20/159 Loss: 16.954521
2021-10-26 13:53: Train Epoch 40: 40/159 Loss: 17.761576
2021-10-26 13:53: Train Epoch 40: 60/159 Loss: 18.592052
2021-10-26 13:53: Train Epoch 40: 80/159 Loss: 20.143402
2021-10-26 13:54: Train Epoch 40: 100/159 Loss: 17.402905
2021-10-26 13:54: Train Epoch 40: 120/159 Loss: 19.916471
2021-10-26 13:54: Train Epoch 40: 140/159 Loss: 18.881403
2021-10-26 13:54: **********Train Epoch 40: averaged Loss: 18.282219, tf_ratio: 1.000000
2021-10-26 13:54: **********Val Epoch 40: average Loss: 19.963994
2021-10-26 13:54: *********************************Current best model saved!
2021-10-26 13:54: Train Epoch 41: 0/159 Loss: 19.499285
2021-10-26 13:55: Train Epoch 41: 20/159 Loss: 18.143740
2021-10-26 13:55: Train Epoch 41: 40/159 Loss: 18.334347
2021-10-26 13:55: Train Epoch 41: 60/159 Loss: 18.191601
2021-10-26 13:55: Train Epoch 41: 80/159 Loss: 16.834454
2021-10-26 13:55: Train Epoch 41: 100/159 Loss: 18.205093
2021-10-26 13:56: Train Epoch 41: 120/159 Loss: 19.745626
2021-10-26 13:56: Train Epoch 41: 140/159 Loss: 17.778814
2021-10-26 13:56: **********Train Epoch 41: averaged Loss: 18.176161, tf_ratio: 1.000000
2021-10-26 13:56: **********Val Epoch 41: average Loss: 19.948535
2021-10-26 13:56: *********************************Current best model saved!
2021-10-26 13:56: Train Epoch 42: 0/159 Loss: 18.728239
2021-10-26 13:56: Train Epoch 42: 20/159 Loss: 15.708722
2021-10-26 13:57: Train Epoch 42: 40/159 Loss: 17.601891
2021-10-26 13:57: Train Epoch 42: 60/159 Loss: 19.569162
2021-10-26 13:57: Train Epoch 42: 80/159 Loss: 18.154137
2021-10-26 13:57: Train Epoch 42: 100/159 Loss: 18.730869
2021-10-26 13:58: Train Epoch 42: 120/159 Loss: 18.282595
2021-10-26 13:58: Train Epoch 42: 140/159 Loss: 17.756222
2021-10-26 13:58: **********Train Epoch 42: averaged Loss: 18.082384, tf_ratio: 1.000000
2021-10-26 13:58: **********Val Epoch 42: average Loss: 19.777160
2021-10-26 13:58: *********************************Current best model saved!
2021-10-26 13:58: Train Epoch 43: 0/159 Loss: 18.116779
2021-10-26 13:58: Train Epoch 43: 20/159 Loss: 19.534071
2021-10-26 13:59: Train Epoch 43: 40/159 Loss: 16.759935
2021-10-26 13:59: Train Epoch 43: 60/159 Loss: 17.799788
2021-10-26 13:59: Train Epoch 43: 80/159 Loss: 17.859695
2021-10-26 13:59: Train Epoch 43: 100/159 Loss: 18.494059
2021-10-26 13:59: Train Epoch 43: 120/159 Loss: 17.606276
2021-10-26 14:00: Train Epoch 43: 140/159 Loss: 18.342316
2021-10-26 14:00: **********Train Epoch 43: averaged Loss: 17.967432, tf_ratio: 1.000000
2021-10-26 14:00: **********Val Epoch 43: average Loss: 19.645149
2021-10-26 14:00: *********************************Current best model saved!
2021-10-26 14:00: Train Epoch 44: 0/159 Loss: 17.116678
2021-10-26 14:00: Train Epoch 44: 20/159 Loss: 18.437042
2021-10-26 14:01: Train Epoch 44: 40/159 Loss: 20.530029
2021-10-26 14:01: Train Epoch 44: 60/159 Loss: 16.477520
2021-10-26 14:01: Train Epoch 44: 80/159 Loss: 17.438757
2021-10-26 14:01: Train Epoch 44: 100/159 Loss: 17.493589
2021-10-26 14:01: Train Epoch 44: 120/159 Loss: 18.760847
2021-10-26 14:02: Train Epoch 44: 140/159 Loss: 19.222284
2021-10-26 14:02: **********Train Epoch 44: averaged Loss: 17.876830, tf_ratio: 1.000000
2021-10-26 14:02: **********Val Epoch 44: average Loss: 19.566494
2021-10-26 14:02: *********************************Current best model saved!
2021-10-26 14:02: Train Epoch 45: 0/159 Loss: 18.053598
2021-10-26 14:02: Train Epoch 45: 20/159 Loss: 16.959366
2021-10-26 14:02: Train Epoch 45: 40/159 Loss: 18.137653
2021-10-26 14:03: Train Epoch 45: 60/159 Loss: 18.206951
2021-10-26 14:03: Train Epoch 45: 80/159 Loss: 18.571865
2021-10-26 14:03: Train Epoch 45: 100/159 Loss: 18.271055
2021-10-26 14:03: Train Epoch 45: 120/159 Loss: 18.384253
2021-10-26 14:04: Train Epoch 45: 140/159 Loss: 17.331848
2021-10-26 14:04: **********Train Epoch 45: averaged Loss: 17.797585, tf_ratio: 1.000000
2021-10-26 14:04: **********Val Epoch 45: average Loss: 19.445959
2021-10-26 14:04: *********************************Current best model saved!
2021-10-26 14:04: Train Epoch 46: 0/159 Loss: 18.295668
2021-10-26 14:04: Train Epoch 46: 20/159 Loss: 18.833963
2021-10-26 14:04: Train Epoch 46: 40/159 Loss: 17.072962
2021-10-26 14:05: Train Epoch 46: 60/159 Loss: 17.732927
2021-10-26 14:05: Train Epoch 46: 80/159 Loss: 18.812136
2021-10-26 14:05: Train Epoch 46: 100/159 Loss: 17.158648
2021-10-26 14:05: Train Epoch 46: 120/159 Loss: 17.551390
2021-10-26 14:05: Train Epoch 46: 140/159 Loss: 17.887554
2021-10-26 14:06: **********Train Epoch 46: averaged Loss: 17.759699, tf_ratio: 1.000000
2021-10-26 14:06: **********Val Epoch 46: average Loss: 19.512708
2021-10-26 14:06: Train Epoch 47: 0/159 Loss: 18.613560
2021-10-26 14:06: Train Epoch 47: 20/159 Loss: 18.887154
2021-10-26 14:06: Train Epoch 47: 40/159 Loss: 17.246412
2021-10-26 14:06: Train Epoch 47: 60/159 Loss: 19.598579
2021-10-26 14:07: Train Epoch 47: 80/159 Loss: 15.405814
2021-10-26 14:07: Train Epoch 47: 100/159 Loss: 16.809572
2021-10-26 14:07: Train Epoch 47: 120/159 Loss: 17.422424
2021-10-26 14:07: Train Epoch 47: 140/159 Loss: 18.263895
2021-10-26 14:08: **********Train Epoch 47: averaged Loss: 17.649547, tf_ratio: 1.000000
2021-10-26 14:08: **********Val Epoch 47: average Loss: 19.394025
2021-10-26 14:08: *********************************Current best model saved!
2021-10-26 14:08: Train Epoch 48: 0/159 Loss: 18.342680
2021-10-26 14:08: Train Epoch 48: 20/159 Loss: 17.967197
2021-10-26 14:08: Train Epoch 48: 40/159 Loss: 18.091385
2021-10-26 14:08: Train Epoch 48: 60/159 Loss: 19.354061
2021-10-26 14:09: Train Epoch 48: 80/159 Loss: 17.721270
2021-10-26 14:09: Train Epoch 48: 100/159 Loss: 19.106436
2021-10-26 14:09: Train Epoch 48: 120/159 Loss: 17.529394
2021-10-26 14:09: Train Epoch 48: 140/159 Loss: 18.575901
2021-10-26 14:09: **********Train Epoch 48: averaged Loss: 17.598245, tf_ratio: 1.000000
2021-10-26 14:10: **********Val Epoch 48: average Loss: 19.437101
2021-10-26 14:10: Train Epoch 49: 0/159 Loss: 16.882751
2021-10-26 14:10: Train Epoch 49: 20/159 Loss: 16.914936
2021-10-26 14:10: Train Epoch 49: 40/159 Loss: 18.187841
2021-10-26 14:10: Train Epoch 49: 60/159 Loss: 18.404779
2021-10-26 14:10: Train Epoch 49: 80/159 Loss: 16.509733
2021-10-26 14:11: Train Epoch 49: 100/159 Loss: 16.534447
2021-10-26 14:11: Train Epoch 49: 120/159 Loss: 15.932179
2021-10-26 14:11: Train Epoch 49: 140/159 Loss: 15.858264
2021-10-26 14:11: **********Train Epoch 49: averaged Loss: 17.540916, tf_ratio: 1.000000
2021-10-26 14:12: **********Val Epoch 49: average Loss: 19.410649
2021-10-26 14:12: Train Epoch 50: 0/159 Loss: 16.767235
2021-10-26 14:12: Train Epoch 50: 20/159 Loss: 18.539467
2021-10-26 14:12: Train Epoch 50: 40/159 Loss: 15.886411
2021-10-26 14:12: Train Epoch 50: 60/159 Loss: 16.340479
2021-10-26 14:12: Train Epoch 50: 80/159 Loss: 17.582970
2021-10-26 14:13: Train Epoch 50: 100/159 Loss: 16.999418
2021-10-26 14:13: Train Epoch 50: 120/159 Loss: 15.286999
2021-10-26 14:13: Train Epoch 50: 140/159 Loss: 17.250011
2021-10-26 14:13: **********Train Epoch 50: averaged Loss: 17.482555, tf_ratio: 1.000000
2021-10-26 14:13: **********Val Epoch 50: average Loss: 19.180853
2021-10-26 14:13: *********************************Current best model saved!
2021-10-26 14:13: Train Epoch 51: 0/159 Loss: 17.056404
2021-10-26 14:14: Train Epoch 51: 20/159 Loss: 16.908367
2021-10-26 14:14: Train Epoch 51: 40/159 Loss: 17.150860
2021-10-26 14:14: Train Epoch 51: 60/159 Loss: 19.476393
2021-10-26 14:14: Train Epoch 51: 80/159 Loss: 16.336578
2021-10-26 14:15: Train Epoch 51: 100/159 Loss: 15.754377
2021-10-26 14:15: Train Epoch 51: 120/159 Loss: 16.841600
2021-10-26 14:15: Train Epoch 51: 140/159 Loss: 17.820396
2021-10-26 14:15: **********Train Epoch 51: averaged Loss: 17.428981, tf_ratio: 1.000000
2021-10-26 14:15: **********Val Epoch 51: average Loss: 19.172973
2021-10-26 14:15: *********************************Current best model saved!
2021-10-26 14:15: Train Epoch 52: 0/159 Loss: 18.580742
2021-10-26 14:16: Train Epoch 52: 20/159 Loss: 16.698292
2021-10-26 14:16: Train Epoch 52: 40/159 Loss: 17.179359
2021-10-26 14:16: Train Epoch 52: 60/159 Loss: 16.673258
2021-10-26 14:16: Train Epoch 52: 80/159 Loss: 16.559925
2021-10-26 14:16: Train Epoch 52: 100/159 Loss: 15.652529
2021-10-26 14:17: Train Epoch 52: 120/159 Loss: 18.046057
2021-10-26 14:17: Train Epoch 52: 140/159 Loss: 16.370613
2021-10-26 14:17: **********Train Epoch 52: averaged Loss: 17.363263, tf_ratio: 1.000000
2021-10-26 14:17: **********Val Epoch 52: average Loss: 19.141833
2021-10-26 14:17: *********************************Current best model saved!
2021-10-26 14:17: Train Epoch 53: 0/159 Loss: 16.724684
2021-10-26 14:17: Train Epoch 53: 20/159 Loss: 17.151697
2021-10-26 14:18: Train Epoch 53: 40/159 Loss: 19.110054
2021-10-26 14:18: Train Epoch 53: 60/159 Loss: 15.655196
2021-10-26 14:18: Train Epoch 53: 80/159 Loss: 17.095316
2021-10-26 14:18: Train Epoch 53: 100/159 Loss: 16.638292
2021-10-26 14:19: Train Epoch 53: 120/159 Loss: 18.681629
2021-10-26 14:19: Train Epoch 53: 140/159 Loss: 16.165375
2021-10-26 14:19: **********Train Epoch 53: averaged Loss: 17.312470, tf_ratio: 1.000000
2021-10-26 14:19: **********Val Epoch 53: average Loss: 19.114952
2021-10-26 14:19: *********************************Current best model saved!
2021-10-26 14:19: Train Epoch 54: 0/159 Loss: 17.186817
2021-10-26 14:19: Train Epoch 54: 20/159 Loss: 16.904654
2021-10-26 14:20: Train Epoch 54: 40/159 Loss: 16.859369
2021-10-26 14:20: Train Epoch 54: 60/159 Loss: 16.399151
2021-10-26 14:20: Train Epoch 54: 80/159 Loss: 17.202126
2021-10-26 14:20: Train Epoch 54: 100/159 Loss: 17.023071
2021-10-26 14:20: Train Epoch 54: 120/159 Loss: 16.465723
2021-10-26 14:21: Train Epoch 54: 140/159 Loss: 17.582777
2021-10-26 14:21: **********Train Epoch 54: averaged Loss: 17.283296, tf_ratio: 1.000000
2021-10-26 14:21: **********Val Epoch 54: average Loss: 19.111712
2021-10-26 14:21: *********************************Current best model saved!
2021-10-26 14:21: Train Epoch 55: 0/159 Loss: 18.235561
2021-10-26 14:21: Train Epoch 55: 20/159 Loss: 16.440788
2021-10-26 14:21: Train Epoch 55: 40/159 Loss: 15.174484
2021-10-26 14:22: Train Epoch 55: 60/159 Loss: 16.840622
2021-10-26 14:22: Train Epoch 55: 80/159 Loss: 17.588552
2021-10-26 14:22: Train Epoch 55: 100/159 Loss: 17.322689
2021-10-26 14:22: Train Epoch 55: 120/159 Loss: 17.004398
2021-10-26 14:23: Train Epoch 55: 140/159 Loss: 15.652268
2021-10-26 14:23: **********Train Epoch 55: averaged Loss: 17.215211, tf_ratio: 1.000000
2021-10-26 14:23: **********Val Epoch 55: average Loss: 19.023511
2021-10-26 14:23: *********************************Current best model saved!
2021-10-26 14:23: Train Epoch 56: 0/159 Loss: 16.695381
2021-10-26 14:23: Train Epoch 56: 20/159 Loss: 17.604855
2021-10-26 14:23: Train Epoch 56: 40/159 Loss: 17.986044
2021-10-26 14:24: Train Epoch 56: 60/159 Loss: 16.044313
2021-10-26 14:24: Train Epoch 56: 80/159 Loss: 18.075239
2021-10-26 14:24: Train Epoch 56: 100/159 Loss: 16.785959
2021-10-26 14:24: Train Epoch 56: 120/159 Loss: 17.735868
2021-10-26 14:24: Train Epoch 56: 140/159 Loss: 17.836447
2021-10-26 14:25: **********Train Epoch 56: averaged Loss: 17.211891, tf_ratio: 1.000000
2021-10-26 14:25: **********Val Epoch 56: average Loss: 19.079049
2021-10-26 14:25: Train Epoch 57: 0/159 Loss: 16.676867
2021-10-26 14:25: Train Epoch 57: 20/159 Loss: 18.700052
2021-10-26 14:25: Train Epoch 57: 40/159 Loss: 16.156412
2021-10-26 14:25: Train Epoch 57: 60/159 Loss: 17.680227
2021-10-26 14:26: Train Epoch 57: 80/159 Loss: 16.249767
2021-10-26 14:26: Train Epoch 57: 100/159 Loss: 18.596962
2021-10-26 14:26: Train Epoch 57: 120/159 Loss: 18.082468
2021-10-26 14:26: Train Epoch 57: 140/159 Loss: 18.432087
2021-10-26 14:27: **********Train Epoch 57: averaged Loss: 17.166184, tf_ratio: 1.000000
2021-10-26 14:27: **********Val Epoch 57: average Loss: 18.933909
2021-10-26 14:27: *********************************Current best model saved!
2021-10-26 14:27: Train Epoch 58: 0/159 Loss: 16.292931
2021-10-26 14:27: Train Epoch 58: 20/159 Loss: 16.544649
2021-10-26 14:27: Train Epoch 58: 40/159 Loss: 16.785490
2021-10-26 14:27: Train Epoch 58: 60/159 Loss: 16.837254
2021-10-26 14:28: Train Epoch 58: 80/159 Loss: 17.578802
2021-10-26 14:28: Train Epoch 58: 100/159 Loss: 17.514463
2021-10-26 14:28: Train Epoch 58: 120/159 Loss: 17.437649
2021-10-26 14:28: Train Epoch 58: 140/159 Loss: 16.736019
2021-10-26 14:28: **********Train Epoch 58: averaged Loss: 17.107904, tf_ratio: 1.000000
2021-10-26 14:29: **********Val Epoch 58: average Loss: 18.955052
2021-10-26 14:29: Train Epoch 59: 0/159 Loss: 15.338729
2021-10-26 14:29: Train Epoch 59: 20/159 Loss: 17.752115
2021-10-26 14:29: Train Epoch 59: 40/159 Loss: 16.386662
2021-10-26 14:29: Train Epoch 59: 60/159 Loss: 17.364616
2021-10-26 14:30: Train Epoch 59: 80/159 Loss: 17.621853
2021-10-26 14:30: Train Epoch 59: 100/159 Loss: 16.136526
2021-10-26 14:30: Train Epoch 59: 120/159 Loss: 18.052713
2021-10-26 14:30: Train Epoch 59: 140/159 Loss: 16.463337
2021-10-26 14:30: **********Train Epoch 59: averaged Loss: 17.101156, tf_ratio: 1.000000
2021-10-26 14:31: **********Val Epoch 59: average Loss: 19.013715
2021-10-26 14:31: Train Epoch 60: 0/159 Loss: 16.498768
2021-10-26 14:31: Train Epoch 60: 20/159 Loss: 16.912220
2021-10-26 14:31: Train Epoch 60: 40/159 Loss: 16.320585
2021-10-26 14:31: Train Epoch 60: 60/159 Loss: 17.435518
2021-10-26 14:31: Train Epoch 60: 80/159 Loss: 17.339592
2021-10-26 14:32: Train Epoch 60: 100/159 Loss: 18.079746
2021-10-26 14:32: Train Epoch 60: 120/159 Loss: 16.654835
2021-10-26 14:32: Train Epoch 60: 140/159 Loss: 15.668226
2021-10-26 14:32: **********Train Epoch 60: averaged Loss: 17.053796, tf_ratio: 1.000000
2021-10-26 14:32: **********Val Epoch 60: average Loss: 18.938351
2021-10-26 14:32: Train Epoch 61: 0/159 Loss: 17.376389
2021-10-26 14:33: Train Epoch 61: 20/159 Loss: 15.822059
2021-10-26 14:33: Train Epoch 61: 40/159 Loss: 15.379923
2021-10-26 14:33: Train Epoch 61: 60/159 Loss: 17.458092
2021-10-26 14:33: Train Epoch 61: 80/159 Loss: 15.706968
2021-10-26 14:34: Train Epoch 61: 100/159 Loss: 17.418446
2021-10-26 14:34: Train Epoch 61: 120/159 Loss: 14.796829
2021-10-26 14:34: Train Epoch 61: 140/159 Loss: 18.652559
2021-10-26 14:34: **********Train Epoch 61: averaged Loss: 17.016260, tf_ratio: 1.000000
2021-10-26 14:34: **********Val Epoch 61: average Loss: 18.944325
2021-10-26 14:34: Train Epoch 62: 0/159 Loss: 16.835930
2021-10-26 14:35: Train Epoch 62: 20/159 Loss: 17.241911
2021-10-26 14:35: Train Epoch 62: 40/159 Loss: 17.147760
2021-10-26 14:35: Train Epoch 62: 60/159 Loss: 18.359053
2021-10-26 14:35: Train Epoch 62: 80/159 Loss: 16.841085
2021-10-26 14:35: Train Epoch 62: 100/159 Loss: 17.481852
2021-10-26 14:36: Train Epoch 62: 120/159 Loss: 15.862400
2021-10-26 14:36: Train Epoch 62: 140/159 Loss: 16.627926
2021-10-26 14:36: **********Train Epoch 62: averaged Loss: 16.982809, tf_ratio: 1.000000
2021-10-26 14:36: **********Val Epoch 62: average Loss: 18.905733
2021-10-26 14:36: *********************************Current best model saved!
2021-10-26 14:36: Train Epoch 63: 0/159 Loss: 16.284679
2021-10-26 14:36: Train Epoch 63: 20/159 Loss: 16.566017
2021-10-26 14:37: Train Epoch 63: 40/159 Loss: 17.126032
2021-10-26 14:37: Train Epoch 63: 60/159 Loss: 16.777905
2021-10-26 14:37: Train Epoch 63: 80/159 Loss: 16.715054
2021-10-26 14:37: Train Epoch 63: 100/159 Loss: 16.593779
2021-10-26 14:38: Train Epoch 63: 120/159 Loss: 17.104942
2021-10-26 14:38: Train Epoch 63: 140/159 Loss: 16.276707
2021-10-26 14:38: **********Train Epoch 63: averaged Loss: 16.965729, tf_ratio: 1.000000
2021-10-26 14:38: **********Val Epoch 63: average Loss: 18.967414
2021-10-26 14:38: Train Epoch 64: 0/159 Loss: 17.560986
2021-10-26 14:38: Train Epoch 64: 20/159 Loss: 15.450617
2021-10-26 14:39: Train Epoch 64: 40/159 Loss: 16.273235
2021-10-26 14:39: Train Epoch 64: 60/159 Loss: 17.305645
2021-10-26 14:39: Train Epoch 64: 80/159 Loss: 17.847326
2021-10-26 14:39: Train Epoch 64: 100/159 Loss: 16.652658
2021-10-26 14:39: Train Epoch 64: 120/159 Loss: 15.866378
2021-10-26 14:40: Train Epoch 64: 140/159 Loss: 16.988012
2021-10-26 14:40: **********Train Epoch 64: averaged Loss: 16.942121, tf_ratio: 1.000000
2021-10-26 14:40: **********Val Epoch 64: average Loss: 18.901373
2021-10-26 14:40: *********************************Current best model saved!
2021-10-26 14:40: Train Epoch 65: 0/159 Loss: 15.941860
2021-10-26 14:40: Train Epoch 65: 20/159 Loss: 17.999699
2021-10-26 14:41: Train Epoch 65: 40/159 Loss: 16.407988
2021-10-26 14:41: Train Epoch 65: 60/159 Loss: 15.710783
2021-10-26 14:41: Train Epoch 65: 80/159 Loss: 17.049587
2021-10-26 14:41: Train Epoch 65: 100/159 Loss: 17.350010
2021-10-26 14:41: Train Epoch 65: 120/159 Loss: 16.372286
2021-10-26 14:42: Train Epoch 65: 140/159 Loss: 18.152700
2021-10-26 14:42: **********Train Epoch 65: averaged Loss: 16.885287, tf_ratio: 1.000000
2021-10-26 14:42: **********Val Epoch 65: average Loss: 18.829260
2021-10-26 14:42: *********************************Current best model saved!
2021-10-26 14:42: Train Epoch 66: 0/159 Loss: 16.579819
2021-10-26 14:42: Train Epoch 66: 20/159 Loss: 17.579390
2021-10-26 14:42: Train Epoch 66: 40/159 Loss: 17.505543
2021-10-26 14:43: Train Epoch 66: 60/159 Loss: 16.100418
2021-10-26 14:43: Train Epoch 66: 80/159 Loss: 17.935184
2021-10-26 14:43: Train Epoch 66: 100/159 Loss: 16.630260
2021-10-26 14:43: Train Epoch 66: 120/159 Loss: 16.850723
2021-10-26 14:44: Train Epoch 66: 140/159 Loss: 16.949892
2021-10-26 14:44: **********Train Epoch 66: averaged Loss: 16.868614, tf_ratio: 1.000000
2021-10-26 14:44: **********Val Epoch 66: average Loss: 18.885945
2021-10-26 14:44: Train Epoch 67: 0/159 Loss: 16.500351
2021-10-26 14:44: Train Epoch 67: 20/159 Loss: 17.337069
2021-10-26 14:44: Train Epoch 67: 40/159 Loss: 17.125391
2021-10-26 14:45: Train Epoch 67: 60/159 Loss: 16.307243
2021-10-26 14:45: Train Epoch 67: 80/159 Loss: 17.654707
2021-10-26 14:45: Train Epoch 67: 100/159 Loss: 16.379457
2021-10-26 14:45: Train Epoch 67: 120/159 Loss: 18.730911
2021-10-26 14:45: Train Epoch 67: 140/159 Loss: 16.530861
2021-10-26 14:46: **********Train Epoch 67: averaged Loss: 16.849735, tf_ratio: 1.000000
2021-10-26 14:46: **********Val Epoch 67: average Loss: 18.884848
2021-10-26 14:46: Train Epoch 68: 0/159 Loss: 16.398937
2021-10-26 14:46: Train Epoch 68: 20/159 Loss: 15.835540
2021-10-26 14:46: Train Epoch 68: 40/159 Loss: 15.796394
2021-10-26 14:46: Train Epoch 68: 60/159 Loss: 17.241175
2021-10-26 14:47: Train Epoch 68: 80/159 Loss: 16.652401
2021-10-26 14:47: Train Epoch 68: 100/159 Loss: 15.615271
2021-10-26 14:47: Train Epoch 68: 120/159 Loss: 17.152496
2021-10-26 14:47: Train Epoch 68: 140/159 Loss: 16.224421
2021-10-26 14:48: **********Train Epoch 68: averaged Loss: 16.832910, tf_ratio: 1.000000
2021-10-26 14:48: **********Val Epoch 68: average Loss: 18.784453
2021-10-26 14:48: *********************************Current best model saved!
2021-10-26 14:48: Train Epoch 69: 0/159 Loss: 17.691393
2021-10-26 14:48: Train Epoch 69: 20/159 Loss: 15.467425
2021-10-26 14:48: Train Epoch 69: 40/159 Loss: 16.131414
2021-10-26 14:48: Train Epoch 69: 60/159 Loss: 16.530167
2021-10-26 14:49: Train Epoch 69: 80/159 Loss: 16.615513
2021-10-26 14:49: Train Epoch 69: 100/159 Loss: 16.373735
2021-10-26 14:49: Train Epoch 69: 120/159 Loss: 16.192459
2021-10-26 14:49: Train Epoch 69: 140/159 Loss: 16.723064
2021-10-26 14:49: **********Train Epoch 69: averaged Loss: 16.804265, tf_ratio: 1.000000
2021-10-26 14:50: **********Val Epoch 69: average Loss: 18.756195
2021-10-26 14:50: *********************************Current best model saved!
2021-10-26 14:50: Train Epoch 70: 0/159 Loss: 16.294987
2021-10-26 14:50: Train Epoch 70: 20/159 Loss: 16.985670
2021-10-26 14:50: Train Epoch 70: 40/159 Loss: 16.976469
2021-10-26 14:50: Train Epoch 70: 60/159 Loss: 15.801802
2021-10-26 14:50: Train Epoch 70: 80/159 Loss: 18.315075
2021-10-26 14:51: Train Epoch 70: 100/159 Loss: 14.985239
2021-10-26 14:51: Train Epoch 70: 120/159 Loss: 18.582872
2021-10-26 14:51: Train Epoch 70: 140/159 Loss: 15.189030
2021-10-26 14:51: **********Train Epoch 70: averaged Loss: 16.756307, tf_ratio: 1.000000
2021-10-26 14:52: **********Val Epoch 70: average Loss: 18.720391
2021-10-26 14:52: *********************************Current best model saved!
2021-10-26 14:52: Train Epoch 71: 0/159 Loss: 17.088943
2021-10-26 14:52: Train Epoch 71: 20/159 Loss: 16.995663
2021-10-26 14:52: Train Epoch 71: 40/159 Loss: 15.807461
2021-10-26 14:52: Train Epoch 71: 60/159 Loss: 17.189541
2021-10-26 14:52: Train Epoch 71: 80/159 Loss: 16.973969
2021-10-26 14:53: Train Epoch 71: 100/159 Loss: 15.789222
2021-10-26 14:53: Train Epoch 71: 120/159 Loss: 16.921307
2021-10-26 14:53: Train Epoch 71: 140/159 Loss: 16.873865
2021-10-26 14:53: **********Train Epoch 71: averaged Loss: 16.739171, tf_ratio: 1.000000
2021-10-26 14:53: **********Val Epoch 71: average Loss: 18.770771
2021-10-26 14:53: Train Epoch 72: 0/159 Loss: 17.741169
2021-10-26 14:54: Train Epoch 72: 20/159 Loss: 17.945341
2021-10-26 14:54: Train Epoch 72: 40/159 Loss: 15.928505
2021-10-26 14:54: Train Epoch 72: 60/159 Loss: 16.335178
2021-10-26 14:54: Train Epoch 72: 80/159 Loss: 16.154562
2021-10-26 14:55: Train Epoch 72: 100/159 Loss: 17.598133
2021-10-26 14:55: Train Epoch 72: 120/159 Loss: 17.075899
2021-10-26 14:55: Train Epoch 72: 140/159 Loss: 16.620630
2021-10-26 14:55: **********Train Epoch 72: averaged Loss: 16.736089, tf_ratio: 1.000000
2021-10-26 14:55: **********Val Epoch 72: average Loss: 18.771216
2021-10-26 14:55: Train Epoch 73: 0/159 Loss: 17.016518
2021-10-26 14:56: Train Epoch 73: 20/159 Loss: 15.477781
2021-10-26 14:56: Train Epoch 73: 40/159 Loss: 17.557652
2021-10-26 14:56: Train Epoch 73: 60/159 Loss: 17.182299
2021-10-26 14:56: Train Epoch 73: 80/159 Loss: 17.684406
2021-10-26 14:56: Train Epoch 73: 100/159 Loss: 17.778677
2021-10-26 14:57: Train Epoch 73: 120/159 Loss: 15.658464
2021-10-26 14:57: Train Epoch 73: 140/159 Loss: 16.555994
2021-10-26 14:57: **********Train Epoch 73: averaged Loss: 16.699055, tf_ratio: 1.000000
2021-10-26 14:57: **********Val Epoch 73: average Loss: 18.751213
2021-10-26 14:57: Train Epoch 74: 0/159 Loss: 17.110577
2021-10-26 14:57: Train Epoch 74: 20/159 Loss: 15.113418
2021-10-26 14:58: Train Epoch 74: 40/159 Loss: 15.998485
2021-10-26 14:58: Train Epoch 74: 60/159 Loss: 16.792282
2021-10-26 14:58: Train Epoch 74: 80/159 Loss: 16.902529
2021-10-26 14:58: Train Epoch 74: 100/159 Loss: 18.113779
2021-10-26 14:59: Train Epoch 74: 120/159 Loss: 18.370697
2021-10-26 14:59: Train Epoch 74: 140/159 Loss: 16.071857
2021-10-26 14:59: **********Train Epoch 74: averaged Loss: 16.704723, tf_ratio: 1.000000
2021-10-26 14:59: **********Val Epoch 74: average Loss: 18.750370
2021-10-26 14:59: Train Epoch 75: 0/159 Loss: 15.828299
2021-10-26 14:59: Train Epoch 75: 20/159 Loss: 16.675280
2021-10-26 15:00: Train Epoch 75: 40/159 Loss: 17.463135
2021-10-26 15:00: Train Epoch 75: 60/159 Loss: 17.301485
2021-10-26 15:00: Train Epoch 75: 80/159 Loss: 17.485483
2021-10-26 15:00: Train Epoch 75: 100/159 Loss: 16.200485
2021-10-26 15:00: Train Epoch 75: 120/159 Loss: 17.280859
2021-10-26 15:01: Train Epoch 75: 140/159 Loss: 18.896048
2021-10-26 15:01: **********Train Epoch 75: averaged Loss: 16.665783, tf_ratio: 1.000000
2021-10-26 15:01: **********Val Epoch 75: average Loss: 18.744764
2021-10-26 15:01: Train Epoch 76: 0/159 Loss: 16.817343
2021-10-26 15:01: Train Epoch 76: 20/159 Loss: 16.198339
2021-10-26 15:01: Train Epoch 76: 40/159 Loss: 14.322673
2021-10-26 15:02: Train Epoch 76: 60/159 Loss: 15.692513
2021-10-26 15:02: Train Epoch 76: 80/159 Loss: 16.296846
2021-10-26 15:02: Train Epoch 76: 100/159 Loss: 16.223667
2021-10-26 15:02: Train Epoch 76: 120/159 Loss: 15.125280
2021-10-26 15:03: Train Epoch 76: 140/159 Loss: 17.250019
2021-10-26 15:03: **********Train Epoch 76: averaged Loss: 16.656498, tf_ratio: 1.000000
2021-10-26 15:03: **********Val Epoch 76: average Loss: 18.716676
2021-10-26 15:03: *********************************Current best model saved!
2021-10-26 15:03: Train Epoch 77: 0/159 Loss: 15.284866
2021-10-26 15:03: Train Epoch 77: 20/159 Loss: 15.684977
2021-10-26 15:03: Train Epoch 77: 40/159 Loss: 16.322117
2021-10-26 15:04: Train Epoch 77: 60/159 Loss: 17.347214
2021-10-26 15:04: Train Epoch 77: 80/159 Loss: 17.062433
2021-10-26 15:04: Train Epoch 77: 100/159 Loss: 17.411066
2021-10-26 15:04: Train Epoch 77: 120/159 Loss: 16.510021
2021-10-26 15:04: Train Epoch 77: 140/159 Loss: 16.491856
2021-10-26 15:05: **********Train Epoch 77: averaged Loss: 16.624408, tf_ratio: 1.000000
2021-10-26 15:05: **********Val Epoch 77: average Loss: 18.698576
2021-10-26 15:05: *********************************Current best model saved!
2021-10-26 15:05: Train Epoch 78: 0/159 Loss: 15.221283
2021-10-26 15:05: Train Epoch 78: 20/159 Loss: 18.082884
2021-10-26 15:05: Train Epoch 78: 40/159 Loss: 16.097301
2021-10-26 15:06: Train Epoch 78: 60/159 Loss: 17.866302
2021-10-26 15:06: Train Epoch 78: 80/159 Loss: 16.945309
2021-10-26 15:06: Train Epoch 78: 100/159 Loss: 15.301592
2021-10-26 15:06: Train Epoch 78: 120/159 Loss: 17.609612
2021-10-26 15:06: Train Epoch 78: 140/159 Loss: 16.991310
2021-10-26 15:07: **********Train Epoch 78: averaged Loss: 16.622574, tf_ratio: 1.000000
2021-10-26 15:07: **********Val Epoch 78: average Loss: 18.686423
2021-10-26 15:07: *********************************Current best model saved!
2021-10-26 15:07: Train Epoch 79: 0/159 Loss: 17.053265
2021-10-26 15:07: Train Epoch 79: 20/159 Loss: 16.664747
2021-10-26 15:07: Train Epoch 79: 40/159 Loss: 16.234859
2021-10-26 15:07: Train Epoch 79: 60/159 Loss: 15.598734
2021-10-26 15:08: Train Epoch 79: 80/159 Loss: 16.977839
2021-10-26 15:08: Train Epoch 79: 100/159 Loss: 16.803722
2021-10-26 15:08: Train Epoch 79: 120/159 Loss: 17.378471
2021-10-26 15:08: Train Epoch 79: 140/159 Loss: 15.993961
2021-10-26 15:08: **********Train Epoch 79: averaged Loss: 16.589422, tf_ratio: 1.000000
2021-10-26 15:09: **********Val Epoch 79: average Loss: 18.707759
2021-10-26 15:09: Train Epoch 80: 0/159 Loss: 15.835663
2021-10-26 15:09: Train Epoch 80: 20/159 Loss: 14.894590
2021-10-26 15:09: Train Epoch 80: 40/159 Loss: 14.743108
2021-10-26 15:09: Train Epoch 80: 60/159 Loss: 18.018608
2021-10-26 15:10: Train Epoch 80: 80/159 Loss: 16.430147
2021-10-26 15:10: Train Epoch 80: 100/159 Loss: 16.621536
2021-10-26 15:10: Train Epoch 80: 120/159 Loss: 17.693947
2021-10-26 15:10: Train Epoch 80: 140/159 Loss: 16.254511
2021-10-26 15:10: **********Train Epoch 80: averaged Loss: 16.589449, tf_ratio: 1.000000
2021-10-26 15:11: **********Val Epoch 80: average Loss: 18.694591
2021-10-26 15:11: Train Epoch 81: 0/159 Loss: 17.123201
2021-10-26 15:11: Train Epoch 81: 20/159 Loss: 16.029003
2021-10-26 15:11: Train Epoch 81: 40/159 Loss: 17.008612
2021-10-26 15:11: Train Epoch 81: 60/159 Loss: 16.009537
2021-10-26 15:11: Train Epoch 81: 80/159 Loss: 16.694550
2021-10-26 15:12: Train Epoch 81: 100/159 Loss: 16.488186
2021-10-26 15:12: Train Epoch 81: 120/159 Loss: 16.660633
2021-10-26 15:12: Train Epoch 81: 140/159 Loss: 17.442440
2021-10-26 15:12: **********Train Epoch 81: averaged Loss: 16.581573, tf_ratio: 1.000000
2021-10-26 15:12: **********Val Epoch 81: average Loss: 18.659291
2021-10-26 15:12: *********************************Current best model saved!
2021-10-26 15:12: Train Epoch 82: 0/159 Loss: 15.960057
2021-10-26 15:13: Train Epoch 82: 20/159 Loss: 17.638426
2021-10-26 15:13: Train Epoch 82: 40/159 Loss: 16.094618
2021-10-26 15:13: Train Epoch 82: 60/159 Loss: 15.693479
2021-10-26 15:13: Train Epoch 82: 80/159 Loss: 15.664098
2021-10-26 15:14: Train Epoch 82: 100/159 Loss: 15.688680
2021-10-26 15:14: Train Epoch 82: 120/159 Loss: 17.134743
2021-10-26 15:14: Train Epoch 82: 140/159 Loss: 17.336546
2021-10-26 15:14: **********Train Epoch 82: averaged Loss: 16.549597, tf_ratio: 1.000000
2021-10-26 15:14: **********Val Epoch 82: average Loss: 18.668082
2021-10-26 15:14: Train Epoch 83: 0/159 Loss: 15.653496
2021-10-26 15:15: Train Epoch 83: 20/159 Loss: 17.518320
2021-10-26 15:15: Train Epoch 83: 40/159 Loss: 18.331324
2021-10-26 15:15: Train Epoch 83: 60/159 Loss: 16.510939
2021-10-26 15:15: Train Epoch 83: 80/159 Loss: 16.873896
2021-10-26 15:15: Train Epoch 83: 100/159 Loss: 17.150389
2021-10-26 15:16: Train Epoch 83: 120/159 Loss: 15.324322
2021-10-26 15:16: Train Epoch 83: 140/159 Loss: 16.719198
2021-10-26 15:16: **********Train Epoch 83: averaged Loss: 16.521290, tf_ratio: 1.000000
2021-10-26 15:16: **********Val Epoch 83: average Loss: 18.672788
2021-10-26 15:16: Train Epoch 84: 0/159 Loss: 16.767063
2021-10-26 15:16: Train Epoch 84: 20/159 Loss: 17.481735
2021-10-26 15:17: Train Epoch 84: 40/159 Loss: 16.503160
2021-10-26 15:17: Train Epoch 84: 60/159 Loss: 14.080049
2021-10-26 15:17: Train Epoch 84: 80/159 Loss: 16.610723
2021-10-26 15:17: Train Epoch 84: 100/159 Loss: 15.101103
2021-10-26 15:18: Train Epoch 84: 120/159 Loss: 16.888201
2021-10-26 15:18: Train Epoch 84: 140/159 Loss: 17.951302
2021-10-26 15:18: **********Train Epoch 84: averaged Loss: 16.519739, tf_ratio: 1.000000
2021-10-26 15:18: **********Val Epoch 84: average Loss: 18.726313
2021-10-26 15:18: Train Epoch 85: 0/159 Loss: 17.226480
2021-10-26 15:18: Train Epoch 85: 20/159 Loss: 16.323406
2021-10-26 15:19: Train Epoch 85: 40/159 Loss: 16.430431
2021-10-26 15:19: Train Epoch 85: 60/159 Loss: 16.532751
2021-10-26 15:19: Train Epoch 85: 80/159 Loss: 15.537143
2021-10-26 15:19: Train Epoch 85: 100/159 Loss: 17.069000
2021-10-26 15:19: Train Epoch 85: 120/159 Loss: 17.311167
2021-10-26 15:20: Train Epoch 85: 140/159 Loss: 15.499521
2021-10-26 15:20: **********Train Epoch 85: averaged Loss: 16.512843, tf_ratio: 1.000000
2021-10-26 15:20: **********Val Epoch 85: average Loss: 18.687942
2021-10-26 15:20: Train Epoch 86: 0/159 Loss: 16.428993
2021-10-26 15:20: Train Epoch 86: 20/159 Loss: 15.507081
2021-10-26 15:20: Train Epoch 86: 40/159 Loss: 16.930714
2021-10-26 15:21: Train Epoch 86: 60/159 Loss: 15.864331
2021-10-26 15:21: Train Epoch 86: 80/159 Loss: 15.743563
2021-10-26 15:21: Train Epoch 86: 100/159 Loss: 16.031778
2021-10-26 15:21: Train Epoch 86: 120/159 Loss: 15.656586
2021-10-26 15:22: Train Epoch 86: 140/159 Loss: 15.510695
2021-10-26 15:22: **********Train Epoch 86: averaged Loss: 16.473654, tf_ratio: 1.000000
2021-10-26 15:22: **********Val Epoch 86: average Loss: 18.670595
2021-10-26 15:22: Train Epoch 87: 0/159 Loss: 16.272221
2021-10-26 15:22: Train Epoch 87: 20/159 Loss: 16.836765
2021-10-26 15:22: Train Epoch 87: 40/159 Loss: 16.730244
2021-10-26 15:23: Train Epoch 87: 60/159 Loss: 16.611452
2021-10-26 15:23: Train Epoch 87: 80/159 Loss: 16.927607
2021-10-26 15:23: Train Epoch 87: 100/159 Loss: 16.893534
2021-10-26 15:23: Train Epoch 87: 120/159 Loss: 17.338383
2021-10-26 15:23: Train Epoch 87: 140/159 Loss: 16.418047
2021-10-26 15:24: **********Train Epoch 87: averaged Loss: 16.471915, tf_ratio: 1.000000
2021-10-26 15:24: **********Val Epoch 87: average Loss: 18.699493
2021-10-26 15:24: Train Epoch 88: 0/159 Loss: 16.245173
2021-10-26 15:24: Train Epoch 88: 20/159 Loss: 16.449011
2021-10-26 15:24: Train Epoch 88: 40/159 Loss: 15.713335
2021-10-26 15:24: Train Epoch 88: 60/159 Loss: 14.912089
2021-10-26 15:25: Train Epoch 88: 80/159 Loss: 16.828621
2021-10-26 15:25: Train Epoch 88: 100/159 Loss: 15.727925
2021-10-26 15:25: Train Epoch 88: 120/159 Loss: 15.389325
2021-10-26 15:25: Train Epoch 88: 140/159 Loss: 18.108183
2021-10-26 15:26: **********Train Epoch 88: averaged Loss: 16.451569, tf_ratio: 1.000000
2021-10-26 15:26: **********Val Epoch 88: average Loss: 18.675022
2021-10-26 15:26: Train Epoch 89: 0/159 Loss: 16.330303
2021-10-26 15:26: Train Epoch 89: 20/159 Loss: 16.070326
2021-10-26 15:26: Train Epoch 89: 40/159 Loss: 18.148832
2021-10-26 15:26: Train Epoch 89: 60/159 Loss: 15.830735
2021-10-26 15:27: Train Epoch 89: 80/159 Loss: 16.672810
2021-10-26 15:27: Train Epoch 89: 100/159 Loss: 17.768147
2021-10-26 15:27: Train Epoch 89: 120/159 Loss: 16.157679
2021-10-26 15:27: Train Epoch 89: 140/159 Loss: 18.561047
2021-10-26 15:27: **********Train Epoch 89: averaged Loss: 16.449016, tf_ratio: 1.000000
2021-10-26 15:28: **********Val Epoch 89: average Loss: 18.676024
2021-10-26 15:28: Train Epoch 90: 0/159 Loss: 17.015705
2021-10-26 15:28: Train Epoch 90: 20/159 Loss: 15.847493
2021-10-26 15:28: Train Epoch 90: 40/159 Loss: 17.806974
2021-10-26 15:28: Train Epoch 90: 60/159 Loss: 17.224991
2021-10-26 15:28: Train Epoch 90: 80/159 Loss: 16.418806
2021-10-26 15:29: Train Epoch 90: 100/159 Loss: 17.623835
2021-10-26 15:29: Train Epoch 90: 120/159 Loss: 17.118719
2021-10-26 15:29: Train Epoch 90: 140/159 Loss: 15.865826
2021-10-26 15:29: **********Train Epoch 90: averaged Loss: 16.422043, tf_ratio: 1.000000
2021-10-26 15:30: **********Val Epoch 90: average Loss: 18.650004
2021-10-26 15:30: *********************************Current best model saved!
2021-10-26 15:30: Train Epoch 91: 0/159 Loss: 15.604313
2021-10-26 15:30: Train Epoch 91: 20/159 Loss: 16.739349
2021-10-26 15:30: Train Epoch 91: 40/159 Loss: 16.515169
2021-10-26 15:30: Train Epoch 91: 60/159 Loss: 16.660818
2021-10-26 15:30: Train Epoch 91: 80/159 Loss: 16.540344
2021-10-26 15:31: Train Epoch 91: 100/159 Loss: 15.303378
2021-10-26 15:31: Train Epoch 91: 120/159 Loss: 17.522120
2021-10-26 15:31: Train Epoch 91: 140/159 Loss: 14.743608
2021-10-26 15:31: **********Train Epoch 91: averaged Loss: 16.416058, tf_ratio: 1.000000
2021-10-26 15:31: **********Val Epoch 91: average Loss: 18.663874
2021-10-26 15:31: Train Epoch 92: 0/159 Loss: 16.246393
2021-10-26 15:32: Train Epoch 92: 20/159 Loss: 17.534868
2021-10-26 15:32: Train Epoch 92: 40/159 Loss: 17.159414
2021-10-26 15:32: Train Epoch 92: 60/159 Loss: 16.688765
2021-10-26 15:32: Train Epoch 92: 80/159 Loss: 17.461409
2021-10-26 15:32: Train Epoch 92: 100/159 Loss: 17.168320
2021-10-26 15:33: Train Epoch 92: 120/159 Loss: 16.464134
2021-10-26 15:33: Train Epoch 92: 140/159 Loss: 17.653105
2021-10-26 15:33: **********Train Epoch 92: averaged Loss: 16.406886, tf_ratio: 1.000000
2021-10-26 15:33: **********Val Epoch 92: average Loss: 18.683346
2021-10-26 15:33: Train Epoch 93: 0/159 Loss: 16.193394
2021-10-26 15:34: Train Epoch 93: 20/159 Loss: 16.735760
2021-10-26 15:34: Train Epoch 93: 40/159 Loss: 16.079037
2021-10-26 15:34: Train Epoch 93: 60/159 Loss: 15.728763
2021-10-26 15:34: Train Epoch 93: 80/159 Loss: 17.284361
2021-10-26 15:34: Train Epoch 93: 100/159 Loss: 18.280550
2021-10-26 15:35: Train Epoch 93: 120/159 Loss: 17.695143
2021-10-26 15:35: Train Epoch 93: 140/159 Loss: 15.153611
2021-10-26 15:35: **********Train Epoch 93: averaged Loss: 16.380934, tf_ratio: 1.000000
2021-10-26 15:35: **********Val Epoch 93: average Loss: 18.676087
2021-10-26 15:35: Train Epoch 94: 0/159 Loss: 15.559854
2021-10-26 15:35: Train Epoch 94: 20/159 Loss: 15.808544
2021-10-26 15:36: Train Epoch 94: 40/159 Loss: 15.614669
2021-10-26 15:36: Train Epoch 94: 60/159 Loss: 17.332853
2021-10-26 15:36: Train Epoch 94: 80/159 Loss: 16.430681
2021-10-26 15:36: Train Epoch 94: 100/159 Loss: 15.513212
2021-10-26 15:37: Train Epoch 94: 120/159 Loss: 17.168043
2021-10-26 15:37: Train Epoch 94: 140/159 Loss: 15.404995
2021-10-26 15:37: **********Train Epoch 94: averaged Loss: 16.399284, tf_ratio: 1.000000
2021-10-26 15:37: **********Val Epoch 94: average Loss: 18.734124
2021-10-26 15:37: Train Epoch 95: 0/159 Loss: 15.757115
2021-10-26 15:37: Train Epoch 95: 20/159 Loss: 16.529541
2021-10-26 15:38: Train Epoch 95: 40/159 Loss: 16.222353
2021-10-26 15:38: Train Epoch 95: 60/159 Loss: 17.837524
2021-10-26 15:38: Train Epoch 95: 80/159 Loss: 16.589128
2021-10-26 15:38: Train Epoch 95: 100/159 Loss: 16.188316
2021-10-26 15:38: Train Epoch 95: 120/159 Loss: 16.869646
2021-10-26 15:39: Train Epoch 95: 140/159 Loss: 17.028950
2021-10-26 15:39: **********Train Epoch 95: averaged Loss: 16.367805, tf_ratio: 1.000000
2021-10-26 15:39: **********Val Epoch 95: average Loss: 18.714137
2021-10-26 15:39: Train Epoch 96: 0/159 Loss: 15.383930
2021-10-26 15:39: Train Epoch 96: 20/159 Loss: 15.787275
2021-10-26 15:39: Train Epoch 96: 40/159 Loss: 16.927528
2021-10-26 15:40: Train Epoch 96: 60/159 Loss: 16.891287
2021-10-26 15:40: Train Epoch 96: 80/159 Loss: 16.169102
2021-10-26 15:40: Train Epoch 96: 100/159 Loss: 17.505136
2021-10-26 15:40: Train Epoch 96: 120/159 Loss: 15.152300
2021-10-26 15:41: Train Epoch 96: 140/159 Loss: 15.379172
2021-10-26 15:41: **********Train Epoch 96: averaged Loss: 16.364528, tf_ratio: 1.000000
2021-10-26 15:41: **********Val Epoch 96: average Loss: 18.673695
2021-10-26 15:41: Train Epoch 97: 0/159 Loss: 15.997571
2021-10-26 15:41: Train Epoch 97: 20/159 Loss: 16.497725
2021-10-26 15:41: Train Epoch 97: 40/159 Loss: 16.578791
2021-10-26 15:42: Train Epoch 97: 60/159 Loss: 17.813402
2021-10-26 15:42: Train Epoch 97: 80/159 Loss: 17.108824
2021-10-26 15:42: Train Epoch 97: 100/159 Loss: 16.653328
2021-10-26 15:42: Train Epoch 97: 120/159 Loss: 14.848322
2021-10-26 15:42: Train Epoch 97: 140/159 Loss: 16.836054
2021-10-26 15:43: **********Train Epoch 97: averaged Loss: 16.331546, tf_ratio: 1.000000
2021-10-26 15:43: **********Val Epoch 97: average Loss: 18.671093
2021-10-26 15:43: Train Epoch 98: 0/159 Loss: 16.715467
2021-10-26 15:43: Train Epoch 98: 20/159 Loss: 16.646570
2021-10-26 15:43: Train Epoch 98: 40/159 Loss: 16.306854
2021-10-26 15:43: Train Epoch 98: 60/159 Loss: 15.372398
2021-10-26 15:44: Train Epoch 98: 80/159 Loss: 16.454681
2021-10-26 15:44: Train Epoch 98: 100/159 Loss: 16.322582
2021-10-26 15:44: Train Epoch 98: 120/159 Loss: 16.116852
2021-10-26 15:44: Train Epoch 98: 140/159 Loss: 16.143078
2021-10-26 15:45: **********Train Epoch 98: averaged Loss: 16.325740, tf_ratio: 1.000000
2021-10-26 15:45: **********Val Epoch 98: average Loss: 18.651467
2021-10-26 15:45: Train Epoch 99: 0/159 Loss: 17.415894
2021-10-26 15:45: Train Epoch 99: 20/159 Loss: 16.090450
2021-10-26 15:45: Train Epoch 99: 40/159 Loss: 15.673223
2021-10-26 15:45: Train Epoch 99: 60/159 Loss: 16.455097
2021-10-26 15:46: Train Epoch 99: 80/159 Loss: 16.124565
2021-10-26 15:46: Train Epoch 99: 100/159 Loss: 16.775131
2021-10-26 15:46: Train Epoch 99: 120/159 Loss: 14.975029
2021-10-26 15:46: Train Epoch 99: 140/159 Loss: 15.278063
2021-10-26 15:46: **********Train Epoch 99: averaged Loss: 16.309236, tf_ratio: 1.000000
2021-10-26 15:47: **********Val Epoch 99: average Loss: 18.653339
2021-10-26 15:47: Train Epoch 100: 0/159 Loss: 16.154148
2021-10-26 15:47: Train Epoch 100: 20/159 Loss: 16.425901
2021-10-26 15:47: Train Epoch 100: 40/159 Loss: 16.519468
2021-10-26 15:47: Train Epoch 100: 60/159 Loss: 16.684732
2021-10-26 15:48: Train Epoch 100: 80/159 Loss: 16.178505
2021-10-26 15:48: Train Epoch 100: 100/159 Loss: 16.984358
2021-10-26 15:48: Train Epoch 100: 120/159 Loss: 15.976642
2021-10-26 15:48: Train Epoch 100: 140/159 Loss: 16.815897
2021-10-26 15:48: **********Train Epoch 100: averaged Loss: 16.309216, tf_ratio: 1.000000
2021-10-26 15:49: **********Val Epoch 100: average Loss: 18.642735
2021-10-26 15:49: *********************************Current best model saved!
2021-10-26 15:49: Total training time: 190.1387min, best loss: 18.642735
2021-10-26 15:49: Saving current best model to /content/AGCRN/model/experiments/PEMSD4/20211026123853/best_model.pth
2021-10-26 15:49: Horizon 01, MAE: 17.89, RMSE: 28.98, MAPE: 11.8246%
2021-10-26 15:49: Horizon 02, MAE: 18.13, RMSE: 29.59, MAPE: 11.9337%
2021-10-26 15:49: Horizon 03, MAE: 18.49, RMSE: 30.24, MAPE: 12.1107%
2021-10-26 15:49: Horizon 04, MAE: 18.80, RMSE: 30.79, MAPE: 12.2713%
2021-10-26 15:49: Horizon 05, MAE: 19.12, RMSE: 31.36, MAPE: 12.4047%
2021-10-26 15:49: Horizon 06, MAE: 19.62, RMSE: 32.06, MAPE: 12.6639%
2021-10-26 15:49: Average Horizon, MAE: 18.68, RMSE: 30.52, MAPE: 12.2015%
