2021-10-27 08:47: Experiment log path in: /content/AGCRN/model/experiments/PEMSD8/20211027084704
2021-10-27 08:47: Train Epoch 1: 0/167 Loss: 236.427155
2021-10-27 08:47: Train Epoch 1: 20/167 Loss: 234.283524
2021-10-27 08:47: Train Epoch 1: 40/167 Loss: 219.453720
2021-10-27 08:47: Train Epoch 1: 60/167 Loss: 213.670456
2021-10-27 08:47: Train Epoch 1: 80/167 Loss: 229.417938
2021-10-27 08:47: Train Epoch 1: 100/167 Loss: 209.929214
2021-10-27 08:47: Train Epoch 1: 120/167 Loss: 181.411697
2021-10-27 08:47: Train Epoch 1: 140/167 Loss: 207.759415
2021-10-27 08:47: Train Epoch 1: 160/167 Loss: 166.209915
2021-10-27 08:47: **********Train Epoch 1: averaged Loss: 210.004814, tf_ratio: 1.000000
2021-10-27 08:47: **********Val Epoch 1: average Loss: 189.436611
2021-10-27 08:47: *********************************Current best model saved!
2021-10-27 08:47: Train Epoch 2: 0/167 Loss: 174.736679
2021-10-27 08:47: Train Epoch 2: 20/167 Loss: 171.968155
2021-10-27 08:47: Train Epoch 2: 40/167 Loss: 204.126709
2021-10-27 08:47: Train Epoch 2: 60/167 Loss: 161.018417
2021-10-27 08:47: Train Epoch 2: 80/167 Loss: 171.037155
2021-10-27 08:47: Train Epoch 2: 100/167 Loss: 164.301666
2021-10-27 08:47: Train Epoch 2: 120/167 Loss: 163.127945
2021-10-27 08:47: Train Epoch 2: 140/167 Loss: 173.350815
2021-10-27 08:47: Train Epoch 2: 160/167 Loss: 164.929932
2021-10-27 08:47: **********Train Epoch 2: averaged Loss: 173.175674, tf_ratio: 1.000000
2021-10-27 08:47: **********Val Epoch 2: average Loss: 163.969251
2021-10-27 08:47: *********************************Current best model saved!
2021-10-27 08:47: Train Epoch 3: 0/167 Loss: 154.594345
2021-10-27 08:47: Train Epoch 3: 20/167 Loss: 163.948837
2021-10-27 08:47: Train Epoch 3: 40/167 Loss: 152.154480
2021-10-27 08:47: Train Epoch 3: 60/167 Loss: 161.209213
2021-10-27 08:47: Train Epoch 3: 80/167 Loss: 142.304047
2021-10-27 08:47: Train Epoch 3: 100/167 Loss: 128.053986
2021-10-27 08:47: Train Epoch 3: 120/167 Loss: 135.994034
2021-10-27 08:47: Train Epoch 3: 140/167 Loss: 128.103485
2021-10-27 08:47: Train Epoch 3: 160/167 Loss: 129.069946
2021-10-27 08:47: **********Train Epoch 3: averaged Loss: 147.325625, tf_ratio: 1.000000
2021-10-27 08:47: **********Val Epoch 3: average Loss: 137.692104
2021-10-27 08:47: *********************************Current best model saved!
2021-10-27 08:47: Train Epoch 4: 0/167 Loss: 143.992844
2021-10-27 08:47: Train Epoch 4: 20/167 Loss: 139.698563
2021-10-27 08:47: Train Epoch 4: 40/167 Loss: 138.099213
2021-10-27 08:47: Train Epoch 4: 60/167 Loss: 128.489990
2021-10-27 08:47: Train Epoch 4: 80/167 Loss: 135.113846
2021-10-27 08:47: Train Epoch 4: 100/167 Loss: 125.749672
2021-10-27 08:47: Train Epoch 4: 120/167 Loss: 127.986702
2021-10-27 08:47: Train Epoch 4: 140/167 Loss: 121.705154
2021-10-27 08:47: Train Epoch 4: 160/167 Loss: 121.052460
2021-10-27 08:47: **********Train Epoch 4: averaged Loss: 124.621743, tf_ratio: 1.000000
2021-10-27 08:47: **********Val Epoch 4: average Loss: 118.264669
2021-10-27 08:47: *********************************Current best model saved!
2021-10-27 08:47: Train Epoch 5: 0/167 Loss: 115.846512
2021-10-27 08:47: Train Epoch 5: 20/167 Loss: 99.317192
2021-10-27 08:47: Train Epoch 5: 40/167 Loss: 114.486244
2021-10-27 08:47: Train Epoch 5: 60/167 Loss: 100.007431
2021-10-27 08:47: Train Epoch 5: 80/167 Loss: 107.001038
2021-10-27 08:47: Train Epoch 5: 100/167 Loss: 109.987785
2021-10-27 08:47: Train Epoch 5: 120/167 Loss: 104.881638
2021-10-27 08:47: Train Epoch 5: 140/167 Loss: 105.260712
2021-10-27 08:47: Train Epoch 5: 160/167 Loss: 93.772011
2021-10-27 08:48: **********Train Epoch 5: averaged Loss: 106.662605, tf_ratio: 1.000000
2021-10-27 08:48: **********Val Epoch 5: average Loss: 101.553382
2021-10-27 08:48: *********************************Current best model saved!
2021-10-27 08:48: Train Epoch 6: 0/167 Loss: 102.640373
2021-10-27 08:48: Train Epoch 6: 20/167 Loss: 90.559578
2021-10-27 08:48: Train Epoch 6: 40/167 Loss: 88.487228
2021-10-27 08:48: Train Epoch 6: 60/167 Loss: 93.031250
2021-10-27 08:48: Train Epoch 6: 80/167 Loss: 97.617393
2021-10-27 08:48: Train Epoch 6: 100/167 Loss: 111.044464
2021-10-27 08:48: Train Epoch 6: 120/167 Loss: 94.155060
2021-10-27 08:48: Train Epoch 6: 140/167 Loss: 98.265709
2021-10-27 08:48: Train Epoch 6: 160/167 Loss: 96.510025
2021-10-27 08:48: **********Train Epoch 6: averaged Loss: 92.065443, tf_ratio: 1.000000
2021-10-27 08:48: **********Val Epoch 6: average Loss: 88.092282
2021-10-27 08:48: *********************************Current best model saved!
2021-10-27 08:48: Train Epoch 7: 0/167 Loss: 81.779053
2021-10-27 08:48: Train Epoch 7: 20/167 Loss: 77.270790
2021-10-27 08:48: Train Epoch 7: 40/167 Loss: 75.583694
2021-10-27 08:48: Train Epoch 7: 60/167 Loss: 80.397049
2021-10-27 08:48: Train Epoch 7: 80/167 Loss: 84.006378
2021-10-27 08:48: Train Epoch 7: 100/167 Loss: 86.406693
2021-10-27 08:48: Train Epoch 7: 120/167 Loss: 78.231750
2021-10-27 08:48: Train Epoch 7: 140/167 Loss: 75.540237
2021-10-27 08:48: Train Epoch 7: 160/167 Loss: 78.742485
2021-10-27 08:48: **********Train Epoch 7: averaged Loss: 79.983230, tf_ratio: 1.000000
2021-10-27 08:48: **********Val Epoch 7: average Loss: 76.905172
2021-10-27 08:48: *********************************Current best model saved!
2021-10-27 08:48: Train Epoch 8: 0/167 Loss: 75.157478
2021-10-27 08:48: Train Epoch 8: 20/167 Loss: 68.728523
2021-10-27 08:48: Train Epoch 8: 40/167 Loss: 65.299286
2021-10-27 08:48: Train Epoch 8: 60/167 Loss: 71.445259
2021-10-27 08:48: Train Epoch 8: 80/167 Loss: 67.000862
2021-10-27 08:48: Train Epoch 8: 100/167 Loss: 74.581306
2021-10-27 08:48: Train Epoch 8: 120/167 Loss: 63.596603
2021-10-27 08:48: Train Epoch 8: 140/167 Loss: 70.235756
2021-10-27 08:48: Train Epoch 8: 160/167 Loss: 62.688271
2021-10-27 08:48: **********Train Epoch 8: averaged Loss: 69.855433, tf_ratio: 1.000000
2021-10-27 08:48: **********Val Epoch 8: average Loss: 67.731654
2021-10-27 08:48: *********************************Current best model saved!
2021-10-27 08:48: Train Epoch 9: 0/167 Loss: 72.302361
2021-10-27 08:48: Train Epoch 9: 20/167 Loss: 61.845032
2021-10-27 08:48: Train Epoch 9: 40/167 Loss: 66.176003
2021-10-27 08:48: Train Epoch 9: 60/167 Loss: 63.021973
2021-10-27 08:48: Train Epoch 9: 80/167 Loss: 66.726540
2021-10-27 08:48: Train Epoch 9: 100/167 Loss: 59.231529
2021-10-27 08:48: Train Epoch 9: 120/167 Loss: 56.950653
2021-10-27 08:48: Train Epoch 9: 140/167 Loss: 49.903713
2021-10-27 08:48: Train Epoch 9: 160/167 Loss: 56.912888
2021-10-27 08:48: **********Train Epoch 9: averaged Loss: 61.725851, tf_ratio: 1.000000
2021-10-27 08:48: **********Val Epoch 9: average Loss: 60.404806
2021-10-27 08:48: *********************************Current best model saved!
2021-10-27 08:48: Train Epoch 10: 0/167 Loss: 64.187988
2021-10-27 08:48: Train Epoch 10: 20/167 Loss: 56.828598
2021-10-27 08:48: Train Epoch 10: 40/167 Loss: 55.993557
2021-10-27 08:48: Train Epoch 10: 60/167 Loss: 56.596436
2021-10-27 08:48: Train Epoch 10: 80/167 Loss: 51.473759
2021-10-27 08:48: Train Epoch 10: 100/167 Loss: 51.936470
2021-10-27 08:48: Train Epoch 10: 120/167 Loss: 55.431667
2021-10-27 08:48: Train Epoch 10: 140/167 Loss: 58.918865
2021-10-27 08:48: Train Epoch 10: 160/167 Loss: 44.560543
2021-10-27 08:48: **********Train Epoch 10: averaged Loss: 54.960886, tf_ratio: 1.000000
2021-10-27 08:48: **********Val Epoch 10: average Loss: 53.958661
2021-10-27 08:48: *********************************Current best model saved!
2021-10-27 08:48: Train Epoch 11: 0/167 Loss: 57.197090
2021-10-27 08:48: Train Epoch 11: 20/167 Loss: 54.392933
2021-10-27 08:48: Train Epoch 11: 40/167 Loss: 48.817963
2021-10-27 08:49: Train Epoch 11: 60/167 Loss: 52.817436
2021-10-27 08:49: Train Epoch 11: 80/167 Loss: 48.214535
2021-10-27 08:49: Train Epoch 11: 100/167 Loss: 51.568577
2021-10-27 08:49: Train Epoch 11: 120/167 Loss: 48.232071
2021-10-27 08:49: Train Epoch 11: 140/167 Loss: 49.834709
2021-10-27 08:49: Train Epoch 11: 160/167 Loss: 42.096355
2021-10-27 08:49: **********Train Epoch 11: averaged Loss: 49.140891, tf_ratio: 1.000000
2021-10-27 08:49: **********Val Epoch 11: average Loss: 48.535908
2021-10-27 08:49: *********************************Current best model saved!
2021-10-27 08:49: Train Epoch 12: 0/167 Loss: 50.943813
2021-10-27 08:49: Train Epoch 12: 20/167 Loss: 46.894768
2021-10-27 08:49: Train Epoch 12: 40/167 Loss: 45.866478
2021-10-27 08:49: Train Epoch 12: 60/167 Loss: 40.283607
2021-10-27 08:49: Train Epoch 12: 80/167 Loss: 40.165207
2021-10-27 08:49: Train Epoch 12: 100/167 Loss: 45.177761
2021-10-27 08:49: Train Epoch 12: 120/167 Loss: 41.164001
2021-10-27 08:49: Train Epoch 12: 140/167 Loss: 41.851971
2021-10-27 08:49: Train Epoch 12: 160/167 Loss: 39.692848
2021-10-27 08:49: **********Train Epoch 12: averaged Loss: 44.376513, tf_ratio: 1.000000
2021-10-27 08:49: **********Val Epoch 12: average Loss: 44.167848
2021-10-27 08:49: *********************************Current best model saved!
2021-10-27 08:49: Train Epoch 13: 0/167 Loss: 41.200562
2021-10-27 08:49: Train Epoch 13: 20/167 Loss: 39.926167
2021-10-27 08:49: Train Epoch 13: 40/167 Loss: 39.751167
2021-10-27 08:49: Train Epoch 13: 60/167 Loss: 40.513130
2021-10-27 08:49: Train Epoch 13: 80/167 Loss: 42.594940
2021-10-27 08:49: Train Epoch 13: 100/167 Loss: 39.005798
2021-10-27 08:49: Train Epoch 13: 120/167 Loss: 37.707947
2021-10-27 08:49: Train Epoch 13: 140/167 Loss: 42.029507
2021-10-27 08:49: Train Epoch 13: 160/167 Loss: 39.716312
2021-10-27 08:49: **********Train Epoch 13: averaged Loss: 40.528477, tf_ratio: 1.000000
2021-10-27 08:49: **********Val Epoch 13: average Loss: 40.486672
2021-10-27 08:49: *********************************Current best model saved!
2021-10-27 08:49: Train Epoch 14: 0/167 Loss: 36.152374
2021-10-27 08:49: Train Epoch 14: 20/167 Loss: 39.527256
2021-10-27 08:49: Train Epoch 14: 40/167 Loss: 42.809132
2021-10-27 08:49: Train Epoch 14: 60/167 Loss: 37.912060
2021-10-27 08:49: Train Epoch 14: 80/167 Loss: 34.889275
2021-10-27 08:49: Train Epoch 14: 100/167 Loss: 39.066525
2021-10-27 08:49: Train Epoch 14: 120/167 Loss: 36.932064
2021-10-27 08:49: Train Epoch 14: 140/167 Loss: 39.109196
2021-10-27 08:49: Train Epoch 14: 160/167 Loss: 34.439762
2021-10-27 08:49: **********Train Epoch 14: averaged Loss: 37.369830, tf_ratio: 1.000000
2021-10-27 08:49: **********Val Epoch 14: average Loss: 37.491070
2021-10-27 08:49: *********************************Current best model saved!
2021-10-27 08:49: Train Epoch 15: 0/167 Loss: 40.406818
2021-10-27 08:49: Train Epoch 15: 20/167 Loss: 35.428162
2021-10-27 08:49: Train Epoch 15: 40/167 Loss: 36.335918
2021-10-27 08:49: Train Epoch 15: 60/167 Loss: 34.512379
2021-10-27 08:49: Train Epoch 15: 80/167 Loss: 35.474541
2021-10-27 08:49: Train Epoch 15: 100/167 Loss: 35.832767
2021-10-27 08:49: Train Epoch 15: 120/167 Loss: 30.631561
2021-10-27 08:49: Train Epoch 15: 140/167 Loss: 33.683441
2021-10-27 08:49: Train Epoch 15: 160/167 Loss: 33.452164
2021-10-27 08:49: **********Train Epoch 15: averaged Loss: 34.835862, tf_ratio: 1.000000
2021-10-27 08:49: **********Val Epoch 15: average Loss: 35.114352
2021-10-27 08:49: *********************************Current best model saved!
2021-10-27 08:49: Train Epoch 16: 0/167 Loss: 29.511564
2021-10-27 08:49: Train Epoch 16: 20/167 Loss: 31.693750
2021-10-27 08:49: Train Epoch 16: 40/167 Loss: 33.192131
2021-10-27 08:49: Train Epoch 16: 60/167 Loss: 35.321987
2021-10-27 08:49: Train Epoch 16: 80/167 Loss: 35.187592
2021-10-27 08:49: Train Epoch 16: 100/167 Loss: 33.141365
2021-10-27 08:50: Train Epoch 16: 120/167 Loss: 30.722609
2021-10-27 08:50: Train Epoch 16: 140/167 Loss: 29.237648
2021-10-27 08:50: Train Epoch 16: 160/167 Loss: 31.073694
2021-10-27 08:50: **********Train Epoch 16: averaged Loss: 32.774644, tf_ratio: 1.000000
2021-10-27 08:50: **********Val Epoch 16: average Loss: 33.221422
2021-10-27 08:50: *********************************Current best model saved!
2021-10-27 08:50: Train Epoch 17: 0/167 Loss: 34.446201
2021-10-27 08:50: Train Epoch 17: 20/167 Loss: 32.441895
2021-10-27 08:50: Train Epoch 17: 40/167 Loss: 28.504534
2021-10-27 08:50: Train Epoch 17: 60/167 Loss: 28.062342
2021-10-27 08:50: Train Epoch 17: 80/167 Loss: 30.348879
2021-10-27 08:50: Train Epoch 17: 100/167 Loss: 32.614525
2021-10-27 08:50: Train Epoch 17: 120/167 Loss: 30.135365
2021-10-27 08:50: Train Epoch 17: 140/167 Loss: 33.552437
2021-10-27 08:50: Train Epoch 17: 160/167 Loss: 28.926506
2021-10-27 08:50: **********Train Epoch 17: averaged Loss: 31.101024, tf_ratio: 1.000000
2021-10-27 08:50: **********Val Epoch 17: average Loss: 31.572624
2021-10-27 08:50: *********************************Current best model saved!
2021-10-27 08:50: Train Epoch 18: 0/167 Loss: 29.838184
2021-10-27 08:50: Train Epoch 18: 20/167 Loss: 32.574295
2021-10-27 08:50: Train Epoch 18: 40/167 Loss: 30.300579
2021-10-27 08:50: Train Epoch 18: 60/167 Loss: 31.710356
2021-10-27 08:50: Train Epoch 18: 80/167 Loss: 31.166636
2021-10-27 08:50: Train Epoch 18: 100/167 Loss: 32.811214
2021-10-27 08:50: Train Epoch 18: 120/167 Loss: 27.954679
2021-10-27 08:50: Train Epoch 18: 140/167 Loss: 30.330561
2021-10-27 08:50: Train Epoch 18: 160/167 Loss: 27.673933
2021-10-27 08:50: **********Train Epoch 18: averaged Loss: 29.762338, tf_ratio: 1.000000
2021-10-27 08:50: **********Val Epoch 18: average Loss: 30.248220
2021-10-27 08:50: *********************************Current best model saved!
2021-10-27 08:50: Train Epoch 19: 0/167 Loss: 28.408026
2021-10-27 08:50: Train Epoch 19: 20/167 Loss: 28.782324
2021-10-27 08:50: Train Epoch 19: 40/167 Loss: 28.919062
2021-10-27 08:50: Train Epoch 19: 60/167 Loss: 27.687004
2021-10-27 08:50: Train Epoch 19: 80/167 Loss: 27.614391
2021-10-27 08:50: Train Epoch 19: 100/167 Loss: 31.857882
2021-10-27 08:50: Train Epoch 19: 120/167 Loss: 24.627977
2021-10-27 08:50: Train Epoch 19: 140/167 Loss: 29.460768
2021-10-27 08:50: Train Epoch 19: 160/167 Loss: 27.880726
2021-10-27 08:50: **********Train Epoch 19: averaged Loss: 28.636482, tf_ratio: 1.000000
2021-10-27 08:50: **********Val Epoch 19: average Loss: 29.131804
2021-10-27 08:50: *********************************Current best model saved!
2021-10-27 08:50: Train Epoch 20: 0/167 Loss: 26.976919
2021-10-27 08:50: Train Epoch 20: 20/167 Loss: 28.765182
2021-10-27 08:50: Train Epoch 20: 40/167 Loss: 26.996643
2021-10-27 08:50: Train Epoch 20: 60/167 Loss: 29.657038
2021-10-27 08:50: Train Epoch 20: 80/167 Loss: 26.257547
2021-10-27 08:50: Train Epoch 20: 100/167 Loss: 27.474451
2021-10-27 08:50: Train Epoch 20: 120/167 Loss: 29.269369
2021-10-27 08:50: Train Epoch 20: 140/167 Loss: 28.273857
2021-10-27 08:50: Train Epoch 20: 160/167 Loss: 23.819658
2021-10-27 08:50: **********Train Epoch 20: averaged Loss: 27.679732, tf_ratio: 1.000000
2021-10-27 08:50: **********Val Epoch 20: average Loss: 28.200761
2021-10-27 08:50: *********************************Current best model saved!
2021-10-27 08:50: Train Epoch 21: 0/167 Loss: 25.416239
2021-10-27 08:50: Train Epoch 21: 20/167 Loss: 28.505386
2021-10-27 08:50: Train Epoch 21: 40/167 Loss: 27.312487
2021-10-27 08:50: Train Epoch 21: 60/167 Loss: 27.083380
2021-10-27 08:50: Train Epoch 21: 80/167 Loss: 28.376148
2021-10-27 08:50: Train Epoch 21: 100/167 Loss: 26.360229
2021-10-27 08:50: Train Epoch 21: 120/167 Loss: 28.463018
2021-10-27 08:50: Train Epoch 21: 140/167 Loss: 27.476217
2021-10-27 08:50: Train Epoch 21: 160/167 Loss: 27.645468
2021-10-27 08:50: **********Train Epoch 21: averaged Loss: 26.849451, tf_ratio: 1.000000
2021-10-27 08:50: **********Val Epoch 21: average Loss: 27.269142
2021-10-27 08:50: *********************************Current best model saved!
2021-10-27 08:50: Train Epoch 22: 0/167 Loss: 27.663523
2021-10-27 08:51: Train Epoch 22: 20/167 Loss: 23.515974
2021-10-27 08:51: Train Epoch 22: 40/167 Loss: 25.464363
2021-10-27 08:51: Train Epoch 22: 60/167 Loss: 28.415909
2021-10-27 08:51: Train Epoch 22: 80/167 Loss: 25.273678
2021-10-27 08:51: Train Epoch 22: 100/167 Loss: 25.993050
2021-10-27 08:51: Train Epoch 22: 120/167 Loss: 26.251848
2021-10-27 08:51: Train Epoch 22: 140/167 Loss: 25.707201
2021-10-27 08:51: Train Epoch 22: 160/167 Loss: 26.986780
2021-10-27 08:51: **********Train Epoch 22: averaged Loss: 26.175263, tf_ratio: 1.000000
2021-10-27 08:51: **********Val Epoch 22: average Loss: 26.563420
2021-10-27 08:51: *********************************Current best model saved!
2021-10-27 08:51: Train Epoch 23: 0/167 Loss: 26.319721
2021-10-27 08:51: Train Epoch 23: 20/167 Loss: 26.206785
2021-10-27 08:51: Train Epoch 23: 40/167 Loss: 24.136566
2021-10-27 08:51: Train Epoch 23: 60/167 Loss: 26.666039
2021-10-27 08:51: Train Epoch 23: 80/167 Loss: 22.721785
2021-10-27 08:51: Train Epoch 23: 100/167 Loss: 25.031403
2021-10-27 08:51: Train Epoch 23: 120/167 Loss: 26.932550
2021-10-27 08:51: Train Epoch 23: 140/167 Loss: 25.352928
2021-10-27 08:51: Train Epoch 23: 160/167 Loss: 25.122915
2021-10-27 08:51: **********Train Epoch 23: averaged Loss: 25.555432, tf_ratio: 1.000000
2021-10-27 08:51: **********Val Epoch 23: average Loss: 25.931884
2021-10-27 08:51: *********************************Current best model saved!
2021-10-27 08:51: Train Epoch 24: 0/167 Loss: 24.306337
2021-10-27 08:51: Train Epoch 24: 20/167 Loss: 26.641607
2021-10-27 08:51: Train Epoch 24: 40/167 Loss: 25.780100
2021-10-27 08:51: Train Epoch 24: 60/167 Loss: 26.958254
2021-10-27 08:51: Train Epoch 24: 80/167 Loss: 24.807114
2021-10-27 08:51: Train Epoch 24: 100/167 Loss: 23.459583
2021-10-27 08:51: Train Epoch 24: 120/167 Loss: 24.555296
2021-10-27 08:51: Train Epoch 24: 140/167 Loss: 24.563826
2021-10-27 08:51: Train Epoch 24: 160/167 Loss: 23.287024
2021-10-27 08:51: **********Train Epoch 24: averaged Loss: 24.990278, tf_ratio: 1.000000
2021-10-27 08:51: **********Val Epoch 24: average Loss: 25.370128
2021-10-27 08:51: *********************************Current best model saved!
2021-10-27 08:51: Train Epoch 25: 0/167 Loss: 24.345261
2021-10-27 08:51: Train Epoch 25: 20/167 Loss: 24.650921
2021-10-27 08:51: Train Epoch 25: 40/167 Loss: 24.578751
2021-10-27 08:51: Train Epoch 25: 60/167 Loss: 24.112118
2021-10-27 08:51: Train Epoch 25: 80/167 Loss: 23.026503
2021-10-27 08:51: Train Epoch 25: 100/167 Loss: 25.608671
2021-10-27 08:51: Train Epoch 25: 120/167 Loss: 24.369059
2021-10-27 08:51: Train Epoch 25: 140/167 Loss: 24.267178
2021-10-27 08:51: Train Epoch 25: 160/167 Loss: 23.970270
2021-10-27 08:51: **********Train Epoch 25: averaged Loss: 24.561901, tf_ratio: 1.000000
2021-10-27 08:51: **********Val Epoch 25: average Loss: 24.896565
2021-10-27 08:51: *********************************Current best model saved!
2021-10-27 08:51: Train Epoch 26: 0/167 Loss: 24.554609
2021-10-27 08:51: Train Epoch 26: 20/167 Loss: 23.937189
2021-10-27 08:51: Train Epoch 26: 40/167 Loss: 26.092312
2021-10-27 08:51: Train Epoch 26: 60/167 Loss: 26.065542
2021-10-27 08:51: Train Epoch 26: 80/167 Loss: 23.247835
2021-10-27 08:51: Train Epoch 26: 100/167 Loss: 24.552794
2021-10-27 08:51: Train Epoch 26: 120/167 Loss: 23.843410
2021-10-27 08:51: Train Epoch 26: 140/167 Loss: 22.451376
2021-10-27 08:51: Train Epoch 26: 160/167 Loss: 25.812824
2021-10-27 08:51: **********Train Epoch 26: averaged Loss: 24.179747, tf_ratio: 1.000000
2021-10-27 08:51: **********Val Epoch 26: average Loss: 24.555240
2021-10-27 08:51: *********************************Current best model saved!
2021-10-27 08:51: Train Epoch 27: 0/167 Loss: 23.199717
2021-10-27 08:51: Train Epoch 27: 20/167 Loss: 25.264093
2021-10-27 08:51: Train Epoch 27: 40/167 Loss: 25.615028
2021-10-27 08:51: Train Epoch 27: 60/167 Loss: 23.623592
2021-10-27 08:51: Train Epoch 27: 80/167 Loss: 23.254745
2021-10-27 08:52: Train Epoch 27: 100/167 Loss: 23.736765
2021-10-27 08:52: Train Epoch 27: 120/167 Loss: 24.358334
2021-10-27 08:52: Train Epoch 27: 140/167 Loss: 25.069504
2021-10-27 08:52: Train Epoch 27: 160/167 Loss: 22.526241
2021-10-27 08:52: **********Train Epoch 27: averaged Loss: 23.907971, tf_ratio: 1.000000
2021-10-27 08:52: **********Val Epoch 27: average Loss: 24.326152
2021-10-27 08:52: *********************************Current best model saved!
2021-10-27 08:52: Train Epoch 28: 0/167 Loss: 25.770990
2021-10-27 08:52: Train Epoch 28: 20/167 Loss: 23.607918
2021-10-27 08:52: Train Epoch 28: 40/167 Loss: 24.457554
2021-10-27 08:52: Train Epoch 28: 60/167 Loss: 24.816986
2021-10-27 08:52: Train Epoch 28: 80/167 Loss: 21.700529
2021-10-27 08:52: Train Epoch 28: 100/167 Loss: 23.001694
2021-10-27 08:52: Train Epoch 28: 120/167 Loss: 22.906967
2021-10-27 08:52: Train Epoch 28: 140/167 Loss: 22.738911
2021-10-27 08:52: Train Epoch 28: 160/167 Loss: 25.038118
2021-10-27 08:52: **********Train Epoch 28: averaged Loss: 23.618114, tf_ratio: 1.000000
2021-10-27 08:52: **********Val Epoch 28: average Loss: 24.282749
2021-10-27 08:52: *********************************Current best model saved!
2021-10-27 08:52: Train Epoch 29: 0/167 Loss: 24.172890
2021-10-27 08:52: Train Epoch 29: 20/167 Loss: 24.227436
2021-10-27 08:52: Train Epoch 29: 40/167 Loss: 22.718355
2021-10-27 08:52: Train Epoch 29: 60/167 Loss: 24.585606
2021-10-27 08:52: Train Epoch 29: 80/167 Loss: 23.616817
2021-10-27 08:52: Train Epoch 29: 100/167 Loss: 24.050158
2021-10-27 08:52: Train Epoch 29: 120/167 Loss: 23.292709
2021-10-27 08:52: Train Epoch 29: 140/167 Loss: 21.953798
2021-10-27 08:52: Train Epoch 29: 160/167 Loss: 21.690166
2021-10-27 08:52: **********Train Epoch 29: averaged Loss: 23.389612, tf_ratio: 1.000000
2021-10-27 08:52: **********Val Epoch 29: average Loss: 23.791979
2021-10-27 08:52: *********************************Current best model saved!
2021-10-27 08:52: Train Epoch 30: 0/167 Loss: 24.950899
2021-10-27 08:52: Train Epoch 30: 20/167 Loss: 23.686954
2021-10-27 08:52: Train Epoch 30: 40/167 Loss: 22.243385
2021-10-27 08:52: Train Epoch 30: 60/167 Loss: 21.823887
2021-10-27 08:52: Train Epoch 30: 80/167 Loss: 23.966656
2021-10-27 08:52: Train Epoch 30: 100/167 Loss: 23.547981
2021-10-27 08:52: Train Epoch 30: 120/167 Loss: 23.176882
2021-10-27 08:52: Train Epoch 30: 140/167 Loss: 21.918184
2021-10-27 08:52: Train Epoch 30: 160/167 Loss: 24.689379
2021-10-27 08:52: **********Train Epoch 30: averaged Loss: 23.235966, tf_ratio: 1.000000
2021-10-27 08:52: **********Val Epoch 30: average Loss: 23.741065
2021-10-27 08:52: *********************************Current best model saved!
2021-10-27 08:52: Train Epoch 31: 0/167 Loss: 24.094152
2021-10-27 08:52: Train Epoch 31: 20/167 Loss: 23.329187
2021-10-27 08:52: Train Epoch 31: 40/167 Loss: 21.998451
2021-10-27 08:52: Train Epoch 31: 60/167 Loss: 23.350571
2021-10-27 08:52: Train Epoch 31: 80/167 Loss: 22.978487
2021-10-27 08:52: Train Epoch 31: 100/167 Loss: 21.884636
2021-10-27 08:52: Train Epoch 31: 120/167 Loss: 21.992367
2021-10-27 08:52: Train Epoch 31: 140/167 Loss: 22.903034
2021-10-27 08:52: Train Epoch 31: 160/167 Loss: 22.865730
2021-10-27 08:52: **********Train Epoch 31: averaged Loss: 23.061203, tf_ratio: 1.000000
2021-10-27 08:52: **********Val Epoch 31: average Loss: 23.479255
2021-10-27 08:52: *********************************Current best model saved!
2021-10-27 08:52: Train Epoch 32: 0/167 Loss: 23.292557
2021-10-27 08:52: Train Epoch 32: 20/167 Loss: 21.720968
2021-10-27 08:52: Train Epoch 32: 40/167 Loss: 21.922466
2021-10-27 08:52: Train Epoch 32: 60/167 Loss: 25.032639
2021-10-27 08:52: Train Epoch 32: 80/167 Loss: 22.767414
2021-10-27 08:52: Train Epoch 32: 100/167 Loss: 23.319180
2021-10-27 08:52: Train Epoch 32: 120/167 Loss: 24.062260
2021-10-27 08:52: Train Epoch 32: 140/167 Loss: 23.227306
2021-10-27 08:53: Train Epoch 32: 160/167 Loss: 23.128700
2021-10-27 08:53: **********Train Epoch 32: averaged Loss: 22.910614, tf_ratio: 1.000000
2021-10-27 08:53: **********Val Epoch 32: average Loss: 23.655030
2021-10-27 08:53: Train Epoch 33: 0/167 Loss: 21.669510
2021-10-27 08:53: Train Epoch 33: 20/167 Loss: 21.684109
2021-10-27 08:53: Train Epoch 33: 40/167 Loss: 21.617588
2021-10-27 08:53: Train Epoch 33: 60/167 Loss: 22.092476
2021-10-27 08:53: Train Epoch 33: 80/167 Loss: 22.511904
2021-10-27 08:53: Train Epoch 33: 100/167 Loss: 22.238398
2021-10-27 08:53: Train Epoch 33: 120/167 Loss: 23.723825
2021-10-27 08:53: Train Epoch 33: 140/167 Loss: 22.697474
2021-10-27 08:53: Train Epoch 33: 160/167 Loss: 22.699594
2021-10-27 08:53: **********Train Epoch 33: averaged Loss: 22.865060, tf_ratio: 1.000000
2021-10-27 08:53: **********Val Epoch 33: average Loss: 23.265681
2021-10-27 08:53: *********************************Current best model saved!
2021-10-27 08:53: Train Epoch 34: 0/167 Loss: 21.488596
2021-10-27 08:53: Train Epoch 34: 20/167 Loss: 26.050913
2021-10-27 08:53: Train Epoch 34: 40/167 Loss: 22.916668
2021-10-27 08:53: Train Epoch 34: 60/167 Loss: 22.885601
2021-10-27 08:53: Train Epoch 34: 80/167 Loss: 21.815125
2021-10-27 08:53: Train Epoch 34: 100/167 Loss: 23.125736
2021-10-27 08:53: Train Epoch 34: 120/167 Loss: 24.113480
2021-10-27 08:53: Train Epoch 34: 140/167 Loss: 23.186543
2021-10-27 08:53: Train Epoch 34: 160/167 Loss: 24.276953
2021-10-27 08:53: **********Train Epoch 34: averaged Loss: 22.715177, tf_ratio: 1.000000
2021-10-27 08:53: **********Val Epoch 34: average Loss: 23.081012
2021-10-27 08:53: *********************************Current best model saved!
2021-10-27 08:53: Train Epoch 35: 0/167 Loss: 21.369543
2021-10-27 08:53: Train Epoch 35: 20/167 Loss: 23.317101
2021-10-27 08:53: Train Epoch 35: 40/167 Loss: 23.341791
2021-10-27 08:53: Train Epoch 35: 60/167 Loss: 24.057966
2021-10-27 08:53: Train Epoch 35: 80/167 Loss: 22.018530
2021-10-27 08:53: Train Epoch 35: 100/167 Loss: 22.614422
2021-10-27 08:53: Train Epoch 35: 120/167 Loss: 22.530415
2021-10-27 08:53: Train Epoch 35: 140/167 Loss: 22.801771
2021-10-27 08:53: Train Epoch 35: 160/167 Loss: 21.558395
2021-10-27 08:53: **********Train Epoch 35: averaged Loss: 22.580595, tf_ratio: 1.000000
2021-10-27 08:53: **********Val Epoch 35: average Loss: 22.997493
2021-10-27 08:53: *********************************Current best model saved!
2021-10-27 08:53: Train Epoch 36: 0/167 Loss: 22.440924
2021-10-27 08:53: Train Epoch 36: 20/167 Loss: 23.412466
2021-10-27 08:53: Train Epoch 36: 40/167 Loss: 22.377502
2021-10-27 08:53: Train Epoch 36: 60/167 Loss: 22.117016
2021-10-27 08:53: Train Epoch 36: 80/167 Loss: 23.119850
2021-10-27 08:53: Train Epoch 36: 100/167 Loss: 22.490608
2021-10-27 08:53: Train Epoch 36: 120/167 Loss: 22.780884
2021-10-27 08:53: Train Epoch 36: 140/167 Loss: 22.999619
2021-10-27 08:53: Train Epoch 36: 160/167 Loss: 23.010067
2021-10-27 08:53: **********Train Epoch 36: averaged Loss: 22.506055, tf_ratio: 1.000000
2021-10-27 08:53: **********Val Epoch 36: average Loss: 22.909704
2021-10-27 08:53: *********************************Current best model saved!
2021-10-27 08:53: Train Epoch 37: 0/167 Loss: 23.190622
2021-10-27 08:53: Train Epoch 37: 20/167 Loss: 23.412416
2021-10-27 08:53: Train Epoch 37: 40/167 Loss: 22.032587
2021-10-27 08:53: Train Epoch 37: 60/167 Loss: 21.646330
2021-10-27 08:53: Train Epoch 37: 80/167 Loss: 22.174051
2021-10-27 08:53: Train Epoch 37: 100/167 Loss: 22.205608
2021-10-27 08:53: Train Epoch 37: 120/167 Loss: 23.102772
2021-10-27 08:53: Train Epoch 37: 140/167 Loss: 22.946249
2021-10-27 08:53: Train Epoch 37: 160/167 Loss: 21.990229
2021-10-27 08:53: **********Train Epoch 37: averaged Loss: 22.377638, tf_ratio: 1.000000
2021-10-27 08:53: **********Val Epoch 37: average Loss: 22.807854
2021-10-27 08:53: *********************************Current best model saved!
2021-10-27 08:53: Train Epoch 38: 0/167 Loss: 22.261765
2021-10-27 08:53: Train Epoch 38: 20/167 Loss: 21.133829
2021-10-27 08:54: Train Epoch 38: 40/167 Loss: 22.191227
2021-10-27 08:54: Train Epoch 38: 60/167 Loss: 22.299610
2021-10-27 08:54: Train Epoch 38: 80/167 Loss: 20.507917
2021-10-27 08:54: Train Epoch 38: 100/167 Loss: 21.565500
2021-10-27 08:54: Train Epoch 38: 120/167 Loss: 21.756416
2021-10-27 08:54: Train Epoch 38: 140/167 Loss: 23.060726
2021-10-27 08:54: Train Epoch 38: 160/167 Loss: 21.815813
2021-10-27 08:54: **********Train Epoch 38: averaged Loss: 22.285016, tf_ratio: 1.000000
2021-10-27 08:54: **********Val Epoch 38: average Loss: 22.692787
2021-10-27 08:54: *********************************Current best model saved!
2021-10-27 08:54: Train Epoch 39: 0/167 Loss: 21.248058
2021-10-27 08:54: Train Epoch 39: 20/167 Loss: 21.340416
2021-10-27 08:54: Train Epoch 39: 40/167 Loss: 23.067295
2021-10-27 08:54: Train Epoch 39: 60/167 Loss: 21.854321
2021-10-27 08:54: Train Epoch 39: 80/167 Loss: 21.917070
2021-10-27 08:54: Train Epoch 39: 100/167 Loss: 22.376238
2021-10-27 08:54: Train Epoch 39: 120/167 Loss: 22.042772
2021-10-27 08:54: Train Epoch 39: 140/167 Loss: 21.433432
2021-10-27 08:54: Train Epoch 39: 160/167 Loss: 21.979746
2021-10-27 08:54: **********Train Epoch 39: averaged Loss: 22.210723, tf_ratio: 1.000000
2021-10-27 08:54: **********Val Epoch 39: average Loss: 22.569392
2021-10-27 08:54: *********************************Current best model saved!
2021-10-27 08:54: Train Epoch 40: 0/167 Loss: 21.595322
2021-10-27 08:54: Train Epoch 40: 20/167 Loss: 23.072397
2021-10-27 08:54: Train Epoch 40: 40/167 Loss: 22.332523
2021-10-27 08:54: Train Epoch 40: 60/167 Loss: 21.755438
2021-10-27 08:54: Train Epoch 40: 80/167 Loss: 22.469337
2021-10-27 08:54: Train Epoch 40: 100/167 Loss: 23.189112
2021-10-27 08:54: Train Epoch 40: 120/167 Loss: 21.742008
2021-10-27 08:54: Train Epoch 40: 140/167 Loss: 21.443247
2021-10-27 08:54: Train Epoch 40: 160/167 Loss: 20.754194
2021-10-27 08:54: **********Train Epoch 40: averaged Loss: 22.110549, tf_ratio: 1.000000
2021-10-27 08:54: **********Val Epoch 40: average Loss: 22.570810
2021-10-27 08:54: Train Epoch 41: 0/167 Loss: 23.457712
2021-10-27 08:54: Train Epoch 41: 20/167 Loss: 23.112488
2021-10-27 08:54: Train Epoch 41: 40/167 Loss: 22.848669
2021-10-27 08:54: Train Epoch 41: 60/167 Loss: 22.595470
2021-10-27 08:54: Train Epoch 41: 80/167 Loss: 21.367434
2021-10-27 08:54: Train Epoch 41: 100/167 Loss: 22.908020
2021-10-27 08:54: Train Epoch 41: 120/167 Loss: 21.956987
2021-10-27 08:54: Train Epoch 41: 140/167 Loss: 19.928667
2021-10-27 08:54: Train Epoch 41: 160/167 Loss: 19.127499
2021-10-27 08:54: **********Train Epoch 41: averaged Loss: 22.048941, tf_ratio: 1.000000
2021-10-27 08:54: **********Val Epoch 41: average Loss: 22.440282
2021-10-27 08:54: *********************************Current best model saved!
2021-10-27 08:54: Train Epoch 42: 0/167 Loss: 21.989214
2021-10-27 08:54: Train Epoch 42: 20/167 Loss: 22.421980
2021-10-27 08:54: Train Epoch 42: 40/167 Loss: 20.788420
2021-10-27 08:54: Train Epoch 42: 60/167 Loss: 21.179720
2021-10-27 08:54: Train Epoch 42: 80/167 Loss: 23.404726
2021-10-27 08:54: Train Epoch 42: 100/167 Loss: 21.683197
2021-10-27 08:54: Train Epoch 42: 120/167 Loss: 20.915281
2021-10-27 08:54: Train Epoch 42: 140/167 Loss: 21.346283
2021-10-27 08:54: Train Epoch 42: 160/167 Loss: 21.391155
2021-10-27 08:54: **********Train Epoch 42: averaged Loss: 21.954477, tf_ratio: 1.000000
2021-10-27 08:54: **********Val Epoch 42: average Loss: 22.443552
2021-10-27 08:54: Train Epoch 43: 0/167 Loss: 22.705427
2021-10-27 08:54: Train Epoch 43: 20/167 Loss: 21.495462
2021-10-27 08:54: Train Epoch 43: 40/167 Loss: 22.286276
2021-10-27 08:54: Train Epoch 43: 60/167 Loss: 21.655573
2021-10-27 08:54: Train Epoch 43: 80/167 Loss: 21.994261
2021-10-27 08:54: Train Epoch 43: 100/167 Loss: 21.900982
2021-10-27 08:55: Train Epoch 43: 120/167 Loss: 22.706400
2021-10-27 08:55: Train Epoch 43: 140/167 Loss: 20.535843
2021-10-27 08:55: Train Epoch 43: 160/167 Loss: 22.841032
2021-10-27 08:55: **********Train Epoch 43: averaged Loss: 21.897601, tf_ratio: 1.000000
2021-10-27 08:55: **********Val Epoch 43: average Loss: 22.381759
2021-10-27 08:55: *********************************Current best model saved!
2021-10-27 08:55: Train Epoch 44: 0/167 Loss: 21.384602
2021-10-27 08:55: Train Epoch 44: 20/167 Loss: 22.111359
2021-10-27 08:55: Train Epoch 44: 40/167 Loss: 21.485126
2021-10-27 08:55: Train Epoch 44: 60/167 Loss: 21.245949
2021-10-27 08:55: Train Epoch 44: 80/167 Loss: 20.510954
2021-10-27 08:55: Train Epoch 44: 100/167 Loss: 23.287180
2021-10-27 08:55: Train Epoch 44: 120/167 Loss: 22.017345
2021-10-27 08:55: Train Epoch 44: 140/167 Loss: 20.889256
2021-10-27 08:55: Train Epoch 44: 160/167 Loss: 22.328693
2021-10-27 08:55: **********Train Epoch 44: averaged Loss: 21.834606, tf_ratio: 1.000000
2021-10-27 08:55: **********Val Epoch 44: average Loss: 22.243434
2021-10-27 08:55: *********************************Current best model saved!
2021-10-27 08:55: Train Epoch 45: 0/167 Loss: 22.546379
2021-10-27 08:55: Train Epoch 45: 20/167 Loss: 21.174828
2021-10-27 08:55: Train Epoch 45: 40/167 Loss: 22.461050
2021-10-27 08:55: Train Epoch 45: 60/167 Loss: 20.972172
2021-10-27 08:55: Train Epoch 45: 80/167 Loss: 20.910017
2021-10-27 08:55: Train Epoch 45: 100/167 Loss: 22.327112
2021-10-27 08:55: Train Epoch 45: 120/167 Loss: 21.628847
2021-10-27 08:55: Train Epoch 45: 140/167 Loss: 22.671654
2021-10-27 08:55: Train Epoch 45: 160/167 Loss: 21.522289
2021-10-27 08:55: **********Train Epoch 45: averaged Loss: 21.733303, tf_ratio: 1.000000
2021-10-27 08:55: **********Val Epoch 45: average Loss: 22.148327
2021-10-27 08:55: *********************************Current best model saved!
2021-10-27 08:55: Train Epoch 46: 0/167 Loss: 22.307344
2021-10-27 08:55: Train Epoch 46: 20/167 Loss: 20.698858
2021-10-27 08:55: Train Epoch 46: 40/167 Loss: 22.152548
2021-10-27 08:55: Train Epoch 46: 60/167 Loss: 20.798553
2021-10-27 08:55: Train Epoch 46: 80/167 Loss: 21.544313
2021-10-27 08:55: Train Epoch 46: 100/167 Loss: 22.214283
2021-10-27 08:55: Train Epoch 46: 120/167 Loss: 20.807978
2021-10-27 08:55: Train Epoch 46: 140/167 Loss: 20.306765
2021-10-27 08:55: Train Epoch 46: 160/167 Loss: 20.901958
2021-10-27 08:55: **********Train Epoch 46: averaged Loss: 21.650788, tf_ratio: 1.000000
2021-10-27 08:55: **********Val Epoch 46: average Loss: 22.059297
2021-10-27 08:55: *********************************Current best model saved!
2021-10-27 08:55: Train Epoch 47: 0/167 Loss: 21.692610
2021-10-27 08:55: Train Epoch 47: 20/167 Loss: 21.432161
2021-10-27 08:55: Train Epoch 47: 40/167 Loss: 22.627745
2021-10-27 08:55: Train Epoch 47: 60/167 Loss: 19.210264
2021-10-27 08:55: Train Epoch 47: 80/167 Loss: 20.861385
2021-10-27 08:55: Train Epoch 47: 100/167 Loss: 20.666649
2021-10-27 08:55: Train Epoch 47: 120/167 Loss: 21.621763
2021-10-27 08:55: Train Epoch 47: 140/167 Loss: 22.419653
2021-10-27 08:55: Train Epoch 47: 160/167 Loss: 20.930592
2021-10-27 08:55: **********Train Epoch 47: averaged Loss: 21.620417, tf_ratio: 1.000000
2021-10-27 08:55: **********Val Epoch 47: average Loss: 22.010414
2021-10-27 08:55: *********************************Current best model saved!
2021-10-27 08:55: Train Epoch 48: 0/167 Loss: 21.048504
2021-10-27 08:55: Train Epoch 48: 20/167 Loss: 22.880745
2021-10-27 08:55: Train Epoch 48: 40/167 Loss: 21.484091
2021-10-27 08:55: Train Epoch 48: 60/167 Loss: 23.143629
2021-10-27 08:55: Train Epoch 48: 80/167 Loss: 21.103052
2021-10-27 08:55: Train Epoch 48: 100/167 Loss: 21.265137
2021-10-27 08:55: Train Epoch 48: 120/167 Loss: 21.546074
2021-10-27 08:55: Train Epoch 48: 140/167 Loss: 21.867825
2021-10-27 08:55: Train Epoch 48: 160/167 Loss: 22.359873
2021-10-27 08:55: **********Train Epoch 48: averaged Loss: 21.571152, tf_ratio: 1.000000
2021-10-27 08:55: **********Val Epoch 48: average Loss: 21.949950
2021-10-27 08:55: *********************************Current best model saved!
2021-10-27 08:55: Train Epoch 49: 0/167 Loss: 21.892527
2021-10-27 08:56: Train Epoch 49: 20/167 Loss: 22.595310
2021-10-27 08:56: Train Epoch 49: 40/167 Loss: 22.999481
2021-10-27 08:56: Train Epoch 49: 60/167 Loss: 22.600048
2021-10-27 08:56: Train Epoch 49: 80/167 Loss: 20.641216
2021-10-27 08:56: Train Epoch 49: 100/167 Loss: 20.634333
2021-10-27 08:56: Train Epoch 49: 120/167 Loss: 20.862700
2021-10-27 08:56: Train Epoch 49: 140/167 Loss: 21.266596
2021-10-27 08:56: Train Epoch 49: 160/167 Loss: 21.514040
2021-10-27 08:56: **********Train Epoch 49: averaged Loss: 21.542962, tf_ratio: 1.000000
2021-10-27 08:56: **********Val Epoch 49: average Loss: 21.871813
2021-10-27 08:56: *********************************Current best model saved!
2021-10-27 08:56: Train Epoch 50: 0/167 Loss: 22.475746
2021-10-27 08:56: Train Epoch 50: 20/167 Loss: 21.733318
2021-10-27 08:56: Train Epoch 50: 40/167 Loss: 23.582319
2021-10-27 08:56: Train Epoch 50: 60/167 Loss: 20.951288
2021-10-27 08:56: Train Epoch 50: 80/167 Loss: 22.047171
2021-10-27 08:56: Train Epoch 50: 100/167 Loss: 21.560862
2021-10-27 08:56: Train Epoch 50: 120/167 Loss: 22.618443
2021-10-27 08:56: Train Epoch 50: 140/167 Loss: 21.706091
2021-10-27 08:56: Train Epoch 50: 160/167 Loss: 21.965158
2021-10-27 08:56: **********Train Epoch 50: averaged Loss: 21.434301, tf_ratio: 1.000000
2021-10-27 08:56: **********Val Epoch 50: average Loss: 21.897324
2021-10-27 08:56: Train Epoch 51: 0/167 Loss: 21.734646
2021-10-27 08:56: Train Epoch 51: 20/167 Loss: 21.361958
2021-10-27 08:56: Train Epoch 51: 40/167 Loss: 21.900162
2021-10-27 08:56: Train Epoch 51: 60/167 Loss: 21.722910
2021-10-27 08:56: Train Epoch 51: 80/167 Loss: 21.309460
2021-10-27 08:56: Train Epoch 51: 100/167 Loss: 21.225546
2021-10-27 08:56: Train Epoch 51: 120/167 Loss: 21.381876
2021-10-27 08:56: Train Epoch 51: 140/167 Loss: 20.877331
2021-10-27 08:56: Train Epoch 51: 160/167 Loss: 23.128208
2021-10-27 08:56: **********Train Epoch 51: averaged Loss: 21.392633, tf_ratio: 1.000000
2021-10-27 08:56: **********Val Epoch 51: average Loss: 22.051121
2021-10-27 08:56: Train Epoch 52: 0/167 Loss: 20.076525
2021-10-27 08:56: Train Epoch 52: 20/167 Loss: 20.147587
2021-10-27 08:56: Train Epoch 52: 40/167 Loss: 20.169275
2021-10-27 08:56: Train Epoch 52: 60/167 Loss: 21.643503
2021-10-27 08:56: Train Epoch 52: 80/167 Loss: 20.762516
2021-10-27 08:56: Train Epoch 52: 100/167 Loss: 21.765505
2021-10-27 08:56: Train Epoch 52: 120/167 Loss: 21.642540
2021-10-27 08:56: Train Epoch 52: 140/167 Loss: 20.885710
2021-10-27 08:56: Train Epoch 52: 160/167 Loss: 20.581396
2021-10-27 08:56: **********Train Epoch 52: averaged Loss: 21.409430, tf_ratio: 1.000000
2021-10-27 08:56: **********Val Epoch 52: average Loss: 21.763421
2021-10-27 08:56: *********************************Current best model saved!
2021-10-27 08:56: Train Epoch 53: 0/167 Loss: 22.348572
2021-10-27 08:56: Train Epoch 53: 20/167 Loss: 22.040602
2021-10-27 08:56: Train Epoch 53: 40/167 Loss: 21.176020
2021-10-27 08:56: Train Epoch 53: 60/167 Loss: 20.232307
2021-10-27 08:56: Train Epoch 53: 80/167 Loss: 20.751431
2021-10-27 08:56: Train Epoch 53: 100/167 Loss: 21.086689
2021-10-27 08:56: Train Epoch 53: 120/167 Loss: 21.132765
2021-10-27 08:56: Train Epoch 53: 140/167 Loss: 21.160770
2021-10-27 08:56: Train Epoch 53: 160/167 Loss: 20.728443
2021-10-27 08:56: **********Train Epoch 53: averaged Loss: 21.293986, tf_ratio: 1.000000
2021-10-27 08:56: **********Val Epoch 53: average Loss: 21.690401
2021-10-27 08:56: *********************************Current best model saved!
2021-10-27 08:56: Train Epoch 54: 0/167 Loss: 21.596230
2021-10-27 08:56: Train Epoch 54: 20/167 Loss: 20.820114
2021-10-27 08:56: Train Epoch 54: 40/167 Loss: 21.610727
2021-10-27 08:56: Train Epoch 54: 60/167 Loss: 21.334463
2021-10-27 08:57: Train Epoch 54: 80/167 Loss: 20.809147
2021-10-27 08:57: Train Epoch 54: 100/167 Loss: 19.548649
2021-10-27 08:57: Train Epoch 54: 120/167 Loss: 22.073664
2021-10-27 08:57: Train Epoch 54: 140/167 Loss: 19.839420
2021-10-27 08:57: Train Epoch 54: 160/167 Loss: 20.768072
2021-10-27 08:57: **********Train Epoch 54: averaged Loss: 21.220375, tf_ratio: 1.000000
2021-10-27 08:57: **********Val Epoch 54: average Loss: 21.685102
2021-10-27 08:57: *********************************Current best model saved!
2021-10-27 08:57: Train Epoch 55: 0/167 Loss: 21.195574
2021-10-27 08:57: Train Epoch 55: 20/167 Loss: 19.973967
2021-10-27 08:57: Train Epoch 55: 40/167 Loss: 20.296700
2021-10-27 08:57: Train Epoch 55: 60/167 Loss: 20.542442
2021-10-27 08:57: Train Epoch 55: 80/167 Loss: 19.025867
2021-10-27 08:57: Train Epoch 55: 100/167 Loss: 22.355009
2021-10-27 08:57: Train Epoch 55: 120/167 Loss: 20.978451
2021-10-27 08:57: Train Epoch 55: 140/167 Loss: 20.710915
2021-10-27 08:57: Train Epoch 55: 160/167 Loss: 21.616350
2021-10-27 08:57: **********Train Epoch 55: averaged Loss: 21.214708, tf_ratio: 1.000000
2021-10-27 08:57: **********Val Epoch 55: average Loss: 21.571767
2021-10-27 08:57: *********************************Current best model saved!
2021-10-27 08:57: Train Epoch 56: 0/167 Loss: 21.099449
2021-10-27 08:57: Train Epoch 56: 20/167 Loss: 20.979036
2021-10-27 08:57: Train Epoch 56: 40/167 Loss: 20.492207
2021-10-27 08:57: Train Epoch 56: 60/167 Loss: 21.691175
2021-10-27 08:57: Train Epoch 56: 80/167 Loss: 20.878881
2021-10-27 08:57: Train Epoch 56: 100/167 Loss: 21.043190
2021-10-27 08:57: Train Epoch 56: 120/167 Loss: 20.668804
2021-10-27 08:57: Train Epoch 56: 140/167 Loss: 21.640537
2021-10-27 08:57: Train Epoch 56: 160/167 Loss: 20.410316
2021-10-27 08:57: **********Train Epoch 56: averaged Loss: 21.166542, tf_ratio: 1.000000
2021-10-27 08:57: **********Val Epoch 56: average Loss: 21.580368
2021-10-27 08:57: Train Epoch 57: 0/167 Loss: 19.881857
2021-10-27 08:57: Train Epoch 57: 20/167 Loss: 19.869669
2021-10-27 08:57: Train Epoch 57: 40/167 Loss: 20.882689
2021-10-27 08:57: Train Epoch 57: 60/167 Loss: 22.595352
2021-10-27 08:57: Train Epoch 57: 80/167 Loss: 22.512060
2021-10-27 08:57: Train Epoch 57: 100/167 Loss: 20.495306
2021-10-27 08:57: Train Epoch 57: 120/167 Loss: 20.357718
2021-10-27 08:57: Train Epoch 57: 140/167 Loss: 21.532740
2021-10-27 08:57: Train Epoch 57: 160/167 Loss: 22.720018
2021-10-27 08:57: **********Train Epoch 57: averaged Loss: 21.186725, tf_ratio: 1.000000
2021-10-27 08:57: **********Val Epoch 57: average Loss: 21.752957
2021-10-27 08:57: Train Epoch 58: 0/167 Loss: 20.898304
2021-10-27 08:57: Train Epoch 58: 20/167 Loss: 20.293457
2021-10-27 08:57: Train Epoch 58: 40/167 Loss: 19.974461
2021-10-27 08:57: Train Epoch 58: 60/167 Loss: 21.581160
2021-10-27 08:57: Train Epoch 58: 80/167 Loss: 22.612167
2021-10-27 08:57: Train Epoch 58: 100/167 Loss: 18.819719
2021-10-27 08:57: Train Epoch 58: 120/167 Loss: 20.835905
2021-10-27 08:57: Train Epoch 58: 140/167 Loss: 22.115221
2021-10-27 08:57: Train Epoch 58: 160/167 Loss: 21.733912
2021-10-27 08:57: **********Train Epoch 58: averaged Loss: 21.144979, tf_ratio: 1.000000
2021-10-27 08:57: **********Val Epoch 58: average Loss: 21.577617
2021-10-27 08:57: Train Epoch 59: 0/167 Loss: 19.993441
2021-10-27 08:57: Train Epoch 59: 20/167 Loss: 19.017195
2021-10-27 08:57: Train Epoch 59: 40/167 Loss: 20.059896
2021-10-27 08:57: Train Epoch 59: 60/167 Loss: 20.889370
2021-10-27 08:57: Train Epoch 59: 80/167 Loss: 20.014189
2021-10-27 08:57: Train Epoch 59: 100/167 Loss: 20.757542
2021-10-27 08:57: Train Epoch 59: 120/167 Loss: 22.263119
2021-10-27 08:57: Train Epoch 59: 140/167 Loss: 21.084379
2021-10-27 08:58: Train Epoch 59: 160/167 Loss: 21.018076
2021-10-27 08:58: **********Train Epoch 59: averaged Loss: 21.100413, tf_ratio: 1.000000
2021-10-27 08:58: **********Val Epoch 59: average Loss: 21.513106
2021-10-27 08:58: *********************************Current best model saved!
2021-10-27 08:58: Train Epoch 60: 0/167 Loss: 21.906431
2021-10-27 08:58: Train Epoch 60: 20/167 Loss: 20.742107
2021-10-27 08:58: Train Epoch 60: 40/167 Loss: 21.163605
2021-10-27 08:58: Train Epoch 60: 60/167 Loss: 22.161886
2021-10-27 08:58: Train Epoch 60: 80/167 Loss: 20.215124
2021-10-27 08:58: Train Epoch 60: 100/167 Loss: 22.033085
2021-10-27 08:58: Train Epoch 60: 120/167 Loss: 18.803862
2021-10-27 08:58: Train Epoch 60: 140/167 Loss: 19.978460
2021-10-27 08:58: Train Epoch 60: 160/167 Loss: 21.541443
2021-10-27 08:58: **********Train Epoch 60: averaged Loss: 21.032688, tf_ratio: 1.000000
2021-10-27 08:58: **********Val Epoch 60: average Loss: 21.683473
2021-10-27 08:58: Train Epoch 61: 0/167 Loss: 18.674501
2021-10-27 08:58: Train Epoch 61: 20/167 Loss: 21.688063
2021-10-27 08:58: Train Epoch 61: 40/167 Loss: 21.265373
2021-10-27 08:58: Train Epoch 61: 60/167 Loss: 20.203012
2021-10-27 08:58: Train Epoch 61: 80/167 Loss: 22.245102
2021-10-27 08:58: Train Epoch 61: 100/167 Loss: 20.815899
2021-10-27 08:58: Train Epoch 61: 120/167 Loss: 21.456963
2021-10-27 08:58: Train Epoch 61: 140/167 Loss: 20.982492
2021-10-27 08:58: Train Epoch 61: 160/167 Loss: 21.870390
2021-10-27 08:58: **********Train Epoch 61: averaged Loss: 21.037346, tf_ratio: 1.000000
2021-10-27 08:58: **********Val Epoch 61: average Loss: 21.532860
2021-10-27 08:58: Train Epoch 62: 0/167 Loss: 18.971169
2021-10-27 08:58: Train Epoch 62: 20/167 Loss: 20.649466
2021-10-27 08:58: Train Epoch 62: 40/167 Loss: 21.528198
2021-10-27 08:58: Train Epoch 62: 60/167 Loss: 21.063791
2021-10-27 08:58: Train Epoch 62: 80/167 Loss: 21.168518
2021-10-27 08:58: Train Epoch 62: 100/167 Loss: 20.626341
2021-10-27 08:58: Train Epoch 62: 120/167 Loss: 20.005421
2021-10-27 08:58: Train Epoch 62: 140/167 Loss: 19.549629
2021-10-27 08:58: Train Epoch 62: 160/167 Loss: 20.273878
2021-10-27 08:58: **********Train Epoch 62: averaged Loss: 20.983748, tf_ratio: 1.000000
2021-10-27 08:58: **********Val Epoch 62: average Loss: 21.408441
2021-10-27 08:58: *********************************Current best model saved!
2021-10-27 08:58: Train Epoch 63: 0/167 Loss: 20.731884
2021-10-27 08:58: Train Epoch 63: 20/167 Loss: 20.279097
2021-10-27 08:58: Train Epoch 63: 40/167 Loss: 20.458466
2021-10-27 08:58: Train Epoch 63: 60/167 Loss: 21.520369
2021-10-27 08:58: Train Epoch 63: 80/167 Loss: 21.364492
2021-10-27 08:58: Train Epoch 63: 100/167 Loss: 22.173223
2021-10-27 08:58: Train Epoch 63: 120/167 Loss: 20.167353
2021-10-27 08:58: Train Epoch 63: 140/167 Loss: 20.683001
2021-10-27 08:58: Train Epoch 63: 160/167 Loss: 21.457054
2021-10-27 08:58: **********Train Epoch 63: averaged Loss: 20.963379, tf_ratio: 1.000000
2021-10-27 08:58: **********Val Epoch 63: average Loss: 21.505002
2021-10-27 08:58: Train Epoch 64: 0/167 Loss: 21.405962
2021-10-27 08:58: Train Epoch 64: 20/167 Loss: 21.695551
2021-10-27 08:58: Train Epoch 64: 40/167 Loss: 20.003098
2021-10-27 08:58: Train Epoch 64: 60/167 Loss: 21.284670
2021-10-27 08:58: Train Epoch 64: 80/167 Loss: 20.372616
2021-10-27 08:58: Train Epoch 64: 100/167 Loss: 21.590170
2021-10-27 08:58: Train Epoch 64: 120/167 Loss: 20.868555
2021-10-27 08:58: Train Epoch 64: 140/167 Loss: 21.198780
2021-10-27 08:58: Train Epoch 64: 160/167 Loss: 20.862703
2021-10-27 08:58: **********Train Epoch 64: averaged Loss: 20.924222, tf_ratio: 1.000000
2021-10-27 08:58: **********Val Epoch 64: average Loss: 21.340690
2021-10-27 08:58: *********************************Current best model saved!
2021-10-27 08:58: Train Epoch 65: 0/167 Loss: 19.279169
2021-10-27 08:58: Train Epoch 65: 20/167 Loss: 19.579069
2021-10-27 08:59: Train Epoch 65: 40/167 Loss: 20.986874
2021-10-27 08:59: Train Epoch 65: 60/167 Loss: 21.517725
2021-10-27 08:59: Train Epoch 65: 80/167 Loss: 20.243942
2021-10-27 08:59: Train Epoch 65: 100/167 Loss: 21.086325
2021-10-27 08:59: Train Epoch 65: 120/167 Loss: 21.375797
2021-10-27 08:59: Train Epoch 65: 140/167 Loss: 20.484665
2021-10-27 08:59: Train Epoch 65: 160/167 Loss: 22.142832
2021-10-27 08:59: **********Train Epoch 65: averaged Loss: 20.931477, tf_ratio: 1.000000
2021-10-27 08:59: **********Val Epoch 65: average Loss: 21.317754
2021-10-27 08:59: *********************************Current best model saved!
2021-10-27 08:59: Train Epoch 66: 0/167 Loss: 21.511168
2021-10-27 08:59: Train Epoch 66: 20/167 Loss: 19.107994
2021-10-27 08:59: Train Epoch 66: 40/167 Loss: 20.352993
2021-10-27 08:59: Train Epoch 66: 60/167 Loss: 21.456581
2021-10-27 08:59: Train Epoch 66: 80/167 Loss: 22.132231
2021-10-27 08:59: Train Epoch 66: 100/167 Loss: 21.806530
2021-10-27 08:59: Train Epoch 66: 120/167 Loss: 19.797779
2021-10-27 08:59: Train Epoch 66: 140/167 Loss: 21.149797
2021-10-27 08:59: Train Epoch 66: 160/167 Loss: 21.001341
2021-10-27 08:59: **********Train Epoch 66: averaged Loss: 20.882808, tf_ratio: 1.000000
2021-10-27 08:59: **********Val Epoch 66: average Loss: 21.493124
2021-10-27 08:59: Train Epoch 67: 0/167 Loss: 21.932718
2021-10-27 08:59: Train Epoch 67: 20/167 Loss: 20.564592
2021-10-27 08:59: Train Epoch 67: 40/167 Loss: 22.260395
2021-10-27 08:59: Train Epoch 67: 60/167 Loss: 22.055275
2021-10-27 08:59: Train Epoch 67: 80/167 Loss: 19.659216
2021-10-27 08:59: Train Epoch 67: 100/167 Loss: 21.425598
2021-10-27 08:59: Train Epoch 67: 120/167 Loss: 21.034403
2021-10-27 08:59: Train Epoch 67: 140/167 Loss: 20.543245
2021-10-27 08:59: Train Epoch 67: 160/167 Loss: 19.927080
2021-10-27 08:59: **********Train Epoch 67: averaged Loss: 20.855524, tf_ratio: 1.000000
2021-10-27 08:59: **********Val Epoch 67: average Loss: 21.286065
2021-10-27 08:59: *********************************Current best model saved!
2021-10-27 08:59: Train Epoch 68: 0/167 Loss: 20.723885
2021-10-27 08:59: Train Epoch 68: 20/167 Loss: 20.750456
2021-10-27 08:59: Train Epoch 68: 40/167 Loss: 22.246679
2021-10-27 08:59: Train Epoch 68: 60/167 Loss: 20.724216
2021-10-27 08:59: Train Epoch 68: 80/167 Loss: 21.895004
2021-10-27 08:59: Train Epoch 68: 100/167 Loss: 19.896244
2021-10-27 08:59: Train Epoch 68: 120/167 Loss: 21.217064
2021-10-27 08:59: Train Epoch 68: 140/167 Loss: 21.316118
2021-10-27 08:59: Train Epoch 68: 160/167 Loss: 20.879299
2021-10-27 08:59: **********Train Epoch 68: averaged Loss: 20.821241, tf_ratio: 1.000000
2021-10-27 08:59: **********Val Epoch 68: average Loss: 21.410495
2021-10-27 08:59: Train Epoch 69: 0/167 Loss: 20.522202
2021-10-27 08:59: Train Epoch 69: 20/167 Loss: 20.840664
2021-10-27 08:59: Train Epoch 69: 40/167 Loss: 20.418398
2021-10-27 08:59: Train Epoch 69: 60/167 Loss: 20.948080
2021-10-27 08:59: Train Epoch 69: 80/167 Loss: 21.532434
2021-10-27 08:59: Train Epoch 69: 100/167 Loss: 21.601419
2021-10-27 08:59: Train Epoch 69: 120/167 Loss: 21.340948
2021-10-27 08:59: Train Epoch 69: 140/167 Loss: 20.186899
2021-10-27 08:59: Train Epoch 69: 160/167 Loss: 19.205240
2021-10-27 08:59: **********Train Epoch 69: averaged Loss: 20.812846, tf_ratio: 1.000000
2021-10-27 08:59: **********Val Epoch 69: average Loss: 21.284920
2021-10-27 08:59: *********************************Current best model saved!
2021-10-27 08:59: Train Epoch 70: 0/167 Loss: 19.964830
2021-10-27 08:59: Train Epoch 70: 20/167 Loss: 21.173359
2021-10-27 08:59: Train Epoch 70: 40/167 Loss: 19.948221
2021-10-27 08:59: Train Epoch 70: 60/167 Loss: 21.114895
2021-10-27 08:59: Train Epoch 70: 80/167 Loss: 20.500162
2021-10-27 09:00: Train Epoch 70: 100/167 Loss: 20.834259
2021-10-27 09:00: Train Epoch 70: 120/167 Loss: 21.725790
2021-10-27 09:00: Train Epoch 70: 140/167 Loss: 20.292595
2021-10-27 09:00: Train Epoch 70: 160/167 Loss: 22.095331
2021-10-27 09:00: **********Train Epoch 70: averaged Loss: 20.795050, tf_ratio: 1.000000
2021-10-27 09:00: **********Val Epoch 70: average Loss: 21.175546
2021-10-27 09:00: *********************************Current best model saved!
2021-10-27 09:00: Train Epoch 71: 0/167 Loss: 21.556530
2021-10-27 09:00: Train Epoch 71: 20/167 Loss: 21.002058
2021-10-27 09:00: Train Epoch 71: 40/167 Loss: 20.274099
2021-10-27 09:00: Train Epoch 71: 60/167 Loss: 21.351511
2021-10-27 09:00: Train Epoch 71: 80/167 Loss: 22.168388
2021-10-27 09:00: Train Epoch 71: 100/167 Loss: 21.490351
2021-10-27 09:00: Train Epoch 71: 120/167 Loss: 20.994301
2021-10-27 09:00: Train Epoch 71: 140/167 Loss: 20.390030
2021-10-27 09:00: Train Epoch 71: 160/167 Loss: 22.136574
2021-10-27 09:00: **********Train Epoch 71: averaged Loss: 20.733805, tf_ratio: 1.000000
2021-10-27 09:00: **********Val Epoch 71: average Loss: 21.179949
2021-10-27 09:00: Train Epoch 72: 0/167 Loss: 21.065254
2021-10-27 09:00: Train Epoch 72: 20/167 Loss: 20.499445
2021-10-27 09:00: Train Epoch 72: 40/167 Loss: 20.745634
2021-10-27 09:00: Train Epoch 72: 60/167 Loss: 21.456011
2021-10-27 09:00: Train Epoch 72: 80/167 Loss: 19.177746
2021-10-27 09:00: Train Epoch 72: 100/167 Loss: 20.980368
2021-10-27 09:00: Train Epoch 72: 120/167 Loss: 21.209372
2021-10-27 09:00: Train Epoch 72: 140/167 Loss: 21.443005
2021-10-27 09:00: Train Epoch 72: 160/167 Loss: 21.916183
2021-10-27 09:00: **********Train Epoch 72: averaged Loss: 20.756247, tf_ratio: 1.000000
2021-10-27 09:00: **********Val Epoch 72: average Loss: 21.172344
2021-10-27 09:00: *********************************Current best model saved!
2021-10-27 09:00: Train Epoch 73: 0/167 Loss: 20.143898
2021-10-27 09:00: Train Epoch 73: 20/167 Loss: 19.708675
2021-10-27 09:00: Train Epoch 73: 40/167 Loss: 21.233160
2021-10-27 09:00: Train Epoch 73: 60/167 Loss: 20.977774
2021-10-27 09:00: Train Epoch 73: 80/167 Loss: 18.684301
2021-10-27 09:00: Train Epoch 73: 100/167 Loss: 20.743355
2021-10-27 09:00: Train Epoch 73: 120/167 Loss: 21.417269
2021-10-27 09:00: Train Epoch 73: 140/167 Loss: 19.741899
2021-10-27 09:00: Train Epoch 73: 160/167 Loss: 20.758896
2021-10-27 09:00: **********Train Epoch 73: averaged Loss: 20.717067, tf_ratio: 1.000000
2021-10-27 09:00: **********Val Epoch 73: average Loss: 21.142648
2021-10-27 09:00: *********************************Current best model saved!
2021-10-27 09:00: Train Epoch 74: 0/167 Loss: 22.141016
2021-10-27 09:00: Train Epoch 74: 20/167 Loss: 22.125240
2021-10-27 09:00: Train Epoch 74: 40/167 Loss: 20.577724
2021-10-27 09:00: Train Epoch 74: 60/167 Loss: 20.259335
2021-10-27 09:00: Train Epoch 74: 80/167 Loss: 22.280720
2021-10-27 09:00: Train Epoch 74: 100/167 Loss: 20.941664
2021-10-27 09:00: Train Epoch 74: 120/167 Loss: 19.853848
2021-10-27 09:00: Train Epoch 74: 140/167 Loss: 19.758331
2021-10-27 09:00: Train Epoch 74: 160/167 Loss: 21.318171
2021-10-27 09:00: **********Train Epoch 74: averaged Loss: 20.668333, tf_ratio: 1.000000
2021-10-27 09:00: **********Val Epoch 74: average Loss: 21.088318
2021-10-27 09:00: *********************************Current best model saved!
2021-10-27 09:00: Train Epoch 75: 0/167 Loss: 20.394085
2021-10-27 09:00: Train Epoch 75: 20/167 Loss: 21.589260
2021-10-27 09:00: Train Epoch 75: 40/167 Loss: 20.354958
2021-10-27 09:00: Train Epoch 75: 60/167 Loss: 19.960993
2021-10-27 09:00: Train Epoch 75: 80/167 Loss: 21.841364
2021-10-27 09:00: Train Epoch 75: 100/167 Loss: 19.608150
2021-10-27 09:00: Train Epoch 75: 120/167 Loss: 19.771851
2021-10-27 09:00: Train Epoch 75: 140/167 Loss: 22.517954
2021-10-27 09:00: Train Epoch 75: 160/167 Loss: 20.679361
2021-10-27 09:01: **********Train Epoch 75: averaged Loss: 20.653756, tf_ratio: 1.000000
2021-10-27 09:01: **********Val Epoch 75: average Loss: 21.121107
2021-10-27 09:01: Train Epoch 76: 0/167 Loss: 20.487740
2021-10-27 09:01: Train Epoch 76: 20/167 Loss: 20.491814
2021-10-27 09:01: Train Epoch 76: 40/167 Loss: 19.683603
2021-10-27 09:01: Train Epoch 76: 60/167 Loss: 21.024738
2021-10-27 09:01: Train Epoch 76: 80/167 Loss: 21.105953
2021-10-27 09:01: Train Epoch 76: 100/167 Loss: 20.680916
2021-10-27 09:01: Train Epoch 76: 120/167 Loss: 20.732330
2021-10-27 09:01: Train Epoch 76: 140/167 Loss: 20.669025
2021-10-27 09:01: Train Epoch 76: 160/167 Loss: 20.942190
2021-10-27 09:01: **********Train Epoch 76: averaged Loss: 20.642293, tf_ratio: 1.000000
2021-10-27 09:01: **********Val Epoch 76: average Loss: 21.150704
2021-10-27 09:01: Train Epoch 77: 0/167 Loss: 21.160561
2021-10-27 09:01: Train Epoch 77: 20/167 Loss: 19.184958
2021-10-27 09:01: Train Epoch 77: 40/167 Loss: 20.410740
2021-10-27 09:01: Train Epoch 77: 60/167 Loss: 20.027601
2021-10-27 09:01: Train Epoch 77: 80/167 Loss: 21.692284
2021-10-27 09:01: Train Epoch 77: 100/167 Loss: 19.137142
2021-10-27 09:01: Train Epoch 77: 120/167 Loss: 20.712833
2021-10-27 09:01: Train Epoch 77: 140/167 Loss: 19.273960
2021-10-27 09:01: Train Epoch 77: 160/167 Loss: 20.665371
2021-10-27 09:01: **********Train Epoch 77: averaged Loss: 20.620489, tf_ratio: 1.000000
2021-10-27 09:01: **********Val Epoch 77: average Loss: 21.093939
2021-10-27 09:01: Train Epoch 78: 0/167 Loss: 21.782843
2021-10-27 09:01: Train Epoch 78: 20/167 Loss: 20.608128
2021-10-27 09:01: Train Epoch 78: 40/167 Loss: 18.919403
2021-10-27 09:01: Train Epoch 78: 60/167 Loss: 20.380163
2021-10-27 09:01: Train Epoch 78: 80/167 Loss: 20.209551
2021-10-27 09:01: Train Epoch 78: 100/167 Loss: 20.308207
2021-10-27 09:01: Train Epoch 78: 120/167 Loss: 20.980623
2021-10-27 09:01: Train Epoch 78: 140/167 Loss: 21.412304
2021-10-27 09:01: Train Epoch 78: 160/167 Loss: 21.482519
2021-10-27 09:01: **********Train Epoch 78: averaged Loss: 20.616072, tf_ratio: 1.000000
2021-10-27 09:01: **********Val Epoch 78: average Loss: 21.035914
2021-10-27 09:01: *********************************Current best model saved!
2021-10-27 09:01: Train Epoch 79: 0/167 Loss: 22.049448
2021-10-27 09:01: Train Epoch 79: 20/167 Loss: 20.920631
2021-10-27 09:01: Train Epoch 79: 40/167 Loss: 20.273611
2021-10-27 09:01: Train Epoch 79: 60/167 Loss: 20.715633
2021-10-27 09:01: Train Epoch 79: 80/167 Loss: 20.781155
2021-10-27 09:01: Train Epoch 79: 100/167 Loss: 20.068092
2021-10-27 09:01: Train Epoch 79: 120/167 Loss: 21.280382
2021-10-27 09:01: Train Epoch 79: 140/167 Loss: 19.981777
2021-10-27 09:01: Train Epoch 79: 160/167 Loss: 20.551403
2021-10-27 09:01: **********Train Epoch 79: averaged Loss: 20.584702, tf_ratio: 1.000000
2021-10-27 09:01: **********Val Epoch 79: average Loss: 21.233161
2021-10-27 09:01: Train Epoch 80: 0/167 Loss: 19.593353
2021-10-27 09:01: Train Epoch 80: 20/167 Loss: 21.409678
2021-10-27 09:01: Train Epoch 80: 40/167 Loss: 20.631857
2021-10-27 09:01: Train Epoch 80: 60/167 Loss: 20.614550
2021-10-27 09:01: Train Epoch 80: 80/167 Loss: 20.590538
2021-10-27 09:01: Train Epoch 80: 100/167 Loss: 20.930029
2021-10-27 09:01: Train Epoch 80: 120/167 Loss: 21.176964
2021-10-27 09:01: Train Epoch 80: 140/167 Loss: 19.551367
2021-10-27 09:01: Train Epoch 80: 160/167 Loss: 20.167480
2021-10-27 09:01: **********Train Epoch 80: averaged Loss: 20.555896, tf_ratio: 1.000000
2021-10-27 09:01: **********Val Epoch 80: average Loss: 21.019440
2021-10-27 09:01: *********************************Current best model saved!
2021-10-27 09:01: Train Epoch 81: 0/167 Loss: 20.971413
2021-10-27 09:01: Train Epoch 81: 20/167 Loss: 20.609568
2021-10-27 09:01: Train Epoch 81: 40/167 Loss: 20.157665
2021-10-27 09:02: Train Epoch 81: 60/167 Loss: 20.168221
2021-10-27 09:02: Train Epoch 81: 80/167 Loss: 21.252329
2021-10-27 09:02: Train Epoch 81: 100/167 Loss: 20.191147
2021-10-27 09:02: Train Epoch 81: 120/167 Loss: 18.062244
2021-10-27 09:02: Train Epoch 81: 140/167 Loss: 20.379700
2021-10-27 09:02: Train Epoch 81: 160/167 Loss: 20.167465
2021-10-27 09:02: **********Train Epoch 81: averaged Loss: 20.536697, tf_ratio: 1.000000
2021-10-27 09:02: **********Val Epoch 81: average Loss: 20.972075
2021-10-27 09:02: *********************************Current best model saved!
2021-10-27 09:02: Train Epoch 82: 0/167 Loss: 21.925064
2021-10-27 09:02: Train Epoch 82: 20/167 Loss: 19.068705
2021-10-27 09:02: Train Epoch 82: 40/167 Loss: 20.821470
2021-10-27 09:02: Train Epoch 82: 60/167 Loss: 20.658009
2021-10-27 09:02: Train Epoch 82: 80/167 Loss: 20.619591
2021-10-27 09:02: Train Epoch 82: 100/167 Loss: 19.524015
2021-10-27 09:02: Train Epoch 82: 120/167 Loss: 20.411671
2021-10-27 09:02: Train Epoch 82: 140/167 Loss: 22.831884
2021-10-27 09:02: Train Epoch 82: 160/167 Loss: 20.709179
2021-10-27 09:02: **********Train Epoch 82: averaged Loss: 20.548910, tf_ratio: 1.000000
2021-10-27 09:02: **********Val Epoch 82: average Loss: 21.006742
2021-10-27 09:02: Train Epoch 83: 0/167 Loss: 20.542715
2021-10-27 09:02: Train Epoch 83: 20/167 Loss: 20.895891
2021-10-27 09:02: Train Epoch 83: 40/167 Loss: 20.871639
2021-10-27 09:02: Train Epoch 83: 60/167 Loss: 20.476048
2021-10-27 09:02: Train Epoch 83: 80/167 Loss: 19.516132
2021-10-27 09:02: Train Epoch 83: 100/167 Loss: 21.230282
2021-10-27 09:02: Train Epoch 83: 120/167 Loss: 20.832573
2021-10-27 09:02: Train Epoch 83: 140/167 Loss: 17.984680
2021-10-27 09:02: Train Epoch 83: 160/167 Loss: 20.167152
2021-10-27 09:02: **********Train Epoch 83: averaged Loss: 20.514871, tf_ratio: 1.000000
2021-10-27 09:02: **********Val Epoch 83: average Loss: 21.104458
2021-10-27 09:02: Train Epoch 84: 0/167 Loss: 21.189934
2021-10-27 09:02: Train Epoch 84: 20/167 Loss: 21.355108
2021-10-27 09:02: Train Epoch 84: 40/167 Loss: 22.292086
2021-10-27 09:02: Train Epoch 84: 60/167 Loss: 20.065828
2021-10-27 09:02: Train Epoch 84: 80/167 Loss: 20.456638
2021-10-27 09:02: Train Epoch 84: 100/167 Loss: 18.346704
2021-10-27 09:02: Train Epoch 84: 120/167 Loss: 20.427946
2021-10-27 09:02: Train Epoch 84: 140/167 Loss: 20.612858
2021-10-27 09:02: Train Epoch 84: 160/167 Loss: 20.743793
2021-10-27 09:02: **********Train Epoch 84: averaged Loss: 20.500906, tf_ratio: 1.000000
2021-10-27 09:02: **********Val Epoch 84: average Loss: 21.116923
2021-10-27 09:02: Train Epoch 85: 0/167 Loss: 20.769165
2021-10-27 09:02: Train Epoch 85: 20/167 Loss: 19.829473
2021-10-27 09:02: Train Epoch 85: 40/167 Loss: 19.479347
2021-10-27 09:02: Train Epoch 85: 60/167 Loss: 19.182358
2021-10-27 09:02: Train Epoch 85: 80/167 Loss: 20.844221
2021-10-27 09:02: Train Epoch 85: 100/167 Loss: 18.617907
2021-10-27 09:02: Train Epoch 85: 120/167 Loss: 21.051653
2021-10-27 09:02: Train Epoch 85: 140/167 Loss: 20.746912
2021-10-27 09:02: Train Epoch 85: 160/167 Loss: 21.389122
2021-10-27 09:02: **********Train Epoch 85: averaged Loss: 20.485965, tf_ratio: 1.000000
2021-10-27 09:02: **********Val Epoch 85: average Loss: 21.197918
2021-10-27 09:02: Train Epoch 86: 0/167 Loss: 20.642809
2021-10-27 09:02: Train Epoch 86: 20/167 Loss: 20.502367
2021-10-27 09:02: Train Epoch 86: 40/167 Loss: 21.259361
2021-10-27 09:02: Train Epoch 86: 60/167 Loss: 19.431692
2021-10-27 09:02: Train Epoch 86: 80/167 Loss: 21.338387
2021-10-27 09:02: Train Epoch 86: 100/167 Loss: 18.772415
2021-10-27 09:02: Train Epoch 86: 120/167 Loss: 19.553406
2021-10-27 09:03: Train Epoch 86: 140/167 Loss: 20.848867
2021-10-27 09:03: Train Epoch 86: 160/167 Loss: 20.671581
2021-10-27 09:03: **********Train Epoch 86: averaged Loss: 20.454147, tf_ratio: 1.000000
2021-10-27 09:03: **********Val Epoch 86: average Loss: 21.000725
2021-10-27 09:03: Train Epoch 87: 0/167 Loss: 20.056601
2021-10-27 09:03: Train Epoch 87: 20/167 Loss: 19.048994
2021-10-27 09:03: Train Epoch 87: 40/167 Loss: 20.178612
2021-10-27 09:03: Train Epoch 87: 60/167 Loss: 20.819597
2021-10-27 09:03: Train Epoch 87: 80/167 Loss: 20.332920
2021-10-27 09:03: Train Epoch 87: 100/167 Loss: 21.274155
2021-10-27 09:03: Train Epoch 87: 120/167 Loss: 20.185081
2021-10-27 09:03: Train Epoch 87: 140/167 Loss: 20.013374
2021-10-27 09:03: Train Epoch 87: 160/167 Loss: 19.544468
2021-10-27 09:03: **********Train Epoch 87: averaged Loss: 20.449152, tf_ratio: 1.000000
2021-10-27 09:03: **********Val Epoch 87: average Loss: 20.963214
2021-10-27 09:03: *********************************Current best model saved!
2021-10-27 09:03: Train Epoch 88: 0/167 Loss: 20.797007
2021-10-27 09:03: Train Epoch 88: 20/167 Loss: 21.791111
2021-10-27 09:03: Train Epoch 88: 40/167 Loss: 20.808905
2021-10-27 09:03: Train Epoch 88: 60/167 Loss: 20.630348
2021-10-27 09:03: Train Epoch 88: 80/167 Loss: 19.338669
2021-10-27 09:03: Train Epoch 88: 100/167 Loss: 19.400272
2021-10-27 09:03: Train Epoch 88: 120/167 Loss: 20.946785
2021-10-27 09:03: Train Epoch 88: 140/167 Loss: 21.102705
2021-10-27 09:03: Train Epoch 88: 160/167 Loss: 20.309902
2021-10-27 09:03: **********Train Epoch 88: averaged Loss: 20.406923, tf_ratio: 1.000000
2021-10-27 09:03: **********Val Epoch 88: average Loss: 20.919063
2021-10-27 09:03: *********************************Current best model saved!
2021-10-27 09:03: Train Epoch 89: 0/167 Loss: 20.126167
2021-10-27 09:03: Train Epoch 89: 20/167 Loss: 20.551355
2021-10-27 09:03: Train Epoch 89: 40/167 Loss: 20.048067
2021-10-27 09:03: Train Epoch 89: 60/167 Loss: 19.894253
2021-10-27 09:03: Train Epoch 89: 80/167 Loss: 20.125181
2021-10-27 09:03: Train Epoch 89: 100/167 Loss: 20.103941
2021-10-27 09:03: Train Epoch 89: 120/167 Loss: 19.893286
2021-10-27 09:03: Train Epoch 89: 140/167 Loss: 19.159506
2021-10-27 09:03: Train Epoch 89: 160/167 Loss: 19.630444
2021-10-27 09:03: **********Train Epoch 89: averaged Loss: 20.407461, tf_ratio: 1.000000
2021-10-27 09:03: **********Val Epoch 89: average Loss: 21.019680
2021-10-27 09:03: Train Epoch 90: 0/167 Loss: 21.619965
2021-10-27 09:03: Train Epoch 90: 20/167 Loss: 19.530190
2021-10-27 09:03: Train Epoch 90: 40/167 Loss: 19.758438
2021-10-27 09:03: Train Epoch 90: 60/167 Loss: 19.564219
2021-10-27 09:03: Train Epoch 90: 80/167 Loss: 21.050354
2021-10-27 09:03: Train Epoch 90: 100/167 Loss: 19.913084
2021-10-27 09:03: Train Epoch 90: 120/167 Loss: 21.902111
2021-10-27 09:03: Train Epoch 90: 140/167 Loss: 20.235081
2021-10-27 09:03: Train Epoch 90: 160/167 Loss: 20.945599
2021-10-27 09:03: **********Train Epoch 90: averaged Loss: 20.401686, tf_ratio: 1.000000
2021-10-27 09:03: **********Val Epoch 90: average Loss: 20.948182
2021-10-27 09:03: Train Epoch 91: 0/167 Loss: 19.805584
2021-10-27 09:03: Train Epoch 91: 20/167 Loss: 21.332096
2021-10-27 09:03: Train Epoch 91: 40/167 Loss: 20.748407
2021-10-27 09:03: Train Epoch 91: 60/167 Loss: 20.902008
2021-10-27 09:03: Train Epoch 91: 80/167 Loss: 18.417850
2021-10-27 09:03: Train Epoch 91: 100/167 Loss: 20.630426
2021-10-27 09:03: Train Epoch 91: 120/167 Loss: 19.439379
2021-10-27 09:03: Train Epoch 91: 140/167 Loss: 20.501587
2021-10-27 09:03: Train Epoch 91: 160/167 Loss: 19.902010
2021-10-27 09:03: **********Train Epoch 91: averaged Loss: 20.404338, tf_ratio: 1.000000
2021-10-27 09:03: **********Val Epoch 91: average Loss: 20.900863
2021-10-27 09:03: *********************************Current best model saved!
2021-10-27 09:03: Train Epoch 92: 0/167 Loss: 22.106941
2021-10-27 09:03: Train Epoch 92: 20/167 Loss: 19.913378
2021-10-27 09:04: Train Epoch 92: 40/167 Loss: 21.181149
2021-10-27 09:04: Train Epoch 92: 60/167 Loss: 19.540760
2021-10-27 09:04: Train Epoch 92: 80/167 Loss: 20.824142
2021-10-27 09:04: Train Epoch 92: 100/167 Loss: 20.910971
2021-10-27 09:04: Train Epoch 92: 120/167 Loss: 21.343685
2021-10-27 09:04: Train Epoch 92: 140/167 Loss: 20.321793
2021-10-27 09:04: Train Epoch 92: 160/167 Loss: 21.456841
2021-10-27 09:04: **********Train Epoch 92: averaged Loss: 20.361352, tf_ratio: 1.000000
2021-10-27 09:04: **********Val Epoch 92: average Loss: 20.861554
2021-10-27 09:04: *********************************Current best model saved!
2021-10-27 09:04: Train Epoch 93: 0/167 Loss: 20.537420
2021-10-27 09:04: Train Epoch 93: 20/167 Loss: 18.836319
2021-10-27 09:04: Train Epoch 93: 40/167 Loss: 19.641335
2021-10-27 09:04: Train Epoch 93: 60/167 Loss: 19.859257
2021-10-27 09:04: Train Epoch 93: 80/167 Loss: 21.579321
2021-10-27 09:04: Train Epoch 93: 100/167 Loss: 19.098415
2021-10-27 09:04: Train Epoch 93: 120/167 Loss: 20.480732
2021-10-27 09:04: Train Epoch 93: 140/167 Loss: 20.631189
2021-10-27 09:04: Train Epoch 93: 160/167 Loss: 19.452467
2021-10-27 09:04: **********Train Epoch 93: averaged Loss: 20.364981, tf_ratio: 1.000000
2021-10-27 09:04: **********Val Epoch 93: average Loss: 20.883340
2021-10-27 09:04: Train Epoch 94: 0/167 Loss: 19.350767
2021-10-27 09:04: Train Epoch 94: 20/167 Loss: 21.135185
2021-10-27 09:04: Train Epoch 94: 40/167 Loss: 18.672281
2021-10-27 09:04: Train Epoch 94: 60/167 Loss: 20.735760
2021-10-27 09:04: Train Epoch 94: 80/167 Loss: 20.695724
2021-10-27 09:04: Train Epoch 94: 100/167 Loss: 19.758633
2021-10-27 09:04: Train Epoch 94: 120/167 Loss: 20.029938
2021-10-27 09:04: Train Epoch 94: 140/167 Loss: 19.957479
2021-10-27 09:04: Train Epoch 94: 160/167 Loss: 20.377459
2021-10-27 09:04: **********Train Epoch 94: averaged Loss: 20.353074, tf_ratio: 1.000000
2021-10-27 09:04: **********Val Epoch 94: average Loss: 20.866874
2021-10-27 09:04: Train Epoch 95: 0/167 Loss: 21.350904
2021-10-27 09:04: Train Epoch 95: 20/167 Loss: 21.460905
2021-10-27 09:04: Train Epoch 95: 40/167 Loss: 21.682320
2021-10-27 09:04: Train Epoch 95: 60/167 Loss: 19.725182
2021-10-27 09:04: Train Epoch 95: 80/167 Loss: 20.954018
2021-10-27 09:04: Train Epoch 95: 100/167 Loss: 20.930405
2021-10-27 09:04: Train Epoch 95: 120/167 Loss: 19.364264
2021-10-27 09:04: Train Epoch 95: 140/167 Loss: 21.436256
2021-10-27 09:04: Train Epoch 95: 160/167 Loss: 19.606691
2021-10-27 09:04: **********Train Epoch 95: averaged Loss: 20.341976, tf_ratio: 1.000000
2021-10-27 09:04: **********Val Epoch 95: average Loss: 20.904408
2021-10-27 09:04: Train Epoch 96: 0/167 Loss: 18.941326
2021-10-27 09:04: Train Epoch 96: 20/167 Loss: 20.730371
2021-10-27 09:04: Train Epoch 96: 40/167 Loss: 20.900145
2021-10-27 09:04: Train Epoch 96: 60/167 Loss: 18.814373
2021-10-27 09:04: Train Epoch 96: 80/167 Loss: 18.450638
2021-10-27 09:04: Train Epoch 96: 100/167 Loss: 19.105825
2021-10-27 09:04: Train Epoch 96: 120/167 Loss: 20.418493
2021-10-27 09:04: Train Epoch 96: 140/167 Loss: 20.762363
2021-10-27 09:04: Train Epoch 96: 160/167 Loss: 20.192530
2021-10-27 09:04: **********Train Epoch 96: averaged Loss: 20.315981, tf_ratio: 1.000000
2021-10-27 09:04: **********Val Epoch 96: average Loss: 20.930206
2021-10-27 09:04: Train Epoch 97: 0/167 Loss: 20.295372
2021-10-27 09:04: Train Epoch 97: 20/167 Loss: 19.572847
2021-10-27 09:04: Train Epoch 97: 40/167 Loss: 20.029161
2021-10-27 09:04: Train Epoch 97: 60/167 Loss: 20.235615
2021-10-27 09:04: Train Epoch 97: 80/167 Loss: 20.780329
2021-10-27 09:05: Train Epoch 97: 100/167 Loss: 21.176855
2021-10-27 09:05: Train Epoch 97: 120/167 Loss: 20.317921
2021-10-27 09:05: Train Epoch 97: 140/167 Loss: 19.040846
2021-10-27 09:05: Train Epoch 97: 160/167 Loss: 19.800951
2021-10-27 09:05: **********Train Epoch 97: averaged Loss: 20.315314, tf_ratio: 1.000000
2021-10-27 09:05: **********Val Epoch 97: average Loss: 21.076945
2021-10-27 09:05: Train Epoch 98: 0/167 Loss: 19.470133
2021-10-27 09:05: Train Epoch 98: 20/167 Loss: 20.644367
2021-10-27 09:05: Train Epoch 98: 40/167 Loss: 21.492878
2021-10-27 09:05: Train Epoch 98: 60/167 Loss: 21.082684
2021-10-27 09:05: Train Epoch 98: 80/167 Loss: 20.402546
2021-10-27 09:05: Train Epoch 98: 100/167 Loss: 21.563566
2021-10-27 09:05: Train Epoch 98: 120/167 Loss: 21.002823
2021-10-27 09:05: Train Epoch 98: 140/167 Loss: 18.389511
2021-10-27 09:05: Train Epoch 98: 160/167 Loss: 18.851450
2021-10-27 09:05: **********Train Epoch 98: averaged Loss: 20.320648, tf_ratio: 1.000000
2021-10-27 09:05: **********Val Epoch 98: average Loss: 20.824057
2021-10-27 09:05: *********************************Current best model saved!
2021-10-27 09:05: Train Epoch 99: 0/167 Loss: 20.148615
2021-10-27 09:05: Train Epoch 99: 20/167 Loss: 22.803238
2021-10-27 09:05: Train Epoch 99: 40/167 Loss: 20.238605
2021-10-27 09:05: Train Epoch 99: 60/167 Loss: 19.665987
2021-10-27 09:05: Train Epoch 99: 80/167 Loss: 18.740328
2021-10-27 09:05: Train Epoch 99: 100/167 Loss: 21.698397
2021-10-27 09:05: Train Epoch 99: 120/167 Loss: 21.780581
2021-10-27 09:05: Train Epoch 99: 140/167 Loss: 19.584728
2021-10-27 09:05: Train Epoch 99: 160/167 Loss: 19.300238
2021-10-27 09:05: **********Train Epoch 99: averaged Loss: 20.278800, tf_ratio: 1.000000
2021-10-27 09:05: **********Val Epoch 99: average Loss: 20.836184
2021-10-27 09:05: Train Epoch 100: 0/167 Loss: 19.414419
2021-10-27 09:05: Train Epoch 100: 20/167 Loss: 21.595177
2021-10-27 09:05: Train Epoch 100: 40/167 Loss: 19.299461
2021-10-27 09:05: Train Epoch 100: 60/167 Loss: 19.730568
2021-10-27 09:05: Train Epoch 100: 80/167 Loss: 19.510202
2021-10-27 09:05: Train Epoch 100: 100/167 Loss: 20.052498
2021-10-27 09:05: Train Epoch 100: 120/167 Loss: 20.593399
2021-10-27 09:05: Train Epoch 100: 140/167 Loss: 21.188820
2021-10-27 09:05: Train Epoch 100: 160/167 Loss: 20.193617
2021-10-27 09:05: **********Train Epoch 100: averaged Loss: 20.275971, tf_ratio: 1.000000
2021-10-27 09:05: **********Val Epoch 100: average Loss: 20.826743
2021-10-27 09:05: Total training time: 18.5574min, best loss: 20.824057
2021-10-27 09:05: Saving current best model to /content/AGCRN/model/experiments/PEMSD8/20211027084704/best_model.pth
2021-10-27 09:05: Horizon 01, MAE: 15.89, RMSE: 24.13, MAPE: 10.0911%
2021-10-27 09:05: Horizon 02, MAE: 16.89, RMSE: 25.90, MAPE: 10.5219%
2021-10-27 09:05: Horizon 03, MAE: 17.87, RMSE: 27.44, MAPE: 10.9732%
2021-10-27 09:05: Horizon 04, MAE: 18.63, RMSE: 28.73, MAPE: 11.3404%
2021-10-27 09:05: Horizon 05, MAE: 19.29, RMSE: 29.85, MAPE: 11.6781%
2021-10-27 09:05: Horizon 06, MAE: 19.92, RMSE: 30.93, MAPE: 12.0405%
2021-10-27 09:05: Horizon 07, MAE: 20.66, RMSE: 32.10, MAPE: 12.4237%
2021-10-27 09:05: Horizon 08, MAE: 21.46, RMSE: 33.29, MAPE: 12.8632%
2021-10-27 09:05: Horizon 09, MAE: 22.17, RMSE: 34.32, MAPE: 13.2868%
2021-10-27 09:05: Horizon 10, MAE: 22.72, RMSE: 35.15, MAPE: 13.6221%
2021-10-27 09:05: Horizon 11, MAE: 23.25, RMSE: 35.95, MAPE: 13.9757%
2021-10-27 09:05: Horizon 12, MAE: 23.96, RMSE: 37.04, MAPE: 14.3738%
2021-10-27 09:05: Average Horizon, MAE: 20.23, RMSE: 31.49, MAPE: 12.2659%
