2021-10-27 09:07: Experiment log path in: /content/AGCRN/model/experiments/PEMSD8/20211027090758
2021-10-27 09:07: Train Epoch 1: 0/167 Loss: 222.777115
2021-10-27 09:08: Train Epoch 1: 20/167 Loss: 220.956146
2021-10-27 09:08: Train Epoch 1: 40/167 Loss: 214.657959
2021-10-27 09:08: Train Epoch 1: 60/167 Loss: 197.730042
2021-10-27 09:08: Train Epoch 1: 80/167 Loss: 212.032852
2021-10-27 09:08: Train Epoch 1: 100/167 Loss: 203.740952
2021-10-27 09:08: Train Epoch 1: 120/167 Loss: 211.156693
2021-10-27 09:08: Train Epoch 1: 140/167 Loss: 203.679855
2021-10-27 09:08: Train Epoch 1: 160/167 Loss: 204.408737
2021-10-27 09:08: **********Train Epoch 1: averaged Loss: 211.129851, tf_ratio: 1.000000
2021-10-27 09:08: **********Val Epoch 1: average Loss: 196.367215
2021-10-27 09:08: *********************************Current best model saved!
2021-10-27 09:08: Train Epoch 2: 0/167 Loss: 203.664719
2021-10-27 09:08: Train Epoch 2: 20/167 Loss: 207.148804
2021-10-27 09:08: Train Epoch 2: 40/167 Loss: 177.392197
2021-10-27 09:08: Train Epoch 2: 60/167 Loss: 182.025925
2021-10-27 09:08: Train Epoch 2: 80/167 Loss: 185.202957
2021-10-27 09:08: Train Epoch 2: 100/167 Loss: 184.583084
2021-10-27 09:08: Train Epoch 2: 120/167 Loss: 171.091705
2021-10-27 09:09: Train Epoch 2: 140/167 Loss: 176.364288
2021-10-27 09:09: Train Epoch 2: 160/167 Loss: 153.699402
2021-10-27 09:09: **********Train Epoch 2: averaged Loss: 180.483115, tf_ratio: 1.000000
2021-10-27 09:09: **********Val Epoch 2: average Loss: 171.633309
2021-10-27 09:09: *********************************Current best model saved!
2021-10-27 09:09: Train Epoch 3: 0/167 Loss: 171.200317
2021-10-27 09:09: Train Epoch 3: 20/167 Loss: 166.442688
2021-10-27 09:09: Train Epoch 3: 40/167 Loss: 141.638962
2021-10-27 09:09: Train Epoch 3: 60/167 Loss: 173.272842
2021-10-27 09:09: Train Epoch 3: 80/167 Loss: 155.348694
2021-10-27 09:09: Train Epoch 3: 100/167 Loss: 177.577927
2021-10-27 09:09: Train Epoch 3: 120/167 Loss: 143.575211
2021-10-27 09:09: Train Epoch 3: 140/167 Loss: 143.758362
2021-10-27 09:09: Train Epoch 3: 160/167 Loss: 132.210541
2021-10-27 09:09: **********Train Epoch 3: averaged Loss: 159.560748, tf_ratio: 1.000000
2021-10-27 09:09: **********Val Epoch 3: average Loss: 154.219222
2021-10-27 09:09: *********************************Current best model saved!
2021-10-27 09:09: Train Epoch 4: 0/167 Loss: 146.359161
2021-10-27 09:09: Train Epoch 4: 20/167 Loss: 154.257614
2021-10-27 09:09: Train Epoch 4: 40/167 Loss: 140.226257
2021-10-27 09:09: Train Epoch 4: 60/167 Loss: 139.243042
2021-10-27 09:10: Train Epoch 4: 80/167 Loss: 130.603256
2021-10-27 09:10: Train Epoch 4: 100/167 Loss: 146.461075
2021-10-27 09:10: Train Epoch 4: 120/167 Loss: 148.427124
2021-10-27 09:10: Train Epoch 4: 140/167 Loss: 146.329391
2021-10-27 09:10: Train Epoch 4: 160/167 Loss: 149.780090
2021-10-27 09:10: **********Train Epoch 4: averaged Loss: 145.193911, tf_ratio: 1.000000
2021-10-27 09:10: **********Val Epoch 4: average Loss: 142.465375
2021-10-27 09:10: *********************************Current best model saved!
2021-10-27 09:10: Train Epoch 5: 0/167 Loss: 135.852615
2021-10-27 09:10: Train Epoch 5: 20/167 Loss: 140.421173
2021-10-27 09:10: Train Epoch 5: 40/167 Loss: 136.872345
2021-10-27 09:10: Train Epoch 5: 60/167 Loss: 136.877090
2021-10-27 09:10: Train Epoch 5: 80/167 Loss: 130.897949
2021-10-27 09:10: Train Epoch 5: 100/167 Loss: 140.674667
2021-10-27 09:10: Train Epoch 5: 120/167 Loss: 145.157913
2021-10-27 09:10: Train Epoch 5: 140/167 Loss: 127.187370
2021-10-27 09:10: Train Epoch 5: 160/167 Loss: 135.189621
2021-10-27 09:10: **********Train Epoch 5: averaged Loss: 135.776458, tf_ratio: 1.000000
2021-10-27 09:10: **********Val Epoch 5: average Loss: 134.826959
2021-10-27 09:10: *********************************Current best model saved!
2021-10-27 09:10: Train Epoch 6: 0/167 Loss: 142.045471
2021-10-27 09:11: Train Epoch 6: 20/167 Loss: 120.313301
2021-10-27 09:11: Train Epoch 6: 40/167 Loss: 125.648987
2021-10-27 09:11: Train Epoch 6: 60/167 Loss: 125.133728
2021-10-27 09:11: Train Epoch 6: 80/167 Loss: 133.138550
2021-10-27 09:11: Train Epoch 6: 100/167 Loss: 125.568558
2021-10-27 09:11: Train Epoch 6: 120/167 Loss: 136.929932
2021-10-27 09:11: Train Epoch 6: 140/167 Loss: 124.099312
2021-10-27 09:11: Train Epoch 6: 160/167 Loss: 135.712234
2021-10-27 09:11: **********Train Epoch 6: averaged Loss: 129.687356, tf_ratio: 1.000000
2021-10-27 09:11: **********Val Epoch 6: average Loss: 129.907921
2021-10-27 09:11: *********************************Current best model saved!
2021-10-27 09:11: Train Epoch 7: 0/167 Loss: 120.271484
2021-10-27 09:11: Train Epoch 7: 20/167 Loss: 126.777016
2021-10-27 09:11: Train Epoch 7: 40/167 Loss: 129.513657
2021-10-27 09:11: Train Epoch 7: 60/167 Loss: 126.329773
2021-10-27 09:11: Train Epoch 7: 80/167 Loss: 118.109367
2021-10-27 09:11: Train Epoch 7: 100/167 Loss: 128.054230
2021-10-27 09:11: Train Epoch 7: 120/167 Loss: 128.898300
2021-10-27 09:12: Train Epoch 7: 140/167 Loss: 128.443695
2021-10-27 09:12: Train Epoch 7: 160/167 Loss: 125.724670
2021-10-27 09:12: **********Train Epoch 7: averaged Loss: 125.781283, tf_ratio: 1.000000
2021-10-27 09:12: **********Val Epoch 7: average Loss: 126.645246
2021-10-27 09:12: *********************************Current best model saved!
2021-10-27 09:12: Train Epoch 8: 0/167 Loss: 127.243973
2021-10-27 09:12: Train Epoch 8: 20/167 Loss: 124.091492
2021-10-27 09:12: Train Epoch 8: 40/167 Loss: 123.419662
2021-10-27 09:12: Train Epoch 8: 60/167 Loss: 118.902260
2021-10-27 09:12: Train Epoch 8: 80/167 Loss: 122.352188
2021-10-27 09:12: Train Epoch 8: 100/167 Loss: 122.964394
2021-10-27 09:12: Train Epoch 8: 120/167 Loss: 115.850128
2021-10-27 09:12: Train Epoch 8: 140/167 Loss: 126.879326
2021-10-27 09:12: Train Epoch 8: 160/167 Loss: 120.677513
2021-10-27 09:12: **********Train Epoch 8: averaged Loss: 123.385714, tf_ratio: 1.000000
2021-10-27 09:12: **********Val Epoch 8: average Loss: 124.643691
2021-10-27 09:12: *********************************Current best model saved!
2021-10-27 09:12: Train Epoch 9: 0/167 Loss: 119.951950
2021-10-27 09:12: Train Epoch 9: 20/167 Loss: 125.645035
2021-10-27 09:12: Train Epoch 9: 40/167 Loss: 119.107910
2021-10-27 09:12: Train Epoch 9: 60/167 Loss: 121.506798
2021-10-27 09:13: Train Epoch 9: 80/167 Loss: 123.961708
2021-10-27 09:13: Train Epoch 9: 100/167 Loss: 128.351608
2021-10-27 09:13: Train Epoch 9: 120/167 Loss: 120.964455
2021-10-27 09:13: Train Epoch 9: 140/167 Loss: 128.702698
2021-10-27 09:13: Train Epoch 9: 160/167 Loss: 126.286980
2021-10-27 09:13: **********Train Epoch 9: averaged Loss: 121.958399, tf_ratio: 1.000000
2021-10-27 09:13: **********Val Epoch 9: average Loss: 123.437007
2021-10-27 09:13: *********************************Current best model saved!
2021-10-27 09:13: Train Epoch 10: 0/167 Loss: 121.500282
2021-10-27 09:13: Train Epoch 10: 20/167 Loss: 122.413071
2021-10-27 09:13: Train Epoch 10: 40/167 Loss: 116.526878
2021-10-27 09:13: Train Epoch 10: 60/167 Loss: 126.316200
2021-10-27 09:13: Train Epoch 10: 80/167 Loss: 126.083893
2021-10-27 09:13: Train Epoch 10: 100/167 Loss: 115.632683
2021-10-27 09:13: Train Epoch 10: 120/167 Loss: 126.675285
2021-10-27 09:13: Train Epoch 10: 140/167 Loss: 121.680099
2021-10-27 09:13: Train Epoch 10: 160/167 Loss: 121.066963
2021-10-27 09:13: **********Train Epoch 10: averaged Loss: 121.138290, tf_ratio: 1.000000
2021-10-27 09:13: **********Val Epoch 10: average Loss: 122.725908
2021-10-27 09:13: *********************************Current best model saved!
2021-10-27 09:13: Train Epoch 11: 0/167 Loss: 116.676865
2021-10-27 09:14: Train Epoch 11: 20/167 Loss: 120.552467
2021-10-27 09:14: Train Epoch 11: 40/167 Loss: 122.883698
2021-10-27 09:14: Train Epoch 11: 60/167 Loss: 117.896255
2021-10-27 09:14: Train Epoch 11: 80/167 Loss: 119.352928
2021-10-27 09:14: Train Epoch 11: 100/167 Loss: 119.160759
2021-10-27 09:14: Train Epoch 11: 120/167 Loss: 122.095444
2021-10-27 09:14: Train Epoch 11: 140/167 Loss: 120.481010
2021-10-27 09:14: Train Epoch 11: 160/167 Loss: 119.676941
2021-10-27 09:14: **********Train Epoch 11: averaged Loss: 120.712636, tf_ratio: 1.000000
2021-10-27 09:14: **********Val Epoch 11: average Loss: 122.323181
2021-10-27 09:14: *********************************Current best model saved!
2021-10-27 09:14: Train Epoch 12: 0/167 Loss: 125.020500
2021-10-27 09:14: Train Epoch 12: 20/167 Loss: 114.774086
2021-10-27 09:14: Train Epoch 12: 40/167 Loss: 121.625526
2021-10-27 09:14: Train Epoch 12: 60/167 Loss: 122.256721
2021-10-27 09:14: Train Epoch 12: 80/167 Loss: 120.932953
2021-10-27 09:14: Train Epoch 12: 100/167 Loss: 117.874176
2021-10-27 09:14: Train Epoch 12: 120/167 Loss: 116.876915
2021-10-27 09:15: Train Epoch 12: 140/167 Loss: 114.255836
2021-10-27 09:15: Train Epoch 12: 160/167 Loss: 122.329544
2021-10-27 09:15: **********Train Epoch 12: averaged Loss: 120.486361, tf_ratio: 1.000000
2021-10-27 09:15: **********Val Epoch 12: average Loss: 122.112655
2021-10-27 09:15: *********************************Current best model saved!
2021-10-27 09:15: Train Epoch 13: 0/167 Loss: 122.434441
2021-10-27 09:15: Train Epoch 13: 20/167 Loss: 121.888321
2021-10-27 09:15: Train Epoch 13: 40/167 Loss: 123.082260
2021-10-27 09:15: Train Epoch 13: 60/167 Loss: 123.502449
2021-10-27 09:15: Train Epoch 13: 80/167 Loss: 109.952568
2021-10-27 09:15: Train Epoch 13: 100/167 Loss: 76.817909
2021-10-27 09:15: Train Epoch 13: 120/167 Loss: 83.797173
2021-10-27 09:15: Train Epoch 13: 140/167 Loss: 79.939995
2021-10-27 09:15: Train Epoch 13: 160/167 Loss: 69.917458
2021-10-27 09:15: **********Train Epoch 13: averaged Loss: 99.855857, tf_ratio: 1.000000
2021-10-27 09:15: **********Val Epoch 13: average Loss: 77.789900
2021-10-27 09:15: *********************************Current best model saved!
2021-10-27 09:15: Train Epoch 14: 0/167 Loss: 81.267357
2021-10-27 09:15: Train Epoch 14: 20/167 Loss: 61.089436
2021-10-27 09:15: Train Epoch 14: 40/167 Loss: 64.396149
2021-10-27 09:15: Train Epoch 14: 60/167 Loss: 71.478722
2021-10-27 09:16: Train Epoch 14: 80/167 Loss: 69.327713
2021-10-27 09:16: Train Epoch 14: 100/167 Loss: 66.520218
2021-10-27 09:16: Train Epoch 14: 120/167 Loss: 63.052139
2021-10-27 09:16: Train Epoch 14: 140/167 Loss: 54.781536
2021-10-27 09:16: Train Epoch 14: 160/167 Loss: 55.504978
2021-10-27 09:16: **********Train Epoch 14: averaged Loss: 64.332485, tf_ratio: 1.000000
2021-10-27 09:16: **********Val Epoch 14: average Loss: 58.980882
2021-10-27 09:16: *********************************Current best model saved!
2021-10-27 09:16: Train Epoch 15: 0/167 Loss: 50.118000
2021-10-27 09:16: Train Epoch 15: 20/167 Loss: 56.373310
2021-10-27 09:16: Train Epoch 15: 40/167 Loss: 52.308067
2021-10-27 09:16: Train Epoch 15: 60/167 Loss: 55.828903
2021-10-27 09:16: Train Epoch 15: 80/167 Loss: 54.555187
2021-10-27 09:16: Train Epoch 15: 100/167 Loss: 53.183273
2021-10-27 09:16: Train Epoch 15: 120/167 Loss: 50.410172
2021-10-27 09:16: Train Epoch 15: 140/167 Loss: 47.052643
2021-10-27 09:16: Train Epoch 15: 160/167 Loss: 52.058819
2021-10-27 09:16: **********Train Epoch 15: averaged Loss: 51.155697, tf_ratio: 1.000000
2021-10-27 09:16: **********Val Epoch 15: average Loss: 48.877586
2021-10-27 09:16: *********************************Current best model saved!
2021-10-27 09:17: Train Epoch 16: 0/167 Loss: 48.191048
2021-10-27 09:17: Train Epoch 16: 20/167 Loss: 43.576405
2021-10-27 09:17: Train Epoch 16: 40/167 Loss: 48.035263
2021-10-27 09:17: Train Epoch 16: 60/167 Loss: 41.522499
2021-10-27 09:17: Train Epoch 16: 80/167 Loss: 43.654293
2021-10-27 09:17: Train Epoch 16: 100/167 Loss: 43.504353
2021-10-27 09:17: Train Epoch 16: 120/167 Loss: 45.016560
2021-10-27 09:17: Train Epoch 16: 140/167 Loss: 41.740665
2021-10-27 09:17: Train Epoch 16: 160/167 Loss: 35.848507
2021-10-27 09:17: **********Train Epoch 16: averaged Loss: 43.222948, tf_ratio: 1.000000
2021-10-27 09:17: **********Val Epoch 16: average Loss: 42.080783
2021-10-27 09:17: *********************************Current best model saved!
2021-10-27 09:17: Train Epoch 17: 0/167 Loss: 39.711487
2021-10-27 09:17: Train Epoch 17: 20/167 Loss: 39.846706
2021-10-27 09:17: Train Epoch 17: 40/167 Loss: 35.305408
2021-10-27 09:17: Train Epoch 17: 60/167 Loss: 34.994640
2021-10-27 09:17: Train Epoch 17: 80/167 Loss: 40.032623
2021-10-27 09:17: Train Epoch 17: 100/167 Loss: 38.843338
2021-10-27 09:18: Train Epoch 17: 120/167 Loss: 35.428650
2021-10-27 09:18: Train Epoch 17: 140/167 Loss: 35.658493
2021-10-27 09:18: Train Epoch 17: 160/167 Loss: 37.675957
2021-10-27 09:18: **********Train Epoch 17: averaged Loss: 37.590904, tf_ratio: 1.000000
2021-10-27 09:18: **********Val Epoch 17: average Loss: 37.098380
2021-10-27 09:18: *********************************Current best model saved!
2021-10-27 09:18: Train Epoch 18: 0/167 Loss: 33.758709
2021-10-27 09:18: Train Epoch 18: 20/167 Loss: 34.283031
2021-10-27 09:18: Train Epoch 18: 40/167 Loss: 31.984003
2021-10-27 09:18: Train Epoch 18: 60/167 Loss: 35.616623
2021-10-27 09:18: Train Epoch 18: 80/167 Loss: 32.135773
2021-10-27 09:18: Train Epoch 18: 100/167 Loss: 32.432663
2021-10-27 09:18: Train Epoch 18: 120/167 Loss: 30.402775
2021-10-27 09:18: Train Epoch 18: 140/167 Loss: 32.217819
2021-10-27 09:18: Train Epoch 18: 160/167 Loss: 29.693066
2021-10-27 09:18: **********Train Epoch 18: averaged Loss: 33.656483, tf_ratio: 1.000000
2021-10-27 09:18: **********Val Epoch 18: average Loss: 33.512710
2021-10-27 09:18: *********************************Current best model saved!
2021-10-27 09:18: Train Epoch 19: 0/167 Loss: 32.161182
2021-10-27 09:18: Train Epoch 19: 20/167 Loss: 25.082932
2021-10-27 09:18: Train Epoch 19: 40/167 Loss: 33.546837
2021-10-27 09:19: Train Epoch 19: 60/167 Loss: 32.420135
2021-10-27 09:19: Train Epoch 19: 80/167 Loss: 31.444357
2021-10-27 09:19: Train Epoch 19: 100/167 Loss: 30.724804
2021-10-27 09:19: Train Epoch 19: 120/167 Loss: 31.383202
2021-10-27 09:19: Train Epoch 19: 140/167 Loss: 30.382553
2021-10-27 09:19: Train Epoch 19: 160/167 Loss: 30.082251
2021-10-27 09:19: **********Train Epoch 19: averaged Loss: 30.653209, tf_ratio: 1.000000
2021-10-27 09:19: **********Val Epoch 19: average Loss: 30.946927
2021-10-27 09:19: *********************************Current best model saved!
2021-10-27 09:19: Train Epoch 20: 0/167 Loss: 27.572191
2021-10-27 09:19: Train Epoch 20: 20/167 Loss: 29.640202
2021-10-27 09:19: Train Epoch 20: 40/167 Loss: 26.857656
2021-10-27 09:19: Train Epoch 20: 60/167 Loss: 30.608213
2021-10-27 09:19: Train Epoch 20: 80/167 Loss: 28.341612
2021-10-27 09:19: Train Epoch 20: 100/167 Loss: 26.952284
2021-10-27 09:19: Train Epoch 20: 120/167 Loss: 28.266363
2021-10-27 09:19: Train Epoch 20: 140/167 Loss: 30.119175
2021-10-27 09:19: Train Epoch 20: 160/167 Loss: 26.004967
2021-10-27 09:19: **********Train Epoch 20: averaged Loss: 28.488252, tf_ratio: 1.000000
2021-10-27 09:20: **********Val Epoch 20: average Loss: 28.770074
2021-10-27 09:20: *********************************Current best model saved!
2021-10-27 09:20: Train Epoch 21: 0/167 Loss: 23.685658
2021-10-27 09:20: Train Epoch 21: 20/167 Loss: 27.515388
2021-10-27 09:20: Train Epoch 21: 40/167 Loss: 29.447771
2021-10-27 09:20: Train Epoch 21: 60/167 Loss: 28.020708
2021-10-27 09:20: Train Epoch 21: 80/167 Loss: 28.935328
2021-10-27 09:20: Train Epoch 21: 100/167 Loss: 29.820103
2021-10-27 09:20: Train Epoch 21: 120/167 Loss: 24.338709
2021-10-27 09:20: Train Epoch 21: 140/167 Loss: 26.264519
2021-10-27 09:20: Train Epoch 21: 160/167 Loss: 24.272919
2021-10-27 09:20: **********Train Epoch 21: averaged Loss: 26.697690, tf_ratio: 1.000000
2021-10-27 09:20: **********Val Epoch 21: average Loss: 26.992071
2021-10-27 09:20: *********************************Current best model saved!
2021-10-27 09:20: Train Epoch 22: 0/167 Loss: 25.291353
2021-10-27 09:20: Train Epoch 22: 20/167 Loss: 27.578524
2021-10-27 09:20: Train Epoch 22: 40/167 Loss: 24.864473
2021-10-27 09:20: Train Epoch 22: 60/167 Loss: 25.245085
2021-10-27 09:20: Train Epoch 22: 80/167 Loss: 27.797295
2021-10-27 09:20: Train Epoch 22: 100/167 Loss: 24.768436
2021-10-27 09:21: Train Epoch 22: 120/167 Loss: 25.413956
2021-10-27 09:21: Train Epoch 22: 140/167 Loss: 24.642893
2021-10-27 09:21: Train Epoch 22: 160/167 Loss: 25.155079
2021-10-27 09:21: **********Train Epoch 22: averaged Loss: 25.225285, tf_ratio: 1.000000
2021-10-27 09:21: **********Val Epoch 22: average Loss: 25.720552
2021-10-27 09:21: *********************************Current best model saved!
2021-10-27 09:21: Train Epoch 23: 0/167 Loss: 26.014887
2021-10-27 09:21: Train Epoch 23: 20/167 Loss: 25.017231
2021-10-27 09:21: Train Epoch 23: 40/167 Loss: 23.508753
2021-10-27 09:21: Train Epoch 23: 60/167 Loss: 25.366217
2021-10-27 09:21: Train Epoch 23: 80/167 Loss: 24.154093
2021-10-27 09:21: Train Epoch 23: 100/167 Loss: 27.445253
2021-10-27 09:21: Train Epoch 23: 120/167 Loss: 21.725094
2021-10-27 09:21: Train Epoch 23: 140/167 Loss: 24.230509
2021-10-27 09:21: Train Epoch 23: 160/167 Loss: 24.289175
2021-10-27 09:21: **********Train Epoch 23: averaged Loss: 24.023860, tf_ratio: 1.000000
2021-10-27 09:21: **********Val Epoch 23: average Loss: 24.419098
2021-10-27 09:21: *********************************Current best model saved!
2021-10-27 09:21: Train Epoch 24: 0/167 Loss: 20.899902
2021-10-27 09:21: Train Epoch 24: 20/167 Loss: 22.038839
2021-10-27 09:21: Train Epoch 24: 40/167 Loss: 22.989222
2021-10-27 09:22: Train Epoch 24: 60/167 Loss: 22.908461
2021-10-27 09:22: Train Epoch 24: 80/167 Loss: 25.163074
2021-10-27 09:22: Train Epoch 24: 100/167 Loss: 24.247194
2021-10-27 09:22: Train Epoch 24: 120/167 Loss: 22.176012
2021-10-27 09:22: Train Epoch 24: 140/167 Loss: 20.950289
2021-10-27 09:22: Train Epoch 24: 160/167 Loss: 22.683828
2021-10-27 09:22: **********Train Epoch 24: averaged Loss: 22.988632, tf_ratio: 1.000000
2021-10-27 09:22: **********Val Epoch 24: average Loss: 23.462583
2021-10-27 09:22: *********************************Current best model saved!
2021-10-27 09:22: Train Epoch 25: 0/167 Loss: 21.875420
2021-10-27 09:22: Train Epoch 25: 20/167 Loss: 23.053337
2021-10-27 09:22: Train Epoch 25: 40/167 Loss: 22.762024
2021-10-27 09:22: Train Epoch 25: 60/167 Loss: 22.690884
2021-10-27 09:22: Train Epoch 25: 80/167 Loss: 19.408709
2021-10-27 09:22: Train Epoch 25: 100/167 Loss: 23.494690
2021-10-27 09:22: Train Epoch 25: 120/167 Loss: 22.554390
2021-10-27 09:22: Train Epoch 25: 140/167 Loss: 22.154558
2021-10-27 09:22: Train Epoch 25: 160/167 Loss: 21.728237
2021-10-27 09:22: **********Train Epoch 25: averaged Loss: 22.239713, tf_ratio: 1.000000
2021-10-27 09:23: **********Val Epoch 25: average Loss: 22.776403
2021-10-27 09:23: *********************************Current best model saved!
2021-10-27 09:23: Train Epoch 26: 0/167 Loss: 23.215218
2021-10-27 09:23: Train Epoch 26: 20/167 Loss: 21.900181
2021-10-27 09:23: Train Epoch 26: 40/167 Loss: 18.866581
2021-10-27 09:23: Train Epoch 26: 60/167 Loss: 22.535955
2021-10-27 09:23: Train Epoch 26: 80/167 Loss: 21.527027
2021-10-27 09:23: Train Epoch 26: 100/167 Loss: 20.817169
2021-10-27 09:23: Train Epoch 26: 120/167 Loss: 20.502710
2021-10-27 09:23: Train Epoch 26: 140/167 Loss: 21.129175
2021-10-27 09:23: Train Epoch 26: 160/167 Loss: 21.151438
2021-10-27 09:23: **********Train Epoch 26: averaged Loss: 21.500967, tf_ratio: 1.000000
2021-10-27 09:23: **********Val Epoch 26: average Loss: 21.981896
2021-10-27 09:23: *********************************Current best model saved!
2021-10-27 09:23: Train Epoch 27: 0/167 Loss: 24.464781
2021-10-27 09:23: Train Epoch 27: 20/167 Loss: 22.109230
2021-10-27 09:23: Train Epoch 27: 40/167 Loss: 19.136189
2021-10-27 09:23: Train Epoch 27: 60/167 Loss: 21.749653
2021-10-27 09:23: Train Epoch 27: 80/167 Loss: 21.712889
2021-10-27 09:23: Train Epoch 27: 100/167 Loss: 20.022953
2021-10-27 09:24: Train Epoch 27: 120/167 Loss: 22.114155
2021-10-27 09:24: Train Epoch 27: 140/167 Loss: 19.060942
2021-10-27 09:24: Train Epoch 27: 160/167 Loss: 18.701365
2021-10-27 09:24: **********Train Epoch 27: averaged Loss: 20.901015, tf_ratio: 1.000000
2021-10-27 09:24: **********Val Epoch 27: average Loss: 21.382639
2021-10-27 09:24: *********************************Current best model saved!
2021-10-27 09:24: Train Epoch 28: 0/167 Loss: 20.835957
2021-10-27 09:24: Train Epoch 28: 20/167 Loss: 21.451208
2021-10-27 09:24: Train Epoch 28: 40/167 Loss: 19.553299
2021-10-27 09:24: Train Epoch 28: 60/167 Loss: 18.898510
2021-10-27 09:24: Train Epoch 28: 80/167 Loss: 21.395790
2021-10-27 09:24: Train Epoch 28: 100/167 Loss: 19.733150
2021-10-27 09:24: Train Epoch 28: 120/167 Loss: 21.277420
2021-10-27 09:24: Train Epoch 28: 140/167 Loss: 21.116179
2021-10-27 09:24: Train Epoch 28: 160/167 Loss: 19.753168
2021-10-27 09:24: **********Train Epoch 28: averaged Loss: 20.445409, tf_ratio: 1.000000
2021-10-27 09:24: **********Val Epoch 28: average Loss: 21.083921
2021-10-27 09:24: *********************************Current best model saved!
2021-10-27 09:24: Train Epoch 29: 0/167 Loss: 21.158381
2021-10-27 09:24: Train Epoch 29: 20/167 Loss: 19.998665
2021-10-27 09:24: Train Epoch 29: 40/167 Loss: 20.362459
2021-10-27 09:25: Train Epoch 29: 60/167 Loss: 19.955627
2021-10-27 09:25: Train Epoch 29: 80/167 Loss: 20.643467
2021-10-27 09:25: Train Epoch 29: 100/167 Loss: 19.542801
2021-10-27 09:25: Train Epoch 29: 120/167 Loss: 18.428038
2021-10-27 09:25: Train Epoch 29: 140/167 Loss: 18.693827
2021-10-27 09:25: Train Epoch 29: 160/167 Loss: 19.575989
2021-10-27 09:25: **********Train Epoch 29: averaged Loss: 20.072630, tf_ratio: 1.000000
2021-10-27 09:25: **********Val Epoch 29: average Loss: 20.619380
2021-10-27 09:25: *********************************Current best model saved!
2021-10-27 09:25: Train Epoch 30: 0/167 Loss: 19.433805
2021-10-27 09:25: Train Epoch 30: 20/167 Loss: 19.799162
2021-10-27 09:25: Train Epoch 30: 40/167 Loss: 18.630465
2021-10-27 09:25: Train Epoch 30: 60/167 Loss: 18.784943
2021-10-27 09:25: Train Epoch 30: 80/167 Loss: 20.514742
2021-10-27 09:25: Train Epoch 30: 100/167 Loss: 20.914509
2021-10-27 09:25: Train Epoch 30: 120/167 Loss: 20.442396
2021-10-27 09:25: Train Epoch 30: 140/167 Loss: 20.462065
2021-10-27 09:25: Train Epoch 30: 160/167 Loss: 17.734037
2021-10-27 09:26: **********Train Epoch 30: averaged Loss: 19.731789, tf_ratio: 1.000000
2021-10-27 09:26: **********Val Epoch 30: average Loss: 20.273959
2021-10-27 09:26: *********************************Current best model saved!
2021-10-27 09:26: Train Epoch 31: 0/167 Loss: 18.726425
2021-10-27 09:26: Train Epoch 31: 20/167 Loss: 19.095901
2021-10-27 09:26: Train Epoch 31: 40/167 Loss: 18.956795
2021-10-27 09:26: Train Epoch 31: 60/167 Loss: 19.117859
2021-10-27 09:26: Train Epoch 31: 80/167 Loss: 18.504932
2021-10-27 09:26: Train Epoch 31: 100/167 Loss: 20.458979
2021-10-27 09:26: Train Epoch 31: 120/167 Loss: 19.838215
2021-10-27 09:26: Train Epoch 31: 140/167 Loss: 19.792850
2021-10-27 09:26: Train Epoch 31: 160/167 Loss: 20.296661
2021-10-27 09:26: **********Train Epoch 31: averaged Loss: 19.440602, tf_ratio: 1.000000
2021-10-27 09:26: **********Val Epoch 31: average Loss: 20.284045
2021-10-27 09:26: Train Epoch 32: 0/167 Loss: 19.586338
2021-10-27 09:26: Train Epoch 32: 20/167 Loss: 19.231749
2021-10-27 09:26: Train Epoch 32: 40/167 Loss: 19.949385
2021-10-27 09:26: Train Epoch 32: 60/167 Loss: 18.406820
2021-10-27 09:26: Train Epoch 32: 80/167 Loss: 18.526781
2021-10-27 09:27: Train Epoch 32: 100/167 Loss: 20.504847
2021-10-27 09:27: Train Epoch 32: 120/167 Loss: 17.890919
2021-10-27 09:27: Train Epoch 32: 140/167 Loss: 18.852381
2021-10-27 09:27: Train Epoch 32: 160/167 Loss: 20.660658
2021-10-27 09:27: **********Train Epoch 32: averaged Loss: 19.191083, tf_ratio: 1.000000
2021-10-27 09:27: **********Val Epoch 32: average Loss: 19.794289
2021-10-27 09:27: *********************************Current best model saved!
2021-10-27 09:27: Train Epoch 33: 0/167 Loss: 18.284763
2021-10-27 09:27: Train Epoch 33: 20/167 Loss: 18.891487
2021-10-27 09:27: Train Epoch 33: 40/167 Loss: 19.926338
2021-10-27 09:27: Train Epoch 33: 60/167 Loss: 19.987125
2021-10-27 09:27: Train Epoch 33: 80/167 Loss: 17.290802
2021-10-27 09:27: Train Epoch 33: 100/167 Loss: 18.354837
2021-10-27 09:27: Train Epoch 33: 120/167 Loss: 17.573101
2021-10-27 09:27: Train Epoch 33: 140/167 Loss: 18.101767
2021-10-27 09:27: Train Epoch 33: 160/167 Loss: 17.439487
2021-10-27 09:27: **********Train Epoch 33: averaged Loss: 18.989138, tf_ratio: 1.000000
2021-10-27 09:27: **********Val Epoch 33: average Loss: 20.222614
2021-10-27 09:27: Train Epoch 34: 0/167 Loss: 19.943468
2021-10-27 09:27: Train Epoch 34: 20/167 Loss: 19.907549
2021-10-27 09:28: Train Epoch 34: 40/167 Loss: 18.229595
2021-10-27 09:28: Train Epoch 34: 60/167 Loss: 19.647657
2021-10-27 09:28: Train Epoch 34: 80/167 Loss: 19.423014
2021-10-27 09:28: Train Epoch 34: 100/167 Loss: 19.272293
2021-10-27 09:28: Train Epoch 34: 120/167 Loss: 18.248327
2021-10-27 09:28: Train Epoch 34: 140/167 Loss: 18.016308
2021-10-27 09:28: Train Epoch 34: 160/167 Loss: 19.050274
2021-10-27 09:28: **********Train Epoch 34: averaged Loss: 18.778886, tf_ratio: 1.000000
2021-10-27 09:28: **********Val Epoch 34: average Loss: 19.745313
2021-10-27 09:28: *********************************Current best model saved!
2021-10-27 09:28: Train Epoch 35: 0/167 Loss: 19.922155
2021-10-27 09:28: Train Epoch 35: 20/167 Loss: 18.529552
2021-10-27 09:28: Train Epoch 35: 40/167 Loss: 19.151882
2021-10-27 09:28: Train Epoch 35: 60/167 Loss: 19.048550
2021-10-27 09:28: Train Epoch 35: 80/167 Loss: 18.222200
2021-10-27 09:28: Train Epoch 35: 100/167 Loss: 17.850695
2021-10-27 09:28: Train Epoch 35: 120/167 Loss: 18.258764
2021-10-27 09:28: Train Epoch 35: 140/167 Loss: 18.239941
2021-10-27 09:29: Train Epoch 35: 160/167 Loss: 18.568871
2021-10-27 09:29: **********Train Epoch 35: averaged Loss: 18.600672, tf_ratio: 1.000000
2021-10-27 09:29: **********Val Epoch 35: average Loss: 19.441611
2021-10-27 09:29: *********************************Current best model saved!
2021-10-27 09:29: Train Epoch 36: 0/167 Loss: 16.254181
2021-10-27 09:29: Train Epoch 36: 20/167 Loss: 18.328894
2021-10-27 09:29: Train Epoch 36: 40/167 Loss: 19.831148
2021-10-27 09:29: Train Epoch 36: 60/167 Loss: 19.888262
2021-10-27 09:29: Train Epoch 36: 80/167 Loss: 18.438416
2021-10-27 09:29: Train Epoch 36: 100/167 Loss: 18.779945
2021-10-27 09:29: Train Epoch 36: 120/167 Loss: 18.850964
2021-10-27 09:29: Train Epoch 36: 140/167 Loss: 17.433109
2021-10-27 09:29: Train Epoch 36: 160/167 Loss: 18.376047
2021-10-27 09:29: **********Train Epoch 36: averaged Loss: 18.513465, tf_ratio: 1.000000
2021-10-27 09:29: **********Val Epoch 36: average Loss: 19.517140
2021-10-27 09:29: Train Epoch 37: 0/167 Loss: 17.357481
2021-10-27 09:29: Train Epoch 37: 20/167 Loss: 17.295156
2021-10-27 09:29: Train Epoch 37: 40/167 Loss: 19.139896
2021-10-27 09:29: Train Epoch 37: 60/167 Loss: 19.022985
2021-10-27 09:29: Train Epoch 37: 80/167 Loss: 17.650242
2021-10-27 09:30: Train Epoch 37: 100/167 Loss: 18.176426
2021-10-27 09:30: Train Epoch 37: 120/167 Loss: 17.810347
2021-10-27 09:30: Train Epoch 37: 140/167 Loss: 17.000200
2021-10-27 09:30: Train Epoch 37: 160/167 Loss: 18.141167
2021-10-27 09:30: **********Train Epoch 37: averaged Loss: 18.373042, tf_ratio: 1.000000
2021-10-27 09:30: **********Val Epoch 37: average Loss: 19.237263
2021-10-27 09:30: *********************************Current best model saved!
2021-10-27 09:30: Train Epoch 38: 0/167 Loss: 17.513187
2021-10-27 09:30: Train Epoch 38: 20/167 Loss: 18.442652
2021-10-27 09:30: Train Epoch 38: 40/167 Loss: 17.626993
2021-10-27 09:30: Train Epoch 38: 60/167 Loss: 18.855183
2021-10-27 09:30: Train Epoch 38: 80/167 Loss: 17.536486
2021-10-27 09:30: Train Epoch 38: 100/167 Loss: 17.815933
2021-10-27 09:30: Train Epoch 38: 120/167 Loss: 19.287189
2021-10-27 09:30: Train Epoch 38: 140/167 Loss: 17.906191
2021-10-27 09:30: Train Epoch 38: 160/167 Loss: 18.136518
2021-10-27 09:30: **********Train Epoch 38: averaged Loss: 18.226135, tf_ratio: 1.000000
2021-10-27 09:30: **********Val Epoch 38: average Loss: 19.371532
2021-10-27 09:30: Train Epoch 39: 0/167 Loss: 17.248201
2021-10-27 09:30: Train Epoch 39: 20/167 Loss: 18.138960
2021-10-27 09:31: Train Epoch 39: 40/167 Loss: 17.655840
2021-10-27 09:31: Train Epoch 39: 60/167 Loss: 17.493433
2021-10-27 09:31: Train Epoch 39: 80/167 Loss: 18.286140
2021-10-27 09:31: Train Epoch 39: 100/167 Loss: 18.185970
2021-10-27 09:31: Train Epoch 39: 120/167 Loss: 17.249075
2021-10-27 09:31: Train Epoch 39: 140/167 Loss: 18.855019
2021-10-27 09:31: Train Epoch 39: 160/167 Loss: 18.447994
2021-10-27 09:31: **********Train Epoch 39: averaged Loss: 18.095803, tf_ratio: 1.000000
2021-10-27 09:31: **********Val Epoch 39: average Loss: 19.093993
2021-10-27 09:31: *********************************Current best model saved!
2021-10-27 09:31: Train Epoch 40: 0/167 Loss: 18.738413
2021-10-27 09:31: Train Epoch 40: 20/167 Loss: 18.246008
2021-10-27 09:31: Train Epoch 40: 40/167 Loss: 18.161242
2021-10-27 09:31: Train Epoch 40: 60/167 Loss: 18.800009
2021-10-27 09:31: Train Epoch 40: 80/167 Loss: 16.485977
2021-10-27 09:31: Train Epoch 40: 100/167 Loss: 17.875982
2021-10-27 09:31: Train Epoch 40: 120/167 Loss: 17.721634
2021-10-27 09:31: Train Epoch 40: 140/167 Loss: 17.244699
2021-10-27 09:32: Train Epoch 40: 160/167 Loss: 18.013014
2021-10-27 09:32: **********Train Epoch 40: averaged Loss: 18.064473, tf_ratio: 1.000000
2021-10-27 09:32: **********Val Epoch 40: average Loss: 18.865212
2021-10-27 09:32: *********************************Current best model saved!
2021-10-27 09:32: Train Epoch 41: 0/167 Loss: 17.375507
2021-10-27 09:32: Train Epoch 41: 20/167 Loss: 17.325996
2021-10-27 09:32: Train Epoch 41: 40/167 Loss: 18.303862
2021-10-27 09:32: Train Epoch 41: 60/167 Loss: 17.539791
2021-10-27 09:32: Train Epoch 41: 80/167 Loss: 16.632496
2021-10-27 09:32: Train Epoch 41: 100/167 Loss: 18.125935
2021-10-27 09:32: Train Epoch 41: 120/167 Loss: 18.321737
2021-10-27 09:32: Train Epoch 41: 140/167 Loss: 17.551781
2021-10-27 09:32: Train Epoch 41: 160/167 Loss: 17.233482
2021-10-27 09:32: **********Train Epoch 41: averaged Loss: 17.924537, tf_ratio: 1.000000
2021-10-27 09:32: **********Val Epoch 41: average Loss: 18.720367
2021-10-27 09:32: *********************************Current best model saved!
2021-10-27 09:32: Train Epoch 42: 0/167 Loss: 18.319225
2021-10-27 09:32: Train Epoch 42: 20/167 Loss: 16.972578
2021-10-27 09:32: Train Epoch 42: 40/167 Loss: 16.873802
2021-10-27 09:32: Train Epoch 42: 60/167 Loss: 17.994202
2021-10-27 09:33: Train Epoch 42: 80/167 Loss: 17.835093
2021-10-27 09:33: Train Epoch 42: 100/167 Loss: 17.493105
2021-10-27 09:33: Train Epoch 42: 120/167 Loss: 16.964815
2021-10-27 09:33: Train Epoch 42: 140/167 Loss: 16.419575
2021-10-27 09:33: Train Epoch 42: 160/167 Loss: 17.820030
2021-10-27 09:33: **********Train Epoch 42: averaged Loss: 17.819451, tf_ratio: 1.000000
2021-10-27 09:33: **********Val Epoch 42: average Loss: 18.637778
2021-10-27 09:33: *********************************Current best model saved!
2021-10-27 09:33: Train Epoch 43: 0/167 Loss: 17.669147
2021-10-27 09:33: Train Epoch 43: 20/167 Loss: 18.238773
2021-10-27 09:33: Train Epoch 43: 40/167 Loss: 17.743422
2021-10-27 09:33: Train Epoch 43: 60/167 Loss: 18.660093
2021-10-27 09:33: Train Epoch 43: 80/167 Loss: 18.116695
2021-10-27 09:33: Train Epoch 43: 100/167 Loss: 18.584188
2021-10-27 09:33: Train Epoch 43: 120/167 Loss: 18.569281
2021-10-27 09:33: Train Epoch 43: 140/167 Loss: 19.225763
2021-10-27 09:33: Train Epoch 43: 160/167 Loss: 17.540688
2021-10-27 09:33: **********Train Epoch 43: averaged Loss: 17.734951, tf_ratio: 1.000000
2021-10-27 09:33: **********Val Epoch 43: average Loss: 18.825551
2021-10-27 09:33: Train Epoch 44: 0/167 Loss: 17.445383
2021-10-27 09:34: Train Epoch 44: 20/167 Loss: 18.226225
2021-10-27 09:34: Train Epoch 44: 40/167 Loss: 18.102604
2021-10-27 09:34: Train Epoch 44: 60/167 Loss: 17.713169
2021-10-27 09:34: Train Epoch 44: 80/167 Loss: 18.335268
2021-10-27 09:34: Train Epoch 44: 100/167 Loss: 17.610636
2021-10-27 09:34: Train Epoch 44: 120/167 Loss: 17.632696
2021-10-27 09:34: Train Epoch 44: 140/167 Loss: 18.170149
2021-10-27 09:34: Train Epoch 44: 160/167 Loss: 16.947409
2021-10-27 09:34: **********Train Epoch 44: averaged Loss: 17.672035, tf_ratio: 1.000000
2021-10-27 09:34: **********Val Epoch 44: average Loss: 18.983460
2021-10-27 09:34: Train Epoch 45: 0/167 Loss: 18.778049
2021-10-27 09:34: Train Epoch 45: 20/167 Loss: 17.209393
2021-10-27 09:34: Train Epoch 45: 40/167 Loss: 17.943001
2021-10-27 09:34: Train Epoch 45: 60/167 Loss: 18.365089
2021-10-27 09:34: Train Epoch 45: 80/167 Loss: 17.802643
2021-10-27 09:34: Train Epoch 45: 100/167 Loss: 17.849915
2021-10-27 09:34: Train Epoch 45: 120/167 Loss: 17.425838
2021-10-27 09:35: Train Epoch 45: 140/167 Loss: 18.444113
2021-10-27 09:35: Train Epoch 45: 160/167 Loss: 17.411392
2021-10-27 09:35: **********Train Epoch 45: averaged Loss: 17.631120, tf_ratio: 1.000000
2021-10-27 09:35: **********Val Epoch 45: average Loss: 18.761461
2021-10-27 09:35: Train Epoch 46: 0/167 Loss: 17.026449
2021-10-27 09:35: Train Epoch 46: 20/167 Loss: 18.159008
2021-10-27 09:35: Train Epoch 46: 40/167 Loss: 18.256155
2021-10-27 09:35: Train Epoch 46: 60/167 Loss: 17.836658
2021-10-27 09:35: Train Epoch 46: 80/167 Loss: 18.407217
2021-10-27 09:35: Train Epoch 46: 100/167 Loss: 16.983995
2021-10-27 09:35: Train Epoch 46: 120/167 Loss: 18.236874
2021-10-27 09:35: Train Epoch 46: 140/167 Loss: 17.380873
2021-10-27 09:35: Train Epoch 46: 160/167 Loss: 18.108440
2021-10-27 09:35: **********Train Epoch 46: averaged Loss: 17.523334, tf_ratio: 1.000000
2021-10-27 09:35: **********Val Epoch 46: average Loss: 18.543186
2021-10-27 09:35: *********************************Current best model saved!
2021-10-27 09:35: Train Epoch 47: 0/167 Loss: 17.629665
2021-10-27 09:35: Train Epoch 47: 20/167 Loss: 17.919327
2021-10-27 09:35: Train Epoch 47: 40/167 Loss: 16.922102
2021-10-27 09:35: Train Epoch 47: 60/167 Loss: 16.929930
2021-10-27 09:36: Train Epoch 47: 80/167 Loss: 18.729448
2021-10-27 09:36: Train Epoch 47: 100/167 Loss: 18.005148
2021-10-27 09:36: Train Epoch 47: 120/167 Loss: 18.030138
2021-10-27 09:36: Train Epoch 47: 140/167 Loss: 18.022251
2021-10-27 09:36: Train Epoch 47: 160/167 Loss: 17.593039
2021-10-27 09:36: **********Train Epoch 47: averaged Loss: 17.476228, tf_ratio: 1.000000
2021-10-27 09:36: **********Val Epoch 47: average Loss: 18.416896
2021-10-27 09:36: *********************************Current best model saved!
2021-10-27 09:36: Train Epoch 48: 0/167 Loss: 17.780891
2021-10-27 09:36: Train Epoch 48: 20/167 Loss: 16.708849
2021-10-27 09:36: Train Epoch 48: 40/167 Loss: 17.298710
2021-10-27 09:36: Train Epoch 48: 60/167 Loss: 16.859930
2021-10-27 09:36: Train Epoch 48: 80/167 Loss: 18.138891
2021-10-27 09:36: Train Epoch 48: 100/167 Loss: 17.266117
2021-10-27 09:36: Train Epoch 48: 120/167 Loss: 17.648691
2021-10-27 09:36: Train Epoch 48: 140/167 Loss: 18.074469
2021-10-27 09:36: Train Epoch 48: 160/167 Loss: 16.148951
2021-10-27 09:36: **********Train Epoch 48: averaged Loss: 17.436462, tf_ratio: 1.000000
2021-10-27 09:36: **********Val Epoch 48: average Loss: 18.767966
2021-10-27 09:36: Train Epoch 49: 0/167 Loss: 17.503065
2021-10-27 09:37: Train Epoch 49: 20/167 Loss: 16.886843
2021-10-27 09:37: Train Epoch 49: 40/167 Loss: 15.799003
2021-10-27 09:37: Train Epoch 49: 60/167 Loss: 18.134085
2021-10-27 09:37: Train Epoch 49: 80/167 Loss: 17.215288
2021-10-27 09:37: Train Epoch 49: 100/167 Loss: 17.207916
2021-10-27 09:37: Train Epoch 49: 120/167 Loss: 17.798477
2021-10-27 09:37: Train Epoch 49: 140/167 Loss: 17.797297
2021-10-27 09:37: Train Epoch 49: 160/167 Loss: 17.440756
2021-10-27 09:37: **********Train Epoch 49: averaged Loss: 17.396828, tf_ratio: 1.000000
2021-10-27 09:37: **********Val Epoch 49: average Loss: 18.173395
2021-10-27 09:37: *********************************Current best model saved!
2021-10-27 09:37: Train Epoch 50: 0/167 Loss: 17.104443
2021-10-27 09:37: Train Epoch 50: 20/167 Loss: 16.648422
2021-10-27 09:37: Train Epoch 50: 40/167 Loss: 18.193241
2021-10-27 09:37: Train Epoch 50: 60/167 Loss: 17.360077
2021-10-27 09:37: Train Epoch 50: 80/167 Loss: 17.925756
2021-10-27 09:37: Train Epoch 50: 100/167 Loss: 18.500673
2021-10-27 09:37: Train Epoch 50: 120/167 Loss: 16.798382
2021-10-27 09:38: Train Epoch 50: 140/167 Loss: 17.253342
2021-10-27 09:38: Train Epoch 50: 160/167 Loss: 16.654768
2021-10-27 09:38: **********Train Epoch 50: averaged Loss: 17.326598, tf_ratio: 1.000000
2021-10-27 09:38: **********Val Epoch 50: average Loss: 18.459626
2021-10-27 09:38: Train Epoch 51: 0/167 Loss: 16.378422
2021-10-27 09:38: Train Epoch 51: 20/167 Loss: 17.329819
2021-10-27 09:38: Train Epoch 51: 40/167 Loss: 16.985830
2021-10-27 09:38: Train Epoch 51: 60/167 Loss: 18.308290
2021-10-27 09:38: Train Epoch 51: 80/167 Loss: 18.474337
2021-10-27 09:38: Train Epoch 51: 100/167 Loss: 16.015242
2021-10-27 09:38: Train Epoch 51: 120/167 Loss: 18.243973
2021-10-27 09:38: Train Epoch 51: 140/167 Loss: 17.397099
2021-10-27 09:38: Train Epoch 51: 160/167 Loss: 17.299597
2021-10-27 09:38: **********Train Epoch 51: averaged Loss: 17.265537, tf_ratio: 1.000000
2021-10-27 09:38: **********Val Epoch 51: average Loss: 18.490824
2021-10-27 09:38: Train Epoch 52: 0/167 Loss: 17.790321
2021-10-27 09:38: Train Epoch 52: 20/167 Loss: 16.926212
2021-10-27 09:38: Train Epoch 52: 40/167 Loss: 18.458391
2021-10-27 09:38: Train Epoch 52: 60/167 Loss: 16.764246
2021-10-27 09:39: Train Epoch 52: 80/167 Loss: 16.926514
2021-10-27 09:39: Train Epoch 52: 100/167 Loss: 16.815607
2021-10-27 09:39: Train Epoch 52: 120/167 Loss: 17.157267
2021-10-27 09:39: Train Epoch 52: 140/167 Loss: 17.886702
2021-10-27 09:39: Train Epoch 52: 160/167 Loss: 16.645754
2021-10-27 09:39: **********Train Epoch 52: averaged Loss: 17.267797, tf_ratio: 1.000000
2021-10-27 09:39: **********Val Epoch 52: average Loss: 18.405686
2021-10-27 09:39: Train Epoch 53: 0/167 Loss: 17.054638
2021-10-27 09:39: Train Epoch 53: 20/167 Loss: 17.289021
2021-10-27 09:39: Train Epoch 53: 40/167 Loss: 17.771551
2021-10-27 09:39: Train Epoch 53: 60/167 Loss: 17.849817
2021-10-27 09:39: Train Epoch 53: 80/167 Loss: 18.018621
2021-10-27 09:39: Train Epoch 53: 100/167 Loss: 16.938776
2021-10-27 09:39: Train Epoch 53: 120/167 Loss: 17.832855
2021-10-27 09:39: Train Epoch 53: 140/167 Loss: 15.599321
2021-10-27 09:39: Train Epoch 53: 160/167 Loss: 17.467434
2021-10-27 09:39: **********Train Epoch 53: averaged Loss: 17.210112, tf_ratio: 1.000000
2021-10-27 09:40: **********Val Epoch 53: average Loss: 18.387599
2021-10-27 09:40: Train Epoch 54: 0/167 Loss: 16.379322
2021-10-27 09:40: Train Epoch 54: 20/167 Loss: 18.134441
2021-10-27 09:40: Train Epoch 54: 40/167 Loss: 17.657904
2021-10-27 09:40: Train Epoch 54: 60/167 Loss: 17.800776
2021-10-27 09:40: Train Epoch 54: 80/167 Loss: 17.446171
2021-10-27 09:40: Train Epoch 54: 100/167 Loss: 17.330631
2021-10-27 09:40: Train Epoch 54: 120/167 Loss: 16.693851
2021-10-27 09:40: Train Epoch 54: 140/167 Loss: 17.161398
2021-10-27 09:40: Train Epoch 54: 160/167 Loss: 16.597008
2021-10-27 09:40: **********Train Epoch 54: averaged Loss: 17.228130, tf_ratio: 1.000000
2021-10-27 09:40: **********Val Epoch 54: average Loss: 18.410997
2021-10-27 09:40: Train Epoch 55: 0/167 Loss: 17.028715
2021-10-27 09:40: Train Epoch 55: 20/167 Loss: 17.658667
2021-10-27 09:40: Train Epoch 55: 40/167 Loss: 18.164886
2021-10-27 09:40: Train Epoch 55: 60/167 Loss: 17.039057
2021-10-27 09:40: Train Epoch 55: 80/167 Loss: 16.746492
2021-10-27 09:40: Train Epoch 55: 100/167 Loss: 18.383642
2021-10-27 09:41: Train Epoch 55: 120/167 Loss: 17.596037
2021-10-27 09:41: Train Epoch 55: 140/167 Loss: 17.670765
2021-10-27 09:41: Train Epoch 55: 160/167 Loss: 17.542782
2021-10-27 09:41: **********Train Epoch 55: averaged Loss: 17.120256, tf_ratio: 1.000000
2021-10-27 09:41: **********Val Epoch 55: average Loss: 17.969723
2021-10-27 09:41: *********************************Current best model saved!
2021-10-27 09:41: Train Epoch 56: 0/167 Loss: 17.459679
2021-10-27 09:41: Train Epoch 56: 20/167 Loss: 17.895590
2021-10-27 09:41: Train Epoch 56: 40/167 Loss: 15.502262
2021-10-27 09:41: Train Epoch 56: 60/167 Loss: 16.359533
2021-10-27 09:41: Train Epoch 56: 80/167 Loss: 16.904797
2021-10-27 09:41: Train Epoch 56: 100/167 Loss: 18.026062
2021-10-27 09:41: Train Epoch 56: 120/167 Loss: 16.653498
2021-10-27 09:41: Train Epoch 56: 140/167 Loss: 16.100897
2021-10-27 09:41: Train Epoch 56: 160/167 Loss: 17.336567
2021-10-27 09:41: **********Train Epoch 56: averaged Loss: 17.066110, tf_ratio: 1.000000
2021-10-27 09:41: **********Val Epoch 56: average Loss: 18.102048
2021-10-27 09:41: Train Epoch 57: 0/167 Loss: 17.072687
2021-10-27 09:41: Train Epoch 57: 20/167 Loss: 17.053175
2021-10-27 09:41: Train Epoch 57: 40/167 Loss: 17.157187
2021-10-27 09:42: Train Epoch 57: 60/167 Loss: 16.122040
2021-10-27 09:42: Train Epoch 57: 80/167 Loss: 16.258270
2021-10-27 09:42: Train Epoch 57: 100/167 Loss: 17.418304
2021-10-27 09:42: Train Epoch 57: 120/167 Loss: 16.540886
2021-10-27 09:42: Train Epoch 57: 140/167 Loss: 18.592760
2021-10-27 09:42: Train Epoch 57: 160/167 Loss: 17.099691
2021-10-27 09:42: **********Train Epoch 57: averaged Loss: 17.089504, tf_ratio: 1.000000
2021-10-27 09:42: **********Val Epoch 57: average Loss: 18.001653
2021-10-27 09:42: Train Epoch 58: 0/167 Loss: 16.687389
2021-10-27 09:42: Train Epoch 58: 20/167 Loss: 16.777233
2021-10-27 09:42: Train Epoch 58: 40/167 Loss: 17.441813
2021-10-27 09:42: Train Epoch 58: 60/167 Loss: 17.166048
2021-10-27 09:42: Train Epoch 58: 80/167 Loss: 16.523550
2021-10-27 09:42: Train Epoch 58: 100/167 Loss: 18.471876
2021-10-27 09:42: Train Epoch 58: 120/167 Loss: 16.420931
2021-10-27 09:42: Train Epoch 58: 140/167 Loss: 15.774086
2021-10-27 09:42: Train Epoch 58: 160/167 Loss: 17.310406
2021-10-27 09:42: **********Train Epoch 58: averaged Loss: 17.014720, tf_ratio: 1.000000
2021-10-27 09:43: **********Val Epoch 58: average Loss: 17.882005
2021-10-27 09:43: *********************************Current best model saved!
2021-10-27 09:43: Train Epoch 59: 0/167 Loss: 16.587572
2021-10-27 09:43: Train Epoch 59: 20/167 Loss: 15.811178
2021-10-27 09:43: Train Epoch 59: 40/167 Loss: 16.893847
2021-10-27 09:43: Train Epoch 59: 60/167 Loss: 17.481848
2021-10-27 09:43: Train Epoch 59: 80/167 Loss: 15.817384
2021-10-27 09:43: Train Epoch 59: 100/167 Loss: 16.575861
2021-10-27 09:43: Train Epoch 59: 120/167 Loss: 17.191469
2021-10-27 09:43: Train Epoch 59: 140/167 Loss: 16.208216
2021-10-27 09:43: Train Epoch 59: 160/167 Loss: 16.469069
2021-10-27 09:43: **********Train Epoch 59: averaged Loss: 16.952186, tf_ratio: 1.000000
2021-10-27 09:43: **********Val Epoch 59: average Loss: 18.376090
2021-10-27 09:43: Train Epoch 60: 0/167 Loss: 17.187159
2021-10-27 09:43: Train Epoch 60: 20/167 Loss: 17.891994
2021-10-27 09:43: Train Epoch 60: 40/167 Loss: 16.076609
2021-10-27 09:43: Train Epoch 60: 60/167 Loss: 16.979658
2021-10-27 09:43: Train Epoch 60: 80/167 Loss: 16.945965
2021-10-27 09:43: Train Epoch 60: 100/167 Loss: 17.008841
2021-10-27 09:44: Train Epoch 60: 120/167 Loss: 17.422354
2021-10-27 09:44: Train Epoch 60: 140/167 Loss: 17.749063
2021-10-27 09:44: Train Epoch 60: 160/167 Loss: 17.890604
2021-10-27 09:44: **********Train Epoch 60: averaged Loss: 16.934280, tf_ratio: 1.000000
2021-10-27 09:44: **********Val Epoch 60: average Loss: 18.111485
2021-10-27 09:44: Train Epoch 61: 0/167 Loss: 15.816600
2021-10-27 09:44: Train Epoch 61: 20/167 Loss: 16.909643
2021-10-27 09:44: Train Epoch 61: 40/167 Loss: 16.195078
2021-10-27 09:44: Train Epoch 61: 60/167 Loss: 17.135536
2021-10-27 09:44: Train Epoch 61: 80/167 Loss: 18.044540
2021-10-27 09:44: Train Epoch 61: 100/167 Loss: 17.504498
2021-10-27 09:44: Train Epoch 61: 120/167 Loss: 16.389963
2021-10-27 09:44: Train Epoch 61: 140/167 Loss: 16.437939
2021-10-27 09:44: Train Epoch 61: 160/167 Loss: 16.548147
2021-10-27 09:44: **********Train Epoch 61: averaged Loss: 16.870675, tf_ratio: 1.000000
2021-10-27 09:44: **********Val Epoch 61: average Loss: 17.913417
2021-10-27 09:44: Train Epoch 62: 0/167 Loss: 16.718426
2021-10-27 09:44: Train Epoch 62: 20/167 Loss: 17.471531
2021-10-27 09:44: Train Epoch 62: 40/167 Loss: 17.393459
2021-10-27 09:45: Train Epoch 62: 60/167 Loss: 17.211662
2021-10-27 09:45: Train Epoch 62: 80/167 Loss: 16.889587
2021-10-27 09:45: Train Epoch 62: 100/167 Loss: 18.019466
2021-10-27 09:45: Train Epoch 62: 120/167 Loss: 16.889439
2021-10-27 09:45: Train Epoch 62: 140/167 Loss: 16.855141
2021-10-27 09:45: Train Epoch 62: 160/167 Loss: 16.507607
2021-10-27 09:45: **********Train Epoch 62: averaged Loss: 16.865961, tf_ratio: 1.000000
2021-10-27 09:45: **********Val Epoch 62: average Loss: 17.874278
2021-10-27 09:45: *********************************Current best model saved!
2021-10-27 09:45: Train Epoch 63: 0/167 Loss: 16.667273
2021-10-27 09:45: Train Epoch 63: 20/167 Loss: 17.647785
2021-10-27 09:45: Train Epoch 63: 40/167 Loss: 17.206251
2021-10-27 09:45: Train Epoch 63: 60/167 Loss: 17.165279
2021-10-27 09:45: Train Epoch 63: 80/167 Loss: 16.251368
2021-10-27 09:45: Train Epoch 63: 100/167 Loss: 16.430466
2021-10-27 09:45: Train Epoch 63: 120/167 Loss: 16.151052
2021-10-27 09:45: Train Epoch 63: 140/167 Loss: 16.787613
2021-10-27 09:46: Train Epoch 63: 160/167 Loss: 17.598766
2021-10-27 09:46: **********Train Epoch 63: averaged Loss: 16.838029, tf_ratio: 1.000000
2021-10-27 09:46: **********Val Epoch 63: average Loss: 18.184837
2021-10-27 09:46: Train Epoch 64: 0/167 Loss: 16.715311
2021-10-27 09:46: Train Epoch 64: 20/167 Loss: 17.328749
2021-10-27 09:46: Train Epoch 64: 40/167 Loss: 17.663389
2021-10-27 09:46: Train Epoch 64: 60/167 Loss: 16.066942
2021-10-27 09:46: Train Epoch 64: 80/167 Loss: 16.968992
2021-10-27 09:46: Train Epoch 64: 100/167 Loss: 16.822241
2021-10-27 09:46: Train Epoch 64: 120/167 Loss: 16.323444
2021-10-27 09:46: Train Epoch 64: 140/167 Loss: 16.207851
2021-10-27 09:46: Train Epoch 64: 160/167 Loss: 17.375158
2021-10-27 09:46: **********Train Epoch 64: averaged Loss: 16.831035, tf_ratio: 1.000000
2021-10-27 09:46: **********Val Epoch 64: average Loss: 17.848074
2021-10-27 09:46: *********************************Current best model saved!
2021-10-27 09:46: Train Epoch 65: 0/167 Loss: 17.866058
2021-10-27 09:46: Train Epoch 65: 20/167 Loss: 17.519157
2021-10-27 09:46: Train Epoch 65: 40/167 Loss: 16.300144
2021-10-27 09:46: Train Epoch 65: 60/167 Loss: 16.234264
2021-10-27 09:46: Train Epoch 65: 80/167 Loss: 15.486664
2021-10-27 09:47: Train Epoch 65: 100/167 Loss: 17.201357
2021-10-27 09:47: Train Epoch 65: 120/167 Loss: 16.525476
2021-10-27 09:47: Train Epoch 65: 140/167 Loss: 14.943704
2021-10-27 09:47: Train Epoch 65: 160/167 Loss: 16.758844
2021-10-27 09:47: **********Train Epoch 65: averaged Loss: 16.780966, tf_ratio: 1.000000
2021-10-27 09:47: **********Val Epoch 65: average Loss: 17.760912
2021-10-27 09:47: *********************************Current best model saved!
2021-10-27 09:47: Train Epoch 66: 0/167 Loss: 17.280041
2021-10-27 09:47: Train Epoch 66: 20/167 Loss: 17.460781
2021-10-27 09:47: Train Epoch 66: 40/167 Loss: 17.009169
2021-10-27 09:47: Train Epoch 66: 60/167 Loss: 16.133413
2021-10-27 09:47: Train Epoch 66: 80/167 Loss: 15.509594
2021-10-27 09:47: Train Epoch 66: 100/167 Loss: 16.818472
2021-10-27 09:47: Train Epoch 66: 120/167 Loss: 17.086121
2021-10-27 09:47: Train Epoch 66: 140/167 Loss: 16.855988
2021-10-27 09:47: Train Epoch 66: 160/167 Loss: 15.974143
2021-10-27 09:47: **********Train Epoch 66: averaged Loss: 16.743056, tf_ratio: 1.000000
2021-10-27 09:47: **********Val Epoch 66: average Loss: 18.130725
2021-10-27 09:47: Train Epoch 67: 0/167 Loss: 16.512953
2021-10-27 09:47: Train Epoch 67: 20/167 Loss: 15.948902
2021-10-27 09:48: Train Epoch 67: 40/167 Loss: 17.184071
2021-10-27 09:48: Train Epoch 67: 60/167 Loss: 16.827934
2021-10-27 09:48: Train Epoch 67: 80/167 Loss: 17.178171
2021-10-27 09:48: Train Epoch 67: 100/167 Loss: 16.540430
2021-10-27 09:48: Train Epoch 67: 120/167 Loss: 16.225824
2021-10-27 09:48: Train Epoch 67: 140/167 Loss: 17.591654
2021-10-27 09:48: Train Epoch 67: 160/167 Loss: 16.770111
2021-10-27 09:48: **********Train Epoch 67: averaged Loss: 16.681592, tf_ratio: 1.000000
2021-10-27 09:48: **********Val Epoch 67: average Loss: 17.863275
2021-10-27 09:48: Train Epoch 68: 0/167 Loss: 17.745735
2021-10-27 09:48: Train Epoch 68: 20/167 Loss: 15.581515
2021-10-27 09:48: Train Epoch 68: 40/167 Loss: 16.038210
2021-10-27 09:48: Train Epoch 68: 60/167 Loss: 15.933038
2021-10-27 09:48: Train Epoch 68: 80/167 Loss: 17.498680
2021-10-27 09:48: Train Epoch 68: 100/167 Loss: 17.385632
2021-10-27 09:48: Train Epoch 68: 120/167 Loss: 16.225939
2021-10-27 09:48: Train Epoch 68: 140/167 Loss: 15.379367
2021-10-27 09:49: Train Epoch 68: 160/167 Loss: 16.662786
2021-10-27 09:49: **********Train Epoch 68: averaged Loss: 16.687396, tf_ratio: 1.000000
2021-10-27 09:49: **********Val Epoch 68: average Loss: 17.886952
2021-10-27 09:49: Train Epoch 69: 0/167 Loss: 16.934668
2021-10-27 09:49: Train Epoch 69: 20/167 Loss: 16.262873
2021-10-27 09:49: Train Epoch 69: 40/167 Loss: 17.170399
2021-10-27 09:49: Train Epoch 69: 60/167 Loss: 16.540480
2021-10-27 09:49: Train Epoch 69: 80/167 Loss: 17.091143
2021-10-27 09:49: Train Epoch 69: 100/167 Loss: 16.530357
2021-10-27 09:49: Train Epoch 69: 120/167 Loss: 15.700739
2021-10-27 09:49: Train Epoch 69: 140/167 Loss: 16.402084
2021-10-27 09:49: Train Epoch 69: 160/167 Loss: 16.729692
2021-10-27 09:49: **********Train Epoch 69: averaged Loss: 16.614083, tf_ratio: 1.000000
2021-10-27 09:49: **********Val Epoch 69: average Loss: 17.995934
2021-10-27 09:49: Train Epoch 70: 0/167 Loss: 17.673140
2021-10-27 09:49: Train Epoch 70: 20/167 Loss: 16.219923
2021-10-27 09:49: Train Epoch 70: 40/167 Loss: 15.639598
2021-10-27 09:49: Train Epoch 70: 60/167 Loss: 16.930428
2021-10-27 09:49: Train Epoch 70: 80/167 Loss: 16.131769
2021-10-27 09:50: Train Epoch 70: 100/167 Loss: 15.439078
2021-10-27 09:50: Train Epoch 70: 120/167 Loss: 17.979801
2021-10-27 09:50: Train Epoch 70: 140/167 Loss: 16.623997
2021-10-27 09:50: Train Epoch 70: 160/167 Loss: 16.183441
2021-10-27 09:50: **********Train Epoch 70: averaged Loss: 16.614197, tf_ratio: 1.000000
2021-10-27 09:50: **********Val Epoch 70: average Loss: 17.683407
2021-10-27 09:50: *********************************Current best model saved!
2021-10-27 09:50: Train Epoch 71: 0/167 Loss: 17.467894
2021-10-27 09:50: Train Epoch 71: 20/167 Loss: 17.071255
2021-10-27 09:50: Train Epoch 71: 40/167 Loss: 15.991060
2021-10-27 09:50: Train Epoch 71: 60/167 Loss: 16.219948
2021-10-27 09:50: Train Epoch 71: 80/167 Loss: 16.993959
2021-10-27 09:50: Train Epoch 71: 100/167 Loss: 17.095970
2021-10-27 09:50: Train Epoch 71: 120/167 Loss: 16.811394
2021-10-27 09:50: Train Epoch 71: 140/167 Loss: 16.895063
2021-10-27 09:50: Train Epoch 71: 160/167 Loss: 16.462734
2021-10-27 09:50: **********Train Epoch 71: averaged Loss: 16.606473, tf_ratio: 1.000000
2021-10-27 09:50: **********Val Epoch 71: average Loss: 17.737792
2021-10-27 09:50: Train Epoch 72: 0/167 Loss: 16.715696
2021-10-27 09:51: Train Epoch 72: 20/167 Loss: 16.332113
2021-10-27 09:51: Train Epoch 72: 40/167 Loss: 16.330009
2021-10-27 09:51: Train Epoch 72: 60/167 Loss: 16.695440
2021-10-27 09:51: Train Epoch 72: 80/167 Loss: 16.506525
2021-10-27 09:51: Train Epoch 72: 100/167 Loss: 16.273941
2021-10-27 09:51: Train Epoch 72: 120/167 Loss: 16.822968
2021-10-27 09:51: Train Epoch 72: 140/167 Loss: 18.180140
2021-10-27 09:51: Train Epoch 72: 160/167 Loss: 16.076063
2021-10-27 09:51: **********Train Epoch 72: averaged Loss: 16.546018, tf_ratio: 1.000000
2021-10-27 09:51: **********Val Epoch 72: average Loss: 18.030142
2021-10-27 09:51: Train Epoch 73: 0/167 Loss: 15.956836
2021-10-27 09:51: Train Epoch 73: 20/167 Loss: 17.230547
2021-10-27 09:51: Train Epoch 73: 40/167 Loss: 16.445816
2021-10-27 09:51: Train Epoch 73: 60/167 Loss: 15.619802
2021-10-27 09:51: Train Epoch 73: 80/167 Loss: 17.377020
2021-10-27 09:51: Train Epoch 73: 100/167 Loss: 16.248156
2021-10-27 09:51: Train Epoch 73: 120/167 Loss: 17.200466
2021-10-27 09:52: Train Epoch 73: 140/167 Loss: 15.805429
2021-10-27 09:52: Train Epoch 73: 160/167 Loss: 16.356718
2021-10-27 09:52: **********Train Epoch 73: averaged Loss: 16.550705, tf_ratio: 1.000000
2021-10-27 09:52: **********Val Epoch 73: average Loss: 17.880435
2021-10-27 09:52: Train Epoch 74: 0/167 Loss: 16.024920
2021-10-27 09:52: Train Epoch 74: 20/167 Loss: 16.230204
2021-10-27 09:52: Train Epoch 74: 40/167 Loss: 17.365538
2021-10-27 09:52: Train Epoch 74: 60/167 Loss: 16.504618
2021-10-27 09:52: Train Epoch 74: 80/167 Loss: 15.607237
2021-10-27 09:52: Train Epoch 74: 100/167 Loss: 17.066427
2021-10-27 09:52: Train Epoch 74: 120/167 Loss: 17.178793
2021-10-27 09:52: Train Epoch 74: 140/167 Loss: 17.880714
2021-10-27 09:52: Train Epoch 74: 160/167 Loss: 16.492239
2021-10-27 09:52: **********Train Epoch 74: averaged Loss: 16.524261, tf_ratio: 1.000000
2021-10-27 09:52: **********Val Epoch 74: average Loss: 17.599867
2021-10-27 09:52: *********************************Current best model saved!
2021-10-27 09:52: Train Epoch 75: 0/167 Loss: 16.699707
2021-10-27 09:52: Train Epoch 75: 20/167 Loss: 16.176214
2021-10-27 09:52: Train Epoch 75: 40/167 Loss: 15.947522
2021-10-27 09:52: Train Epoch 75: 60/167 Loss: 17.220486
2021-10-27 09:53: Train Epoch 75: 80/167 Loss: 16.179970
2021-10-27 09:53: Train Epoch 75: 100/167 Loss: 16.438950
2021-10-27 09:53: Train Epoch 75: 120/167 Loss: 16.465879
2021-10-27 09:53: Train Epoch 75: 140/167 Loss: 16.131714
2021-10-27 09:53: Train Epoch 75: 160/167 Loss: 15.358806
2021-10-27 09:53: **********Train Epoch 75: averaged Loss: 16.468055, tf_ratio: 1.000000
2021-10-27 09:53: **********Val Epoch 75: average Loss: 17.608526
2021-10-27 09:53: Train Epoch 76: 0/167 Loss: 16.929466
2021-10-27 09:53: Train Epoch 76: 20/167 Loss: 17.586874
2021-10-27 09:53: Train Epoch 76: 40/167 Loss: 16.001947
2021-10-27 09:53: Train Epoch 76: 60/167 Loss: 15.035969
2021-10-27 09:53: Train Epoch 76: 80/167 Loss: 17.113804
2021-10-27 09:53: Train Epoch 76: 100/167 Loss: 17.556303
2021-10-27 09:53: Train Epoch 76: 120/167 Loss: 16.608627
2021-10-27 09:53: Train Epoch 76: 140/167 Loss: 16.842724
2021-10-27 09:53: Train Epoch 76: 160/167 Loss: 15.729752
2021-10-27 09:53: **********Train Epoch 76: averaged Loss: 16.452942, tf_ratio: 1.000000
2021-10-27 09:53: **********Val Epoch 76: average Loss: 17.645475
2021-10-27 09:53: Train Epoch 77: 0/167 Loss: 17.170885
2021-10-27 09:54: Train Epoch 77: 20/167 Loss: 16.485479
2021-10-27 09:54: Train Epoch 77: 40/167 Loss: 17.534576
2021-10-27 09:54: Train Epoch 77: 60/167 Loss: 16.885221
2021-10-27 09:54: Train Epoch 77: 80/167 Loss: 16.395603
2021-10-27 09:54: Train Epoch 77: 100/167 Loss: 16.331509
2021-10-27 09:54: Train Epoch 77: 120/167 Loss: 16.334047
2021-10-27 09:54: Train Epoch 77: 140/167 Loss: 15.849687
2021-10-27 09:54: Train Epoch 77: 160/167 Loss: 15.664243
2021-10-27 09:54: **********Train Epoch 77: averaged Loss: 16.416976, tf_ratio: 1.000000
2021-10-27 09:54: **********Val Epoch 77: average Loss: 17.605817
2021-10-27 09:54: Train Epoch 78: 0/167 Loss: 16.551184
2021-10-27 09:54: Train Epoch 78: 20/167 Loss: 16.571758
2021-10-27 09:54: Train Epoch 78: 40/167 Loss: 16.636631
2021-10-27 09:54: Train Epoch 78: 60/167 Loss: 16.236027
2021-10-27 09:54: Train Epoch 78: 80/167 Loss: 17.600828
2021-10-27 09:54: Train Epoch 78: 100/167 Loss: 16.550898
2021-10-27 09:54: Train Epoch 78: 120/167 Loss: 16.405394
2021-10-27 09:55: Train Epoch 78: 140/167 Loss: 16.174662
2021-10-27 09:55: Train Epoch 78: 160/167 Loss: 15.752289
2021-10-27 09:55: **********Train Epoch 78: averaged Loss: 16.396835, tf_ratio: 1.000000
2021-10-27 09:55: **********Val Epoch 78: average Loss: 17.668581
2021-10-27 09:55: Train Epoch 79: 0/167 Loss: 16.808950
2021-10-27 09:55: Train Epoch 79: 20/167 Loss: 16.119873
2021-10-27 09:55: Train Epoch 79: 40/167 Loss: 16.047565
2021-10-27 09:55: Train Epoch 79: 60/167 Loss: 15.330585
2021-10-27 09:55: Train Epoch 79: 80/167 Loss: 16.999022
2021-10-27 09:55: Train Epoch 79: 100/167 Loss: 16.967146
2021-10-27 09:55: Train Epoch 79: 120/167 Loss: 16.545389
2021-10-27 09:55: Train Epoch 79: 140/167 Loss: 16.312260
2021-10-27 09:55: Train Epoch 79: 160/167 Loss: 16.078531
2021-10-27 09:55: **********Train Epoch 79: averaged Loss: 16.356322, tf_ratio: 1.000000
2021-10-27 09:55: **********Val Epoch 79: average Loss: 17.737756
2021-10-27 09:55: Train Epoch 80: 0/167 Loss: 16.390701
2021-10-27 09:55: Train Epoch 80: 20/167 Loss: 16.098526
2021-10-27 09:55: Train Epoch 80: 40/167 Loss: 16.901026
2021-10-27 09:55: Train Epoch 80: 60/167 Loss: 17.274769
2021-10-27 09:56: Train Epoch 80: 80/167 Loss: 15.871077
2021-10-27 09:56: Train Epoch 80: 100/167 Loss: 16.893316
2021-10-27 09:56: Train Epoch 80: 120/167 Loss: 15.517725
2021-10-27 09:56: Train Epoch 80: 140/167 Loss: 15.336317
2021-10-27 09:56: Train Epoch 80: 160/167 Loss: 16.296864
2021-10-27 09:56: **********Train Epoch 80: averaged Loss: 16.363932, tf_ratio: 1.000000
2021-10-27 09:56: **********Val Epoch 80: average Loss: 17.668173
2021-10-27 09:56: Train Epoch 81: 0/167 Loss: 15.919735
2021-10-27 09:56: Train Epoch 81: 20/167 Loss: 15.955362
2021-10-27 09:56: Train Epoch 81: 40/167 Loss: 17.047949
2021-10-27 09:56: Train Epoch 81: 60/167 Loss: 15.814140
2021-10-27 09:56: Train Epoch 81: 80/167 Loss: 17.201542
2021-10-27 09:56: Train Epoch 81: 100/167 Loss: 16.598783
2021-10-27 09:56: Train Epoch 81: 120/167 Loss: 16.479246
2021-10-27 09:56: Train Epoch 81: 140/167 Loss: 17.021086
2021-10-27 09:56: Train Epoch 81: 160/167 Loss: 16.715601
2021-10-27 09:56: **********Train Epoch 81: averaged Loss: 16.334418, tf_ratio: 1.000000
2021-10-27 09:56: **********Val Epoch 81: average Loss: 17.624160
2021-10-27 09:56: Train Epoch 82: 0/167 Loss: 16.759251
2021-10-27 09:57: Train Epoch 82: 20/167 Loss: 16.202059
2021-10-27 09:57: Train Epoch 82: 40/167 Loss: 16.923435
2021-10-27 09:57: Train Epoch 82: 60/167 Loss: 15.985410
2021-10-27 09:57: Train Epoch 82: 80/167 Loss: 17.297285
2021-10-27 09:57: Train Epoch 82: 100/167 Loss: 14.869586
2021-10-27 09:57: Train Epoch 82: 120/167 Loss: 16.408764
2021-10-27 09:57: Train Epoch 82: 140/167 Loss: 17.505705
2021-10-27 09:57: Train Epoch 82: 160/167 Loss: 16.269497
2021-10-27 09:57: **********Train Epoch 82: averaged Loss: 16.284768, tf_ratio: 1.000000
2021-10-27 09:57: **********Val Epoch 82: average Loss: 17.651567
2021-10-27 09:57: Train Epoch 83: 0/167 Loss: 16.934727
2021-10-27 09:57: Train Epoch 83: 20/167 Loss: 15.811199
2021-10-27 09:57: Train Epoch 83: 40/167 Loss: 15.263920
2021-10-27 09:57: Train Epoch 83: 60/167 Loss: 17.462692
2021-10-27 09:57: Train Epoch 83: 80/167 Loss: 16.325335
2021-10-27 09:57: Train Epoch 83: 100/167 Loss: 16.189508
2021-10-27 09:58: Train Epoch 83: 120/167 Loss: 15.607823
2021-10-27 09:58: Train Epoch 83: 140/167 Loss: 16.333290
2021-10-27 09:58: Train Epoch 83: 160/167 Loss: 16.751770
2021-10-27 09:58: **********Train Epoch 83: averaged Loss: 16.261012, tf_ratio: 1.000000
2021-10-27 09:58: **********Val Epoch 83: average Loss: 17.692771
2021-10-27 09:58: Train Epoch 84: 0/167 Loss: 16.515440
2021-10-27 09:58: Train Epoch 84: 20/167 Loss: 15.509417
2021-10-27 09:58: Train Epoch 84: 40/167 Loss: 16.231030
2021-10-27 09:58: Train Epoch 84: 60/167 Loss: 16.540840
2021-10-27 09:58: Train Epoch 84: 80/167 Loss: 17.069008
2021-10-27 09:58: Train Epoch 84: 100/167 Loss: 16.179808
2021-10-27 09:58: Train Epoch 84: 120/167 Loss: 17.834234
2021-10-27 09:58: Train Epoch 84: 140/167 Loss: 16.846174
2021-10-27 09:58: Train Epoch 84: 160/167 Loss: 16.993628
2021-10-27 09:58: **********Train Epoch 84: averaged Loss: 16.290365, tf_ratio: 1.000000
2021-10-27 09:58: **********Val Epoch 84: average Loss: 17.542445
2021-10-27 09:58: *********************************Current best model saved!
2021-10-27 09:58: Train Epoch 85: 0/167 Loss: 17.212374
2021-10-27 09:58: Train Epoch 85: 20/167 Loss: 14.993990
2021-10-27 09:58: Train Epoch 85: 40/167 Loss: 16.718805
2021-10-27 09:59: Train Epoch 85: 60/167 Loss: 17.320749
2021-10-27 09:59: Train Epoch 85: 80/167 Loss: 17.372717
2021-10-27 09:59: Train Epoch 85: 100/167 Loss: 15.639986
2021-10-27 09:59: Train Epoch 85: 120/167 Loss: 14.793913
2021-10-27 09:59: Train Epoch 85: 140/167 Loss: 16.232025
2021-10-27 09:59: Train Epoch 85: 160/167 Loss: 14.617365
2021-10-27 09:59: **********Train Epoch 85: averaged Loss: 16.219674, tf_ratio: 1.000000
2021-10-27 09:59: **********Val Epoch 85: average Loss: 17.536602
2021-10-27 09:59: *********************************Current best model saved!
2021-10-27 09:59: Train Epoch 86: 0/167 Loss: 15.973214
2021-10-27 09:59: Train Epoch 86: 20/167 Loss: 15.213370
2021-10-27 09:59: Train Epoch 86: 40/167 Loss: 15.164253
2021-10-27 09:59: Train Epoch 86: 60/167 Loss: 16.602940
2021-10-27 09:59: Train Epoch 86: 80/167 Loss: 16.743820
2021-10-27 09:59: Train Epoch 86: 100/167 Loss: 17.044956
2021-10-27 09:59: Train Epoch 86: 120/167 Loss: 15.621702
2021-10-27 09:59: Train Epoch 86: 140/167 Loss: 16.602612
2021-10-27 09:59: Train Epoch 86: 160/167 Loss: 16.873215
2021-10-27 09:59: **********Train Epoch 86: averaged Loss: 16.211864, tf_ratio: 1.000000
2021-10-27 10:00: **********Val Epoch 86: average Loss: 17.772279
2021-10-27 10:00: Train Epoch 87: 0/167 Loss: 16.504274
2021-10-27 10:00: Train Epoch 87: 20/167 Loss: 16.189737
2021-10-27 10:00: Train Epoch 87: 40/167 Loss: 16.443789
2021-10-27 10:00: Train Epoch 87: 60/167 Loss: 16.525761
2021-10-27 10:00: Train Epoch 87: 80/167 Loss: 16.913364
2021-10-27 10:00: Train Epoch 87: 100/167 Loss: 16.672684
2021-10-27 10:00: Train Epoch 87: 120/167 Loss: 16.266809
2021-10-27 10:00: Train Epoch 87: 140/167 Loss: 15.793415
2021-10-27 10:00: Train Epoch 87: 160/167 Loss: 16.611509
2021-10-27 10:00: **********Train Epoch 87: averaged Loss: 16.214243, tf_ratio: 1.000000
2021-10-27 10:00: **********Val Epoch 87: average Loss: 17.448077
2021-10-27 10:00: *********************************Current best model saved!
2021-10-27 10:00: Train Epoch 88: 0/167 Loss: 16.661110
2021-10-27 10:00: Train Epoch 88: 20/167 Loss: 15.867498
2021-10-27 10:00: Train Epoch 88: 40/167 Loss: 16.465595
2021-10-27 10:00: Train Epoch 88: 60/167 Loss: 15.237435
2021-10-27 10:00: Train Epoch 88: 80/167 Loss: 16.990959
2021-10-27 10:00: Train Epoch 88: 100/167 Loss: 15.650909
2021-10-27 10:01: Train Epoch 88: 120/167 Loss: 16.493111
2021-10-27 10:01: Train Epoch 88: 140/167 Loss: 16.917437
2021-10-27 10:01: Train Epoch 88: 160/167 Loss: 15.763776
2021-10-27 10:01: **********Train Epoch 88: averaged Loss: 16.152768, tf_ratio: 1.000000
2021-10-27 10:01: **********Val Epoch 88: average Loss: 17.478889
2021-10-27 10:01: Train Epoch 89: 0/167 Loss: 15.872781
2021-10-27 10:01: Train Epoch 89: 20/167 Loss: 15.956760
2021-10-27 10:01: Train Epoch 89: 40/167 Loss: 16.034061
2021-10-27 10:01: Train Epoch 89: 60/167 Loss: 15.832599
2021-10-27 10:01: Train Epoch 89: 80/167 Loss: 16.187077
2021-10-27 10:01: Train Epoch 89: 100/167 Loss: 16.346996
2021-10-27 10:01: Train Epoch 89: 120/167 Loss: 15.840651
2021-10-27 10:01: Train Epoch 89: 140/167 Loss: 15.954122
2021-10-27 10:01: Train Epoch 89: 160/167 Loss: 16.809471
2021-10-27 10:01: **********Train Epoch 89: averaged Loss: 16.213637, tf_ratio: 1.000000
2021-10-27 10:01: **********Val Epoch 89: average Loss: 17.539029
2021-10-27 10:01: Train Epoch 90: 0/167 Loss: 15.748228
2021-10-27 10:01: Train Epoch 90: 20/167 Loss: 17.473635
2021-10-27 10:01: Train Epoch 90: 40/167 Loss: 16.178860
2021-10-27 10:02: Train Epoch 90: 60/167 Loss: 16.838335
2021-10-27 10:02: Train Epoch 90: 80/167 Loss: 14.715512
2021-10-27 10:02: Train Epoch 90: 100/167 Loss: 15.201330
2021-10-27 10:02: Train Epoch 90: 120/167 Loss: 15.990582
2021-10-27 10:02: Train Epoch 90: 140/167 Loss: 16.457901
2021-10-27 10:02: Train Epoch 90: 160/167 Loss: 17.017221
2021-10-27 10:02: **********Train Epoch 90: averaged Loss: 16.119730, tf_ratio: 1.000000
2021-10-27 10:02: **********Val Epoch 90: average Loss: 17.499193
2021-10-27 10:02: Train Epoch 91: 0/167 Loss: 16.154131
2021-10-27 10:02: Train Epoch 91: 20/167 Loss: 16.043581
2021-10-27 10:02: Train Epoch 91: 40/167 Loss: 15.739215
2021-10-27 10:02: Train Epoch 91: 60/167 Loss: 15.535531
2021-10-27 10:02: Train Epoch 91: 80/167 Loss: 16.138702
2021-10-27 10:02: Train Epoch 91: 100/167 Loss: 16.037689
2021-10-27 10:02: Train Epoch 91: 120/167 Loss: 16.310318
2021-10-27 10:02: Train Epoch 91: 140/167 Loss: 17.134600
2021-10-27 10:02: Train Epoch 91: 160/167 Loss: 15.797757
2021-10-27 10:03: **********Train Epoch 91: averaged Loss: 16.107768, tf_ratio: 1.000000
2021-10-27 10:03: **********Val Epoch 91: average Loss: 17.469640
2021-10-27 10:03: Train Epoch 92: 0/167 Loss: 16.770182
2021-10-27 10:03: Train Epoch 92: 20/167 Loss: 16.570818
2021-10-27 10:03: Train Epoch 92: 40/167 Loss: 15.773746
2021-10-27 10:03: Train Epoch 92: 60/167 Loss: 14.960108
2021-10-27 10:03: Train Epoch 92: 80/167 Loss: 15.434746
2021-10-27 10:03: Train Epoch 92: 100/167 Loss: 16.358925
2021-10-27 10:03: Train Epoch 92: 120/167 Loss: 15.141109
2021-10-27 10:03: Train Epoch 92: 140/167 Loss: 15.983755
2021-10-27 10:03: Train Epoch 92: 160/167 Loss: 16.206560
2021-10-27 10:03: **********Train Epoch 92: averaged Loss: 16.073067, tf_ratio: 1.000000
2021-10-27 10:03: **********Val Epoch 92: average Loss: 17.416771
2021-10-27 10:03: *********************************Current best model saved!
2021-10-27 10:03: Train Epoch 93: 0/167 Loss: 16.016420
2021-10-27 10:03: Train Epoch 93: 20/167 Loss: 15.649457
2021-10-27 10:03: Train Epoch 93: 40/167 Loss: 16.036657
2021-10-27 10:03: Train Epoch 93: 60/167 Loss: 16.335804
2021-10-27 10:03: Train Epoch 93: 80/167 Loss: 16.309549
2021-10-27 10:03: Train Epoch 93: 100/167 Loss: 15.743355
2021-10-27 10:04: Train Epoch 93: 120/167 Loss: 16.855543
2021-10-27 10:04: Train Epoch 93: 140/167 Loss: 16.754145
2021-10-27 10:04: Train Epoch 93: 160/167 Loss: 16.359465
2021-10-27 10:04: **********Train Epoch 93: averaged Loss: 16.066953, tf_ratio: 1.000000
2021-10-27 10:04: **********Val Epoch 93: average Loss: 17.547366
2021-10-27 10:04: Train Epoch 94: 0/167 Loss: 16.165529
2021-10-27 10:04: Train Epoch 94: 20/167 Loss: 14.716419
2021-10-27 10:04: Train Epoch 94: 40/167 Loss: 16.179625
2021-10-27 10:04: Train Epoch 94: 60/167 Loss: 16.454910
2021-10-27 10:04: Train Epoch 94: 80/167 Loss: 15.915515
2021-10-27 10:04: Train Epoch 94: 100/167 Loss: 16.723932
2021-10-27 10:04: Train Epoch 94: 120/167 Loss: 15.976706
2021-10-27 10:04: Train Epoch 94: 140/167 Loss: 14.871648
2021-10-27 10:04: Train Epoch 94: 160/167 Loss: 15.238382
2021-10-27 10:04: **********Train Epoch 94: averaged Loss: 16.038664, tf_ratio: 1.000000
2021-10-27 10:04: **********Val Epoch 94: average Loss: 17.450756
2021-10-27 10:04: Train Epoch 95: 0/167 Loss: 15.422464
2021-10-27 10:04: Train Epoch 95: 20/167 Loss: 16.215775
2021-10-27 10:05: Train Epoch 95: 40/167 Loss: 16.129324
2021-10-27 10:05: Train Epoch 95: 60/167 Loss: 15.697659
2021-10-27 10:05: Train Epoch 95: 80/167 Loss: 15.044478
2021-10-27 10:05: Train Epoch 95: 100/167 Loss: 16.112020
2021-10-27 10:05: Train Epoch 95: 120/167 Loss: 15.664911
2021-10-27 10:05: Train Epoch 95: 140/167 Loss: 16.775705
2021-10-27 10:05: Train Epoch 95: 160/167 Loss: 16.068876
2021-10-27 10:05: **********Train Epoch 95: averaged Loss: 16.042230, tf_ratio: 1.000000
2021-10-27 10:05: **********Val Epoch 95: average Loss: 17.653133
2021-10-27 10:05: Train Epoch 96: 0/167 Loss: 15.843321
2021-10-27 10:05: Train Epoch 96: 20/167 Loss: 15.810062
2021-10-27 10:05: Train Epoch 96: 40/167 Loss: 15.911852
2021-10-27 10:05: Train Epoch 96: 60/167 Loss: 15.987046
2021-10-27 10:05: Train Epoch 96: 80/167 Loss: 15.261472
2021-10-27 10:05: Train Epoch 96: 100/167 Loss: 16.623411
2021-10-27 10:05: Train Epoch 96: 120/167 Loss: 15.575152
2021-10-27 10:05: Train Epoch 96: 140/167 Loss: 16.286818
2021-10-27 10:06: Train Epoch 96: 160/167 Loss: 15.224507
2021-10-27 10:06: **********Train Epoch 96: averaged Loss: 16.037248, tf_ratio: 1.000000
2021-10-27 10:06: **********Val Epoch 96: average Loss: 17.357890
2021-10-27 10:06: *********************************Current best model saved!
2021-10-27 10:06: Train Epoch 97: 0/167 Loss: 15.520088
2021-10-27 10:06: Train Epoch 97: 20/167 Loss: 16.233316
2021-10-27 10:06: Train Epoch 97: 40/167 Loss: 16.403831
2021-10-27 10:06: Train Epoch 97: 60/167 Loss: 16.241722
2021-10-27 10:06: Train Epoch 97: 80/167 Loss: 15.082264
2021-10-27 10:06: Train Epoch 97: 100/167 Loss: 16.391859
2021-10-27 10:06: Train Epoch 97: 120/167 Loss: 15.237569
2021-10-27 10:06: Train Epoch 97: 140/167 Loss: 15.322883
2021-10-27 10:06: Train Epoch 97: 160/167 Loss: 15.566491
2021-10-27 10:06: **********Train Epoch 97: averaged Loss: 16.037346, tf_ratio: 1.000000
2021-10-27 10:06: **********Val Epoch 97: average Loss: 17.387806
2021-10-27 10:06: Train Epoch 98: 0/167 Loss: 16.599838
2021-10-27 10:06: Train Epoch 98: 20/167 Loss: 16.035509
2021-10-27 10:06: Train Epoch 98: 40/167 Loss: 16.229736
2021-10-27 10:06: Train Epoch 98: 60/167 Loss: 16.422579
2021-10-27 10:06: Train Epoch 98: 80/167 Loss: 15.947253
2021-10-27 10:07: Train Epoch 98: 100/167 Loss: 16.747221
2021-10-27 10:07: Train Epoch 98: 120/167 Loss: 15.290674
2021-10-27 10:07: Train Epoch 98: 140/167 Loss: 15.166745
2021-10-27 10:07: Train Epoch 98: 160/167 Loss: 16.239786
2021-10-27 10:07: **********Train Epoch 98: averaged Loss: 16.002509, tf_ratio: 1.000000
2021-10-27 10:07: **********Val Epoch 98: average Loss: 17.478088
2021-10-27 10:07: Train Epoch 99: 0/167 Loss: 15.495572
2021-10-27 10:07: Train Epoch 99: 20/167 Loss: 16.966640
2021-10-27 10:07: Train Epoch 99: 40/167 Loss: 15.326854
2021-10-27 10:07: Train Epoch 99: 60/167 Loss: 15.976414
2021-10-27 10:07: Train Epoch 99: 80/167 Loss: 16.243734
2021-10-27 10:07: Train Epoch 99: 100/167 Loss: 15.135232
2021-10-27 10:07: Train Epoch 99: 120/167 Loss: 15.901798
2021-10-27 10:07: Train Epoch 99: 140/167 Loss: 17.710329
2021-10-27 10:07: Train Epoch 99: 160/167 Loss: 15.341835
2021-10-27 10:07: **********Train Epoch 99: averaged Loss: 15.962526, tf_ratio: 1.000000
2021-10-27 10:07: **********Val Epoch 99: average Loss: 17.391324
2021-10-27 10:07: Train Epoch 100: 0/167 Loss: 15.815471
2021-10-27 10:07: Train Epoch 100: 20/167 Loss: 16.789415
2021-10-27 10:08: Train Epoch 100: 40/167 Loss: 15.328220
2021-10-27 10:08: Train Epoch 100: 60/167 Loss: 16.382603
2021-10-27 10:08: Train Epoch 100: 80/167 Loss: 15.893826
2021-10-27 10:08: Train Epoch 100: 100/167 Loss: 16.469036
2021-10-27 10:08: Train Epoch 100: 120/167 Loss: 15.421524
2021-10-27 10:08: Train Epoch 100: 140/167 Loss: 17.074120
2021-10-27 10:08: Train Epoch 100: 160/167 Loss: 16.158772
2021-10-27 10:08: **********Train Epoch 100: averaged Loss: 15.912638, tf_ratio: 1.000000
2021-10-27 10:08: **********Val Epoch 100: average Loss: 17.617396
2021-10-27 10:08: Total training time: 60.5315min, best loss: 17.357890
2021-10-27 10:08: Saving current best model to /content/AGCRN/model/experiments/PEMSD8/20211027090758/best_model.pth
2021-10-27 10:08: Horizon 01, MAE: 14.62, RMSE: 22.51, MAPE: 9.5120%
2021-10-27 10:08: Horizon 02, MAE: 15.02, RMSE: 23.33, MAPE: 9.6606%
2021-10-27 10:08: Horizon 03, MAE: 15.45, RMSE: 24.08, MAPE: 9.8334%
2021-10-27 10:08: Horizon 04, MAE: 15.84, RMSE: 24.77, MAPE: 10.0165%
2021-10-27 10:08: Horizon 05, MAE: 16.21, RMSE: 25.39, MAPE: 10.1898%
2021-10-27 10:08: Horizon 06, MAE: 16.53, RMSE: 25.95, MAPE: 10.3651%
2021-10-27 10:08: Horizon 07, MAE: 16.87, RMSE: 26.50, MAPE: 10.5421%
2021-10-27 10:08: Horizon 08, MAE: 17.21, RMSE: 27.03, MAPE: 10.7168%
2021-10-27 10:08: Horizon 09, MAE: 17.53, RMSE: 27.52, MAPE: 10.8727%
2021-10-27 10:08: Horizon 10, MAE: 17.85, RMSE: 28.05, MAPE: 11.0385%
2021-10-27 10:08: Horizon 11, MAE: 18.31, RMSE: 28.73, MAPE: 11.2870%
2021-10-27 10:08: Horizon 12, MAE: 18.90, RMSE: 29.60, MAPE: 11.6106%
2021-10-27 10:08: Average Horizon, MAE: 16.69, RMSE: 26.21, MAPE: 10.4704%
